#
# There is insufficient memory for the Java Runtime Environment to continue.
# Native memory allocation (malloc) failed to allocate 628416 bytes for Chunk::new
# Possible reasons:
#   The system is out of physical RAM or swap space
#   The process is running with CompressedOops enabled, and the Java Heap may be blocking the growth of the native heap
# Possible solutions:
#   Reduce memory load on the system
#   Increase physical memory or swap space
#   Check if swap backing store is full
#   Decrease Java heap size (-Xmx/-Xms)
#   Decrease number of Java threads
#   Decrease Java thread stack sizes (-Xss)
#   Set larger code cache with -XX:ReservedCodeCacheSize=
#   JVM is running with Unscaled Compressed Oops mode in which the Java heap is
#     placed in the first 4GB address space. The Java Heap base address is the
#     maximum limit for the native heap growth. Please use -XX:HeapBaseMinAddress
#     to set the Java Heap base and to place the Java Heap above 4GB virtual address.
# This output file may be truncated or incomplete.
#
#  Out of Memory Error (./src/hotspot/share/memory/arena.cpp:197), pid=17996, tid=1744
#
# JRE version: OpenJDK Runtime Environment (11.0.13) (build 11.0.13+0-b1751.21-8125866)
# Java VM: OpenJDK 64-Bit Server VM (11.0.13+0-b1751.21-8125866, mixed mode, tiered, compressed oops, g1 gc, windows-amd64)
# No core dump will be written. Minidumps are not enabled by default on client versions of Windows
#

---------------  S U M M A R Y ------------

Command Line: --add-opens=java.base/java.util=ALL-UNNAMED --add-opens=java.base/java.lang=ALL-UNNAMED --add-opens=java.base/java.lang.invoke=ALL-UNNAMED --add-opens=java.base/java.util=ALL-UNNAMED --add-opens=java.prefs/java.util.prefs=ALL-UNNAMED --add-opens=java.prefs/java.util.prefs=ALL-UNNAMED --add-opens=java.base/java.nio.charset=ALL-UNNAMED --add-opens=java.base/java.net=ALL-UNNAMED --add-opens=java.base/java.util.concurrent.atomic=ALL-UNNAMED -Xmx2048m -Dfile.encoding=UTF-8 -Duser.country=IN -Duser.language=en -Duser.variant org.gradle.launcher.daemon.bootstrap.GradleDaemon 7.4

Host: Intel(R) Core(TM) i5-8265U CPU @ 1.60GHz, 8 cores, 5G,  Windows 10 , 64 bit Build 19041 (10.0.19041.2788)
Time: Mon Apr 17 20:57:20 2023 India Standard Time elapsed time: 2.944846 seconds (0d 0h 0m 2s)

---------------  T H R E A D  ---------------

Current thread (0x0000021f6084b800):  JavaThread "C2 CompilerThread0" daemon [_thread_in_native, id=1744, stack(0x00000096f4200000,0x00000096f4300000)]


Current CompileTask:
C2:   2944 1905   !   4       java.lang.ClassLoader::loadClass (122 bytes)

Stack: [0x00000096f4200000,0x00000096f4300000]
Native frames: (J=compiled Java code, j=interpreted, Vv=VM code, C=native code)
V  [jvm.dll+0x6100fa]
V  [jvm.dll+0x747090]
V  [jvm.dll+0x7486ad]
V  [jvm.dll+0x748d83]
V  [jvm.dll+0x24ab48]
V  [jvm.dll+0xc04dc]
V  [jvm.dll+0xc0a0c]
V  [jvm.dll+0x2bfab4]
V  [jvm.dll+0x524238]
V  [jvm.dll+0x20b193]
V  [jvm.dll+0x204ca0]
V  [jvm.dll+0x2023c2]
V  [jvm.dll+0x188e01]
V  [jvm.dll+0x21106b]
V  [jvm.dll+0x20f8c1]
V  [jvm.dll+0x70de0f]
V  [jvm.dll+0x706a75]
V  [jvm.dll+0x60ed66]
C  [ucrtbase.dll+0x21bb2]
C  [KERNEL32.DLL+0x17604]
C  [ntdll.dll+0x526a1]


---------------  P R O C E S S  ---------------

Threads class SMR info:
_java_thread_list=0x0000021f63531230, length=23, elements={
0x0000021f46382800, 0x0000021f60829000, 0x0000021f60836000, 0x0000021f60847800,
0x0000021f60848800, 0x0000021f6084a800, 0x0000021f6084b800, 0x0000021f6084c800,
0x0000021f60854000, 0x0000021f61308000, 0x0000021f6234d800, 0x0000021f636b6800,
0x0000021f62132800, 0x0000021f632da000, 0x0000021f6359f800, 0x0000021f634d2800,
0x0000021f632a9800, 0x0000021f63280800, 0x0000021f6327a800, 0x0000021f6335b800,
0x0000021f633bd800, 0x0000021f633bb000, 0x0000021f633b8800
}

Java Threads: ( => current thread )
  0x0000021f46382800 JavaThread "main" [_thread_blocked, id=6704, stack(0x00000096f3600000,0x00000096f3700000)]
  0x0000021f60829000 JavaThread "Reference Handler" daemon [_thread_blocked, id=18856, stack(0x00000096f3d00000,0x00000096f3e00000)]
  0x0000021f60836000 JavaThread "Finalizer" daemon [_thread_blocked, id=11948, stack(0x00000096f3e00000,0x00000096f3f00000)]
  0x0000021f60847800 JavaThread "Signal Dispatcher" daemon [_thread_blocked, id=17968, stack(0x00000096f3f00000,0x00000096f4000000)]
  0x0000021f60848800 JavaThread "Attach Listener" daemon [_thread_blocked, id=10880, stack(0x00000096f4000000,0x00000096f4100000)]
  0x0000021f6084a800 JavaThread "Service Thread" daemon [_thread_blocked, id=14548, stack(0x00000096f4100000,0x00000096f4200000)]
=>0x0000021f6084b800 JavaThread "C2 CompilerThread0" daemon [_thread_in_native, id=1744, stack(0x00000096f4200000,0x00000096f4300000)]
  0x0000021f6084c800 JavaThread "C1 CompilerThread0" daemon [_thread_in_native, id=5792, stack(0x00000096f4300000,0x00000096f4400000)]
  0x0000021f60854000 JavaThread "Sweeper thread" daemon [_thread_blocked, id=7692, stack(0x00000096f4400000,0x00000096f4500000)]
  0x0000021f61308000 JavaThread "Common-Cleaner" daemon [_thread_blocked, id=17028, stack(0x00000096f4500000,0x00000096f4600000)]
  0x0000021f6234d800 JavaThread "Daemon health stats" [_thread_blocked, id=10944, stack(0x00000096f4800000,0x00000096f4900000)]
  0x0000021f636b6800 JavaThread "Incoming local TCP Connector on port 65067" [_thread_in_native, id=3056, stack(0x00000096f4900000,0x00000096f4a00000)]
  0x0000021f62132800 JavaThread "Daemon periodic checks" [_thread_blocked, id=8924, stack(0x00000096f4a00000,0x00000096f4b00000)]
  0x0000021f632da000 JavaThread "Daemon" [_thread_blocked, id=15140, stack(0x00000096f4b00000,0x00000096f4c00000)]
  0x0000021f6359f800 JavaThread "Handler for socket connection from /127.0.0.1:65067 to /127.0.0.1:65068" [_thread_in_native, id=18896, stack(0x00000096f4c00000,0x00000096f4d00000)]
  0x0000021f634d2800 JavaThread "Cancel handler" [_thread_blocked, id=4364, stack(0x00000096f4d00000,0x00000096f4e00000)]
  0x0000021f632a9800 JavaThread "Daemon worker" [_thread_in_vm, id=2332, stack(0x00000096f4e00000,0x00000096f4f00000)]
  0x0000021f63280800 JavaThread "Asynchronous log dispatcher for DefaultDaemonConnection: socket connection from /127.0.0.1:65067 to /127.0.0.1:65068" [_thread_blocked, id=9684, stack(0x00000096f4f00000,0x00000096f5000000)]
  0x0000021f6327a800 JavaThread "Stdin handler" [_thread_blocked, id=18604, stack(0x00000096f5000000,0x00000096f5100000)]
  0x0000021f6335b800 JavaThread "Daemon client event forwarder" [_thread_blocked, id=3836, stack(0x00000096f5100000,0x00000096f5200000)]
  0x0000021f633bd800 JavaThread "Cache worker for journal cache (C:\Users\HP\.gradle\caches\journal-1)" [_thread_blocked, id=9076, stack(0x00000096f5200000,0x00000096f5300000)]
  0x0000021f633bb000 JavaThread "File lock request listener" [_thread_in_native, id=2132, stack(0x00000096f5300000,0x00000096f5400000)]
  0x0000021f633b8800 JavaThread "Cache worker for file hash cache (C:\Users\HP\.gradle\caches\7.4\fileHashes)" [_thread_blocked, id=5168, stack(0x00000096f5400000,0x00000096f5500000)]

Other Threads:
  0x0000021f60827000 VMThread "VM Thread" [stack: 0x00000096f3c00000,0x00000096f3d00000] [id=8772]
  0x0000021f61334800 WatcherThread [stack: 0x00000096f4600000,0x00000096f4700000] [id=11412]
  0x0000021f4639d000 GCTaskThread "GC Thread#0" [stack: 0x00000096f3700000,0x00000096f3800000] [id=12380]
  0x0000021f61cd8800 GCTaskThread "GC Thread#1" [stack: 0x00000096f4700000,0x00000096f4800000] [id=11612]
  0x0000021f626c0000 GCTaskThread "GC Thread#2" [stack: 0x00000096f5500000,0x00000096f5600000] [id=17344]
  0x0000021f6214d000 GCTaskThread "GC Thread#3" [stack: 0x00000096f5600000,0x00000096f5700000] [id=8932]
  0x0000021f63296800 GCTaskThread "GC Thread#4" [stack: 0x00000096f5700000,0x00000096f5800000] [id=11748]
  0x0000021f633ca800 GCTaskThread "GC Thread#5" [stack: 0x00000096f5800000,0x00000096f5900000] [id=14616]
  0x0000021f633cb000 GCTaskThread "GC Thread#6" [stack: 0x00000096f5900000,0x00000096f5a00000] [id=1312]
  0x0000021f634c0800 GCTaskThread "GC Thread#7" [stack: 0x00000096f5a00000,0x00000096f5b00000] [id=19308]
  0x0000021f463d0800 ConcurrentGCThread "G1 Main Marker" [stack: 0x00000096f3800000,0x00000096f3900000] [id=9212]
  0x0000021f463d1800 ConcurrentGCThread "G1 Conc#0" [stack: 0x00000096f3900000,0x00000096f3a00000] [id=3756]
  0x0000021f62d49000 ConcurrentGCThread "G1 Conc#1" [stack: 0x00000096f5b00000,0x00000096f5c00000] [id=18720]
  0x0000021f46457800 ConcurrentGCThread "G1 Refine#0" [stack: 0x00000096f3a00000,0x00000096f3b00000] [id=18908]
  0x0000021f46458800 ConcurrentGCThread "G1 Young RemSet Sampling" [stack: 0x00000096f3b00000,0x00000096f3c00000] [id=8816]

Threads with active compile tasks:
C2 CompilerThread0   2990 1905   !   4       java.lang.ClassLoader::loadClass (122 bytes)
C1 CompilerThread0   2991 1941       3       jdk.internal.org.objectweb.asm.MethodWriter::put (1602 bytes)

VM state:not at safepoint (normal execution)

VM Mutex/Monitor currently owned by a thread: None

Heap address: 0x0000000080000000, size: 2048 MB, Compressed Oops mode: 32-bit
Narrow klass base: 0x0000000000000000, Narrow klass shift: 3
Compressed class space size: 1073741824 Address: 0x0000000100000000

Heap:
 garbage-first heap   total 98304K, used 24173K [0x0000000080000000, 0x0000000100000000)
  region size 1024K, 10 young (10240K), 3 survivors (3072K)
 Metaspace       used 21613K, capacity 22165K, committed 22524K, reserved 1071104K
  class space    used 2671K, capacity 2867K, committed 2944K, reserved 1048576K
Heap Regions: E=young(eden), S=young(survivor), O=old, HS=humongous(starts), HC=humongous(continues), CS=collection set, F=free, A=archive, TAMS=top-at-mark-start (previous, next)
|   0|0x0000000080000000, 0x0000000080100000, 0x0000000080100000|100%| O|  |TAMS 0x0000000080100000, 0x0000000080000000| Untracked 
|   1|0x0000000080100000, 0x0000000080200000, 0x0000000080200000|100%| O|  |TAMS 0x0000000080200000, 0x0000000080100000| Untracked 
|   2|0x0000000080200000, 0x0000000080300000, 0x0000000080300000|100%| O|  |TAMS 0x0000000080300000, 0x0000000080200000| Untracked 
|   3|0x0000000080300000, 0x0000000080400000, 0x0000000080400000|100%|HS|  |TAMS 0x0000000080400000, 0x0000000080300000| Complete 
|   4|0x0000000080400000, 0x0000000080500000, 0x0000000080500000|100%|HC|  |TAMS 0x0000000080500000, 0x0000000080400000| Complete 
|   5|0x0000000080500000, 0x0000000080600000, 0x0000000080600000|100%|HC|  |TAMS 0x0000000080600000, 0x0000000080500000| Complete 
|   6|0x0000000080600000, 0x0000000080700000, 0x0000000080700000|100%| O|  |TAMS 0x0000000080700000, 0x0000000080600000| Untracked 
|   7|0x0000000080700000, 0x0000000080800000, 0x0000000080800000|100%| O|  |TAMS 0x0000000080800000, 0x0000000080700000| Untracked 
|   8|0x0000000080800000, 0x0000000080900000, 0x0000000080900000|100%| O|  |TAMS 0x0000000080900000, 0x0000000080800000| Untracked 
|   9|0x0000000080900000, 0x0000000080a00000, 0x0000000080a00000|100%| O|  |TAMS 0x0000000080a00000, 0x0000000080900000| Untracked 
|  10|0x0000000080a00000, 0x0000000080b00000, 0x0000000080b00000|100%| O|  |TAMS 0x0000000080b00000, 0x0000000080a00000| Untracked 
|  11|0x0000000080b00000, 0x0000000080c00000, 0x0000000080c00000|100%| O|  |TAMS 0x0000000080c00000, 0x0000000080b00000| Untracked 
|  12|0x0000000080c00000, 0x0000000080d00000, 0x0000000080d00000|100%| O|  |TAMS 0x0000000080d00000, 0x0000000080c00000| Untracked 
|  13|0x0000000080d00000, 0x0000000080e00000, 0x0000000080e00000|100%| O|  |TAMS 0x0000000080e00000, 0x0000000080d00000| Untracked 
|  14|0x0000000080e00000, 0x0000000080f00000, 0x0000000080f00000|100%| O|  |TAMS 0x0000000080f00000, 0x0000000080e00000| Untracked 
|  15|0x0000000080f00000, 0x0000000080f42000, 0x0000000081000000| 25%| O|  |TAMS 0x0000000080f42000, 0x0000000080f00000| Untracked 
|  16|0x0000000081000000, 0x0000000081000000, 0x0000000081100000|  0%| F|  |TAMS 0x0000000081000000, 0x0000000081000000| Untracked 
|  17|0x0000000081100000, 0x0000000081100000, 0x0000000081200000|  0%| F|  |TAMS 0x0000000081100000, 0x0000000081100000| Untracked 
|  18|0x0000000081200000, 0x0000000081200000, 0x0000000081300000|  0%| F|  |TAMS 0x0000000081200000, 0x0000000081200000| Untracked 
|  19|0x0000000081300000, 0x0000000081300000, 0x0000000081400000|  0%| F|  |TAMS 0x0000000081300000, 0x0000000081300000| Untracked 
|  20|0x0000000081400000, 0x0000000081400000, 0x0000000081500000|  0%| F|  |TAMS 0x0000000081400000, 0x0000000081400000| Untracked 
|  21|0x0000000081500000, 0x0000000081500000, 0x0000000081600000|  0%| F|  |TAMS 0x0000000081500000, 0x0000000081500000| Untracked 
|  22|0x0000000081600000, 0x0000000081600000, 0x0000000081700000|  0%| F|  |TAMS 0x0000000081600000, 0x0000000081600000| Untracked 
|  23|0x0000000081700000, 0x0000000081700000, 0x0000000081800000|  0%| F|  |TAMS 0x0000000081700000, 0x0000000081700000| Untracked 
|  24|0x0000000081800000, 0x0000000081800000, 0x0000000081900000|  0%| F|  |TAMS 0x0000000081800000, 0x0000000081800000| Untracked 
|  25|0x0000000081900000, 0x0000000081900000, 0x0000000081a00000|  0%| F|  |TAMS 0x0000000081900000, 0x0000000081900000| Untracked 
|  26|0x0000000081a00000, 0x0000000081a00000, 0x0000000081b00000|  0%| F|  |TAMS 0x0000000081a00000, 0x0000000081a00000| Untracked 
|  27|0x0000000081b00000, 0x0000000081b00000, 0x0000000081c00000|  0%| F|  |TAMS 0x0000000081b00000, 0x0000000081b00000| Untracked 
|  28|0x0000000081c00000, 0x0000000081c00000, 0x0000000081d00000|  0%| F|  |TAMS 0x0000000081c00000, 0x0000000081c00000| Untracked 
|  29|0x0000000081d00000, 0x0000000081d00000, 0x0000000081e00000|  0%| F|  |TAMS 0x0000000081d00000, 0x0000000081d00000| Untracked 
|  30|0x0000000081e00000, 0x0000000081e00000, 0x0000000081f00000|  0%| F|  |TAMS 0x0000000081e00000, 0x0000000081e00000| Untracked 
|  31|0x0000000081f00000, 0x0000000081f00000, 0x0000000082000000|  0%| F|  |TAMS 0x0000000081f00000, 0x0000000081f00000| Untracked 
|  32|0x0000000082000000, 0x0000000082000000, 0x0000000082100000|  0%| F|  |TAMS 0x0000000082000000, 0x0000000082000000| Untracked 
|  33|0x0000000082100000, 0x0000000082100000, 0x0000000082200000|  0%| F|  |TAMS 0x0000000082100000, 0x0000000082100000| Untracked 
|  34|0x0000000082200000, 0x0000000082200000, 0x0000000082300000|  0%| F|  |TAMS 0x0000000082200000, 0x0000000082200000| Untracked 
|  35|0x0000000082300000, 0x0000000082300000, 0x0000000082400000|  0%| F|  |TAMS 0x0000000082300000, 0x0000000082300000| Untracked 
|  36|0x0000000082400000, 0x0000000082400000, 0x0000000082500000|  0%| F|  |TAMS 0x0000000082400000, 0x0000000082400000| Untracked 
|  37|0x0000000082500000, 0x0000000082500000, 0x0000000082600000|  0%| F|  |TAMS 0x0000000082500000, 0x0000000082500000| Untracked 
|  38|0x0000000082600000, 0x0000000082600000, 0x0000000082700000|  0%| F|  |TAMS 0x0000000082600000, 0x0000000082600000| Untracked 
|  39|0x0000000082700000, 0x0000000082700000, 0x0000000082800000|  0%| F|  |TAMS 0x0000000082700000, 0x0000000082700000| Untracked 
|  40|0x0000000082800000, 0x0000000082800000, 0x0000000082900000|  0%| F|  |TAMS 0x0000000082800000, 0x0000000082800000| Untracked 
|  41|0x0000000082900000, 0x0000000082900000, 0x0000000082a00000|  0%| F|  |TAMS 0x0000000082900000, 0x0000000082900000| Untracked 
|  42|0x0000000082a00000, 0x0000000082a00000, 0x0000000082b00000|  0%| F|  |TAMS 0x0000000082a00000, 0x0000000082a00000| Untracked 
|  43|0x0000000082b00000, 0x0000000082b00000, 0x0000000082c00000|  0%| F|  |TAMS 0x0000000082b00000, 0x0000000082b00000| Untracked 
|  44|0x0000000082c00000, 0x0000000082c00000, 0x0000000082d00000|  0%| F|  |TAMS 0x0000000082c00000, 0x0000000082c00000| Untracked 
|  45|0x0000000082d00000, 0x0000000082d00000, 0x0000000082e00000|  0%| F|  |TAMS 0x0000000082d00000, 0x0000000082d00000| Untracked 
|  46|0x0000000082e00000, 0x0000000082e00000, 0x0000000082f00000|  0%| F|  |TAMS 0x0000000082e00000, 0x0000000082e00000| Untracked 
|  47|0x0000000082f00000, 0x0000000082f00000, 0x0000000083000000|  0%| F|  |TAMS 0x0000000082f00000, 0x0000000082f00000| Untracked 
|  48|0x0000000083000000, 0x0000000083000000, 0x0000000083100000|  0%| F|  |TAMS 0x0000000083000000, 0x0000000083000000| Untracked 
|  49|0x0000000083100000, 0x0000000083100000, 0x0000000083200000|  0%| F|  |TAMS 0x0000000083100000, 0x0000000083100000| Untracked 
|  50|0x0000000083200000, 0x0000000083200000, 0x0000000083300000|  0%| F|  |TAMS 0x0000000083200000, 0x0000000083200000| Untracked 
|  51|0x0000000083300000, 0x0000000083300000, 0x0000000083400000|  0%| F|  |TAMS 0x0000000083300000, 0x0000000083300000| Untracked 
|  52|0x0000000083400000, 0x0000000083400000, 0x0000000083500000|  0%| F|  |TAMS 0x0000000083400000, 0x0000000083400000| Untracked 
|  53|0x0000000083500000, 0x0000000083500000, 0x0000000083600000|  0%| F|  |TAMS 0x0000000083500000, 0x0000000083500000| Untracked 
|  54|0x0000000083600000, 0x0000000083600000, 0x0000000083700000|  0%| F|  |TAMS 0x0000000083600000, 0x0000000083600000| Untracked 
|  55|0x0000000083700000, 0x0000000083700000, 0x0000000083800000|  0%| F|  |TAMS 0x0000000083700000, 0x0000000083700000| Untracked 
|  56|0x0000000083800000, 0x0000000083800000, 0x0000000083900000|  0%| F|  |TAMS 0x0000000083800000, 0x0000000083800000| Untracked 
|  57|0x0000000083900000, 0x0000000083900000, 0x0000000083a00000|  0%| F|  |TAMS 0x0000000083900000, 0x0000000083900000| Untracked 
|  58|0x0000000083a00000, 0x0000000083a00000, 0x0000000083b00000|  0%| F|  |TAMS 0x0000000083a00000, 0x0000000083a00000| Untracked 
|  59|0x0000000083b00000, 0x0000000083b00000, 0x0000000083c00000|  0%| F|  |TAMS 0x0000000083b00000, 0x0000000083b00000| Untracked 
|  60|0x0000000083c00000, 0x0000000083c00000, 0x0000000083d00000|  0%| F|  |TAMS 0x0000000083c00000, 0x0000000083c00000| Untracked 
|  61|0x0000000083d00000, 0x0000000083d00000, 0x0000000083e00000|  0%| F|  |TAMS 0x0000000083d00000, 0x0000000083d00000| Untracked 
|  62|0x0000000083e00000, 0x0000000083e00000, 0x0000000083f00000|  0%| F|  |TAMS 0x0000000083e00000, 0x0000000083e00000| Untracked 
|  63|0x0000000083f00000, 0x0000000083f00000, 0x0000000084000000|  0%| F|  |TAMS 0x0000000083f00000, 0x0000000083f00000| Untracked 
|  64|0x0000000084000000, 0x0000000084000000, 0x0000000084100000|  0%| F|  |TAMS 0x0000000084000000, 0x0000000084000000| Untracked 
|  65|0x0000000084100000, 0x0000000084100000, 0x0000000084200000|  0%| F|  |TAMS 0x0000000084100000, 0x0000000084100000| Untracked 
|  66|0x0000000084200000, 0x0000000084200000, 0x0000000084300000|  0%| F|  |TAMS 0x0000000084200000, 0x0000000084200000| Untracked 
|  67|0x0000000084300000, 0x0000000084300000, 0x0000000084400000|  0%| F|  |TAMS 0x0000000084300000, 0x0000000084300000| Untracked 
|  68|0x0000000084400000, 0x0000000084400000, 0x0000000084500000|  0%| F|  |TAMS 0x0000000084400000, 0x0000000084400000| Untracked 
|  69|0x0000000084500000, 0x0000000084500000, 0x0000000084600000|  0%| F|  |TAMS 0x0000000084500000, 0x0000000084500000| Untracked 
|  70|0x0000000084600000, 0x0000000084600000, 0x0000000084700000|  0%| F|  |TAMS 0x0000000084600000, 0x0000000084600000| Untracked 
|  71|0x0000000084700000, 0x0000000084700000, 0x0000000084800000|  0%| F|  |TAMS 0x0000000084700000, 0x0000000084700000| Untracked 
|  72|0x0000000084800000, 0x0000000084800000, 0x0000000084900000|  0%| F|  |TAMS 0x0000000084800000, 0x0000000084800000| Untracked 
|  73|0x0000000084900000, 0x0000000084900000, 0x0000000084a00000|  0%| F|  |TAMS 0x0000000084900000, 0x0000000084900000| Untracked 
|  74|0x0000000084a00000, 0x0000000084a00000, 0x0000000084b00000|  0%| F|  |TAMS 0x0000000084a00000, 0x0000000084a00000| Untracked 
|  75|0x0000000084b00000, 0x0000000084b00000, 0x0000000084c00000|  0%| F|  |TAMS 0x0000000084b00000, 0x0000000084b00000| Untracked 
|  76|0x0000000084c00000, 0x0000000084c00000, 0x0000000084d00000|  0%| F|  |TAMS 0x0000000084c00000, 0x0000000084c00000| Untracked 
|  77|0x0000000084d00000, 0x0000000084d00000, 0x0000000084e00000|  0%| F|  |TAMS 0x0000000084d00000, 0x0000000084d00000| Untracked 
|  78|0x0000000084e00000, 0x0000000084e00000, 0x0000000084f00000|  0%| F|  |TAMS 0x0000000084e00000, 0x0000000084e00000| Untracked 
|  79|0x0000000084f00000, 0x0000000084f00000, 0x0000000085000000|  0%| F|  |TAMS 0x0000000084f00000, 0x0000000084f00000| Untracked 
|  80|0x0000000085000000, 0x0000000085000000, 0x0000000085100000|  0%| F|  |TAMS 0x0000000085000000, 0x0000000085000000| Untracked 
|  81|0x0000000085100000, 0x0000000085100000, 0x0000000085200000|  0%| F|  |TAMS 0x0000000085100000, 0x0000000085100000| Untracked 
|  82|0x0000000085200000, 0x0000000085200000, 0x0000000085300000|  0%| F|  |TAMS 0x0000000085200000, 0x0000000085200000| Untracked 
|  83|0x0000000085300000, 0x0000000085300000, 0x0000000085400000|  0%| F|  |TAMS 0x0000000085300000, 0x0000000085300000| Untracked 
|  84|0x0000000085400000, 0x0000000085400000, 0x0000000085500000|  0%| F|  |TAMS 0x0000000085400000, 0x0000000085400000| Untracked 
|  85|0x0000000085500000, 0x0000000085500000, 0x0000000085600000|  0%| F|  |TAMS 0x0000000085500000, 0x0000000085500000| Untracked 
|  86|0x0000000085600000, 0x00000000856839b0, 0x0000000085700000| 51%| E|  |TAMS 0x0000000085600000, 0x0000000085600000| Complete 
|  87|0x0000000085700000, 0x0000000085800000, 0x0000000085800000|100%| E|CS|TAMS 0x0000000085700000, 0x0000000085700000| Complete 
|  88|0x0000000085800000, 0x0000000085900000, 0x0000000085900000|100%| E|CS|TAMS 0x0000000085800000, 0x0000000085800000| Complete 
|  89|0x0000000085900000, 0x0000000085a00000, 0x0000000085a00000|100%| E|CS|TAMS 0x0000000085900000, 0x0000000085900000| Complete 
|  90|0x0000000085a00000, 0x0000000085b00000, 0x0000000085b00000|100%| E|CS|TAMS 0x0000000085a00000, 0x0000000085a00000| Complete 
|  91|0x0000000085b00000, 0x0000000085b59720, 0x0000000085c00000| 34%| S|CS|TAMS 0x0000000085b00000, 0x0000000085b00000| Complete 
|  92|0x0000000085c00000, 0x0000000085d00000, 0x0000000085d00000|100%| S|CS|TAMS 0x0000000085c00000, 0x0000000085c00000| Complete 
|  93|0x0000000085d00000, 0x0000000085e00000, 0x0000000085e00000|100%| S|CS|TAMS 0x0000000085d00000, 0x0000000085d00000| Complete 
|  94|0x0000000085e00000, 0x0000000085f00000, 0x0000000085f00000|100%| E|CS|TAMS 0x0000000085e00000, 0x0000000085e00000| Complete 
|  95|0x0000000085f00000, 0x0000000086000000, 0x0000000086000000|100%| E|CS|TAMS 0x0000000085f00000, 0x0000000085f00000| Complete 

Card table byte_map: [0x0000021f595d0000,0x0000021f599d0000] _byte_map_base: 0x0000021f591d0000

Marking Bits (Prev, Next): (CMBitMap*) 0x0000021f463c7d40, (CMBitMap*) 0x0000021f463c7d08
 Prev Bits: [0x0000021f5bdd0000, 0x0000021f5ddd0000)
 Next Bits: [0x0000021f59dd0000, 0x0000021f5bdd0000)

Polling page: 0x0000021f45b60000

Metaspace:

Usage:
  Non-class:     18.85 MB capacity,    18.52 MB ( 98%) used,   297.42 KB (  2%) free+waste,    36.88 KB ( <1%) overhead. 
      Class:      2.80 MB capacity,     2.61 MB ( 93%) used,   173.39 KB (  6%) free+waste,    18.25 KB ( <1%) overhead. 
       Both:     21.65 MB capacity,    21.13 MB ( 98%) used,   470.81 KB (  2%) free+waste,    55.13 KB ( <1%) overhead. 

Virtual space:
  Non-class space:       22.00 MB reserved,      19.12 MB ( 87%) committed 
      Class space:        1.00 GB reserved,       2.88 MB ( <1%) committed 
             Both:        1.02 GB reserved,      22.00 MB (  2%) committed 

Chunk freelists:
   Non-Class:  90.00 KB
       Class:  13.00 KB
        Both:  103.00 KB

MaxMetaspaceSize: 17179869184.00 GB
CompressedClassSpaceSize: 1.00 GB
Initial GC threshold: 20.80 MB
Current GC threshold: 35.20 MB
CDS: off

CodeHeap 'non-profiled nmethods': size=120000Kb used=841Kb max_used=841Kb free=119158Kb
 bounds [0x0000021f51970000, 0x0000021f51be0000, 0x0000021f58ea0000]
CodeHeap 'profiled nmethods': size=120000Kb used=4123Kb max_used=4123Kb free=115876Kb
 bounds [0x0000021f4a440000, 0x0000021f4a850000, 0x0000021f51970000]
CodeHeap 'non-nmethods': size=5760Kb used=1205Kb max_used=1222Kb free=4554Kb
 bounds [0x0000021f49ea0000, 0x0000021f4a110000, 0x0000021f4a440000]
 total_blobs=2411 nmethods=1931 adapters=392
 compilation: enabled
              stopped_count=0, restarted_count=0
 full_count=0

Compilation events (20 events):
Event: 2.875 Thread 0x0000021f6084b800 1905   !   4       java.lang.ClassLoader::loadClass (122 bytes)
Event: 2.877 Thread 0x0000021f6084c800 1906       3       jdk.internal.misc.SharedSecrets::getJavaLangAccess (4 bytes)
Event: 2.877 Thread 0x0000021f6084c800 nmethod 1906 0x0000021f4a82c590 code [0x0000021f4a82c740, 0x0000021f4a82c838]
Event: 2.892 Thread 0x0000021f6084c800 1907       3       java.lang.invoke.LambdaFormEditor$Transform::<init> (17 bytes)
Event: 2.892 Thread 0x0000021f6084c800 nmethod 1907 0x0000021f4a82c890 code [0x0000021f4a82ca60, 0x0000021f4a82ce38]
Event: 2.895 Thread 0x0000021f6084c800 1910       3       java.lang.invoke.MethodHandles$Lookup::checkSecurityManager (104 bytes)
Event: 2.896 Thread 0x0000021f6084c800 nmethod 1910 0x0000021f4a82cf90 code [0x0000021f4a82d280, 0x0000021f4a82e148]
Event: 2.896 Thread 0x0000021f6084c800 1911       3       java.lang.invoke.Invokers$Holder::linkToTargetMethod (10 bytes)
Event: 2.896 Thread 0x0000021f6084c800 nmethod 1911 0x0000021f4a82e610 code [0x0000021f4a82e7e0, 0x0000021f4a82ebf8]
Event: 2.925 Thread 0x0000021f6084c800 1913       3       java.util.Collections::emptySet (4 bytes)
Event: 2.926 Thread 0x0000021f6084c800 nmethod 1913 0x0000021f4a82ed10 code [0x0000021f4a82eec0, 0x0000021f4a82efb8]
Event: 2.930 Thread 0x0000021f6084c800 1914       3       java.util.Vector::add (23 bytes)
Event: 2.931 Thread 0x0000021f6084c800 nmethod 1914 0x0000021f4a82f010 code [0x0000021f4a82f220, 0x0000021f4a82f758]
Event: 2.938 Thread 0x0000021f6084c800 1916       3       java.lang.ClassLoader::definePackage (53 bytes)
Event: 2.939 Thread 0x0000021f6084c800 nmethod 1916 0x0000021f4a82f990 code [0x0000021f4a82fba0, 0x0000021f4a8300d8]
Event: 2.939 Thread 0x0000021f6084c800 1917       3       java.lang.ClassLoader::addClass (9 bytes)
Event: 2.939 Thread 0x0000021f6084c800 nmethod 1917 0x0000021f4a830390 code [0x0000021f4a830540, 0x0000021f4a830708]
Event: 2.939 Thread 0x0000021f6084c800 1918  s    3       java.util.Vector::addElement (24 bytes)
Event: 2.940 Thread 0x0000021f6084c800 nmethod 1918 0x0000021f4a830810 code [0x0000021f4a830a20, 0x0000021f4a831138]
Event: 2.940 Thread 0x0000021f6084c800 1919       3       sun.invoke.util.VerifyAccess::isSamePackage (32 bytes)

GC Heap History (8 events):
Event: 0.569 GC heap before
{Heap before GC invocations=0 (full 0):
 garbage-first heap   total 98304K, used 29696K [0x0000000080000000, 0x0000000100000000)
  region size 1024K, 24 young (24576K), 0 survivors (0K)
 Metaspace       used 10167K, capacity 10333K, committed 10624K, reserved 1058816K
  class space    used 1047K, capacity 1108K, committed 1152K, reserved 1048576K
}
Event: 0.576 GC heap after
{Heap after GC invocations=1 (full 0):
 garbage-first heap   total 98304K, used 9670K [0x0000000080000000, 0x0000000100000000)
  region size 1024K, 3 young (3072K), 3 survivors (3072K)
 Metaspace       used 10167K, capacity 10333K, committed 10624K, reserved 1058816K
  class space    used 1047K, capacity 1108K, committed 1152K, reserved 1048576K
}
Event: 1.198 GC heap before
{Heap before GC invocations=1 (full 0):
 garbage-first heap   total 98304K, used 64966K [0x0000000080000000, 0x0000000100000000)
  region size 1024K, 57 young (58368K), 3 survivors (3072K)
 Metaspace       used 13430K, capacity 13725K, committed 13952K, reserved 1060864K
  class space    used 1463K, capacity 1559K, committed 1664K, reserved 1048576K
}
Event: 1.214 GC heap after
{Heap after GC invocations=2 (full 0):
 garbage-first heap   total 98304K, used 15450K [0x0000000080000000, 0x0000000100000000)
  region size 1024K, 8 young (8192K), 8 survivors (8192K)
 Metaspace       used 13430K, capacity 13725K, committed 13952K, reserved 1060864K
  class space    used 1463K, capacity 1559K, committed 1664K, reserved 1048576K
}
Event: 2.836 GC heap before
{Heap before GC invocations=2 (full 0):
 garbage-first heap   total 98304K, used 61530K [0x0000000080000000, 0x0000000100000000)
  region size 1024K, 54 young (55296K), 8 survivors (8192K)
 Metaspace       used 20664K, capacity 21013K, committed 21120K, reserved 1067008K
  class space    used 2512K, capacity 2648K, committed 2688K, reserved 1048576K
}
Event: 2.846 GC heap after
{Heap after GC invocations=3 (full 0):
 garbage-first heap   total 98304K, used 17903K [0x0000000080000000, 0x0000000100000000)
  region size 1024K, 3 young (3072K), 3 survivors (3072K)
 Metaspace       used 20664K, capacity 21013K, committed 21120K, reserved 1067008K
  class space    used 2512K, capacity 2648K, committed 2688K, reserved 1048576K
}
Event: 2.863 GC heap before
{Heap before GC invocations=3 (full 0):
 garbage-first heap   total 98304K, used 18927K [0x0000000080000000, 0x0000000100000000)
  region size 1024K, 5 young (5120K), 3 survivors (3072K)
 Metaspace       used 20811K, capacity 21193K, committed 21296K, reserved 1069056K
  class space    used 2529K, capacity 2688K, committed 2688K, reserved 1048576K
}
Event: 2.868 GC heap after
{Heap after GC invocations=4 (full 0):
 garbage-first heap   total 98304K, used 18029K [0x0000000080000000, 0x0000000100000000)
  region size 1024K, 3 young (3072K), 3 survivors (3072K)
 Metaspace       used 20811K, capacity 21193K, committed 21296K, reserved 1069056K
  class space    used 2529K, capacity 2688K, committed 2688K, reserved 1048576K
}

Deoptimization events (20 events):
Event: 2.744 Thread 0x0000021f632a9800 DEOPT PACKING pc=0x0000021f519887dc sp=0x00000096f4ef8930
Event: 2.744 Thread 0x0000021f632a9800 DEOPT UNPACKING pc=0x0000021f49eea1af sp=0x00000096f4ef8900 mode 2
Event: 2.812 Thread 0x0000021f632a9800 Uncommon trap: trap_request=0xffffffc6 fr.pc=0x0000021f519df1a4 relative=0x0000000000000084
Event: 2.812 Thread 0x0000021f632a9800 Uncommon trap: reason=bimorphic_or_optimized_type_check action=maybe_recompile pc=0x0000021f519df1a4 method=java.util.AbstractList$Itr.hasNext()Z @ 8 c2
Event: 2.812 Thread 0x0000021f632a9800 DEOPT PACKING pc=0x0000021f519df1a4 sp=0x00000096f4efa720
Event: 2.812 Thread 0x0000021f632a9800 DEOPT UNPACKING pc=0x0000021f49eea1af sp=0x00000096f4efa6b8 mode 2
Event: 2.812 Thread 0x0000021f632a9800 Uncommon trap: trap_request=0xffffffc6 fr.pc=0x0000021f519de7f4 relative=0x0000000000000134
Event: 2.812 Thread 0x0000021f632a9800 Uncommon trap: reason=bimorphic_or_optimized_type_check action=maybe_recompile pc=0x0000021f519de7f4 method=java.util.AbstractList$Itr.next()Ljava/lang/Object; @ 14 c2
Event: 2.812 Thread 0x0000021f632a9800 DEOPT PACKING pc=0x0000021f519de7f4 sp=0x00000096f4efa710
Event: 2.813 Thread 0x0000021f632a9800 DEOPT UNPACKING pc=0x0000021f49eea1af sp=0x00000096f4efa6a8 mode 2
Event: 2.813 Thread 0x0000021f632a9800 Uncommon trap: trap_request=0xffffff4d fr.pc=0x0000021f519dc004 relative=0x00000000000005c4
Event: 2.813 Thread 0x0000021f632a9800 Uncommon trap: reason=unstable_if action=reinterpret pc=0x0000021f519dc004 method=java.io.File.getName()Ljava/lang/String; @ 16 c2
Event: 2.813 Thread 0x0000021f632a9800 DEOPT PACKING pc=0x0000021f519dc004 sp=0x00000096f4efb0f0
Event: 2.813 Thread 0x0000021f632a9800 DEOPT UNPACKING pc=0x0000021f49eea1af sp=0x00000096f4efb0c0 mode 2
Event: 2.813 Thread 0x0000021f632a9800 Uncommon trap: trap_request=0xffffff4d fr.pc=0x0000021f519db634 relative=0x0000000000000474
Event: 2.813 Thread 0x0000021f632a9800 Uncommon trap: reason=unstable_if action=reinterpret pc=0x0000021f519db634 method=java.lang.String.substring(I)Ljava/lang/String; @ 34 c2
Event: 2.813 Thread 0x0000021f632a9800 DEOPT PACKING pc=0x0000021f519db634 sp=0x00000096f4efb070
Event: 2.813 Thread 0x0000021f632a9800 DEOPT UNPACKING pc=0x0000021f49eea1af sp=0x00000096f4efb048 mode 2
Event: 2.896 Thread 0x0000021f632a9800 DEOPT PACKING pc=0x0000021f4a7d57d5 sp=0x00000096f4efbec0
Event: 2.896 Thread 0x0000021f632a9800 DEOPT UNPACKING pc=0x0000021f49eea95e sp=0x00000096f4efb3e0 mode 0

Classes redefined (0 events):
No events

Internal exceptions (20 events):
Event: 0.175 Thread 0x0000021f46382800 Exception <a 'java/lang/NoSuchMethodError'{0x0000000085c276a0}: 'int java.lang.invoke.DirectMethodHandle$Holder.invokeSpecialIFC(java.lang.Object, java.lang.Object, int)'> (0x0000000085c276a0) thrown at [./src/hotspot/share/interpreter/linkResolver.cpp, line 773]
Event: 0.374 Thread 0x0000021f46382800 Exception <a 'java/lang/NoClassDefFoundError'{0x000000008517e720}: org/slf4j/impl/StaticMarkerBinder> (0x000000008517e720) thrown at [./src/hotspot/share/classfile/systemDictionary.cpp, line 220]
Event: 0.443 Thread 0x0000021f46382800 Exception <a 'java/lang/NoSuchMethodError'{0x0000000084d2cb30}: 'java.lang.Object java.lang.invoke.DirectMethodHandle$Holder.invokeVirtual(java.lang.Object, java.lang.Object, java.lang.Object, java.lang.Object, java.lang.Object, java.lang.Object, java.lang.Object)'> (0x0000000084d2cb30) thrown at [./src/hotspot/share/interpreter/linkResolver.cpp, line 773]
Event: 0.445 Thread 0x0000021f46382800 Exception <a 'java/lang/NoSuchMethodError'{0x0000000084d40ee0}: 'java.lang.Object java.lang.invoke.Invokers$Holder.invoker(java.lang.Object, java.lang.Object, java.lang.Object)'> (0x0000000084d40ee0) thrown at [./src/hotspot/share/interpreter/linkResolver.cpp, line 773]
Event: 0.448 Thread 0x0000021f46382800 Exception <a 'java/lang/NoSuchMethodError'{0x0000000084d51f58}: 'void java.lang.invoke.DelegatingMethodHandle$Holder.delegate(java.lang.Object, java.lang.Object, int, java.lang.Object)'> (0x0000000084d51f58) thrown at [./src/hotspot/share/interpreter/linkResolver.cpp, line 773]
Event: 0.958 Thread 0x0000021f46382800 Exception <a 'java/security/PrivilegedActionException'{0x00000000839be1d0}> (0x00000000839be1d0) thrown at [./src/hotspot/share/prims/jvm.cpp, line 1306]
Event: 0.958 Thread 0x0000021f46382800 Exception <a 'java/security/PrivilegedActionException'{0x00000000839be748}> (0x00000000839be748) thrown at [./src/hotspot/share/prims/jvm.cpp, line 1306]
Event: 1.157 Thread 0x0000021f46382800 Exception <a 'java/lang/NoSuchMethodError'{0x000000008270b388}: 'java.lang.Object java.lang.invoke.DirectMethodHandle$Holder.invokeStaticInit(java.lang.Object, java.lang.Object, java.lang.Object)'> (0x000000008270b388) thrown at [./src/hotspot/share/interpreter/linkResolver.cpp, line 773]
Event: 1.320 Thread 0x0000021f46382800 Exception <a 'java/lang/NoSuchMethodError'{0x0000000085a8afe8}: 'java.lang.Object java.lang.invoke.DirectMethodHandle$Holder.invokeStaticInit(java.lang.Object, int, int, int, int)'> (0x0000000085a8afe8) thrown at [./src/hotspot/share/interpreter/linkResolver.cpp, line 773]
Event: 1.588 Thread 0x0000021f46382800 Exception <a 'java/lang/NoSuchMethodError'{0x0000000085ad12f0}: 'java.lang.Object java.lang.invoke.DirectMethodHandle$Holder.invokeStaticInit(java.lang.Object, java.lang.Object, int, int, int, int)'> (0x0000000085ad12f0) thrown at [./src/hotspot/share/interpreter/linkResolver.cpp, line 773]
Event: 2.102 Thread 0x0000021f46382800 Exception <a 'java/io/IOException'{0x0000000085716af8}> (0x0000000085716af8) thrown at [./src/hotspot/share/prims/jni.cpp, line 616]
Event: 2.297 Thread 0x0000021f632a9800 Exception <a 'java/lang/NoSuchMethodError'{0x00000000852e1f98}: 'long java.lang.invoke.DirectMethodHandle$Holder.invokeInterface(java.lang.Object, java.lang.Object)'> (0x00000000852e1f98) thrown at [./src/hotspot/share/interpreter/linkResolver.cpp, line 773]
Event: 2.299 Thread 0x0000021f632a9800 Exception <a 'java/lang/NoSuchMethodError'{0x00000000852ef298}: 'void java.lang.invoke.DelegatingMethodHandle$Holder.reinvoke_L(java.lang.Object, java.lang.Object, java.lang.Object, java.lang.Object, java.lang.Object, java.lang.Object, java.lang.Object)'> (0x00000000852ef298) thrown at [./src/hotspot/share/interpreter/linkResolver.cpp, line 773]
Event: 2.702 Thread 0x0000021f632a9800 Exception <a 'java/lang/NoSuchMethodError'{0x000000008374d280}: 'void java.lang.invoke.DirectMethodHandle$Holder.invokeStaticInit(java.lang.Object)'> (0x000000008374d280) thrown at [./src/hotspot/share/interpreter/linkResolver.cpp, line 773]
Event: 2.721 Thread 0x0000021f632a9800 Exception <a 'java/lang/NoSuchMethodError'{0x00000000837f9678}: 'java.lang.Object java.lang.invoke.DirectMethodHandle$Holder.invokeStatic(java.lang.Object, java.lang.Object, java.lang.Object, int)'> (0x00000000837f9678) thrown at [./src/hotspot/share/interpreter/linkResolver.cpp, line 773]
Event: 2.722 Thread 0x0000021f632a9800 Exception <a 'java/lang/NoSuchMethodError'{0x00000000837fdd90}: 'java.lang.Object java.lang.invoke.DirectMethodHandle$Holder.invokeSpecial(java.lang.Object, java.lang.Object, java.lang.Object, java.lang.Object, int)'> (0x00000000837fdd90) thrown at [./src/hotspot/share/interpreter/linkResolver.cpp, line 773]
Event: 2.722 Thread 0x0000021f632a9800 Exception <a 'java/lang/NoSuchMethodError'{0x0000000083602710}: 'java.lang.Object java.lang.invoke.Invokers$Holder.linkToTargetMethod(java.lang.Object, java.lang.Object, int, java.lang.Object)'> (0x0000000083602710) thrown at [./src/hotspot/share/interpreter/linkResolver.cpp, line 773]
Event: 2.890 Thread 0x0000021f632a9800 Exception <a 'java/lang/NoSuchMethodError'{0x0000000085fe1198}: 'int java.lang.invoke.DirectMethodHandle$Holder.invokeSpecialIFC(java.lang.Object, java.lang.Object, java.lang.Object, java.lang.Object)'> (0x0000000085fe1198) thrown at [./src/hotspot/share/interpreter/linkResolver.cpp, line 773]
Event: 2.893 Thread 0x0000021f632a9800 Exception <a 'java/lang/NoSuchMethodError'{0x0000000085fef150}: 'java.lang.Object java.lang.invoke.DirectMethodHandle$Holder.invokeInterface(java.lang.Object, java.lang.Object, java.lang.Object)'> (0x0000000085fef150) thrown at [./src/hotspot/share/interpreter/linkResolver.cpp, line 773]
Event: 2.893 Thread 0x0000021f632a9800 Exception <a 'java/lang/IncompatibleClassChangeError'{0x0000000085ff2628}: Found class java.lang.Object, but interface was expected> (0x0000000085ff2628) thrown at [./src/hotspot/share/interpreter/linkResolver.cpp, line 839]

Events (20 events):
Event: 2.938 loading class org/gradle/internal/fingerprint/hashing/ZipEntryContext
Event: 2.938 loading class org/gradle/internal/fingerprint/hashing/ZipEntryContext done
Event: 2.939 loading class org/gradle/internal/snapshot/RegularFileSnapshot
Event: 2.939 loading class org/gradle/internal/snapshot/RegularFileSnapshot done
Event: 2.939 loading class org/gradle/internal/snapshot/RegularFileSnapshot
Event: 2.939 loading class org/gradle/internal/snapshot/RegularFileSnapshot done
Event: 2.939 loading class org/gradle/internal/snapshot/FileSystemLeafSnapshot
Event: 2.939 loading class org/gradle/internal/snapshot/FileSystemLeafSnapshot done
Event: 2.940 loading class org/gradle/internal/snapshot/AbstractFileSystemLocationSnapshot
Event: 2.940 loading class org/gradle/internal/snapshot/AbstractFileSystemLocationSnapshot done
Event: 2.940 loading class org/gradle/internal/snapshot/RegularFileSnapshot
Event: 2.940 loading class org/gradle/internal/snapshot/RegularFileSnapshot done
Event: 2.940 loading class org/gradle/api/internal/changedetection/state/ZipHasher$HashingExceptionReporter
Event: 2.940 loading class org/gradle/api/internal/changedetection/state/ZipHasher$HashingExceptionReporter done
Event: 2.940 loading class org/gradle/api/internal/changedetection/state/ZipHasher$HashingExceptionReporter
Event: 2.940 loading class org/gradle/api/internal/changedetection/state/ZipHasher$HashingExceptionReporter done
Event: 2.941 loading class org/gradle/internal/fingerprint/classpath/impl/ClasspathFingerprintingStrategy$NonJarFingerprintingStrategy
Event: 2.941 loading class org/gradle/internal/fingerprint/classpath/impl/ClasspathFingerprintingStrategy$NonJarFingerprintingStrategy done
Event: 2.942 loading class org/gradle/internal/fingerprint/classpath/impl/ClasspathFingerprintingStrategy$NonJarFingerprintingStrategy$1
Event: 2.942 loading class org/gradle/internal/fingerprint/classpath/impl/ClasspathFingerprintingStrategy$NonJarFingerprintingStrategy$1 done


Dynamic libraries:
0x00007ff6b3ad0000 - 0x00007ff6b3ada000 	C:\Program Files\Android\Android Studio\jre\bin\java.exe
0x00007fff41d50000 - 0x00007fff41f48000 	C:\WINDOWS\SYSTEM32\ntdll.dll
0x00007fff38ba0000 - 0x00007fff38bb9000 	C:\Program Files\Avast Software\Avast\aswhook.dll
0x00007fff41400000 - 0x00007fff414bf000 	C:\WINDOWS\System32\KERNEL32.DLL
0x00007fff3f490000 - 0x00007fff3f76a000 	C:\WINDOWS\System32\KERNELBASE.dll
0x00007fff3f980000 - 0x00007fff3fa80000 	C:\WINDOWS\System32\ucrtbase.dll
0x00007fff3a190000 - 0x00007fff3a1a9000 	C:\Program Files\Android\Android Studio\jre\bin\jli.dll
0x00007fff3a110000 - 0x00007fff3a127000 	C:\Program Files\Android\Android Studio\jre\bin\VCRUNTIME140.dll
0x00007fff417a0000 - 0x00007fff4193d000 	C:\WINDOWS\System32\USER32.dll
0x00007fff3fd80000 - 0x00007fff3fda2000 	C:\WINDOWS\System32\win32u.dll
0x00007fff41c80000 - 0x00007fff41cab000 	C:\WINDOWS\System32\GDI32.dll
0x00007fff38d80000 - 0x00007fff3901a000 	C:\WINDOWS\WinSxS\amd64_microsoft.windows.common-controls_6595b64144ccf1df_6.0.19041.1110_none_60b5254171f9507e\COMCTL32.dll
0x00007fff3fc00000 - 0x00007fff3fd10000 	C:\WINDOWS\System32\gdi32full.dll
0x00007fff41950000 - 0x00007fff419ee000 	C:\WINDOWS\System32\msvcrt.dll
0x00007fff3fb10000 - 0x00007fff3fbad000 	C:\WINDOWS\System32\msvcp_win.dll
0x00007fff40610000 - 0x00007fff40640000 	C:\WINDOWS\System32\IMM32.DLL
0x00007fff03f60000 - 0x00007fff03ffd000 	C:\Program Files\Android\Android Studio\jre\bin\msvcp140.dll
0x00007ffeefcb0000 - 0x00007ffef07b2000 	C:\Program Files\Android\Android Studio\jre\bin\server\jvm.dll
0x00007fff41230000 - 0x00007fff412de000 	C:\WINDOWS\System32\ADVAPI32.dll
0x00007fff3fdb0000 - 0x00007fff3fe4c000 	C:\WINDOWS\System32\sechost.dll
0x00007fff414c0000 - 0x00007fff415e6000 	C:\WINDOWS\System32\RPCRT4.dll
0x00007fff41940000 - 0x00007fff41948000 	C:\WINDOWS\System32\PSAPI.DLL
0x00007fff1bef0000 - 0x00007fff1bf17000 	C:\WINDOWS\SYSTEM32\WINMM.dll
0x00007fff3a650000 - 0x00007fff3a65a000 	C:\WINDOWS\SYSTEM32\VERSION.dll
0x00007fff250c0000 - 0x00007fff250c9000 	C:\WINDOWS\SYSTEM32\WSOCK32.dll
0x00007fff40890000 - 0x00007fff408fb000 	C:\WINDOWS\System32\WS2_32.dll
0x00007fff3d320000 - 0x00007fff3d332000 	C:\WINDOWS\SYSTEM32\kernel.appcore.dll
0x00007fff3aac0000 - 0x00007fff3aad1000 	C:\Program Files\Android\Android Studio\jre\bin\verify.dll
0x00007fff3cb70000 - 0x00007fff3cd54000 	C:\WINDOWS\SYSTEM32\DBGHELP.DLL
0x00007fff30240000 - 0x00007fff30274000 	C:\WINDOWS\SYSTEM32\dbgcore.DLL
0x00007fff3fa80000 - 0x00007fff3fb02000 	C:\WINDOWS\System32\bcryptPrimitives.dll
0x00007fff3aa90000 - 0x00007fff3aab9000 	C:\Program Files\Android\Android Studio\jre\bin\java.dll
0x00007fff3aa80000 - 0x00007fff3aa8b000 	C:\Program Files\Android\Android Studio\jre\bin\jimage.dll
0x00007fff3a680000 - 0x00007fff3a698000 	C:\Program Files\Android\Android Studio\jre\bin\zip.dll
0x00007fff3fe50000 - 0x00007fff40594000 	C:\WINDOWS\System32\SHELL32.dll
0x00007fff3d520000 - 0x00007fff3dcb3000 	C:\WINDOWS\SYSTEM32\windows.storage.dll
0x00007fff40ed0000 - 0x00007fff41224000 	C:\WINDOWS\System32\combase.dll
0x00007fff3ede0000 - 0x00007fff3ee0e000 	C:\WINDOWS\SYSTEM32\Wldp.dll
0x00007fff41350000 - 0x00007fff413fd000 	C:\WINDOWS\System32\SHCORE.dll
0x00007fff41cb0000 - 0x00007fff41d05000 	C:\WINDOWS\System32\shlwapi.dll
0x00007fff3f3a0000 - 0x00007fff3f3bf000 	C:\WINDOWS\SYSTEM32\profapi.dll
0x00007fff3a400000 - 0x00007fff3a41a000 	C:\Program Files\Android\Android Studio\jre\bin\net.dll
0x00007fff376c0000 - 0x00007fff377ca000 	C:\WINDOWS\SYSTEM32\WINHTTP.dll
0x00007fff3eb40000 - 0x00007fff3ebaa000 	C:\WINDOWS\system32\mswsock.dll
0x00007fff3a1d0000 - 0x00007fff3a1e4000 	C:\Program Files\Android\Android Studio\jre\bin\nio.dll
0x00007fff26140000 - 0x00007fff26167000 	C:\Users\HP\.gradle\native\e1d6ef7f7dcc3fd88c89a11ec53ec762bb8ba0a96d01ffa2cd45eb1d1d8dd5c5\windows-amd64\native-platform.dll
0x00007ffef9fe0000 - 0x00007ffefa124000 	C:\Users\HP\.gradle\native\0d407fdbe67a94daf76414ababcb853783967236a71b16ec16e742cd7a986fd3\windows-amd64\native-platform-file-events.dll
0x00007fff3a670000 - 0x00007fff3a67a000 	C:\Program Files\Android\Android Studio\jre\bin\management.dll
0x00007fff3a3f0000 - 0x00007fff3a3fd000 	C:\Program Files\Android\Android Studio\jre\bin\management_ext.dll
0x00007fff3ed30000 - 0x00007fff3ed48000 	C:\WINDOWS\SYSTEM32\CRYPTSP.dll
0x00007fff3e460000 - 0x00007fff3e494000 	C:\WINDOWS\system32\rsaenh.dll
0x00007fff3f460000 - 0x00007fff3f487000 	C:\WINDOWS\System32\bcrypt.dll
0x00007fff3f320000 - 0x00007fff3f34e000 	C:\WINDOWS\SYSTEM32\USERENV.dll
0x00007fff3ed50000 - 0x00007fff3ed5c000 	C:\WINDOWS\SYSTEM32\CRYPTBASE.dll
0x00007fff3e830000 - 0x00007fff3e86c000 	C:\WINDOWS\SYSTEM32\IPHLPAPI.DLL
0x00007fff405a0000 - 0x00007fff405a8000 	C:\WINDOWS\System32\NSI.dll
0x00007fff37ae0000 - 0x00007fff37af7000 	C:\WINDOWS\SYSTEM32\dhcpcsvc6.DLL
0x00007fff38450000 - 0x00007fff3846d000 	C:\WINDOWS\SYSTEM32\dhcpcsvc.DLL
0x00007fff3e870000 - 0x00007fff3e93b000 	C:\WINDOWS\SYSTEM32\DNSAPI.dll

dbghelp: loaded successfully - version: 4.0.5 - missing functions: none
symbol engine: initialized successfully - sym options: 0x614 - pdb path: .;C:\Program Files\Android\Android Studio\jre\bin;C:\WINDOWS\SYSTEM32;C:\Program Files\Avast Software\Avast;C:\WINDOWS\WinSxS\amd64_microsoft.windows.common-controls_6595b64144ccf1df_6.0.19041.1110_none_60b5254171f9507e;C:\Program Files\Android\Android Studio\jre\bin\server;C:\Users\HP\.gradle\native\e1d6ef7f7dcc3fd88c89a11ec53ec762bb8ba0a96d01ffa2cd45eb1d1d8dd5c5\windows-amd64;C:\Users\HP\.gradle\native\0d407fdbe67a94daf76414ababcb853783967236a71b16ec16e742cd7a986fd3\windows-amd64

VM Arguments:
jvm_args: --add-opens=java.base/java.util=ALL-UNNAMED --add-opens=java.base/java.lang=ALL-UNNAMED --add-opens=java.base/java.lang.invoke=ALL-UNNAMED --add-opens=java.base/java.util=ALL-UNNAMED --add-opens=java.prefs/java.util.prefs=ALL-UNNAMED --add-opens=java.prefs/java.util.prefs=ALL-UNNAMED --add-opens=java.base/java.nio.charset=ALL-UNNAMED --add-opens=java.base/java.net=ALL-UNNAMED --add-opens=java.base/java.util.concurrent.atomic=ALL-UNNAMED -Xmx2048m -Dfile.encoding=UTF-8 -Duser.country=IN -Duser.language=en -Duser.variant 
java_command: org.gradle.launcher.daemon.bootstrap.GradleDaemon 7.4
java_class_path (initial): C:\Users\HP\.gradle\wrapper\dists\gradle-7.4-bin\c0gwcg53nkjbqw7r0h0umtfvt\gradle-7.4\lib\gradle-launcher-7.4.jar
Launcher Type: SUN_STANDARD

[Global flags]
     intx CICompilerCount                          = 4                                         {product} {ergonomic}
     uint ConcGCThreads                            = 2                                         {product} {ergonomic}
     uint G1ConcRefinementThreads                  = 8                                         {product} {ergonomic}
   size_t G1HeapRegionSize                         = 1048576                                   {product} {ergonomic}
    uintx GCDrainStackTargetSize                   = 64                                        {product} {ergonomic}
   size_t InitialHeapSize                          = 100663296                                 {product} {ergonomic}
   size_t MarkStackSize                            = 4194304                                   {product} {ergonomic}
   size_t MaxHeapSize                              = 2147483648                                {product} {command line}
   size_t MaxNewSize                               = 1287651328                                {product} {ergonomic}
   size_t MinHeapDeltaBytes                        = 1048576                                   {product} {ergonomic}
    uintx NonNMethodCodeHeapSize                   = 5836300                                {pd product} {ergonomic}
    uintx NonProfiledCodeHeapSize                  = 122910970                              {pd product} {ergonomic}
    uintx ProfiledCodeHeapSize                     = 122910970                              {pd product} {ergonomic}
    uintx ReservedCodeCacheSize                    = 251658240                              {pd product} {ergonomic}
     bool SegmentedCodeCache                       = true                                      {product} {ergonomic}
     bool UseCompressedClassPointers               = true                                 {lp64_product} {ergonomic}
     bool UseCompressedOops                        = true                                 {lp64_product} {ergonomic}
     bool UseG1GC                                  = true                                      {product} {ergonomic}
     bool UseLargePagesIndividualAllocation        = false                                  {pd product} {ergonomic}

Logging:
Log output configuration:
 #0: stdout all=warning uptime,level,tags
 #1: stderr all=off uptime,level,tags

Environment Variables:
JAVA_HOME=C:\Program Files\Java\jdk-16.0.1
CLASSPATH=C:\Program Files\Apache Software Foundation\Tomcat 10.0\lib\servlet-api.jar;.;
PATH=C:\App\bin;C:\WINDOWS\system32;C:\WINDOWS;C:\WINDOWS\System32\Wbem;C:\WINDOWS\System32\WindowsPowerShell\v1.0\;C:\WINDOWS\System32\OpenSSH\;C:\Program Files\Java\jdk-16.0.1\bin;C:\Program Files\MySQL\MySQL Server 8.0\bin;C:\Program Files\MySQL\MySQL Shell 8.0\bin\;C:\Users\HP\AppData\Local\Microsoft\WindowsApps;
USERNAME=HP
OS=Windows_NT
PROCESSOR_IDENTIFIER=Intel64 Family 6 Model 142 Stepping 12, GenuineIntel



---------------  S Y S T E M  ---------------

OS: Windows 10 , 64 bit Build 19041 (10.0.19041.2788)
OS uptime: 3 days 2:05 hours

CPU:total 8 (initial active 8) (4 cores per cpu, 2 threads per core) family 6 model 142 stepping 12 microcode 0xea, cmov, cx8, fxsr, mmx, sse, sse2, sse3, ssse3, sse4.1, sse4.2, popcnt, avx, avx2, aes, clmul, erms, 3dnowpref, lzcnt, ht, tsc, tscinvbit, bmi1, bmi2, adx, fma

Memory: 4k page, system-wide physical 6054M (150M free)
TotalPageFile size 14246M (AvailPageFile size 3M)
current process WorkingSet (physical memory assigned to process): 169M, peak: 169M
current process commit charge ("private bytes"): 224M, peak: 224M

vm_info: OpenJDK 64-Bit Server VM (11.0.13+0-b1751.21-8125866) for windows-amd64 JRE (11.0.13+0-b1751.21-8125866), built on Feb  2 2022 03:00:22 by "builder" with MS VC++ 14.0 (VS2015)

END.
