#
# There is insufficient memory for the Java Runtime Environment to continue.
# Native memory allocation (malloc) failed to allocate 1815856 bytes for Chunk::new
# Possible reasons:
#   The system is out of physical RAM or swap space
#   The process is running with CompressedOops enabled, and the Java Heap may be blocking the growth of the native heap
# Possible solutions:
#   Reduce memory load on the system
#   Increase physical memory or swap space
#   Check if swap backing store is full
#   Decrease Java heap size (-Xmx/-Xms)
#   Decrease number of Java threads
#   Decrease Java thread stack sizes (-Xss)
#   Set larger code cache with -XX:ReservedCodeCacheSize=
#   JVM is running with Unscaled Compressed Oops mode in which the Java heap is
#     placed in the first 4GB address space. The Java Heap base address is the
#     maximum limit for the native heap growth. Please use -XX:HeapBaseMinAddress
#     to set the Java Heap base and to place the Java Heap above 4GB virtual address.
# This output file may be truncated or incomplete.
#
#  Out of Memory Error (./src/hotspot/share/memory/arena.cpp:197), pid=1376, tid=10436
#
# JRE version: OpenJDK Runtime Environment (11.0.13) (build 11.0.13+0-b1751.21-8125866)
# Java VM: OpenJDK 64-Bit Server VM (11.0.13+0-b1751.21-8125866, mixed mode, tiered, compressed oops, g1 gc, windows-amd64)
# No core dump will be written. Minidumps are not enabled by default on client versions of Windows
#

---------------  S U M M A R Y ------------

Command Line: --add-opens=java.base/java.util=ALL-UNNAMED --add-opens=java.base/java.lang=ALL-UNNAMED --add-opens=java.base/java.lang.invoke=ALL-UNNAMED --add-opens=java.base/java.util=ALL-UNNAMED --add-opens=java.prefs/java.util.prefs=ALL-UNNAMED --add-opens=java.prefs/java.util.prefs=ALL-UNNAMED --add-opens=java.base/java.nio.charset=ALL-UNNAMED --add-opens=java.base/java.net=ALL-UNNAMED --add-opens=java.base/java.util.concurrent.atomic=ALL-UNNAMED -Xmx2048m -Dfile.encoding=UTF-8 -Duser.country=IN -Duser.language=en -Duser.variant org.gradle.launcher.daemon.bootstrap.GradleDaemon 7.4

Host: Intel(R) Core(TM) i5-8265U CPU @ 1.60GHz, 8 cores, 5G,  Windows 10 , 64 bit Build 19041 (10.0.19041.2788)
Time: Mon Apr 17 20:55:42 2023 India Standard Time elapsed time: 28.600474 seconds (0d 0h 0m 28s)

---------------  T H R E A D  ---------------

Current thread (0x000001f8c792b000):  JavaThread "C2 CompilerThread0" daemon [_thread_in_native, id=10436, stack(0x000000f52b000000,0x000000f52b100000)]


Current CompileTask:
C2:  28600 1977       4       java.net.URLClassLoader$1::run (5 bytes)

Stack: [0x000000f52b000000,0x000000f52b100000]
Native frames: (J=compiled Java code, j=interpreted, Vv=VM code, C=native code)
V  [jvm.dll+0x6100fa]
V  [jvm.dll+0x747090]
V  [jvm.dll+0x7486ad]
V  [jvm.dll+0x748d83]
V  [jvm.dll+0x24ab48]
V  [jvm.dll+0xc04dc]
V  [jvm.dll+0xc0a0c]
V  [jvm.dll+0x35eb9d]
V  [jvm.dll+0x32b833]
V  [jvm.dll+0x32ad2a]
V  [jvm.dll+0x2032b2]
V  [jvm.dll+0x202437]
V  [jvm.dll+0x188e01]
V  [jvm.dll+0x21106b]
V  [jvm.dll+0x20f8c1]
V  [jvm.dll+0x70de0f]
V  [jvm.dll+0x706a75]
V  [jvm.dll+0x60ed66]
C  [ucrtbase.dll+0x21bb2]
C  [KERNEL32.DLL+0x17604]
C  [ntdll.dll+0x526a1]


---------------  P R O C E S S  ---------------

Threads class SMR info:
_java_thread_list=0x000001f8ca799850, length=23, elements={
0x000001f8ad491800, 0x000001f8c7909800, 0x000001f8c7917000, 0x000001f8c7924800,
0x000001f8c7925800, 0x000001f8c7927800, 0x000001f8c792b000, 0x000001f8c793b800,
0x000001f8c793c800, 0x000001f8c83dc800, 0x000001f8c8baf000, 0x000001f8ca314800,
0x000001f8c9d23800, 0x000001f8c91bd000, 0x000001f8c9d98800, 0x000001f8c9c0b800,
0x000001f8c9c0c800, 0x000001f8c936d000, 0x000001f8c8fba800, 0x000001f8c9b02800,
0x000001f8c9d8b800, 0x000001f8c9d89800, 0x000001f8c9d90000
}

Java Threads: ( => current thread )
  0x000001f8ad491800 JavaThread "main" [_thread_blocked, id=11608, stack(0x000000f52a400000,0x000000f52a500000)]
  0x000001f8c7909800 JavaThread "Reference Handler" daemon [_thread_blocked, id=15740, stack(0x000000f52ab00000,0x000000f52ac00000)]
  0x000001f8c7917000 JavaThread "Finalizer" daemon [_thread_blocked, id=12816, stack(0x000000f52ac00000,0x000000f52ad00000)]
  0x000001f8c7924800 JavaThread "Signal Dispatcher" daemon [_thread_blocked, id=18064, stack(0x000000f52ad00000,0x000000f52ae00000)]
  0x000001f8c7925800 JavaThread "Attach Listener" daemon [_thread_blocked, id=19452, stack(0x000000f52ae00000,0x000000f52af00000)]
  0x000001f8c7927800 JavaThread "Service Thread" daemon [_thread_blocked, id=13604, stack(0x000000f52af00000,0x000000f52b000000)]
=>0x000001f8c792b000 JavaThread "C2 CompilerThread0" daemon [_thread_in_native, id=10436, stack(0x000000f52b000000,0x000000f52b100000)]
  0x000001f8c793b800 JavaThread "C1 CompilerThread0" daemon [_thread_blocked, id=13940, stack(0x000000f52b100000,0x000000f52b200000)]
  0x000001f8c793c800 JavaThread "Sweeper thread" daemon [_thread_blocked, id=3680, stack(0x000000f52b200000,0x000000f52b300000)]
  0x000001f8c83dc800 JavaThread "Common-Cleaner" daemon [_thread_blocked, id=19112, stack(0x000000f52b300000,0x000000f52b400000)]
  0x000001f8c8baf000 JavaThread "Daemon health stats" [_thread_blocked, id=15492, stack(0x000000f52b600000,0x000000f52b700000)]
  0x000001f8ca314800 JavaThread "Incoming local TCP Connector on port 65047" [_thread_in_native, id=18752, stack(0x000000f52b700000,0x000000f52b800000)]
  0x000001f8c9d23800 JavaThread "Daemon periodic checks" [_thread_blocked, id=17248, stack(0x000000f52b800000,0x000000f52b900000)]
  0x000001f8c91bd000 JavaThread "Daemon" [_thread_blocked, id=2272, stack(0x000000f52b900000,0x000000f52ba00000)]
  0x000001f8c9d98800 JavaThread "Handler for socket connection from /127.0.0.1:65047 to /127.0.0.1:65048" [_thread_in_native, id=14484, stack(0x000000f52ba00000,0x000000f52bb00000)]
  0x000001f8c9c0b800 JavaThread "Cancel handler" [_thread_blocked, id=10304, stack(0x000000f52bb00000,0x000000f52bc00000)]
  0x000001f8c9c0c800 JavaThread "Daemon worker" [_thread_in_vm, id=15120, stack(0x000000f52bc00000,0x000000f52bd00000)]
  0x000001f8c936d000 JavaThread "Asynchronous log dispatcher for DefaultDaemonConnection: socket connection from /127.0.0.1:65047 to /127.0.0.1:65048" [_thread_blocked, id=15168, stack(0x000000f52bd00000,0x000000f52be00000)]
  0x000001f8c8fba800 JavaThread "Stdin handler" [_thread_blocked, id=12704, stack(0x000000f52be00000,0x000000f52bf00000)]
  0x000001f8c9b02800 JavaThread "Daemon client event forwarder" [_thread_blocked, id=11864, stack(0x000000f52bf00000,0x000000f52c000000)]
  0x000001f8c9d8b800 JavaThread "Cache worker for journal cache (C:\Users\HP\.gradle\caches\journal-1)" [_thread_blocked, id=18180, stack(0x000000f52c000000,0x000000f52c100000)]
  0x000001f8c9d89800 JavaThread "File lock request listener" [_thread_in_native, id=2420, stack(0x000000f52c100000,0x000000f52c200000)]
  0x000001f8c9d90000 JavaThread "Cache worker for file hash cache (C:\Users\HP\.gradle\caches\7.4\fileHashes)" [_thread_blocked, id=1720, stack(0x000000f52c200000,0x000000f52c300000)]

Other Threads:
  0x000001f8c7905000 VMThread "VM Thread" [stack: 0x000000f52aa00000,0x000000f52ab00000] [id=15796]
  0x000001f8c8414800 WatcherThread [stack: 0x000000f52b400000,0x000000f52b500000] [id=1060]
  0x000001f8ad4ac000 GCTaskThread "GC Thread#0" [stack: 0x000000f52a500000,0x000000f52a600000] [id=4108]
  0x000001f8c94b3800 GCTaskThread "GC Thread#1" [stack: 0x000000f52b500000,0x000000f52b600000] [id=16536]
  0x000001f8ca3e3800 GCTaskThread "GC Thread#2" [stack: 0x000000f52c300000,0x000000f52c400000] [id=5628]
  0x000001f8c8dc5000 GCTaskThread "GC Thread#3" [stack: 0x000000f52c400000,0x000000f52c500000] [id=1544]
  0x000001f8c8dc5800 GCTaskThread "GC Thread#4" [stack: 0x000000f52c500000,0x000000f52c600000] [id=16900]
  0x000001f8c9779000 GCTaskThread "GC Thread#5" [stack: 0x000000f52c600000,0x000000f52c700000] [id=16576]
  0x000001f8c9779800 GCTaskThread "GC Thread#6" [stack: 0x000000f52c700000,0x000000f52c800000] [id=12936]
  0x000001f8c82d8000 GCTaskThread "GC Thread#7" [stack: 0x000000f52c800000,0x000000f52c900000] [id=12108]
  0x000001f8ad4de000 ConcurrentGCThread "G1 Main Marker" [stack: 0x000000f52a600000,0x000000f52a700000] [id=14716]
  0x000001f8ad4df000 ConcurrentGCThread "G1 Conc#0" [stack: 0x000000f52a700000,0x000000f52a800000] [id=14608]
  0x000001f8c83f0000 ConcurrentGCThread "G1 Conc#1" [stack: 0x000000f52c900000,0x000000f52ca00000] [id=13576]
  0x000001f8ad565000 ConcurrentGCThread "G1 Refine#0" [stack: 0x000000f52a800000,0x000000f52a900000] [id=12180]
  0x000001f8ad566000 ConcurrentGCThread "G1 Young RemSet Sampling" [stack: 0x000000f52a900000,0x000000f52aa00000] [id=2836]

Threads with active compile tasks:
C2 CompilerThread0  28635 1977       4       java.net.URLClassLoader$1::run (5 bytes)

VM state:not at safepoint (normal execution)

VM Mutex/Monitor currently owned by a thread: None

Heap address: 0x0000000080000000, size: 2048 MB, Compressed Oops mode: 32-bit
Narrow klass base: 0x0000000000000000, Narrow klass shift: 3
Compressed class space size: 1073741824 Address: 0x0000000100000000

Heap:
 garbage-first heap   total 98304K, used 45979K [0x0000000080000000, 0x0000000100000000)
  region size 1024K, 32 young (32768K), 3 survivors (3072K)
 Metaspace       used 23838K, capacity 24378K, committed 24576K, reserved 1071104K
  class space    used 3013K, capacity 3221K, committed 3328K, reserved 1048576K
Heap Regions: E=young(eden), S=young(survivor), O=old, HS=humongous(starts), HC=humongous(continues), CS=collection set, F=free, A=archive, TAMS=top-at-mark-start (previous, next)
|   0|0x0000000080000000, 0x0000000080100000, 0x0000000080100000|100%| O|  |TAMS 0x0000000080100000, 0x0000000080000000| Untracked 
|   1|0x0000000080100000, 0x0000000080200000, 0x0000000080200000|100%| O|  |TAMS 0x0000000080200000, 0x0000000080100000| Untracked 
|   2|0x0000000080200000, 0x0000000080300000, 0x0000000080300000|100%| O|  |TAMS 0x0000000080300000, 0x0000000080200000| Untracked 
|   3|0x0000000080300000, 0x0000000080400000, 0x0000000080400000|100%|HS|  |TAMS 0x0000000080400000, 0x0000000080300000| Complete 
|   4|0x0000000080400000, 0x0000000080500000, 0x0000000080500000|100%|HC|  |TAMS 0x0000000080500000, 0x0000000080400000| Complete 
|   5|0x0000000080500000, 0x0000000080600000, 0x0000000080600000|100%|HC|  |TAMS 0x0000000080600000, 0x0000000080500000| Complete 
|   6|0x0000000080600000, 0x0000000080700000, 0x0000000080700000|100%| O|  |TAMS 0x0000000080700000, 0x0000000080600000| Untracked 
|   7|0x0000000080700000, 0x0000000080800000, 0x0000000080800000|100%| O|  |TAMS 0x0000000080800000, 0x0000000080700000| Untracked 
|   8|0x0000000080800000, 0x0000000080900000, 0x0000000080900000|100%| O|  |TAMS 0x0000000080900000, 0x0000000080800000| Untracked 
|   9|0x0000000080900000, 0x0000000080a00000, 0x0000000080a00000|100%| O|  |TAMS 0x0000000080a00000, 0x0000000080900000| Untracked 
|  10|0x0000000080a00000, 0x0000000080b00000, 0x0000000080b00000|100%| O|  |TAMS 0x0000000080b00000, 0x0000000080a00000| Untracked 
|  11|0x0000000080b00000, 0x0000000080c00000, 0x0000000080c00000|100%| O|  |TAMS 0x0000000080c00000, 0x0000000080b00000| Untracked 
|  12|0x0000000080c00000, 0x0000000080d00000, 0x0000000080d00000|100%| O|  |TAMS 0x0000000080d00000, 0x0000000080c00000| Untracked 
|  13|0x0000000080d00000, 0x0000000080e00000, 0x0000000080e00000|100%| O|  |TAMS 0x0000000080e00000, 0x0000000080d00000| Untracked 
|  14|0x0000000080e00000, 0x0000000080e8d000, 0x0000000080f00000| 55%| O|  |TAMS 0x0000000080e8d000, 0x0000000080e00000| Untracked 
|  15|0x0000000080f00000, 0x0000000080f00000, 0x0000000081000000|  0%| F|  |TAMS 0x0000000080f00000, 0x0000000080f00000| Untracked 
|  16|0x0000000081000000, 0x0000000081000000, 0x0000000081100000|  0%| F|  |TAMS 0x0000000081000000, 0x0000000081000000| Untracked 
|  17|0x0000000081100000, 0x0000000081100000, 0x0000000081200000|  0%| F|  |TAMS 0x0000000081100000, 0x0000000081100000| Untracked 
|  18|0x0000000081200000, 0x0000000081200000, 0x0000000081300000|  0%| F|  |TAMS 0x0000000081200000, 0x0000000081200000| Untracked 
|  19|0x0000000081300000, 0x0000000081300000, 0x0000000081400000|  0%| F|  |TAMS 0x0000000081300000, 0x0000000081300000| Untracked 
|  20|0x0000000081400000, 0x0000000081400000, 0x0000000081500000|  0%| F|  |TAMS 0x0000000081400000, 0x0000000081400000| Untracked 
|  21|0x0000000081500000, 0x0000000081500000, 0x0000000081600000|  0%| F|  |TAMS 0x0000000081500000, 0x0000000081500000| Untracked 
|  22|0x0000000081600000, 0x0000000081600000, 0x0000000081700000|  0%| F|  |TAMS 0x0000000081600000, 0x0000000081600000| Untracked 
|  23|0x0000000081700000, 0x0000000081700000, 0x0000000081800000|  0%| F|  |TAMS 0x0000000081700000, 0x0000000081700000| Untracked 
|  24|0x0000000081800000, 0x0000000081800000, 0x0000000081900000|  0%| F|  |TAMS 0x0000000081800000, 0x0000000081800000| Untracked 
|  25|0x0000000081900000, 0x0000000081900000, 0x0000000081a00000|  0%| F|  |TAMS 0x0000000081900000, 0x0000000081900000| Untracked 
|  26|0x0000000081a00000, 0x0000000081a00000, 0x0000000081b00000|  0%| F|  |TAMS 0x0000000081a00000, 0x0000000081a00000| Untracked 
|  27|0x0000000081b00000, 0x0000000081b00000, 0x0000000081c00000|  0%| F|  |TAMS 0x0000000081b00000, 0x0000000081b00000| Untracked 
|  28|0x0000000081c00000, 0x0000000081c00000, 0x0000000081d00000|  0%| F|  |TAMS 0x0000000081c00000, 0x0000000081c00000| Untracked 
|  29|0x0000000081d00000, 0x0000000081d00000, 0x0000000081e00000|  0%| F|  |TAMS 0x0000000081d00000, 0x0000000081d00000| Untracked 
|  30|0x0000000081e00000, 0x0000000081e00000, 0x0000000081f00000|  0%| F|  |TAMS 0x0000000081e00000, 0x0000000081e00000| Untracked 
|  31|0x0000000081f00000, 0x0000000081f00000, 0x0000000082000000|  0%| F|  |TAMS 0x0000000081f00000, 0x0000000081f00000| Untracked 
|  32|0x0000000082000000, 0x0000000082000000, 0x0000000082100000|  0%| F|  |TAMS 0x0000000082000000, 0x0000000082000000| Untracked 
|  33|0x0000000082100000, 0x0000000082100000, 0x0000000082200000|  0%| F|  |TAMS 0x0000000082100000, 0x0000000082100000| Untracked 
|  34|0x0000000082200000, 0x0000000082200000, 0x0000000082300000|  0%| F|  |TAMS 0x0000000082200000, 0x0000000082200000| Untracked 
|  35|0x0000000082300000, 0x0000000082300000, 0x0000000082400000|  0%| F|  |TAMS 0x0000000082300000, 0x0000000082300000| Untracked 
|  36|0x0000000082400000, 0x0000000082400000, 0x0000000082500000|  0%| F|  |TAMS 0x0000000082400000, 0x0000000082400000| Untracked 
|  37|0x0000000082500000, 0x0000000082500000, 0x0000000082600000|  0%| F|  |TAMS 0x0000000082500000, 0x0000000082500000| Untracked 
|  38|0x0000000082600000, 0x0000000082600000, 0x0000000082700000|  0%| F|  |TAMS 0x0000000082600000, 0x0000000082600000| Untracked 
|  39|0x0000000082700000, 0x0000000082700000, 0x0000000082800000|  0%| F|  |TAMS 0x0000000082700000, 0x0000000082700000| Untracked 
|  40|0x0000000082800000, 0x0000000082800000, 0x0000000082900000|  0%| F|  |TAMS 0x0000000082800000, 0x0000000082800000| Untracked 
|  41|0x0000000082900000, 0x0000000082900000, 0x0000000082a00000|  0%| F|  |TAMS 0x0000000082900000, 0x0000000082900000| Untracked 
|  42|0x0000000082a00000, 0x0000000082a00000, 0x0000000082b00000|  0%| F|  |TAMS 0x0000000082a00000, 0x0000000082a00000| Untracked 
|  43|0x0000000082b00000, 0x0000000082b00000, 0x0000000082c00000|  0%| F|  |TAMS 0x0000000082b00000, 0x0000000082b00000| Untracked 
|  44|0x0000000082c00000, 0x0000000082c00000, 0x0000000082d00000|  0%| F|  |TAMS 0x0000000082c00000, 0x0000000082c00000| Untracked 
|  45|0x0000000082d00000, 0x0000000082d00000, 0x0000000082e00000|  0%| F|  |TAMS 0x0000000082d00000, 0x0000000082d00000| Untracked 
|  46|0x0000000082e00000, 0x0000000082e00000, 0x0000000082f00000|  0%| F|  |TAMS 0x0000000082e00000, 0x0000000082e00000| Untracked 
|  47|0x0000000082f00000, 0x0000000082f00000, 0x0000000083000000|  0%| F|  |TAMS 0x0000000082f00000, 0x0000000082f00000| Untracked 
|  48|0x0000000083000000, 0x0000000083000000, 0x0000000083100000|  0%| F|  |TAMS 0x0000000083000000, 0x0000000083000000| Untracked 
|  49|0x0000000083100000, 0x0000000083100000, 0x0000000083200000|  0%| F|  |TAMS 0x0000000083100000, 0x0000000083100000| Untracked 
|  50|0x0000000083200000, 0x0000000083200000, 0x0000000083300000|  0%| F|  |TAMS 0x0000000083200000, 0x0000000083200000| Untracked 
|  51|0x0000000083300000, 0x0000000083300000, 0x0000000083400000|  0%| F|  |TAMS 0x0000000083300000, 0x0000000083300000| Untracked 
|  52|0x0000000083400000, 0x0000000083400000, 0x0000000083500000|  0%| F|  |TAMS 0x0000000083400000, 0x0000000083400000| Untracked 
|  53|0x0000000083500000, 0x0000000083500000, 0x0000000083600000|  0%| F|  |TAMS 0x0000000083500000, 0x0000000083500000| Untracked 
|  54|0x0000000083600000, 0x0000000083600000, 0x0000000083700000|  0%| F|  |TAMS 0x0000000083600000, 0x0000000083600000| Untracked 
|  55|0x0000000083700000, 0x0000000083700000, 0x0000000083800000|  0%| F|  |TAMS 0x0000000083700000, 0x0000000083700000| Untracked 
|  56|0x0000000083800000, 0x0000000083800000, 0x0000000083900000|  0%| F|  |TAMS 0x0000000083800000, 0x0000000083800000| Untracked 
|  57|0x0000000083900000, 0x0000000083900000, 0x0000000083a00000|  0%| F|  |TAMS 0x0000000083900000, 0x0000000083900000| Untracked 
|  58|0x0000000083a00000, 0x0000000083a00000, 0x0000000083b00000|  0%| F|  |TAMS 0x0000000083a00000, 0x0000000083a00000| Untracked 
|  59|0x0000000083b00000, 0x0000000083b00000, 0x0000000083c00000|  0%| F|  |TAMS 0x0000000083b00000, 0x0000000083b00000| Untracked 
|  60|0x0000000083c00000, 0x0000000083c00000, 0x0000000083d00000|  0%| F|  |TAMS 0x0000000083c00000, 0x0000000083c00000| Untracked 
|  61|0x0000000083d00000, 0x0000000083d00000, 0x0000000083e00000|  0%| F|  |TAMS 0x0000000083d00000, 0x0000000083d00000| Untracked 
|  62|0x0000000083e00000, 0x0000000083e00000, 0x0000000083f00000|  0%| F|  |TAMS 0x0000000083e00000, 0x0000000083e00000| Untracked 
|  63|0x0000000083f00000, 0x0000000083f00000, 0x0000000084000000|  0%| F|  |TAMS 0x0000000083f00000, 0x0000000083f00000| Untracked 
|  64|0x0000000084000000, 0x0000000084100000, 0x0000000084100000|100%| E|  |TAMS 0x0000000084000000, 0x0000000084000000| Complete 
|  65|0x0000000084100000, 0x0000000084200000, 0x0000000084200000|100%| E|CS|TAMS 0x0000000084100000, 0x0000000084100000| Complete 
|  66|0x0000000084200000, 0x0000000084300000, 0x0000000084300000|100%| E|CS|TAMS 0x0000000084200000, 0x0000000084200000| Complete 
|  67|0x0000000084300000, 0x0000000084400000, 0x0000000084400000|100%| E|CS|TAMS 0x0000000084300000, 0x0000000084300000| Complete 
|  68|0x0000000084400000, 0x0000000084500000, 0x0000000084500000|100%| E|CS|TAMS 0x0000000084400000, 0x0000000084400000| Complete 
|  69|0x0000000084500000, 0x0000000084600000, 0x0000000084600000|100%| E|CS|TAMS 0x0000000084500000, 0x0000000084500000| Complete 
|  70|0x0000000084600000, 0x0000000084700000, 0x0000000084700000|100%| E|CS|TAMS 0x0000000084600000, 0x0000000084600000| Complete 
|  71|0x0000000084700000, 0x0000000084800000, 0x0000000084800000|100%| E|CS|TAMS 0x0000000084700000, 0x0000000084700000| Complete 
|  72|0x0000000084800000, 0x0000000084900000, 0x0000000084900000|100%| E|CS|TAMS 0x0000000084800000, 0x0000000084800000| Complete 
|  73|0x0000000084900000, 0x0000000084a00000, 0x0000000084a00000|100%| E|CS|TAMS 0x0000000084900000, 0x0000000084900000| Complete 
|  74|0x0000000084a00000, 0x0000000084b00000, 0x0000000084b00000|100%| E|CS|TAMS 0x0000000084a00000, 0x0000000084a00000| Complete 
|  75|0x0000000084b00000, 0x0000000084c00000, 0x0000000084c00000|100%| E|CS|TAMS 0x0000000084b00000, 0x0000000084b00000| Complete 
|  76|0x0000000084c00000, 0x0000000084d00000, 0x0000000084d00000|100%| E|CS|TAMS 0x0000000084c00000, 0x0000000084c00000| Complete 
|  77|0x0000000084d00000, 0x0000000084e00000, 0x0000000084e00000|100%| E|CS|TAMS 0x0000000084d00000, 0x0000000084d00000| Complete 
|  78|0x0000000084e00000, 0x0000000084f00000, 0x0000000084f00000|100%| E|CS|TAMS 0x0000000084e00000, 0x0000000084e00000| Complete 
|  79|0x0000000084f00000, 0x0000000085000000, 0x0000000085000000|100%| E|CS|TAMS 0x0000000084f00000, 0x0000000084f00000| Complete 
|  80|0x0000000085000000, 0x0000000085100000, 0x0000000085100000|100%| E|CS|TAMS 0x0000000085000000, 0x0000000085000000| Complete 
|  81|0x0000000085100000, 0x0000000085200000, 0x0000000085200000|100%| E|CS|TAMS 0x0000000085100000, 0x0000000085100000| Complete 
|  82|0x0000000085200000, 0x0000000085300000, 0x0000000085300000|100%| E|CS|TAMS 0x0000000085200000, 0x0000000085200000| Complete 
|  83|0x0000000085300000, 0x0000000085400000, 0x0000000085400000|100%| E|CS|TAMS 0x0000000085300000, 0x0000000085300000| Complete 
|  84|0x0000000085400000, 0x0000000085500000, 0x0000000085500000|100%| E|CS|TAMS 0x0000000085400000, 0x0000000085400000| Complete 
|  85|0x0000000085500000, 0x0000000085600000, 0x0000000085600000|100%| E|CS|TAMS 0x0000000085500000, 0x0000000085500000| Complete 
|  86|0x0000000085600000, 0x0000000085700000, 0x0000000085700000|100%| E|CS|TAMS 0x0000000085600000, 0x0000000085600000| Complete 
|  87|0x0000000085700000, 0x0000000085800000, 0x0000000085800000|100%| E|CS|TAMS 0x0000000085700000, 0x0000000085700000| Complete 
|  88|0x0000000085800000, 0x0000000085900000, 0x0000000085900000|100%| E|CS|TAMS 0x0000000085800000, 0x0000000085800000| Complete 
|  89|0x0000000085900000, 0x0000000085a00000, 0x0000000085a00000|100%| E|CS|TAMS 0x0000000085900000, 0x0000000085900000| Complete 
|  90|0x0000000085a00000, 0x0000000085b00000, 0x0000000085b00000|100%| E|CS|TAMS 0x0000000085a00000, 0x0000000085a00000| Complete 
|  91|0x0000000085b00000, 0x0000000085b59dc0, 0x0000000085c00000| 35%| S|CS|TAMS 0x0000000085b00000, 0x0000000085b00000| Complete 
|  92|0x0000000085c00000, 0x0000000085d00000, 0x0000000085d00000|100%| S|CS|TAMS 0x0000000085c00000, 0x0000000085c00000| Complete 
|  93|0x0000000085d00000, 0x0000000085e00000, 0x0000000085e00000|100%| S|CS|TAMS 0x0000000085d00000, 0x0000000085d00000| Complete 
|  94|0x0000000085e00000, 0x0000000085f00000, 0x0000000085f00000|100%| E|CS|TAMS 0x0000000085e00000, 0x0000000085e00000| Complete 
|  95|0x0000000085f00000, 0x0000000086000000, 0x0000000086000000|100%| E|CS|TAMS 0x0000000085f00000, 0x0000000085f00000| Complete 

Card table byte_map: [0x000001f8c06e0000,0x000001f8c0ae0000] _byte_map_base: 0x000001f8c02e0000

Marking Bits (Prev, Next): (CMBitMap*) 0x000001f8ad4d5000, (CMBitMap*) 0x000001f8ad4d4fc8
 Prev Bits: [0x000001f8c2ee0000, 0x000001f8c4ee0000)
 Next Bits: [0x000001f8c0ee0000, 0x000001f8c2ee0000)

Polling page: 0x000001f8ab430000

Metaspace:

Usage:
  Non-class:     20.66 MB capacity,    20.35 MB ( 98%) used,   277.02 KB (  1%) free+waste,    42.25 KB ( <1%) overhead. 
      Class:      3.15 MB capacity,     2.95 MB ( 94%) used,   183.84 KB (  6%) free+waste,    21.00 KB ( <1%) overhead. 
       Both:     23.81 MB capacity,    23.29 MB ( 98%) used,   460.86 KB (  2%) free+waste,    63.25 KB ( <1%) overhead. 

Virtual space:
  Non-class space:       22.00 MB reserved,      20.75 MB ( 94%) committed 
      Class space:        1.00 GB reserved,       3.25 MB ( <1%) committed 
             Both:        1.02 GB reserved,      24.00 MB (  2%) committed 

Chunk freelists:
   Non-Class:  27.00 KB
       Class:  11.00 KB
        Both:  38.00 KB

MaxMetaspaceSize: 17179869184.00 GB
CompressedClassSpaceSize: 1.00 GB
Initial GC threshold: 20.80 MB
Current GC threshold: 35.20 MB
CDS: off

CodeHeap 'non-profiled nmethods': size=120000Kb used=979Kb max_used=979Kb free=119020Kb
 bounds [0x000001f8b8a80000, 0x000001f8b8cf0000, 0x000001f8bffb0000]
CodeHeap 'profiled nmethods': size=120000Kb used=4437Kb max_used=4437Kb free=115562Kb
 bounds [0x000001f8b1550000, 0x000001f8b19b0000, 0x000001f8b8a80000]
CodeHeap 'non-nmethods': size=5760Kb used=1220Kb max_used=1249Kb free=4540Kb
 bounds [0x000001f8b0fb0000, 0x000001f8b1220000, 0x000001f8b1550000]
 total_blobs=2545 nmethods=2052 adapters=405
 compilation: enabled
              stopped_count=0, restarted_count=0
 full_count=0

Compilation events (20 events):
Event: 28.580 Thread 0x000001f8c793b800 2024       3       java.lang.WeakPairMap$Pair$Weak::second (8 bytes)
Event: 28.580 Thread 0x000001f8c793b800 nmethod 2024 0x000001f8b198cb90 code [0x000001f8b198cd40, 0x000001f8b198cef8]
Event: 28.580 Thread 0x000001f8c793b800 2026       3       java.lang.reflect.Method::getRoot (5 bytes)
Event: 28.580 Thread 0x000001f8c793b800 nmethod 2026 0x000001f8b198cf90 code [0x000001f8b198d140, 0x000001f8b198d258]
Event: 28.580 Thread 0x000001f8c793b800 2029       3       java.lang.reflect.Executable::getAnnotation (23 bytes)
Event: 28.580 Thread 0x000001f8c793b800 nmethod 2029 0x000001f8b198d310 code [0x000001f8b198d540, 0x000001f8b198dba8]
Event: 28.580 Thread 0x000001f8c793b800 2030       3       java.lang.reflect.Method::getAnnotation (6 bytes)
Event: 28.581 Thread 0x000001f8c793b800 nmethod 2030 0x000001f8b198de10 code [0x000001f8b198e040, 0x000001f8b198e708]
Event: 28.581 Thread 0x000001f8c793b800 2028       1       java.lang.reflect.Method::getAnnotationBytes (5 bytes)
Event: 28.581 Thread 0x000001f8c793b800 nmethod 2028 0x000001f8b8b73f10 code [0x000001f8b8b740c0, 0x000001f8b8b74178]
Event: 28.581 Thread 0x000001f8c793b800 2032       3       java.util.Collections$UnmodifiableCollection::<init> (22 bytes)
Event: 28.581 Thread 0x000001f8c793b800 nmethod 2032 0x000001f8b198e990 code [0x000001f8b198eb60, 0x000001f8b198ee08]
Event: 28.581 Thread 0x000001f8c793b800 2031       3       java.util.LinkedHashMap$LinkedValueIterator::next (8 bytes)
Event: 28.581 Thread 0x000001f8c793b800 nmethod 2031 0x000001f8b198ef10 code [0x000001f8b198f0c0, 0x000001f8b198f1e8]
Event: 28.581 Thread 0x000001f8c793b800 2033       1       org.gradle.internal.instantiation.generator.AbstractClassGenerator$PropertyMetadata::getName (5 bytes)
Event: 28.581 Thread 0x000001f8c793b800 nmethod 2033 0x000001f8b8b74210 code [0x000001f8b8b743c0, 0x000001f8b8b74478]
Event: 28.582 Thread 0x000001f8c793b800 2034       3       org.gradle.internal.reflect.MethodSet$MethodKey::hashCode (29 bytes)
Event: 28.582 Thread 0x000001f8c793b800 nmethod 2034 0x000001f8b198f290 code [0x000001f8b198f4a0, 0x000001f8b198fc68]
Event: 28.590 Thread 0x000001f8c793b800 2035       3       java.util.concurrent.ConcurrentHashMap::get (162 bytes)
Event: 28.590 Thread 0x000001f8c793b800 nmethod 2035 0x000001f8b198ff10 code [0x000001f8b1990180, 0x000001f8b1990e38]

GC Heap History (8 events):
Event: 15.380 GC heap before
{Heap before GC invocations=0 (full 0):
 garbage-first heap   total 98304K, used 29696K [0x0000000080000000, 0x0000000100000000)
  region size 1024K, 24 young (24576K), 0 survivors (0K)
 Metaspace       used 10177K, capacity 10333K, committed 10624K, reserved 1058816K
  class space    used 1047K, capacity 1108K, committed 1152K, reserved 1048576K
}
Event: 15.386 GC heap after
{Heap after GC invocations=1 (full 0):
 garbage-first heap   total 98304K, used 9687K [0x0000000080000000, 0x0000000100000000)
  region size 1024K, 3 young (3072K), 3 survivors (3072K)
 Metaspace       used 10177K, capacity 10333K, committed 10624K, reserved 1058816K
  class space    used 1047K, capacity 1108K, committed 1152K, reserved 1048576K
}
Event: 27.114 GC heap before
{Heap before GC invocations=1 (full 0):
 garbage-first heap   total 98304K, used 64983K [0x0000000080000000, 0x0000000100000000)
  region size 1024K, 57 young (58368K), 3 survivors (3072K)
 Metaspace       used 13434K, capacity 13725K, committed 13952K, reserved 1060864K
  class space    used 1463K, capacity 1559K, committed 1664K, reserved 1048576K
}
Event: 27.122 GC heap after
{Heap after GC invocations=2 (full 0):
 garbage-first heap   total 98304K, used 15255K [0x0000000080000000, 0x0000000100000000)
  region size 1024K, 8 young (8192K), 8 survivors (8192K)
 Metaspace       used 13434K, capacity 13725K, committed 13952K, reserved 1060864K
  class space    used 1463K, capacity 1559K, committed 1664K, reserved 1048576K
}
Event: 28.261 GC heap before
{Heap before GC invocations=2 (full 0):
 garbage-first heap   total 98304K, used 62359K [0x0000000080000000, 0x0000000100000000)
  region size 1024K, 55 young (56320K), 8 survivors (8192K)
 Metaspace       used 20669K, capacity 21013K, committed 21120K, reserved 1067008K
  class space    used 2512K, capacity 2648K, committed 2688K, reserved 1048576K
}
Event: 28.267 GC heap after
{Heap after GC invocations=3 (full 0):
 garbage-first heap   total 98304K, used 17371K [0x0000000080000000, 0x0000000100000000)
  region size 1024K, 3 young (3072K), 3 survivors (3072K)
 Metaspace       used 20669K, capacity 21013K, committed 21120K, reserved 1067008K
  class space    used 2512K, capacity 2648K, committed 2688K, reserved 1048576K
}
Event: 28.284 GC heap before
{Heap before GC invocations=3 (full 0):
 garbage-first heap   total 98304K, used 18395K [0x0000000080000000, 0x0000000100000000)
  region size 1024K, 5 young (5120K), 3 survivors (3072K)
 Metaspace       used 20821K, capacity 21193K, committed 21296K, reserved 1069056K
  class space    used 2531K, capacity 2688K, committed 2688K, reserved 1048576K
}
Event: 28.287 GC heap after
{Heap after GC invocations=4 (full 0):
 garbage-first heap   total 98304K, used 17307K [0x0000000080000000, 0x0000000100000000)
  region size 1024K, 3 young (3072K), 3 survivors (3072K)
 Metaspace       used 20821K, capacity 21193K, committed 21296K, reserved 1069056K
  class space    used 2531K, capacity 2688K, committed 2688K, reserved 1048576K
}

Deoptimization events (20 events):
Event: 28.243 Thread 0x000001f8c9c0c800 Uncommon trap: trap_request=0xffffffc6 fr.pc=0x000001f8b8af2b54 relative=0x0000000000000114
Event: 28.243 Thread 0x000001f8c9c0c800 Uncommon trap: reason=bimorphic_or_optimized_type_check action=maybe_recompile pc=0x000001f8b8af2b54 method=java.util.AbstractList$Itr.next()Ljava/lang/Object; @ 14 c2
Event: 28.243 Thread 0x000001f8c9c0c800 DEOPT PACKING pc=0x000001f8b8af2b54 sp=0x000000f52bcfa550
Event: 28.243 Thread 0x000001f8c9c0c800 DEOPT UNPACKING pc=0x000001f8b0ffa1af sp=0x000000f52bcfa4e8 mode 2
Event: 28.243 Thread 0x000001f8c9c0c800 Uncommon trap: trap_request=0xffffff4d fr.pc=0x000001f8b8aec684 relative=0x00000000000005c4
Event: 28.243 Thread 0x000001f8c9c0c800 Uncommon trap: reason=unstable_if action=reinterpret pc=0x000001f8b8aec684 method=java.io.File.getName()Ljava/lang/String; @ 16 c2
Event: 28.243 Thread 0x000001f8c9c0c800 DEOPT PACKING pc=0x000001f8b8aec684 sp=0x000000f52bcfaf30
Event: 28.243 Thread 0x000001f8c9c0c800 DEOPT UNPACKING pc=0x000001f8b0ffa1af sp=0x000000f52bcfaf00 mode 2
Event: 28.243 Thread 0x000001f8c9c0c800 Uncommon trap: trap_request=0xffffff4d fr.pc=0x000001f8b8aed0b4 relative=0x0000000000000474
Event: 28.243 Thread 0x000001f8c9c0c800 Uncommon trap: reason=unstable_if action=reinterpret pc=0x000001f8b8aed0b4 method=java.lang.String.substring(I)Ljava/lang/String; @ 34 c2
Event: 28.243 Thread 0x000001f8c9c0c800 DEOPT PACKING pc=0x000001f8b8aed0b4 sp=0x000000f52bcfaeb0
Event: 28.243 Thread 0x000001f8c9c0c800 DEOPT UNPACKING pc=0x000001f8b0ffa1af sp=0x000000f52bcfae88 mode 2
Event: 28.370 Thread 0x000001f8c9c0c800 Uncommon trap: trap_request=0xffffff4d fr.pc=0x000001f8b8b58c18 relative=0x0000000000000398
Event: 28.370 Thread 0x000001f8c9c0c800 Uncommon trap: reason=unstable_if action=reinterpret pc=0x000001f8b8b58c18 method=jdk.internal.org.objectweb.asm.Type.getArgumentsAndReturnSizes(Ljava/lang/String;)I @ 88 c2
Event: 28.370 Thread 0x000001f8c9c0c800 DEOPT PACKING pc=0x000001f8b8b58c18 sp=0x000000f52bcf9480
Event: 28.370 Thread 0x000001f8c9c0c800 DEOPT UNPACKING pc=0x000001f8b0ffa1af sp=0x000000f52bcf9408 mode 2
Event: 28.578 Thread 0x000001f8c9c0c800 Uncommon trap: trap_request=0xffffff4d fr.pc=0x000001f8b8b252b8 relative=0x0000000000000278
Event: 28.578 Thread 0x000001f8c9c0c800 Uncommon trap: reason=unstable_if action=reinterpret pc=0x000001f8b8b252b8 method=java.util.concurrent.ConcurrentHashMap.get(Ljava/lang/Object;)Ljava/lang/Object; @ 152 c2
Event: 28.578 Thread 0x000001f8c9c0c800 DEOPT PACKING pc=0x000001f8b8b252b8 sp=0x000000f52bcf8510
Event: 28.578 Thread 0x000001f8c9c0c800 DEOPT UNPACKING pc=0x000001f8b0ffa1af sp=0x000000f52bcf8478 mode 2

Classes redefined (0 events):
No events

Internal exceptions (20 events):
Event: 15.073 Thread 0x000001f8ad491800 Exception <a 'java/lang/NoSuchMethodError'{0x0000000084d40ee0}: 'java.lang.Object java.lang.invoke.Invokers$Holder.invoker(java.lang.Object, java.lang.Object, java.lang.Object)'> (0x0000000084d40ee0) thrown at [./src/hotspot/share/interpreter/linkResolver.cpp, line 773]
Event: 15.078 Thread 0x000001f8ad491800 Exception <a 'java/lang/NoSuchMethodError'{0x0000000084d51f58}: 'void java.lang.invoke.DelegatingMethodHandle$Holder.delegate(java.lang.Object, java.lang.Object, int, java.lang.Object)'> (0x0000000084d51f58) thrown at [./src/hotspot/share/interpreter/linkResolver.cpp, line 773]
Event: 25.150 Thread 0x000001f8ad491800 Exception <a 'java/security/PrivilegedActionException'{0x00000000839be1d0}> (0x00000000839be1d0) thrown at [./src/hotspot/share/prims/jvm.cpp, line 1306]
Event: 25.150 Thread 0x000001f8ad491800 Exception <a 'java/security/PrivilegedActionException'{0x00000000839be748}> (0x00000000839be748) thrown at [./src/hotspot/share/prims/jvm.cpp, line 1306]
Event: 27.075 Thread 0x000001f8ad491800 Exception <a 'java/lang/NoSuchMethodError'{0x000000008270b2e0}: 'java.lang.Object java.lang.invoke.DirectMethodHandle$Holder.invokeStaticInit(java.lang.Object, java.lang.Object, java.lang.Object)'> (0x000000008270b2e0) thrown at [./src/hotspot/share/interpreter/linkResolver.cpp, line 773]
Event: 27.245 Thread 0x000001f8ad491800 Exception <a 'java/lang/NoSuchMethodError'{0x0000000085a8b2a8}: 'java.lang.Object java.lang.invoke.DirectMethodHandle$Holder.invokeStaticInit(java.lang.Object, int, int, int, int)'> (0x0000000085a8b2a8) thrown at [./src/hotspot/share/interpreter/linkResolver.cpp, line 773]
Event: 27.421 Thread 0x000001f8ad491800 Exception <a 'java/lang/NoSuchMethodError'{0x0000000085ad15b0}: 'java.lang.Object java.lang.invoke.DirectMethodHandle$Holder.invokeStaticInit(java.lang.Object, java.lang.Object, int, int, int, int)'> (0x0000000085ad15b0) thrown at [./src/hotspot/share/interpreter/linkResolver.cpp, line 773]
Event: 27.683 Thread 0x000001f8ad491800 Exception <a 'java/io/IOException'{0x00000000857175d8}> (0x00000000857175d8) thrown at [./src/hotspot/share/prims/jni.cpp, line 616]
Event: 27.804 Thread 0x000001f8c9c0c800 Exception <a 'java/lang/NoSuchMethodError'{0x00000000851d8818}: 'long java.lang.invoke.DirectMethodHandle$Holder.invokeInterface(java.lang.Object, java.lang.Object)'> (0x00000000851d8818) thrown at [./src/hotspot/share/interpreter/linkResolver.cpp, line 773]
Event: 27.805 Thread 0x000001f8c9c0c800 Exception <a 'java/lang/NoSuchMethodError'{0x00000000851e58b8}: 'void java.lang.invoke.DelegatingMethodHandle$Holder.reinvoke_L(java.lang.Object, java.lang.Object, java.lang.Object, java.lang.Object, java.lang.Object, java.lang.Object, java.lang.Object)'> (0x00000000851e58b8) thrown at [./src/hotspot/share/interpreter/linkResolver.cpp, line 773]
Event: 28.175 Thread 0x000001f8c9c0c800 Exception <a 'java/lang/NoSuchMethodError'{0x0000000083646578}: 'void java.lang.invoke.DirectMethodHandle$Holder.invokeStaticInit(java.lang.Object)'> (0x0000000083646578) thrown at [./src/hotspot/share/interpreter/linkResolver.cpp, line 773]
Event: 28.187 Thread 0x000001f8c9c0c800 Exception <a 'java/lang/NoSuchMethodError'{0x0000000083501538}: 'java.lang.Object java.lang.invoke.DirectMethodHandle$Holder.invokeStatic(java.lang.Object, java.lang.Object, java.lang.Object, int)'> (0x0000000083501538) thrown at [./src/hotspot/share/interpreter/linkResolver.cpp, line 773]
Event: 28.187 Thread 0x000001f8c9c0c800 Exception <a 'java/lang/NoSuchMethodError'{0x0000000083505c50}: 'java.lang.Object java.lang.invoke.DirectMethodHandle$Holder.invokeSpecial(java.lang.Object, java.lang.Object, java.lang.Object, java.lang.Object, int)'> (0x0000000083505c50) thrown at [./src/hotspot/share/interpreter/linkResolver.cpp, line 773]
Event: 28.187 Thread 0x000001f8c9c0c800 Exception <a 'java/lang/NoSuchMethodError'{0x0000000083509b88}: 'java.lang.Object java.lang.invoke.Invokers$Holder.linkToTargetMethod(java.lang.Object, java.lang.Object, int, java.lang.Object)'> (0x0000000083509b88) thrown at [./src/hotspot/share/interpreter/linkResolver.cpp, line 773]
Event: 28.305 Thread 0x000001f8c9c0c800 Exception <a 'java/lang/NoSuchMethodError'{0x0000000085fe1198}: 'int java.lang.invoke.DirectMethodHandle$Holder.invokeSpecialIFC(java.lang.Object, java.lang.Object, java.lang.Object, java.lang.Object)'> (0x0000000085fe1198) thrown at [./src/hotspot/share/interpreter/linkResolver.cpp, line 773]
Event: 28.307 Thread 0x000001f8c9c0c800 Exception <a 'java/lang/NoSuchMethodError'{0x0000000085fef150}: 'java.lang.Object java.lang.invoke.DirectMethodHandle$Holder.invokeInterface(java.lang.Object, java.lang.Object, java.lang.Object)'> (0x0000000085fef150) thrown at [./src/hotspot/share/interpreter/linkResolver.cpp, line 773]
Event: 28.307 Thread 0x000001f8c9c0c800 Exception <a 'java/lang/IncompatibleClassChangeError'{0x0000000085ff2628}: Found class java.lang.Object, but interface was expected> (0x0000000085ff2628) thrown at [./src/hotspot/share/interpreter/linkResolver.cpp, line 839]
Event: 28.415 Thread 0x000001f8c9c0c800 Exception <a 'java/lang/NoSuchMethodError'{0x0000000085452720}: 'void java.lang.invoke.DirectMethodHandle$Holder.invokeSpecial(java.lang.Object, java.lang.Object, java.lang.Object, java.lang.Object, java.lang.Object)'> (0x0000000085452720) thrown at [./src/hotspot/share/interpreter/linkResolver.cpp, line 773]
Event: 28.438 Thread 0x000001f8c9c0c800 Exception <a 'java/lang/NoSuchMethodError'{0x000000008527f318}: 'java.lang.Object java.lang.invoke.DirectMethodHandle$Holder.invokeSpecial(java.lang.Object, java.lang.Object, java.lang.Object, java.lang.Object, java.lang.Object, java.lang.Object, java.lang.Object, java.lang.Object, java.lang.Object)'> (0x000000008527f318) thrown at [./src/hotspot/share/interpreter/linkResolver.cpp, line 773]
Event: 28.526 Thread 0x000001f8c9c0c800 Exception <a 'java/lang/NoSuchMethodError'{0x00000000848daa08}: 'java.lang.Object java.lang.invoke.DirectMethodHandle$Holder.invokeVirtual(java.lang.Object, java.lang.Object, java.lang.Object, java.lang.Object)'> (0x00000000848daa08) thrown at [./src/hotspot/share/interpreter/linkResolver.cpp, line 773]

Events (20 events):
Event: 28.593 loading class org/objectweb/asm/AnnotationVisitor
Event: 28.593 loading class org/objectweb/asm/AnnotationVisitor done
Event: 28.593 loading class org/objectweb/asm/AnnotationWriter
Event: 28.593 loading class org/objectweb/asm/AnnotationWriter done
Event: 28.594 loading class org/objectweb/asm/ModuleVisitor
Event: 28.594 loading class org/objectweb/asm/ModuleVisitor done
Event: 28.594 loading class org/objectweb/asm/ModuleWriter
Event: 28.594 loading class org/objectweb/asm/ModuleWriter done
Event: 28.594 loading class org/objectweb/asm/FieldVisitor
Event: 28.594 loading class org/objectweb/asm/FieldVisitor done
Event: 28.595 loading class org/objectweb/asm/FieldWriter
Event: 28.595 loading class org/objectweb/asm/FieldWriter done
Event: 28.595 loading class org/objectweb/asm/MethodVisitor
Event: 28.595 loading class org/objectweb/asm/MethodVisitor done
Event: 28.596 loading class org/objectweb/asm/MethodWriter
Event: 28.596 loading class org/objectweb/asm/MethodWriter done
Event: 28.597 loading class org/objectweb/asm/ClassTooLargeException
Event: 28.597 loading class org/objectweb/asm/ClassTooLargeException done
Event: 28.597 loading class org/objectweb/asm/SymbolTable
Event: 28.597 loading class org/objectweb/asm/SymbolTable done


Dynamic libraries:
0x00007ff6b3ad0000 - 0x00007ff6b3ada000 	C:\Program Files\Android\Android Studio\jre\bin\java.exe
0x00007fff41d50000 - 0x00007fff41f48000 	C:\WINDOWS\SYSTEM32\ntdll.dll
0x00007fff38ba0000 - 0x00007fff38bb9000 	C:\Program Files\Avast Software\Avast\aswhook.dll
0x00007fff41400000 - 0x00007fff414bf000 	C:\WINDOWS\System32\KERNEL32.DLL
0x00007fff3f490000 - 0x00007fff3f76a000 	C:\WINDOWS\System32\KERNELBASE.dll
0x00007fff3f980000 - 0x00007fff3fa80000 	C:\WINDOWS\System32\ucrtbase.dll
0x00007fff3a190000 - 0x00007fff3a1a9000 	C:\Program Files\Android\Android Studio\jre\bin\jli.dll
0x00007fff417a0000 - 0x00007fff4193d000 	C:\WINDOWS\System32\USER32.dll
0x00007fff3fd80000 - 0x00007fff3fda2000 	C:\WINDOWS\System32\win32u.dll
0x00007fff41c80000 - 0x00007fff41cab000 	C:\WINDOWS\System32\GDI32.dll
0x00007fff3fc00000 - 0x00007fff3fd10000 	C:\WINDOWS\System32\gdi32full.dll
0x00007fff3fb10000 - 0x00007fff3fbad000 	C:\WINDOWS\System32\msvcp_win.dll
0x00007fff38d80000 - 0x00007fff3901a000 	C:\WINDOWS\WinSxS\amd64_microsoft.windows.common-controls_6595b64144ccf1df_6.0.19041.1110_none_60b5254171f9507e\COMCTL32.dll
0x00007fff41950000 - 0x00007fff419ee000 	C:\WINDOWS\System32\msvcrt.dll
0x00007fff3a110000 - 0x00007fff3a127000 	C:\Program Files\Android\Android Studio\jre\bin\VCRUNTIME140.dll
0x00007fff40610000 - 0x00007fff40640000 	C:\WINDOWS\System32\IMM32.DLL
0x00007fff03f60000 - 0x00007fff03ffd000 	C:\Program Files\Android\Android Studio\jre\bin\msvcp140.dll
0x00007ffeefcb0000 - 0x00007ffef07b2000 	C:\Program Files\Android\Android Studio\jre\bin\server\jvm.dll
0x00007fff41230000 - 0x00007fff412de000 	C:\WINDOWS\System32\ADVAPI32.dll
0x00007fff3fdb0000 - 0x00007fff3fe4c000 	C:\WINDOWS\System32\sechost.dll
0x00007fff414c0000 - 0x00007fff415e6000 	C:\WINDOWS\System32\RPCRT4.dll
0x00007fff41940000 - 0x00007fff41948000 	C:\WINDOWS\System32\PSAPI.DLL
0x00007fff3a650000 - 0x00007fff3a65a000 	C:\WINDOWS\SYSTEM32\VERSION.dll
0x00007fff1bef0000 - 0x00007fff1bf17000 	C:\WINDOWS\SYSTEM32\WINMM.dll
0x00007fff250c0000 - 0x00007fff250c9000 	C:\WINDOWS\SYSTEM32\WSOCK32.dll
0x00007fff40890000 - 0x00007fff408fb000 	C:\WINDOWS\System32\ws2_32.DLL
0x00007fff3d320000 - 0x00007fff3d332000 	C:\WINDOWS\SYSTEM32\kernel.appcore.dll
0x00007fff3aac0000 - 0x00007fff3aad1000 	C:\Program Files\Android\Android Studio\jre\bin\verify.dll
0x00007fff3cb70000 - 0x00007fff3cd54000 	C:\WINDOWS\SYSTEM32\DBGHELP.DLL
0x00007fff30240000 - 0x00007fff30274000 	C:\WINDOWS\SYSTEM32\dbgcore.DLL
0x00007fff3fa80000 - 0x00007fff3fb02000 	C:\WINDOWS\System32\bcryptPrimitives.dll
0x00007fff3aa90000 - 0x00007fff3aab9000 	C:\Program Files\Android\Android Studio\jre\bin\java.dll
0x00007fff3aa80000 - 0x00007fff3aa8b000 	C:\Program Files\Android\Android Studio\jre\bin\jimage.dll
0x00007fff3a680000 - 0x00007fff3a698000 	C:\Program Files\Android\Android Studio\jre\bin\zip.dll
0x00007fff3fe50000 - 0x00007fff40594000 	C:\WINDOWS\System32\SHELL32.dll
0x00007fff3d520000 - 0x00007fff3dcb3000 	C:\WINDOWS\SYSTEM32\windows.storage.dll
0x00007fff40ed0000 - 0x00007fff41224000 	C:\WINDOWS\System32\combase.dll
0x00007fff3ede0000 - 0x00007fff3ee0e000 	C:\WINDOWS\SYSTEM32\Wldp.dll
0x00007fff41350000 - 0x00007fff413fd000 	C:\WINDOWS\System32\SHCORE.dll
0x00007fff41cb0000 - 0x00007fff41d05000 	C:\WINDOWS\System32\shlwapi.dll
0x00007fff3f3a0000 - 0x00007fff3f3bf000 	C:\WINDOWS\SYSTEM32\profapi.dll
0x00007fff3a400000 - 0x00007fff3a41a000 	C:\Program Files\Android\Android Studio\jre\bin\net.dll
0x00007fff376c0000 - 0x00007fff377ca000 	C:\WINDOWS\SYSTEM32\WINHTTP.dll
0x00007fff3eb40000 - 0x00007fff3ebaa000 	C:\WINDOWS\system32\mswsock.dll
0x00007fff3a1d0000 - 0x00007fff3a1e4000 	C:\Program Files\Android\Android Studio\jre\bin\nio.dll
0x00007fff26140000 - 0x00007fff26167000 	C:\Users\HP\.gradle\native\e1d6ef7f7dcc3fd88c89a11ec53ec762bb8ba0a96d01ffa2cd45eb1d1d8dd5c5\windows-amd64\native-platform.dll
0x00007ffef9fe0000 - 0x00007ffefa124000 	C:\Users\HP\.gradle\native\0d407fdbe67a94daf76414ababcb853783967236a71b16ec16e742cd7a986fd3\windows-amd64\native-platform-file-events.dll
0x00007fff3a670000 - 0x00007fff3a67a000 	C:\Program Files\Android\Android Studio\jre\bin\management.dll
0x00007fff3a3f0000 - 0x00007fff3a3fd000 	C:\Program Files\Android\Android Studio\jre\bin\management_ext.dll
0x00007fff3ed30000 - 0x00007fff3ed48000 	C:\WINDOWS\SYSTEM32\CRYPTSP.dll
0x00007fff3e460000 - 0x00007fff3e494000 	C:\WINDOWS\system32\rsaenh.dll
0x00007fff3f460000 - 0x00007fff3f487000 	C:\WINDOWS\System32\bcrypt.dll
0x00007fff3f320000 - 0x00007fff3f34e000 	C:\WINDOWS\SYSTEM32\USERENV.dll
0x00007fff3ed50000 - 0x00007fff3ed5c000 	C:\WINDOWS\SYSTEM32\CRYPTBASE.dll
0x00007fff3e830000 - 0x00007fff3e86c000 	C:\WINDOWS\SYSTEM32\IPHLPAPI.DLL
0x00007fff405a0000 - 0x00007fff405a8000 	C:\WINDOWS\System32\NSI.dll
0x00007fff37ae0000 - 0x00007fff37af7000 	C:\WINDOWS\SYSTEM32\dhcpcsvc6.DLL
0x00007fff38450000 - 0x00007fff3846d000 	C:\WINDOWS\SYSTEM32\dhcpcsvc.DLL
0x00007fff3e870000 - 0x00007fff3e93b000 	C:\WINDOWS\SYSTEM32\DNSAPI.dll

dbghelp: loaded successfully - version: 4.0.5 - missing functions: none
symbol engine: initialized successfully - sym options: 0x614 - pdb path: .;C:\Program Files\Android\Android Studio\jre\bin;C:\WINDOWS\SYSTEM32;C:\Program Files\Avast Software\Avast;C:\WINDOWS\WinSxS\amd64_microsoft.windows.common-controls_6595b64144ccf1df_6.0.19041.1110_none_60b5254171f9507e;C:\Program Files\Android\Android Studio\jre\bin\server;C:\Users\HP\.gradle\native\e1d6ef7f7dcc3fd88c89a11ec53ec762bb8ba0a96d01ffa2cd45eb1d1d8dd5c5\windows-amd64;C:\Users\HP\.gradle\native\0d407fdbe67a94daf76414ababcb853783967236a71b16ec16e742cd7a986fd3\windows-amd64

VM Arguments:
jvm_args: --add-opens=java.base/java.util=ALL-UNNAMED --add-opens=java.base/java.lang=ALL-UNNAMED --add-opens=java.base/java.lang.invoke=ALL-UNNAMED --add-opens=java.base/java.util=ALL-UNNAMED --add-opens=java.prefs/java.util.prefs=ALL-UNNAMED --add-opens=java.prefs/java.util.prefs=ALL-UNNAMED --add-opens=java.base/java.nio.charset=ALL-UNNAMED --add-opens=java.base/java.net=ALL-UNNAMED --add-opens=java.base/java.util.concurrent.atomic=ALL-UNNAMED -Xmx2048m -Dfile.encoding=UTF-8 -Duser.country=IN -Duser.language=en -Duser.variant 
java_command: org.gradle.launcher.daemon.bootstrap.GradleDaemon 7.4
java_class_path (initial): C:\Users\HP\.gradle\wrapper\dists\gradle-7.4-bin\c0gwcg53nkjbqw7r0h0umtfvt\gradle-7.4\lib\gradle-launcher-7.4.jar
Launcher Type: SUN_STANDARD

[Global flags]
     intx CICompilerCount                          = 4                                         {product} {ergonomic}
     uint ConcGCThreads                            = 2                                         {product} {ergonomic}
     uint G1ConcRefinementThreads                  = 8                                         {product} {ergonomic}
   size_t G1HeapRegionSize                         = 1048576                                   {product} {ergonomic}
    uintx GCDrainStackTargetSize                   = 64                                        {product} {ergonomic}
   size_t InitialHeapSize                          = 100663296                                 {product} {ergonomic}
   size_t MarkStackSize                            = 4194304                                   {product} {ergonomic}
   size_t MaxHeapSize                              = 2147483648                                {product} {command line}
   size_t MaxNewSize                               = 1287651328                                {product} {ergonomic}
   size_t MinHeapDeltaBytes                        = 1048576                                   {product} {ergonomic}
    uintx NonNMethodCodeHeapSize                   = 5836300                                {pd product} {ergonomic}
    uintx NonProfiledCodeHeapSize                  = 122910970                              {pd product} {ergonomic}
    uintx ProfiledCodeHeapSize                     = 122910970                              {pd product} {ergonomic}
    uintx ReservedCodeCacheSize                    = 251658240                              {pd product} {ergonomic}
     bool SegmentedCodeCache                       = true                                      {product} {ergonomic}
     bool UseCompressedClassPointers               = true                                 {lp64_product} {ergonomic}
     bool UseCompressedOops                        = true                                 {lp64_product} {ergonomic}
     bool UseG1GC                                  = true                                      {product} {ergonomic}
     bool UseLargePagesIndividualAllocation        = false                                  {pd product} {ergonomic}

Logging:
Log output configuration:
 #0: stdout all=warning uptime,level,tags
 #1: stderr all=off uptime,level,tags

Environment Variables:
JAVA_HOME=C:\Program Files\Java\jdk-16.0.1
CLASSPATH=C:\Program Files\Apache Software Foundation\Tomcat 10.0\lib\servlet-api.jar;.;
PATH=C:\App\bin;C:\WINDOWS\system32;C:\WINDOWS;C:\WINDOWS\System32\Wbem;C:\WINDOWS\System32\WindowsPowerShell\v1.0\;C:\WINDOWS\System32\OpenSSH\;C:\Program Files\Java\jdk-16.0.1\bin;C:\Program Files\MySQL\MySQL Server 8.0\bin;C:\Program Files\MySQL\MySQL Shell 8.0\bin\;C:\Users\HP\AppData\Local\Microsoft\WindowsApps;
USERNAME=HP
OS=Windows_NT
PROCESSOR_IDENTIFIER=Intel64 Family 6 Model 142 Stepping 12, GenuineIntel



---------------  S Y S T E M  ---------------

OS: Windows 10 , 64 bit Build 19041 (10.0.19041.2788)
OS uptime: 3 days 2:04 hours

CPU:total 8 (initial active 8) (4 cores per cpu, 2 threads per core) family 6 model 142 stepping 12 microcode 0xea, cmov, cx8, fxsr, mmx, sse, sse2, sse3, ssse3, sse4.1, sse4.2, popcnt, avx, avx2, aes, clmul, erms, 3dnowpref, lzcnt, ht, tsc, tscinvbit, bmi1, bmi2, adx, fma

Memory: 4k page, system-wide physical 6054M (30M free)
TotalPageFile size 14246M (AvailPageFile size 3M)
current process WorkingSet (physical memory assigned to process): 180M, peak: 180M
current process commit charge ("private bytes"): 239M, peak: 240M

vm_info: OpenJDK 64-Bit Server VM (11.0.13+0-b1751.21-8125866) for windows-amd64 JRE (11.0.13+0-b1751.21-8125866), built on Feb  2 2022 03:00:22 by "builder" with MS VC++ 14.0 (VS2015)

END.
