#
# There is insufficient memory for the Java Runtime Environment to continue.
# Native memory allocation (mmap) failed to map 29360128 bytes for Failed to commit area from 0x0000000088c00000 to 0x000000008a800000 of length 29360128.
# Possible reasons:
#   The system is out of physical RAM or swap space
#   The process is running with CompressedOops enabled, and the Java Heap may be blocking the growth of the native heap
# Possible solutions:
#   Reduce memory load on the system
#   Increase physical memory or swap space
#   Check if swap backing store is full
#   Decrease Java heap size (-Xmx/-Xms)
#   Decrease number of Java threads
#   Decrease Java thread stack sizes (-Xss)
#   Set larger code cache with -XX:ReservedCodeCacheSize=
#   JVM is running with Unscaled Compressed Oops mode in which the Java heap is
#     placed in the first 4GB address space. The Java Heap base address is the
#     maximum limit for the native heap growth. Please use -XX:HeapBaseMinAddress
#     to set the Java Heap base and to place the Java Heap above 4GB virtual address.
# This output file may be truncated or incomplete.
#
#  Out of Memory Error (./src/hotspot/os/windows/os_windows.cpp:3619), pid=18836, tid=8496
#
# JRE version: OpenJDK Runtime Environment (11.0.13) (build 11.0.13+0-b1751.21-8125866)
# Java VM: OpenJDK 64-Bit Server VM (11.0.13+0-b1751.21-8125866, mixed mode, tiered, compressed oops, g1 gc, windows-amd64)
# No core dump will be written. Minidumps are not enabled by default on client versions of Windows
#

---------------  S U M M A R Y ------------

Command Line: --add-opens=java.base/java.util=ALL-UNNAMED --add-opens=java.base/java.lang=ALL-UNNAMED --add-opens=java.base/java.lang.invoke=ALL-UNNAMED --add-opens=java.base/java.util=ALL-UNNAMED --add-opens=java.prefs/java.util.prefs=ALL-UNNAMED --add-opens=java.prefs/java.util.prefs=ALL-UNNAMED --add-opens=java.base/java.nio.charset=ALL-UNNAMED --add-opens=java.base/java.net=ALL-UNNAMED --add-opens=java.base/java.util.concurrent.atomic=ALL-UNNAMED -Xmx2048m -Dfile.encoding=UTF-8 -Duser.country=IN -Duser.language=en -Duser.variant org.gradle.launcher.daemon.bootstrap.GradleDaemon 7.4

Host: Intel(R) Core(TM) i5-8265U CPU @ 1.60GHz, 8 cores, 5G,  Windows 10 , 64 bit Build 19041 (10.0.19041.2788)
Time: Mon Apr 17 20:58:27 2023 India Standard Time elapsed time: 14.057446 seconds (0d 0h 0m 14s)

---------------  T H R E A D  ---------------

Current thread (0x0000021179e95000):  VMThread "VM Thread" [stack: 0x00000025f5000000,0x00000025f5100000] [id=8496]

Stack: [0x00000025f5000000,0x00000025f5100000]
[error occurred during error reporting (printing stack bounds), id 0xc0000005, EXCEPTION_ACCESS_VIOLATION (0xc0000005) at pc=0x000002110000112d]

Native frames: (J=compiled Java code, j=interpreted, Vv=VM code, C=native code)
V  [jvm.dll+0x6100fa]
V  [jvm.dll+0x747090]
V  [jvm.dll+0x7486ad]
V  [jvm.dll+0x748ce5]
V  [jvm.dll+0x748c9b]
V  [jvm.dll+0x60f224]
V  [jvm.dll+0x60f9b8]
C  [ntdll.dll+0xa23df]
C  [ntdll.dll+0x514a4]
C  [ntdll.dll+0xa0f0e]
C  0x000002110000112d

VM_Operation (0x00000025f64f1240): G1CollectForAllocation, mode: safepoint, requested by thread 0x000002117c5f3800


---------------  P R O C E S S  ---------------

Threads class SMR info:
_java_thread_list=0x000002110fe805a0, length=122, elements={
0x000002116ea20000, 0x0000021179e9b800, 0x0000021179e9c800, 0x0000021179eb6800,
0x0000021179eb8000, 0x0000021179eb9800, 0x0000021179ebd000, 0x0000021179ec6000,
0x0000021179ec7800, 0x000002117a979000, 0x000002117cbcc000, 0x000002117cf52800,
0x000002117ca44000, 0x000002117cd15800, 0x000002117c832800, 0x000002117bec0800,
0x000002117c5f3800, 0x000002117b8cf000, 0x000002117c95b800, 0x000002117b8d0000,
0x000002117ca39000, 0x000002117ca38000, 0x000002117ca39800, 0x000002117ca3a800,
0x000002117ca37000, 0x000002117ca3b000, 0x000002117ca3c000, 0x000002117ca36800,
0x000002117ca3d000, 0x000002117ed6d800, 0x000002117ed6b000, 0x000002117ed70000,
0x000002117ed6c800, 0x000002117ed71000, 0x000002117ed71800, 0x000002117ed6c000,
0x000002117ed74000, 0x000002117ed72800, 0x000002117ed73800, 0x000002117ed6f000,
0x000002117ed6e800, 0x000002117ed75800, 0x000002117ed75000, 0x000002117ed76800,
0x000002117ed78000, 0x000002117ed77800, 0x000002117ed79000, 0x000002117b7ef000,
0x000002117b7f0000, 0x000002117b7f3800, 0x000002117b7f1000, 0x000002117b7f1800,
0x000002117b7f2800, 0x000002117b7f4000, 0x000002117b7ee800, 0x000002117b7f8000,
0x000002117b7f7800, 0x000002117b7f6800, 0x000002117b7f9000, 0x000002117b7fa800,
0x000002117b7fa000, 0x000002117b7f5000, 0x000002117b7fb800, 0x000002117b7f6000,
0x000002117b7fc800, 0x000002117b7fd000, 0x000002117c0fd000, 0x000002117c0f9000,
0x000002117c0fe000, 0x000002117c0fa800, 0x000002117c0fa000, 0x000002117c0fb800,
0x000002117c0fc000, 0x000002117c0f8000, 0x000002117c103000, 0x000002117c0ff800,
0x000002117c103800, 0x000002117c102000, 0x000002117c104800, 0x000002117c101000,
0x000002117c0fe800, 0x000002117c105000, 0x000002117c106000, 0x000002117c100800,
0x000002117c107000, 0x000002117bc22000, 0x000002117bc1e000, 0x000002117bc21000,
0x000002117bc23000, 0x000002117bc24800, 0x000002117bc1f000, 0x000002117bc23800,
0x000002117bc25800, 0x000002117bc1f800, 0x000002117bc26000, 0x000002117bc20800,
0x000002117bc2c800, 0x000002117bc2c000, 0x000002117bc29800, 0x000002117bc2b000,
0x000002117bc2a000, 0x000002117bc27000, 0x000002117bc28000, 0x000002117bc28800,
0x000002117bada000, 0x000002117bad8800, 0x000002117badb000, 0x000002117bad6000,
0x000002117bad9800, 0x000002117badc800, 0x000002117badc000, 0x000002117bad7000,
0x000002117bad7800, 0x000002117d4e6800, 0x000002117d4e6000, 0x000002117d4e7800,
0x000002117d4e8800, 0x000002117d4e4000, 0x000002117d4e5000, 0x000002117d4eb800,
0x000002117d4ea000, 0x000002117d4ec800
}

Java Threads: ( => current thread )
  0x000002116ea20000 JavaThread "main" [_thread_blocked, id=2020, stack(0x00000025f4a00000,0x00000025f4b00000)]
  0x0000021179e9b800 JavaThread "Reference Handler" daemon [_thread_blocked, id=1692, stack(0x00000025f5100000,0x00000025f5200000)]
  0x0000021179e9c800 JavaThread "Finalizer" daemon [_thread_blocked, id=4732, stack(0x00000025f5200000,0x00000025f5300000)]
  0x0000021179eb6800 JavaThread "Signal Dispatcher" daemon [_thread_blocked, id=7412, stack(0x00000025f5300000,0x00000025f5400000)]
  0x0000021179eb8000 JavaThread "Attach Listener" daemon [_thread_blocked, id=6448, stack(0x00000025f5400000,0x00000025f5500000)]
  0x0000021179eb9800 JavaThread "Service Thread" daemon [_thread_blocked, id=13260, stack(0x00000025f5500000,0x00000025f5600000)]
  0x0000021179ebd000 JavaThread "C2 CompilerThread0" daemon [_thread_blocked, id=2236, stack(0x00000025f5600000,0x00000025f5700000)]
  0x0000021179ec6000 JavaThread "C1 CompilerThread0" daemon [_thread_blocked, id=19036, stack(0x00000025f5700000,0x00000025f5800000)]
  0x0000021179ec7800 JavaThread "Sweeper thread" daemon [_thread_blocked, id=8724, stack(0x00000025f5800000,0x00000025f5900000)]
  0x000002117a979000 JavaThread "Common-Cleaner" daemon [_thread_blocked, id=8728, stack(0x00000025f5900000,0x00000025f5a00000)]
  0x000002117cbcc000 JavaThread "Daemon health stats" [_thread_blocked, id=7056, stack(0x00000025f5c00000,0x00000025f5d00000)]
  0x000002117cf52800 JavaThread "Incoming local TCP Connector on port 65074" [_thread_in_native, id=2056, stack(0x00000025f5f00000,0x00000025f6000000)]
  0x000002117ca44000 JavaThread "Daemon periodic checks" [_thread_blocked, id=15536, stack(0x00000025f6000000,0x00000025f6100000)]
  0x000002117cd15800 JavaThread "Daemon" [_thread_blocked, id=17120, stack(0x00000025f6100000,0x00000025f6200000)]
  0x000002117c832800 JavaThread "Handler for socket connection from /127.0.0.1:65074 to /127.0.0.1:65075" [_thread_in_native, id=11120, stack(0x00000025f6200000,0x00000025f6300000)]
  0x000002117bec0800 JavaThread "Cancel handler" [_thread_blocked, id=3404, stack(0x00000025f6300000,0x00000025f6400000)]
  0x000002117c5f3800 JavaThread "Daemon worker" [_thread_blocked, id=5068, stack(0x00000025f6400000,0x00000025f6500000)]
  0x000002117b8cf000 JavaThread "Asynchronous log dispatcher for DefaultDaemonConnection: socket connection from /127.0.0.1:65074 to /127.0.0.1:65075" [_thread_blocked, id=13732, stack(0x00000025f6500000,0x00000025f6600000)]
  0x000002117c95b800 JavaThread "Stdin handler" [_thread_blocked, id=18448, stack(0x00000025f6600000,0x00000025f6700000)]
  0x000002117b8d0000 JavaThread "Daemon client event forwarder" [_thread_blocked, id=14592, stack(0x00000025f6700000,0x00000025f6800000)]
  0x000002117ca39000 JavaThread "Cache worker for journal cache (C:\Users\HP\.gradle\caches\journal-1)" [_thread_blocked, id=16572, stack(0x00000025f6800000,0x00000025f6900000)]
  0x000002117ca38000 JavaThread "File lock request listener" [_thread_in_native, id=18252, stack(0x00000025f6900000,0x00000025f6a00000)]
  0x000002117ca39800 JavaThread "Cache worker for file hash cache (C:\Users\HP\.gradle\caches\7.4\fileHashes)" [_thread_blocked, id=12688, stack(0x00000025f6a00000,0x00000025f6b00000)]
  0x000002117ca3a800 JavaThread "File watcher server" daemon [_thread_in_native, id=19156, stack(0x00000025f7000000,0x00000025f7100000)]
  0x000002117ca37000 JavaThread "File watcher consumer" daemon [_thread_blocked, id=18116, stack(0x00000025f7100000,0x00000025f7200000)]
  0x000002117ca3b000 JavaThread "Cache worker for checksums cache (E:\Chat App\WhatsApp With Chatbot\.gradle\7.4\checksums)" [_thread_blocked, id=5808, stack(0x00000025f7200000,0x00000025f7300000)]
  0x000002117ca3c000 JavaThread "Cache worker for cache directory md-rule (C:\Users\HP\.gradle\caches\7.4\md-rule)" [_thread_blocked, id=1340, stack(0x00000025f7300000,0x00000025f7400000)]
  0x000002117ca36800 JavaThread "Cache worker for file hash cache (E:\Chat App\WhatsApp With Chatbot\.gradle\7.4\fileHashes)" [_thread_blocked, id=19332, stack(0x00000025f7400000,0x00000025f7500000)]
  0x000002117ca3d000 JavaThread "Cache worker for cache directory md-supplier (C:\Users\HP\.gradle\caches\7.4\md-supplier)" [_thread_blocked, id=13112, stack(0x00000025f7500000,0x00000025f7600000)]
  0x000002117ed6d800 JavaThread "Cache worker for execution history cache (C:\Users\HP\.gradle\caches\7.4\executionHistory)" [_thread_blocked, id=15880, stack(0x00000025f7600000,0x00000025f7700000)]
  0x000002117ed6b000 JavaThread "jar transforms" [_thread_blocked, id=1048, stack(0x00000025f7700000,0x00000025f7800000)]
  0x000002117ed70000 JavaThread "Cache worker for file content cache (C:\Users\HP\.gradle\caches\7.4\fileContent)" [_thread_blocked, id=3760, stack(0x00000025f7800000,0x00000025f7900000)]
  0x000002117ed6c800 JavaThread "jar transforms Thread 2" [_thread_blocked, id=9504, stack(0x00000025f7900000,0x00000025f7a00000)]
  0x000002117ed71000 JavaThread "Cache worker for dependencies-accessors (E:\Chat App\WhatsApp With Chatbot\.gradle\7.4\dependencies-accessors)" [_thread_blocked, id=13400, stack(0x00000025f7a00000,0x00000025f7b00000)]
  0x000002117ed71800 JavaThread "jar transforms Thread 3" [_thread_blocked, id=16876, stack(0x00000025f7b00000,0x00000025f7c00000)]
  0x000002117ed6c000 JavaThread "Cache worker for Build Output Cleanup Cache (E:\Chat App\WhatsApp With Chatbot\.gradle\buildOutputCleanup)" [_thread_blocked, id=12976, stack(0x00000025f7c00000,0x00000025f7d00000)]
  0x000002117ed74000 JavaThread "Unconstrained build operations" [_thread_blocked, id=14224, stack(0x00000025f7d00000,0x00000025f7e00000)]
  0x000002117ed72800 JavaThread "Unconstrained build operations Thread 2" [_thread_blocked, id=17428, stack(0x00000025f7e00000,0x00000025f7f00000)]
  0x000002117ed73800 JavaThread "Unconstrained build operations Thread 3" [_thread_blocked, id=10000, stack(0x00000025f7f00000,0x00000025f8000000)]
  0x000002117ed6f000 JavaThread "Unconstrained build operations Thread 4" [_thread_blocked, id=14496, stack(0x00000025f8000000,0x00000025f8100000)]
  0x000002117ed6e800 JavaThread "Unconstrained build operations Thread 5" [_thread_blocked, id=17048, stack(0x00000025f8100000,0x00000025f8200000)]
  0x000002117ed75800 JavaThread "Unconstrained build operations Thread 6" [_thread_blocked, id=7136, stack(0x00000025f8200000,0x00000025f8300000)]
  0x000002117ed75000 JavaThread "Unconstrained build operations Thread 7" [_thread_blocked, id=18680, stack(0x00000025f8300000,0x00000025f8400000)]
  0x000002117ed76800 JavaThread "Unconstrained build operations Thread 8" [_thread_blocked, id=14148, stack(0x00000025f8400000,0x00000025f8500000)]
  0x000002117ed78000 JavaThread "Unconstrained build operations Thread 9" [_thread_blocked, id=8912, stack(0x00000025f8500000,0x00000025f8600000)]
  0x000002117ed77800 JavaThread "Unconstrained build operations Thread 10" [_thread_blocked, id=16496, stack(0x00000025f8600000,0x00000025f8700000)]
  0x000002117ed79000 JavaThread "Unconstrained build operations Thread 11" [_thread_blocked, id=11868, stack(0x00000025f8700000,0x00000025f8800000)]
  0x000002117b7ef000 JavaThread "Unconstrained build operations Thread 12" [_thread_blocked, id=12028, stack(0x00000025f8800000,0x00000025f8900000)]
  0x000002117b7f0000 JavaThread "Unconstrained build operations Thread 13" [_thread_blocked, id=4404, stack(0x00000025f8900000,0x00000025f8a00000)]
  0x000002117b7f3800 JavaThread "Unconstrained build operations Thread 14" [_thread_blocked, id=13648, stack(0x00000025f8a00000,0x00000025f8b00000)]
  0x000002117b7f1000 JavaThread "Unconstrained build operations Thread 15" [_thread_blocked, id=18704, stack(0x00000025f8b00000,0x00000025f8c00000)]
  0x000002117b7f1800 JavaThread "Unconstrained build operations Thread 16" [_thread_blocked, id=2340, stack(0x00000025f8c00000,0x00000025f8d00000)]
  0x000002117b7f2800 JavaThread "Unconstrained build operations Thread 17" [_thread_blocked, id=18640, stack(0x00000025f8d00000,0x00000025f8e00000)]
  0x000002117b7f4000 JavaThread "Unconstrained build operations Thread 18" [_thread_blocked, id=9408, stack(0x00000025f8e00000,0x00000025f8f00000)]
  0x000002117b7ee800 JavaThread "Unconstrained build operations Thread 19" [_thread_blocked, id=496, stack(0x00000025f8f00000,0x00000025f9000000)]
  0x000002117b7f8000 JavaThread "Unconstrained build operations Thread 20" [_thread_blocked, id=8436, stack(0x00000025f9000000,0x00000025f9100000)]
  0x000002117b7f7800 JavaThread "Unconstrained build operations Thread 21" [_thread_blocked, id=460, stack(0x00000025f9100000,0x00000025f9200000)]
  0x000002117b7f6800 JavaThread "Unconstrained build operations Thread 22" [_thread_blocked, id=9172, stack(0x00000025f9200000,0x00000025f9300000)]
  0x000002117b7f9000 JavaThread "Unconstrained build operations Thread 23" [_thread_blocked, id=13180, stack(0x00000025f9300000,0x00000025f9400000)]
  0x000002117b7fa800 JavaThread "Unconstrained build operations Thread 24" [_thread_blocked, id=8820, stack(0x00000025f9400000,0x00000025f9500000)]
  0x000002117b7fa000 JavaThread "Unconstrained build operations Thread 25" [_thread_blocked, id=3336, stack(0x00000025f9500000,0x00000025f9600000)]
  0x000002117b7f5000 JavaThread "Unconstrained build operations Thread 26" [_thread_blocked, id=7224, stack(0x00000025f9600000,0x00000025f9700000)]
  0x000002117b7fb800 JavaThread "Unconstrained build operations Thread 27" [_thread_blocked, id=7640, stack(0x00000025f9700000,0x00000025f9800000)]
  0x000002117b7f6000 JavaThread "Unconstrained build operations Thread 28" [_thread_blocked, id=10392, stack(0x00000025f9800000,0x00000025f9900000)]
  0x000002117b7fc800 JavaThread "Unconstrained build operations Thread 29" [_thread_blocked, id=11584, stack(0x00000025f9900000,0x00000025f9a00000)]
  0x000002117b7fd000 JavaThread "Unconstrained build operations Thread 30" [_thread_blocked, id=9580, stack(0x00000025f9a00000,0x00000025f9b00000)]
  0x000002117c0fd000 JavaThread "Unconstrained build operations Thread 31" [_thread_blocked, id=1824, stack(0x00000025f9b00000,0x00000025f9c00000)]
  0x000002117c0f9000 JavaThread "Unconstrained build operations Thread 32" [_thread_blocked, id=17580, stack(0x00000025f9c00000,0x00000025f9d00000)]
  0x000002117c0fe000 JavaThread "Unconstrained build operations Thread 33" [_thread_blocked, id=13500, stack(0x00000025f9d00000,0x00000025f9e00000)]
  0x000002117c0fa800 JavaThread "Unconstrained build operations Thread 34" [_thread_blocked, id=2712, stack(0x00000025f9e00000,0x00000025f9f00000)]
  0x000002117c0fa000 JavaThread "Unconstrained build operations Thread 35" [_thread_blocked, id=1792, stack(0x00000025f9f00000,0x00000025fa000000)]
  0x000002117c0fb800 JavaThread "Unconstrained build operations Thread 36" [_thread_blocked, id=10972, stack(0x00000025fa000000,0x00000025fa100000)]
  0x000002117c0fc000 JavaThread "Unconstrained build operations Thread 37" [_thread_blocked, id=8940, stack(0x00000025fa100000,0x00000025fa200000)]
  0x000002117c0f8000 JavaThread "Unconstrained build operations Thread 38" [_thread_blocked, id=2784, stack(0x00000025fa200000,0x00000025fa300000)]
  0x000002117c103000 JavaThread "Unconstrained build operations Thread 39" [_thread_blocked, id=16192, stack(0x00000025fa300000,0x00000025fa400000)]
  0x000002117c0ff800 JavaThread "Unconstrained build operations Thread 40" [_thread_blocked, id=8168, stack(0x00000025fa400000,0x00000025fa500000)]
  0x000002117c103800 JavaThread "Unconstrained build operations Thread 41" [_thread_blocked, id=15240, stack(0x00000025fa500000,0x00000025fa600000)]
  0x000002117c102000 JavaThread "Unconstrained build operations Thread 42" [_thread_blocked, id=8952, stack(0x00000025fa600000,0x00000025fa700000)]
  0x000002117c104800 JavaThread "Unconstrained build operations Thread 43" [_thread_blocked, id=13368, stack(0x00000025fa700000,0x00000025fa800000)]
  0x000002117c101000 JavaThread "Unconstrained build operations Thread 44" [_thread_blocked, id=2440, stack(0x00000025fa800000,0x00000025fa900000)]
  0x000002117c0fe800 JavaThread "Unconstrained build operations Thread 45" [_thread_blocked, id=4760, stack(0x00000025fa900000,0x00000025faa00000)]
  0x000002117c105000 JavaThread "Unconstrained build operations Thread 46" [_thread_blocked, id=8184, stack(0x00000025faa00000,0x00000025fab00000)]
  0x000002117c106000 JavaThread "Unconstrained build operations Thread 47" [_thread_blocked, id=12148, stack(0x00000025fab00000,0x00000025fac00000)]
  0x000002117c100800 JavaThread "Unconstrained build operations Thread 48" [_thread_blocked, id=18156, stack(0x00000025fac00000,0x00000025fad00000)]
  0x000002117c107000 JavaThread "Unconstrained build operations Thread 49" [_thread_blocked, id=13452, stack(0x00000025fad00000,0x00000025fae00000)]
  0x000002117bc22000 JavaThread "Unconstrained build operations Thread 50" [_thread_blocked, id=5648, stack(0x00000025fae00000,0x00000025faf00000)]
  0x000002117bc1e000 JavaThread "Unconstrained build operations Thread 51" [_thread_blocked, id=2004, stack(0x00000025faf00000,0x00000025fb000000)]
  0x000002117bc21000 JavaThread "Unconstrained build operations Thread 52" [_thread_blocked, id=1656, stack(0x00000025fb000000,0x00000025fb100000)]
  0x000002117bc23000 JavaThread "Unconstrained build operations Thread 53" [_thread_blocked, id=16128, stack(0x00000025fb100000,0x00000025fb200000)]
  0x000002117bc24800 JavaThread "Unconstrained build operations Thread 54" [_thread_blocked, id=5340, stack(0x00000025fb200000,0x00000025fb300000)]
  0x000002117bc1f000 JavaThread "Unconstrained build operations Thread 55" [_thread_blocked, id=16012, stack(0x00000025fb300000,0x00000025fb400000)]
  0x000002117bc23800 JavaThread "Unconstrained build operations Thread 56" [_thread_blocked, id=7220, stack(0x00000025fb400000,0x00000025fb500000)]
  0x000002117bc25800 JavaThread "Unconstrained build operations Thread 57" [_thread_blocked, id=10300, stack(0x00000025fb500000,0x00000025fb600000)]
  0x000002117bc1f800 JavaThread "Unconstrained build operations Thread 58" [_thread_blocked, id=12508, stack(0x00000025fb600000,0x00000025fb700000)]
  0x000002117bc26000 JavaThread "Unconstrained build operations Thread 59" [_thread_blocked, id=4324, stack(0x00000025fb700000,0x00000025fb800000)]
  0x000002117bc20800 JavaThread "Unconstrained build operations Thread 60" [_thread_blocked, id=18032, stack(0x00000025fb800000,0x00000025fb900000)]
  0x000002117bc2c800 JavaThread "Unconstrained build operations Thread 61" [_thread_blocked, id=7796, stack(0x00000025fb900000,0x00000025fba00000)]
  0x000002117bc2c000 JavaThread "Unconstrained build operations Thread 62" [_thread_blocked, id=8572, stack(0x00000025fba00000,0x00000025fbb00000)]
  0x000002117bc29800 JavaThread "Unconstrained build operations Thread 63" [_thread_blocked, id=17820, stack(0x00000025fbb00000,0x00000025fbc00000)]
  0x000002117bc2b000 JavaThread "Unconstrained build operations Thread 64" [_thread_blocked, id=4420, stack(0x00000025fbc00000,0x00000025fbd00000)]
  0x000002117bc2a000 JavaThread "Unconstrained build operations Thread 65" [_thread_blocked, id=4964, stack(0x00000025fbd00000,0x00000025fbe00000)]
  0x000002117bc27000 JavaThread "Unconstrained build operations Thread 66" [_thread_blocked, id=13992, stack(0x00000025fbe00000,0x00000025fbf00000)]
  0x000002117bc28000 JavaThread "Unconstrained build operations Thread 67" [_thread_blocked, id=2436, stack(0x00000025fbf00000,0x00000025fc000000)]
  0x000002117bc28800 JavaThread "Unconstrained build operations Thread 68" [_thread_blocked, id=19448, stack(0x00000025fc000000,0x00000025fc100000)]
  0x000002117bada000 JavaThread "Unconstrained build operations Thread 69" [_thread_blocked, id=7284, stack(0x00000025fc100000,0x00000025fc200000)]
  0x000002117bad8800 JavaThread "Unconstrained build operations Thread 70" [_thread_blocked, id=11352, stack(0x00000025fc200000,0x00000025fc300000)]
  0x000002117badb000 JavaThread "Unconstrained build operations Thread 71" [_thread_blocked, id=8404, stack(0x00000025fc300000,0x00000025fc400000)]
  0x000002117bad6000 JavaThread "Unconstrained build operations Thread 72" [_thread_blocked, id=16740, stack(0x00000025fc400000,0x00000025fc500000)]
  0x000002117bad9800 JavaThread "Unconstrained build operations Thread 73" [_thread_blocked, id=16672, stack(0x00000025fc500000,0x00000025fc600000)]
  0x000002117badc800 JavaThread "Unconstrained build operations Thread 74" [_thread_blocked, id=17200, stack(0x00000025fc600000,0x00000025fc700000)]
  0x000002117badc000 JavaThread "Unconstrained build operations Thread 75" [_thread_blocked, id=2996, stack(0x00000025fc700000,0x00000025fc800000)]
  0x000002117bad7000 JavaThread "Unconstrained build operations Thread 76" [_thread_blocked, id=11240, stack(0x00000025fc800000,0x00000025fc900000)]
  0x000002117bad7800 JavaThread "Unconstrained build operations Thread 77" [_thread_blocked, id=16860, stack(0x00000025fc900000,0x00000025fca00000)]
  0x000002117d4e6800 JavaThread "Unconstrained build operations Thread 78" [_thread_blocked, id=3256, stack(0x00000025fca00000,0x00000025fcb00000)]
  0x000002117d4e6000 JavaThread "Unconstrained build operations Thread 79" [_thread_blocked, id=18592, stack(0x00000025fcb00000,0x00000025fcc00000)]
  0x000002117d4e7800 JavaThread "Unconstrained build operations Thread 80" [_thread_blocked, id=11244, stack(0x00000025fcc00000,0x00000025fcd00000)]
  0x000002117d4e8800 JavaThread "jar transforms Thread 4" [_thread_blocked, id=11540, stack(0x00000025fcd00000,0x00000025fce00000)]
  0x000002117d4e4000 JavaThread "jar transforms Thread 5" [_thread_blocked, id=1440, stack(0x00000025fce00000,0x00000025fcf00000)]
  0x000002117d4e5000 JavaThread "jar transforms Thread 6" [_thread_blocked, id=12460, stack(0x00000025fcf00000,0x00000025fd000000)]
  0x000002117d4eb800 JavaThread "jar transforms Thread 7" [_thread_blocked, id=2912, stack(0x00000025fd000000,0x00000025fd100000)]
  0x000002117d4ea000 JavaThread "jar transforms Thread 8" [_thread_blocked, id=13496, stack(0x00000025fd100000,0x00000025fd200000)]
  0x000002117d4ec800 JavaThread "Memory manager" [_thread_blocked, id=18068, stack(0x00000025fd200000,0x00000025fd300000)]

Other Threads:
=>0x0000021179e95000 VMThread "VM Thread" [stack: 0x00000025f5000000,0x00000025f5100000] [id=8496]
  0x000002117a9ab000 WatcherThread [stack: 0x00000025f5a00000,0x00000025f5b00000] [id=676]
  0x000002116ea3b800 GCTaskThread "GC Thread#0" [stack: 0x00000025f4b00000,0x00000025f4c00000] [id=13692]
  0x000002117b2af800 GCTaskThread "GC Thread#1" [stack: 0x00000025f5b00000,0x00000025f5c00000] [id=9028]
  0x000002117cb5e000 GCTaskThread "GC Thread#2" [stack: 0x00000025f5d00000,0x00000025f5e00000] [id=8296]
  0x000002117b749000 GCTaskThread "GC Thread#3" [stack: 0x00000025f5e00000,0x00000025f5f00000] [id=10332]
  0x000002117d039800 GCTaskThread "GC Thread#4" [stack: 0x00000025f6b00000,0x00000025f6c00000] [id=3452]
  0x000002117cafe800 GCTaskThread "GC Thread#5" [stack: 0x00000025f6c00000,0x00000025f6d00000] [id=10692]
  0x000002117ca0d800 GCTaskThread "GC Thread#6" [stack: 0x00000025f6d00000,0x00000025f6e00000] [id=6252]
  0x000002117cb48000 GCTaskThread "GC Thread#7" [stack: 0x00000025f6e00000,0x00000025f6f00000] [id=12404]
  0x000002116ea6c000 ConcurrentGCThread "G1 Main Marker" [stack: 0x00000025f4c00000,0x00000025f4d00000] [id=18444]
  0x000002116ea6d800 ConcurrentGCThread "G1 Conc#0" [stack: 0x00000025f4d00000,0x00000025f4e00000] [id=14668]
  0x000002117c923000 ConcurrentGCThread "G1 Conc#1" [stack: 0x00000025f6f00000,0x00000025f7000000] [id=6400]
  0x000002116eaf1800 ConcurrentGCThread "G1 Refine#0" [stack: 0x00000025f4e00000,0x00000025f4f00000] [id=5992]
  0x000002116eaf2800 ConcurrentGCThread "G1 Young RemSet Sampling" [stack: 0x00000025f4f00000,0x00000025f5000000] [id=17804]

Threads with active compile tasks:
C2 CompilerThread0  14086 6448       4       java.lang.Class::getMethodsRecursive (99 bytes)

VM state:at safepoint (normal execution)

VM Mutex/Monitor currently owned by a thread:  ([mutex/lock_event])
[0x000002116ea11a90] Threads_lock - owner thread: 0x0000021179e95000
[0x000002116ea10530] Heap_lock - owner thread: 0x000002117c5f3800

Heap address: 0x0000000080000000, size: 2048 MB, Compressed Oops mode: 32-bit
Narrow klass base: 0x0000000000000000, Narrow klass shift: 3
Compressed class space size: 1073741824 Address: 0x0000000100000000

Heap:
 garbage-first heap   total 172032K, used 54997K [0x0000000080000000, 0x0000000100000000)
  region size 1024K, 4 young (4096K), 4 survivors (4096K)
 Metaspace       used 65219K, capacity 66893K, committed 67112K, reserved 1110016K
  class space    used 8229K, capacity 8809K, committed 8908K, reserved 1048576K
Heap Regions: E=young(eden), S=young(survivor), O=old, HS=humongous(starts), HC=humongous(continues), CS=collection set, F=free, A=archive, TAMS=top-at-mark-start (previous, next)
|   0|0x0000000080000000, 0x0000000080100000, 0x0000000080100000|100%| O|  |TAMS 0x0000000080100000, 0x0000000080000000| Untracked 
|   1|0x0000000080100000, 0x0000000080200000, 0x0000000080200000|100%| O|  |TAMS 0x0000000080200000, 0x0000000080100000| Untracked 
|   2|0x0000000080200000, 0x0000000080300000, 0x0000000080300000|100%| O|  |TAMS 0x0000000080300000, 0x0000000080200000| Untracked 
|   3|0x0000000080300000, 0x0000000080400000, 0x0000000080400000|100%|HS|  |TAMS 0x0000000080400000, 0x0000000080300000| Complete 
|   4|0x0000000080400000, 0x0000000080500000, 0x0000000080500000|100%|HC|  |TAMS 0x0000000080500000, 0x0000000080400000| Complete 
|   5|0x0000000080500000, 0x0000000080600000, 0x0000000080600000|100%|HC|  |TAMS 0x0000000080600000, 0x0000000080500000| Complete 
|   6|0x0000000080600000, 0x0000000080700000, 0x0000000080700000|100%| O|  |TAMS 0x0000000080700000, 0x0000000080600000| Untracked 
|   7|0x0000000080700000, 0x0000000080800000, 0x0000000080800000|100%| O|  |TAMS 0x0000000080800000, 0x0000000080700000| Untracked 
|   8|0x0000000080800000, 0x0000000080900000, 0x0000000080900000|100%| O|  |TAMS 0x0000000080900000, 0x0000000080800000| Untracked 
|   9|0x0000000080900000, 0x0000000080a00000, 0x0000000080a00000|100%| O|  |TAMS 0x0000000080a00000, 0x0000000080900000| Untracked 
|  10|0x0000000080a00000, 0x0000000080b00000, 0x0000000080b00000|100%| O|  |TAMS 0x0000000080b00000, 0x0000000080a00000| Untracked 
|  11|0x0000000080b00000, 0x0000000080c00000, 0x0000000080c00000|100%| O|  |TAMS 0x0000000080c00000, 0x0000000080b00000| Untracked 
|  12|0x0000000080c00000, 0x0000000080d00000, 0x0000000080d00000|100%| O|  |TAMS 0x0000000080d00000, 0x0000000080c00000| Untracked 
|  13|0x0000000080d00000, 0x0000000080e00000, 0x0000000080e00000|100%| O|  |TAMS 0x0000000080e00000, 0x0000000080d00000| Untracked 
|  14|0x0000000080e00000, 0x0000000080f00000, 0x0000000080f00000|100%| O|  |TAMS 0x0000000080f00000, 0x0000000080e00000| Untracked 
|  15|0x0000000080f00000, 0x0000000081000000, 0x0000000081000000|100%| O|  |TAMS 0x0000000081000000, 0x0000000080f00000| Untracked 
|  16|0x0000000081000000, 0x0000000081100000, 0x0000000081100000|100%| O|  |TAMS 0x0000000081100000, 0x0000000081000000| Untracked 
|  17|0x0000000081100000, 0x0000000081200000, 0x0000000081200000|100%| O|  |TAMS 0x0000000081200000, 0x0000000081100000| Untracked 
|  18|0x0000000081200000, 0x0000000081300000, 0x0000000081300000|100%| O|  |TAMS 0x0000000081300000, 0x0000000081200000| Untracked 
|  19|0x0000000081300000, 0x0000000081400000, 0x0000000081400000|100%| O|  |TAMS 0x0000000081400000, 0x0000000081300000| Untracked 
|  20|0x0000000081400000, 0x0000000081500000, 0x0000000081500000|100%| O|  |TAMS 0x0000000081500000, 0x0000000081400000| Untracked 
|  21|0x0000000081500000, 0x0000000081600000, 0x0000000081600000|100%| O|  |TAMS 0x0000000081600000, 0x0000000081500000| Untracked 
|  22|0x0000000081600000, 0x0000000081700000, 0x0000000081700000|100%| O|  |TAMS 0x0000000081700000, 0x0000000081600000| Untracked 
|  23|0x0000000081700000, 0x0000000081800000, 0x0000000081800000|100%| O|  |TAMS 0x0000000081800000, 0x0000000081700000| Untracked 
|  24|0x0000000081800000, 0x0000000081900000, 0x0000000081900000|100%| O|  |TAMS 0x0000000081900000, 0x0000000081800000| Untracked 
|  25|0x0000000081900000, 0x0000000081a00000, 0x0000000081a00000|100%| O|  |TAMS 0x0000000081a00000, 0x0000000081900000| Untracked 
|  26|0x0000000081a00000, 0x0000000081b00000, 0x0000000081b00000|100%| O|  |TAMS 0x0000000081b00000, 0x0000000081a00000| Untracked 
|  27|0x0000000081b00000, 0x0000000081c00000, 0x0000000081c00000|100%|HS|  |TAMS 0x0000000081c00000, 0x0000000081b00000| Complete 
|  28|0x0000000081c00000, 0x0000000081d00000, 0x0000000081d00000|100%|HS|  |TAMS 0x0000000081d00000, 0x0000000081c00000| Complete 
|  29|0x0000000081d00000, 0x0000000081e00000, 0x0000000081e00000|100%| O|  |TAMS 0x0000000081e00000, 0x0000000081d00000| Untracked 
|  30|0x0000000081e00000, 0x0000000081f00000, 0x0000000081f00000|100%|HS|  |TAMS 0x0000000081f00000, 0x0000000081e00000| Complete 
|  31|0x0000000081f00000, 0x0000000082000000, 0x0000000082000000|100%|HC|  |TAMS 0x0000000082000000, 0x0000000081f00000| Complete 
|  32|0x0000000082000000, 0x0000000082100000, 0x0000000082100000|100%| O|  |TAMS 0x0000000082100000, 0x0000000082000000| Untracked 
|  33|0x0000000082100000, 0x0000000082200000, 0x0000000082200000|100%| O|  |TAMS 0x0000000082200000, 0x0000000082100000| Untracked 
|  34|0x0000000082200000, 0x0000000082300000, 0x0000000082300000|100%| O|  |TAMS 0x0000000082300000, 0x0000000082200000| Untracked 
|  35|0x0000000082300000, 0x0000000082400000, 0x0000000082400000|100%| O|  |TAMS 0x0000000082400000, 0x0000000082300000| Untracked 
|  36|0x0000000082400000, 0x0000000082500000, 0x0000000082500000|100%| O|  |TAMS 0x0000000082500000, 0x0000000082400000| Untracked 
|  37|0x0000000082500000, 0x0000000082600000, 0x0000000082600000|100%| O|  |TAMS 0x0000000082600000, 0x0000000082500000| Untracked 
|  38|0x0000000082600000, 0x0000000082700000, 0x0000000082700000|100%| O|  |TAMS 0x0000000082700000, 0x0000000082600000| Untracked 
|  39|0x0000000082700000, 0x0000000082800000, 0x0000000082800000|100%| O|  |TAMS 0x0000000082800000, 0x0000000082700000| Untracked 
|  40|0x0000000082800000, 0x0000000082900000, 0x0000000082900000|100%| O|  |TAMS 0x0000000082900000, 0x0000000082800000| Untracked 
|  41|0x0000000082900000, 0x0000000082a00000, 0x0000000082a00000|100%| O|  |TAMS 0x0000000082a00000, 0x0000000082900000| Untracked 
|  42|0x0000000082a00000, 0x0000000082b00000, 0x0000000082b00000|100%| O|  |TAMS 0x0000000082b00000, 0x0000000082a00000| Untracked 
|  43|0x0000000082b00000, 0x0000000082c00000, 0x0000000082c00000|100%| O|  |TAMS 0x0000000082b95e00, 0x0000000082b00000| Untracked 
|  44|0x0000000082c00000, 0x0000000082c00000, 0x0000000082d00000|  0%| F|  |TAMS 0x0000000082c00000, 0x0000000082c00000| Untracked 
|  45|0x0000000082d00000, 0x0000000082e00000, 0x0000000082e00000|100%| O|  |TAMS 0x0000000082d00000, 0x0000000082d00000| Untracked 
|  46|0x0000000082e00000, 0x0000000082f00000, 0x0000000082f00000|100%| O|  |TAMS 0x0000000082e00000, 0x0000000082e00000| Untracked 
|  47|0x0000000082f00000, 0x0000000083000000, 0x0000000083000000|100%| O|  |TAMS 0x0000000082f00000, 0x0000000082f00000| Untracked 
|  48|0x0000000083000000, 0x0000000083100000, 0x0000000083100000|100%| O|  |TAMS 0x0000000083000000, 0x0000000083000000| Untracked 
|  49|0x0000000083100000, 0x0000000083200000, 0x0000000083200000|100%| O|  |TAMS 0x0000000083100000, 0x0000000083100000| Untracked 
|  50|0x0000000083200000, 0x00000000832b5400, 0x0000000083300000| 70%| O|  |TAMS 0x0000000083200000, 0x0000000083200000| Untracked 
|  51|0x0000000083300000, 0x0000000083300000, 0x0000000083400000|  0%| F|  |TAMS 0x0000000083300000, 0x0000000083300000| Untracked 
|  52|0x0000000083400000, 0x0000000083400000, 0x0000000083500000|  0%| F|  |TAMS 0x0000000083400000, 0x0000000083400000| Untracked 
|  53|0x0000000083500000, 0x0000000083500000, 0x0000000083600000|  0%| F|  |TAMS 0x0000000083500000, 0x0000000083500000| Untracked 
|  54|0x0000000083600000, 0x0000000083600000, 0x0000000083700000|  0%| F|  |TAMS 0x0000000083600000, 0x0000000083600000| Untracked 
|  55|0x0000000083700000, 0x0000000083700000, 0x0000000083800000|  0%| F|  |TAMS 0x0000000083700000, 0x0000000083700000| Untracked 
|  56|0x0000000083800000, 0x0000000083800000, 0x0000000083900000|  0%| F|  |TAMS 0x0000000083800000, 0x0000000083800000| Untracked 
|  57|0x0000000083900000, 0x0000000083900000, 0x0000000083a00000|  0%| F|  |TAMS 0x0000000083900000, 0x0000000083900000| Untracked 
|  58|0x0000000083a00000, 0x0000000083a00000, 0x0000000083b00000|  0%| F|  |TAMS 0x0000000083a00000, 0x0000000083a00000| Untracked 
|  59|0x0000000083b00000, 0x0000000083b00000, 0x0000000083c00000|  0%| F|  |TAMS 0x0000000083b00000, 0x0000000083b00000| Untracked 
|  60|0x0000000083c00000, 0x0000000083c00000, 0x0000000083d00000|  0%| F|  |TAMS 0x0000000083c00000, 0x0000000083c00000| Untracked 
|  61|0x0000000083d00000, 0x0000000083d00000, 0x0000000083e00000|  0%| F|  |TAMS 0x0000000083d00000, 0x0000000083d00000| Untracked 
|  62|0x0000000083e00000, 0x0000000083e00000, 0x0000000083f00000|  0%| F|  |TAMS 0x0000000083e00000, 0x0000000083e00000| Untracked 
|  63|0x0000000083f00000, 0x0000000083f00000, 0x0000000084000000|  0%| F|  |TAMS 0x0000000083f00000, 0x0000000083f00000| Untracked 
|  64|0x0000000084000000, 0x0000000084000000, 0x0000000084100000|  0%| F|  |TAMS 0x0000000084000000, 0x0000000084000000| Untracked 
|  65|0x0000000084100000, 0x0000000084100000, 0x0000000084200000|  0%| F|  |TAMS 0x0000000084100000, 0x0000000084100000| Untracked 
|  66|0x0000000084200000, 0x0000000084200000, 0x0000000084300000|  0%| F|  |TAMS 0x0000000084200000, 0x0000000084200000| Untracked 
|  67|0x0000000084300000, 0x0000000084300000, 0x0000000084400000|  0%| F|  |TAMS 0x0000000084300000, 0x0000000084300000| Untracked 
|  68|0x0000000084400000, 0x0000000084400000, 0x0000000084500000|  0%| F|  |TAMS 0x0000000084400000, 0x0000000084400000| Untracked 
|  69|0x0000000084500000, 0x0000000084500000, 0x0000000084600000|  0%| F|  |TAMS 0x0000000084500000, 0x0000000084500000| Untracked 
|  70|0x0000000084600000, 0x0000000084600000, 0x0000000084700000|  0%| F|  |TAMS 0x0000000084600000, 0x0000000084600000| Untracked 
|  71|0x0000000084700000, 0x0000000084700000, 0x0000000084800000|  0%| F|  |TAMS 0x0000000084700000, 0x0000000084700000| Untracked 
|  72|0x0000000084800000, 0x0000000084800000, 0x0000000084900000|  0%| F|  |TAMS 0x0000000084800000, 0x0000000084800000| Untracked 
|  73|0x0000000084900000, 0x0000000084900000, 0x0000000084a00000|  0%| F|  |TAMS 0x0000000084900000, 0x0000000084900000| Untracked 
|  74|0x0000000084a00000, 0x0000000084a00000, 0x0000000084b00000|  0%| F|  |TAMS 0x0000000084a00000, 0x0000000084a00000| Untracked 
|  75|0x0000000084b00000, 0x0000000084b00000, 0x0000000084c00000|  0%| F|  |TAMS 0x0000000084b00000, 0x0000000084b00000| Untracked 
|  76|0x0000000084c00000, 0x0000000084c00000, 0x0000000084d00000|  0%| F|  |TAMS 0x0000000084c00000, 0x0000000084c00000| Untracked 
|  77|0x0000000084d00000, 0x0000000084d00000, 0x0000000084e00000|  0%| F|  |TAMS 0x0000000084d00000, 0x0000000084d00000| Untracked 
|  78|0x0000000084e00000, 0x0000000084f00000, 0x0000000084f00000|100%| S|CS|TAMS 0x0000000084e00000, 0x0000000084e00000| Complete 
|  79|0x0000000084f00000, 0x0000000084f00000, 0x0000000085000000|  0%| F|  |TAMS 0x0000000084f00000, 0x0000000084f00000| Untracked 
|  80|0x0000000085000000, 0x0000000085000000, 0x0000000085100000|  0%| F|  |TAMS 0x0000000085000000, 0x0000000085000000| Untracked 
|  81|0x0000000085100000, 0x0000000085100000, 0x0000000085200000|  0%| F|  |TAMS 0x0000000085100000, 0x0000000085100000| Untracked 
|  82|0x0000000085200000, 0x0000000085200000, 0x0000000085300000|  0%| F|  |TAMS 0x0000000085200000, 0x0000000085200000| Untracked 
|  83|0x0000000085300000, 0x0000000085300000, 0x0000000085400000|  0%| F|  |TAMS 0x0000000085300000, 0x0000000085300000| Untracked 
|  84|0x0000000085400000, 0x0000000085400000, 0x0000000085500000|  0%| F|  |TAMS 0x0000000085400000, 0x0000000085400000| Untracked 
|  85|0x0000000085500000, 0x0000000085500000, 0x0000000085600000|  0%| F|  |TAMS 0x0000000085500000, 0x0000000085500000| Untracked 
|  86|0x0000000085600000, 0x0000000085700000, 0x0000000085700000|100%| S|CS|TAMS 0x0000000085600000, 0x0000000085600000| Complete 
|  87|0x0000000085700000, 0x0000000085800000, 0x0000000085800000|100%| S|CS|TAMS 0x0000000085700000, 0x0000000085700000| Complete 
|  88|0x0000000085800000, 0x0000000085900000, 0x0000000085900000|100%| S|CS|TAMS 0x0000000085800000, 0x0000000085800000| Complete 
|  89|0x0000000085900000, 0x0000000085900000, 0x0000000085a00000|  0%| F|  |TAMS 0x0000000085900000, 0x0000000085900000| Untracked 
|  90|0x0000000085a00000, 0x0000000085a00000, 0x0000000085b00000|  0%| F|  |TAMS 0x0000000085a00000, 0x0000000085a00000| Untracked 
|  91|0x0000000085b00000, 0x0000000085b00000, 0x0000000085c00000|  0%| F|  |TAMS 0x0000000085b00000, 0x0000000085b00000| Untracked 
|  92|0x0000000085c00000, 0x0000000085c00000, 0x0000000085d00000|  0%| F|  |TAMS 0x0000000085c00000, 0x0000000085c00000| Untracked 
|  93|0x0000000085d00000, 0x0000000085d00000, 0x0000000085e00000|  0%| F|  |TAMS 0x0000000085d00000, 0x0000000085d00000| Untracked 
|  94|0x0000000085e00000, 0x0000000085e00000, 0x0000000085f00000|  0%| F|  |TAMS 0x0000000085e00000, 0x0000000085e00000| Untracked 
|  95|0x0000000085f00000, 0x0000000085f00000, 0x0000000086000000|  0%| F|  |TAMS 0x0000000085f00000, 0x0000000085f00000| Untracked 
|  96|0x0000000086000000, 0x0000000086000000, 0x0000000086100000|  0%| F|  |TAMS 0x0000000086000000, 0x0000000086000000| Untracked 
|  97|0x0000000086100000, 0x0000000086100000, 0x0000000086200000|  0%| F|  |TAMS 0x0000000086100000, 0x0000000086100000| Untracked 
|  98|0x0000000086200000, 0x0000000086200000, 0x0000000086300000|  0%| F|  |TAMS 0x0000000086200000, 0x0000000086200000| Untracked 
|  99|0x0000000086300000, 0x0000000086300000, 0x0000000086400000|  0%| F|  |TAMS 0x0000000086300000, 0x0000000086300000| Untracked 
| 100|0x0000000086400000, 0x0000000086400000, 0x0000000086500000|  0%| F|  |TAMS 0x0000000086400000, 0x0000000086400000| Untracked 
| 101|0x0000000086500000, 0x0000000086500000, 0x0000000086600000|  0%| F|  |TAMS 0x0000000086500000, 0x0000000086500000| Untracked 
| 102|0x0000000086600000, 0x0000000086600000, 0x0000000086700000|  0%| F|  |TAMS 0x0000000086600000, 0x0000000086600000| Untracked 
| 103|0x0000000086700000, 0x0000000086700000, 0x0000000086800000|  0%| F|  |TAMS 0x0000000086700000, 0x0000000086700000| Untracked 
| 104|0x0000000086800000, 0x0000000086800000, 0x0000000086900000|  0%| F|  |TAMS 0x0000000086800000, 0x0000000086800000| Untracked 
| 105|0x0000000086900000, 0x0000000086900000, 0x0000000086a00000|  0%| F|  |TAMS 0x0000000086900000, 0x0000000086900000| Untracked 
| 106|0x0000000086a00000, 0x0000000086a00000, 0x0000000086b00000|  0%| F|  |TAMS 0x0000000086a00000, 0x0000000086a00000| Untracked 
| 107|0x0000000086b00000, 0x0000000086b00000, 0x0000000086c00000|  0%| F|  |TAMS 0x0000000086b00000, 0x0000000086b00000| Untracked 
| 108|0x0000000086c00000, 0x0000000086c00000, 0x0000000086d00000|  0%| F|  |TAMS 0x0000000086c00000, 0x0000000086c00000| Untracked 
| 109|0x0000000086d00000, 0x0000000086d00000, 0x0000000086e00000|  0%| F|  |TAMS 0x0000000086d00000, 0x0000000086d00000| Untracked 
| 110|0x0000000086e00000, 0x0000000086e00000, 0x0000000086f00000|  0%| F|  |TAMS 0x0000000086e00000, 0x0000000086e00000| Untracked 
| 111|0x0000000086f00000, 0x0000000086f00000, 0x0000000087000000|  0%| F|  |TAMS 0x0000000086f00000, 0x0000000086f00000| Untracked 
| 112|0x0000000087000000, 0x0000000087000000, 0x0000000087100000|  0%| F|  |TAMS 0x0000000087000000, 0x0000000087000000| Untracked 
| 113|0x0000000087100000, 0x0000000087100000, 0x0000000087200000|  0%| F|  |TAMS 0x0000000087100000, 0x0000000087100000| Untracked 
| 114|0x0000000087200000, 0x0000000087200000, 0x0000000087300000|  0%| F|  |TAMS 0x0000000087200000, 0x0000000087200000| Untracked 
| 115|0x0000000087300000, 0x0000000087300000, 0x0000000087400000|  0%| F|  |TAMS 0x0000000087300000, 0x0000000087300000| Untracked 
| 116|0x0000000087400000, 0x0000000087400000, 0x0000000087500000|  0%| F|  |TAMS 0x0000000087400000, 0x0000000087400000| Untracked 
| 117|0x0000000087500000, 0x0000000087500000, 0x0000000087600000|  0%| F|  |TAMS 0x0000000087500000, 0x0000000087500000| Untracked 
| 118|0x0000000087600000, 0x0000000087600000, 0x0000000087700000|  0%| F|  |TAMS 0x0000000087600000, 0x0000000087600000| Untracked 
| 119|0x0000000087700000, 0x0000000087700000, 0x0000000087800000|  0%| F|  |TAMS 0x0000000087700000, 0x0000000087700000| Untracked 
| 120|0x0000000087800000, 0x0000000087800000, 0x0000000087900000|  0%| F|  |TAMS 0x0000000087800000, 0x0000000087800000| Untracked 
| 121|0x0000000087900000, 0x0000000087900000, 0x0000000087a00000|  0%| F|  |TAMS 0x0000000087900000, 0x0000000087900000| Untracked 
| 122|0x0000000087a00000, 0x0000000087a00000, 0x0000000087b00000|  0%| F|  |TAMS 0x0000000087a00000, 0x0000000087a00000| Untracked 
| 123|0x0000000087b00000, 0x0000000087b00000, 0x0000000087c00000|  0%| F|  |TAMS 0x0000000087b00000, 0x0000000087b00000| Untracked 
| 124|0x0000000087c00000, 0x0000000087c00000, 0x0000000087d00000|  0%| F|  |TAMS 0x0000000087c00000, 0x0000000087c00000| Untracked 
| 125|0x0000000087d00000, 0x0000000087d00000, 0x0000000087e00000|  0%| F|  |TAMS 0x0000000087d00000, 0x0000000087d00000| Untracked 
| 126|0x0000000087e00000, 0x0000000087e00000, 0x0000000087f00000|  0%| F|  |TAMS 0x0000000087e00000, 0x0000000087e00000| Untracked 
| 127|0x0000000087f00000, 0x0000000087f00000, 0x0000000088000000|  0%| F|  |TAMS 0x0000000087f00000, 0x0000000087f00000| Untracked 
| 128|0x0000000088000000, 0x0000000088000000, 0x0000000088100000|  0%| F|  |TAMS 0x0000000088000000, 0x0000000088000000| Untracked 
| 129|0x0000000088100000, 0x0000000088100000, 0x0000000088200000|  0%| F|  |TAMS 0x0000000088100000, 0x0000000088100000| Untracked 
| 130|0x0000000088200000, 0x0000000088200000, 0x0000000088300000|  0%| F|  |TAMS 0x0000000088200000, 0x0000000088200000| Untracked 
| 131|0x0000000088300000, 0x0000000088300000, 0x0000000088400000|  0%| F|  |TAMS 0x0000000088300000, 0x0000000088300000| Untracked 
| 132|0x0000000088400000, 0x0000000088400000, 0x0000000088500000|  0%| F|  |TAMS 0x0000000088400000, 0x0000000088400000| Untracked 
| 133|0x0000000088500000, 0x0000000088500000, 0x0000000088600000|  0%| F|  |TAMS 0x0000000088500000, 0x0000000088500000| Untracked 
| 134|0x0000000088600000, 0x0000000088600000, 0x0000000088700000|  0%| F|  |TAMS 0x0000000088600000, 0x0000000088600000| Untracked 
| 135|0x0000000088700000, 0x0000000088700000, 0x0000000088800000|  0%| F|  |TAMS 0x0000000088700000, 0x0000000088700000| Untracked 
| 136|0x0000000088800000, 0x0000000088800000, 0x0000000088900000|  0%| F|  |TAMS 0x0000000088800000, 0x0000000088800000| Untracked 
| 137|0x0000000088900000, 0x0000000088900000, 0x0000000088a00000|  0%| F|  |TAMS 0x0000000088900000, 0x0000000088900000| Untracked 
| 138|0x0000000088a00000, 0x0000000088a00000, 0x0000000088b00000|  0%| F|  |TAMS 0x0000000088a00000, 0x0000000088a00000| Untracked 
| 139|0x0000000088b00000, 0x0000000088b00000, 0x0000000088c00000|  0%| F|  |TAMS 0x0000000088b00000, 0x0000000088b00000| Untracked 

Card table byte_map: [0x0000021172c70000,0x0000021173070000] _byte_map_base: 0x0000021172870000

Marking Bits (Prev, Next): (CMBitMap*) 0x000002116ea63398, (CMBitMap*) 0x000002116ea633d0
 Prev Bits: [0x0000021173470000, 0x0000021175470000)
 Next Bits: [0x0000021175470000, 0x0000021177470000)

Polling page: 0x000002116e200000

Metaspace:

Usage:
  Non-class:     56.72 MB capacity,    55.65 MB ( 98%) used,   931.27 KB (  2%) free+waste,   163.00 KB ( <1%) overhead. 
      Class:      8.60 MB capacity,     8.04 MB ( 93%) used,   503.64 KB (  6%) free+waste,    76.06 KB ( <1%) overhead. 
       Both:     65.33 MB capacity,    63.69 MB ( 97%) used,     1.40 MB (  2%) free+waste,   239.06 KB ( <1%) overhead. 

Virtual space:
  Non-class space:       60.00 MB reserved,      56.84 MB ( 95%) committed 
      Class space:        1.00 GB reserved,       8.70 MB ( <1%) committed 
             Both:        1.06 GB reserved,      65.54 MB (  6%) committed 

Chunk freelists:
   Non-Class:  120.00 KB
       Class:  55.00 KB
        Both:  175.00 KB

MaxMetaspaceSize: 17179869184.00 GB
CompressedClassSpaceSize: 1.00 GB
Initial GC threshold: 20.80 MB
Current GC threshold: 105.90 MB
CDS: off

CodeHeap 'non-profiled nmethods': size=120000Kb used=2769Kb max_used=2769Kb free=117230Kb
 bounds [0x0000021107ad0000, 0x0000021107d90000, 0x000002110f000000]
CodeHeap 'profiled nmethods': size=120000Kb used=13524Kb max_used=13524Kb free=106475Kb
 bounds [0x00000211005a0000, 0x00000211012e0000, 0x0000021107ad0000]
CodeHeap 'non-nmethods': size=5760Kb used=2341Kb max_used=2373Kb free=3418Kb
 bounds [0x0000021100000000, 0x0000021100270000, 0x00000211005a0000]
 total_blobs=7180 nmethods=6326 adapters=766
 compilation: enabled
              stopped_count=0, restarted_count=0
 full_count=0

Compilation events (20 events):
Event: 14.018 Thread 0x0000021179ec6000 6476       2       groovy.lang.MetaClassImpl::lambda$getPropName$5 (27 bytes)
Event: 14.018 Thread 0x0000021179ec6000 nmethod 6476 0x00000211012d1690 code [0x00000211012d1860, 0x00000211012d19d8]
Event: 14.018 Thread 0x0000021179ec6000 6477       2       org.apache.groovy.util.BeanUtils::decapitalize (68 bytes)
Event: 14.020 Thread 0x0000021179ec6000 nmethod 6477 0x00000211012d1b10 code [0x00000211012d1dc0, 0x00000211012d2708]
Event: 14.020 Thread 0x0000021179ec6000 6479       2       org.codehaus.groovy.util.ComplexKeyHashMap::<init> (11 bytes)
Event: 14.020 Thread 0x0000021179ec6000 nmethod 6479 0x00000211012d2c90 code [0x00000211012d2e40, 0x00000211012d3038]
Event: 14.020 Thread 0x0000021179ec6000 6480       2       org.codehaus.groovy.util.ComplexKeyHashMap::init (20 bytes)
Event: 14.020 Thread 0x0000021179ec6000 nmethod 6480 0x00000211012d3110 code [0x00000211012d32c0, 0x00000211012d34d8]
Event: 14.020 Thread 0x0000021179ec6000 6478       2       org.codehaus.groovy.util.SingleKeyHashMap::<init> (5 bytes)
Event: 14.020 Thread 0x0000021179ec6000 nmethod 6478 0x00000211012d3590 code [0x00000211012d3740, 0x00000211012d3938]
Event: 14.023 Thread 0x0000021179ec6000 6481       2       java.util.LinkedList::addFirst (6 bytes)
Event: 14.023 Thread 0x0000021179ec6000 nmethod 6481 0x00000211012d3a10 code [0x00000211012d3bc0, 0x00000211012d3cc8]
Event: 14.023 Thread 0x0000021179ec6000 6482       2       java.util.LinkedList::linkFirst (59 bytes)
Event: 14.024 Thread 0x0000021179ec6000 nmethod 6482 0x00000211012d3d90 code [0x00000211012d3f60, 0x00000211012d42b8]
Event: 14.028 Thread 0x0000021179ec6000 6483       2       org.gradle.internal.instantiation.generator.DefaultInstantiationScheme::withServices (25 bytes)
Event: 14.028 Thread 0x0000021179ec6000 nmethod 6483 0x00000211012d4390 code [0x00000211012d4540, 0x00000211012d46e8]
Event: 14.032 Thread 0x0000021179ec6000 6484       2       java.lang.reflect.Constructor::isSynthetic (5 bytes)
Event: 14.032 Thread 0x0000021179ec6000 nmethod 6484 0x00000211012d4790 code [0x00000211012d4940, 0x00000211012d4a58]
Event: 14.032 Thread 0x0000021179ec6000 6485       2       org.codehaus.groovy.runtime.metaclass.MetaMethodIndex::resize (103 bytes)
Event: 14.033 Thread 0x0000021179ec6000 nmethod 6485 0x00000211012d4b10 code [0x00000211012d4ce0, 0x00000211012d5138]

GC Heap History (20 events):
Event: 2.705 GC heap after
{Heap after GC invocations=4 (full 0):
 garbage-first heap   total 98304K, used 17368K [0x0000000080000000, 0x0000000100000000)
  region size 1024K, 3 young (3072K), 3 survivors (3072K)
 Metaspace       used 20802K, capacity 21193K, committed 21296K, reserved 1069056K
  class space    used 2534K, capacity 2688K, committed 2688K, reserved 1048576K
}
Event: 3.653 GC heap before
{Heap before GC invocations=5 (full 0):
 garbage-first heap   total 98304K, used 66520K [0x0000000080000000, 0x0000000100000000)
  region size 1024K, 51 young (52224K), 3 survivors (3072K)
 Metaspace       used 26034K, capacity 26616K, committed 26752K, reserved 1073152K
  class space    used 3382K, capacity 3590K, committed 3712K, reserved 1048576K
}
Event: 3.660 GC heap after
{Heap after GC invocations=6 (full 0):
 garbage-first heap   total 98304K, used 19154K [0x0000000080000000, 0x0000000100000000)
  region size 1024K, 5 young (5120K), 5 survivors (5120K)
 Metaspace       used 26034K, capacity 26616K, committed 26752K, reserved 1073152K
  class space    used 3382K, capacity 3590K, committed 3712K, reserved 1048576K
}
Event: 4.638 GC heap before
{Heap before GC invocations=6 (full 0):
 garbage-first heap   total 98304K, used 69330K [0x0000000080000000, 0x0000000100000000)
  region size 1024K, 54 young (55296K), 5 survivors (5120K)
 Metaspace       used 30436K, capacity 31156K, committed 31232K, reserved 1077248K
  class space    used 4044K, capacity 4317K, committed 4352K, reserved 1048576K
}
Event: 4.647 GC heap after
{Heap after GC invocations=7 (full 0):
 garbage-first heap   total 118784K, used 20534K [0x0000000080000000, 0x0000000100000000)
  region size 1024K, 4 young (4096K), 4 survivors (4096K)
 Metaspace       used 30436K, capacity 31156K, committed 31232K, reserved 1077248K
  class space    used 4044K, capacity 4317K, committed 4352K, reserved 1048576K
}
Event: 5.291 GC heap before
{Heap before GC invocations=7 (full 0):
 garbage-first heap   total 118784K, used 36918K [0x0000000080000000, 0x0000000100000000)
  region size 1024K, 21 young (21504K), 4 survivors (4096K)
 Metaspace       used 35168K, capacity 35969K, committed 36048K, reserved 1081344K
  class space    used 4520K, capacity 4838K, committed 4864K, reserved 1048576K
}
Event: 5.307 GC heap after
{Heap after GC invocations=8 (full 0):
 garbage-first heap   total 118784K, used 22817K [0x0000000080000000, 0x0000000100000000)
  region size 1024K, 6 young (6144K), 6 survivors (6144K)
 Metaspace       used 35168K, capacity 35969K, committed 36048K, reserved 1081344K
  class space    used 4520K, capacity 4838K, committed 4864K, reserved 1048576K
}
Event: 6.384 GC heap before
{Heap before GC invocations=9 (full 0):
 garbage-first heap   total 118784K, used 81185K [0x0000000080000000, 0x0000000100000000)
  region size 1024K, 61 young (62464K), 6 survivors (6144K)
 Metaspace       used 39479K, capacity 40391K, committed 40732K, reserved 1085440K
  class space    used 4992K, capacity 5325K, committed 5452K, reserved 1048576K
}
Event: 6.397 GC heap after
{Heap after GC invocations=10 (full 0):
 garbage-first heap   total 118784K, used 28119K [0x0000000080000000, 0x0000000100000000)
  region size 1024K, 8 young (8192K), 8 survivors (8192K)
 Metaspace       used 39479K, capacity 40391K, committed 40732K, reserved 1085440K
  class space    used 4992K, capacity 5325K, committed 5452K, reserved 1048576K
}
Event: 7.557 GC heap before
{Heap before GC invocations=10 (full 0):
 garbage-first heap   total 118784K, used 84439K [0x0000000080000000, 0x0000000100000000)
  region size 1024K, 62 young (63488K), 8 survivors (8192K)
 Metaspace       used 44533K, capacity 45678K, committed 45980K, reserved 1091584K
  class space    used 5622K, capacity 6033K, committed 6092K, reserved 1048576K
}
Event: 7.570 GC heap after
{Heap after GC invocations=11 (full 0):
 garbage-first heap   total 118784K, used 30805K [0x0000000080000000, 0x0000000100000000)
  region size 1024K, 8 young (8192K), 8 survivors (8192K)
 Metaspace       used 44533K, capacity 45678K, committed 45980K, reserved 1091584K
  class space    used 5622K, capacity 6033K, committed 6092K, reserved 1048576K
}
Event: 8.926 GC heap before
{Heap before GC invocations=11 (full 0):
 garbage-first heap   total 118784K, used 86101K [0x0000000080000000, 0x0000000100000000)
  region size 1024K, 62 young (63488K), 8 survivors (8192K)
 Metaspace       used 48004K, capacity 49239K, committed 49564K, reserved 1093632K
  class space    used 6077K, capacity 6498K, committed 6604K, reserved 1048576K
}
Event: 8.941 GC heap after
{Heap after GC invocations=12 (full 0):
 garbage-first heap   total 143360K, used 32615K [0x0000000080000000, 0x0000000100000000)
  region size 1024K, 5 young (5120K), 5 survivors (5120K)
 Metaspace       used 48004K, capacity 49239K, committed 49564K, reserved 1093632K
  class space    used 6077K, capacity 6498K, committed 6604K, reserved 1048576K
}
Event: 10.973 GC heap before
{Heap before GC invocations=12 (full 0):
 garbage-first heap   total 143360K, used 107367K [0x0000000080000000, 0x0000000100000000)
  region size 1024K, 74 young (75776K), 5 survivors (5120K)
 Metaspace       used 53570K, capacity 55075K, committed 55196K, reserved 1097728K
  class space    used 6795K, capacity 7299K, committed 7372K, reserved 1048576K
}
Event: 10.989 GC heap after
{Heap after GC invocations=13 (full 0):
 garbage-first heap   total 143360K, used 44557K [0x0000000080000000, 0x0000000100000000)
  region size 1024K, 10 young (10240K), 10 survivors (10240K)
 Metaspace       used 53570K, capacity 55075K, committed 55196K, reserved 1097728K
  class space    used 6795K, capacity 7299K, committed 7372K, reserved 1048576K
}
Event: 12.094 GC heap before
{Heap before GC invocations=13 (full 0):
 garbage-first heap   total 143360K, used 80397K [0x0000000080000000, 0x0000000100000000)
  region size 1024K, 46 young (47104K), 10 survivors (10240K)
 Metaspace       used 58971K, capacity 60494K, committed 60636K, reserved 1103872K
  class space    used 7452K, capacity 7974K, committed 8012K, reserved 1048576K
}
Event: 12.116 GC heap after
{Heap after GC invocations=14 (full 0):
 garbage-first heap   total 143360K, used 46838K [0x0000000080000000, 0x0000000100000000)
  region size 1024K, 3 young (3072K), 3 survivors (3072K)
 Metaspace       used 58971K, capacity 60494K, committed 60636K, reserved 1103872K
  class space    used 7452K, capacity 7974K, committed 8012K, reserved 1048576K
}
Event: 13.292 GC heap before
{Heap before GC invocations=15 (full 0):
 garbage-first heap   total 143360K, used 105206K [0x0000000080000000, 0x0000000100000000)
  region size 1024K, 54 young (55296K), 3 survivors (3072K)
 Metaspace       used 63222K, capacity 64814K, committed 65064K, reserved 1107968K
  class space    used 7958K, capacity 8530K, committed 8652K, reserved 1048576K
}
Event: 13.308 GC heap after
{Heap after GC invocations=16 (full 0):
 garbage-first heap   total 143360K, used 51107K [0x0000000080000000, 0x0000000100000000)
  region size 1024K, 7 young (7168K), 7 survivors (7168K)
 Metaspace       used 63222K, capacity 64814K, committed 65064K, reserved 1107968K
  class space    used 7958K, capacity 8530K, committed 8652K, reserved 1048576K
}
Event: 14.041 GC heap before
{Heap before GC invocations=17 (full 0):
 garbage-first heap   total 143360K, used 104355K [0x0000000080000000, 0x0000000100000000)
  region size 1024K, 58 young (59392K), 7 survivors (7168K)
 Metaspace       used 65219K, capacity 66893K, committed 67112K, reserved 1110016K
  class space    used 8229K, capacity 8809K, committed 8908K, reserved 1048576K
}

Deoptimization events (20 events):
Event: 13.569 Thread 0x000002117c5f3800 DEOPT PACKING pc=0x0000021107d727a4 sp=0x00000025f64f5c90
Event: 13.569 Thread 0x000002117c5f3800 DEOPT UNPACKING pc=0x000002110004a1af sp=0x00000025f64f5bf8 mode 2
Event: 13.657 Thread 0x000002117c5f3800 DEOPT PACKING pc=0x0000021101276ee0 sp=0x00000025f64f6500
Event: 13.657 Thread 0x000002117c5f3800 DEOPT UNPACKING pc=0x000002110004a95e sp=0x00000025f64f5a58 mode 0
Event: 13.658 Thread 0x000002117c5f3800 DEOPT PACKING pc=0x0000021101276ee0 sp=0x00000025f64f6500
Event: 13.658 Thread 0x000002117c5f3800 DEOPT UNPACKING pc=0x000002110004a95e sp=0x00000025f64f5a58 mode 0
Event: 13.658 Thread 0x000002117c5f3800 DEOPT PACKING pc=0x0000021101276ee0 sp=0x00000025f64f6500
Event: 13.658 Thread 0x000002117c5f3800 DEOPT UNPACKING pc=0x000002110004a95e sp=0x00000025f64f5a58 mode 0
Event: 13.659 Thread 0x000002117c5f3800 DEOPT PACKING pc=0x0000021101276ee0 sp=0x00000025f64f6500
Event: 13.659 Thread 0x000002117c5f3800 DEOPT UNPACKING pc=0x000002110004a95e sp=0x00000025f64f5a58 mode 0
Event: 13.659 Thread 0x000002117c5f3800 DEOPT PACKING pc=0x0000021101276ee0 sp=0x00000025f64f6500
Event: 13.659 Thread 0x000002117c5f3800 DEOPT UNPACKING pc=0x000002110004a95e sp=0x00000025f64f5a58 mode 0
Event: 13.717 Thread 0x000002117c5f3800 Uncommon trap: trap_request=0xffffff4d fr.pc=0x0000021107b2c798 relative=0x00000000000001d8
Event: 13.717 Thread 0x000002117c5f3800 Uncommon trap: reason=unstable_if action=reinterpret pc=0x0000021107b2c798 method=java.lang.StringLatin1.canEncode(I)Z @ 4 c2
Event: 13.717 Thread 0x000002117c5f3800 DEOPT PACKING pc=0x0000021107b2c798 sp=0x00000025f64f65f0
Event: 13.717 Thread 0x000002117c5f3800 DEOPT UNPACKING pc=0x000002110004a1af sp=0x00000025f64f6510 mode 2
Event: 13.717 Thread 0x000002117c5f3800 Uncommon trap: trap_request=0xffffff4d fr.pc=0x0000021107b740b4 relative=0x00000000000005d4
Event: 13.717 Thread 0x000002117c5f3800 Uncommon trap: reason=unstable_if action=reinterpret pc=0x0000021107b740b4 method=java.lang.AbstractStringBuilder.appendChars(Ljava/lang/CharSequence;II)V @ 4 c2
Event: 13.717 Thread 0x000002117c5f3800 DEOPT PACKING pc=0x0000021107b740b4 sp=0x00000025f64f6630
Event: 13.717 Thread 0x000002117c5f3800 DEOPT UNPACKING pc=0x000002110004a1af sp=0x00000025f64f6518 mode 2

Classes redefined (0 events):
No events

Internal exceptions (20 events):
Event: 13.865 Thread 0x000002117c5f3800 Exception <a 'java/lang/ClassNotFoundException'{0x0000000086cb8438}: com/android/build/gradle/BaseExtensionCustomizer> (0x0000000086cb8438) thrown at [./src/hotspot/share/classfile/systemDictionary.cpp, line 231]
Event: 13.869 Thread 0x000002117c5f3800 Exception <a 'java/lang/ClassNotFoundException'{0x0000000086b2a670}: com/android/build/gradle/TestedExtensionCustomizer> (0x0000000086b2a670) thrown at [./src/hotspot/share/classfile/systemDictionary.cpp, line 231]
Event: 13.872 Thread 0x000002117c5f3800 Exception <a 'java/lang/ClassNotFoundException'{0x0000000086b5e638}: com/android/build/gradle/AbstractAppExtensionCustomizer> (0x0000000086b5e638) thrown at [./src/hotspot/share/classfile/systemDictionary.cpp, line 231]
Event: 13.874 Thread 0x000002117c5f3800 Exception <a 'java/lang/ClassNotFoundException'{0x0000000086b8d478}: com/android/build/gradle/AppExtensionCustomizer> (0x0000000086b8d478) thrown at [./src/hotspot/share/classfile/systemDictionary.cpp, line 231]
Event: 13.876 Thread 0x000002117c5f3800 Exception <a 'java/lang/ClassNotFoundException'{0x0000000086bbda78}: com/android/build/gradle/internal/dsl/BaseAppModuleExtensionCustomizer> (0x0000000086bbda78) thrown at [./src/hotspot/share/classfile/systemDictionary.cpp, line 231]
Event: 13.884 Thread 0x000002117c5f3800 Exception <a 'java/lang/ClassNotFoundException'{0x0000000086aac150}: com/android/build/gradle/internal/dsl/BaseAppModuleExtension_DecoratedCustomizer> (0x0000000086aac150) thrown at [./src/hotspot/share/classfile/systemDictionary.cpp, line 231]
Event: 13.997 Thread 0x000002117c5f3800 Exception <a 'java/lang/ClassNotFoundException'{0x0000000085fd4208}: com/android/build/gradle/internal/dsl/DefaultConfig$AgpDecorated_DecoratedBeanInfo> (0x0000000085fd4208) thrown at [./src/hotspot/share/classfile/systemDictionary.cpp, line 231]
Event: 13.997 Thread 0x000002117c5f3800 Exception <a 'java/lang/ClassNotFoundException'{0x0000000085ff1d50}: com/android/build/gradle/internal/dsl/DefaultConfig$AgpDecoratedBeanInfo> (0x0000000085ff1d50) thrown at [./src/hotspot/share/classfile/systemDictionary.cpp, line 231]
Event: 13.998 Thread 0x000002117c5f3800 Exception <a 'java/lang/ClassNotFoundException'{0x0000000085e0e2c0}: com/android/build/gradle/internal/dsl/DefaultConfigBeanInfo> (0x0000000085e0e2c0) thrown at [./src/hotspot/share/classfile/systemDictionary.cpp, line 231]
Event: 13.999 Thread 0x000002117c5f3800 Exception <a 'java/lang/ClassNotFoundException'{0x0000000085e29638}: com/android/build/gradle/internal/dsl/BaseFlavorBeanInfo> (0x0000000085e29638) thrown at [./src/hotspot/share/classfile/systemDictionary.cpp, line 231]
Event: 13.999 Thread 0x000002117c5f3800 Exception <a 'java/lang/ClassNotFoundException'{0x0000000085e44708}: com/android/builder/core/AbstractProductFlavorBeanInfo> (0x0000000085e44708) thrown at [./src/hotspot/share/classfile/systemDictionary.cpp, line 231]
Event: 14.000 Thread 0x000002117c5f3800 Exception <a 'java/lang/ClassNotFoundException'{0x0000000085e5f488}: com/android/builder/internal/BaseConfigImplBeanInfo> (0x0000000085e5f488) thrown at [./src/hotspot/share/classfile/systemDictionary.cpp, line 231]
Event: 14.000 Thread 0x000002117c5f3800 Exception <a 'java/lang/ClassNotFoundException'{0x0000000085e7a2b8}: com/android/builder/internal/BaseConfigImplCustomizer> (0x0000000085e7a2b8) thrown at [./src/hotspot/share/classfile/systemDictionary.cpp, line 231]
Event: 14.002 Thread 0x000002117c5f3800 Exception <a 'java/lang/ClassNotFoundException'{0x0000000085eb4098}: com/android/builder/core/AbstractProductFlavorCustomizer> (0x0000000085eb4098) thrown at [./src/hotspot/share/classfile/systemDictionary.cpp, line 231]
Event: 14.004 Thread 0x000002117c5f3800 Exception <a 'java/lang/ClassNotFoundException'{0x0000000085d0a760}: com/android/build/gradle/internal/dsl/BaseFlavorCustomizer> (0x0000000085d0a760) thrown at [./src/hotspot/share/classfile/systemDictionary.cpp, line 231]
Event: 14.008 Thread 0x000002117c5f3800 Exception <a 'java/lang/ClassNotFoundException'{0x0000000085d7f258}: com/android/build/gradle/internal/dsl/DefaultConfigCustomizer> (0x0000000085d7f258) thrown at [./src/hotspot/share/classfile/systemDictionary.cpp, line 231]
Event: 14.009 Thread 0x000002117c5f3800 Exception <a 'java/lang/ClassNotFoundException'{0x0000000085db5208}: com/android/build/gradle/internal/dsl/DefaultConfig$AgpDecoratedCustomizer> (0x0000000085db5208) thrown at [./src/hotspot/share/classfile/systemDictionary.cpp, line 231]
Event: 14.012 Thread 0x000002117c5f3800 Exception <a 'java/lang/ClassNotFoundException'{0x0000000085c19b60}: com/android/build/gradle/internal/dsl/DefaultConfig$AgpDecorated_DecoratedCustomizer> (0x0000000085c19b60) thrown at [./src/hotspot/share/classfile/systemDictionary.cpp, line 231]
Event: 14.026 Thread 0x000002117c5f3800 Exception <a 'java/lang/ClassNotFoundException'{0x0000000085b762e0}: org/gradle/api/internal/NamedDomainObjectContainerConfigureDelegateBeanInfo> (0x0000000085b762e0) thrown at [./src/hotspot/share/classfile/systemDictionary.cpp, line 231]
Event: 14.027 Thread 0x000002117c5f3800 Exception <a 'java/lang/ClassNotFoundException'{0x0000000085bb1130}: org/gradle/api/internal/NamedDomainObjectContainerConfigureDelegateCustomizer> (0x0000000085bb1130) thrown at [./src/hotspot/share/classfile/systemDictionary.cpp, line 231]

Events (20 events):
Event: 14.025 loading class org/gradle/api/internal/NamedDomainObjectContainerConfigureDelegateBeanInfo done
Event: 14.025 loading class org/gradle/api/internal/NamedDomainObjectContainerConfigureDelegateBeanInfo
Event: 14.025 loading class org/gradle/api/internal/NamedDomainObjectContainerConfigureDelegateBeanInfo done
Event: 14.026 loading class org/gradle/api/internal/NamedDomainObjectContainerConfigureDelegateBeanInfo
Event: 14.026 loading class org/gradle/api/internal/NamedDomainObjectContainerConfigureDelegateBeanInfo done
Event: 14.026 loading class org/gradle/api/internal/NamedDomainObjectContainerConfigureDelegateCustomizer
Event: 14.026 loading class org/gradle/api/internal/NamedDomainObjectContainerConfigureDelegateCustomizer done
Event: 14.026 loading class org/gradle/api/internal/NamedDomainObjectContainerConfigureDelegateCustomizer
Event: 14.026 loading class org/gradle/api/internal/NamedDomainObjectContainerConfigureDelegateCustomizer done
Event: 14.027 loading class org/gradle/api/internal/NamedDomainObjectContainerConfigureDelegateCustomizer
Event: 14.027 loading class org/gradle/api/internal/NamedDomainObjectContainerConfigureDelegateCustomizer done
Event: 14.027 loading class org/gradle/api/internal/NamedDomainObjectContainerConfigureDelegateCustomizer
Event: 14.027 loading class org/gradle/api/internal/NamedDomainObjectContainerConfigureDelegateCustomizer done
Event: 14.029 loading class groovy/runtime/metaclass/build_8ubiru4b6odz8uviutnmabd53$_run_closure1$_closure4$_closure7MetaClass
Event: 14.029 loading class groovy/runtime/metaclass/build_8ubiru4b6odz8uviutnmabd53$_run_closure1$_closure4$_closure7MetaClass done
Event: 14.030 loading class groovy/runtime/metaclass/org/gradle/api/internal/FactoryNamedDomainObjectContainer_DecoratedMetaClass
Event: 14.030 loading class groovy/runtime/metaclass/org/gradle/api/internal/FactoryNamedDomainObjectContainer_DecoratedMetaClass done
Event: 14.040 loading class org/gradle/api/internal/FactoryNamedDomainObjectContainer_DecoratedBeanInfo
Event: 14.040 loading class org/gradle/api/internal/FactoryNamedDomainObjectContainer_DecoratedBeanInfo done
Event: 14.041 Executing VM operation: G1CollectForAllocation


Dynamic libraries:
0x00007ff6b3ad0000 - 0x00007ff6b3ada000 	C:\Program Files\Android\Android Studio\jre\bin\java.exe
0x00007fff41d50000 - 0x00007fff41f48000 	C:\WINDOWS\SYSTEM32\ntdll.dll
0x00007fff38ba0000 - 0x00007fff38bb9000 	C:\Program Files\Avast Software\Avast\aswhook.dll
0x00007fff41400000 - 0x00007fff414bf000 	C:\WINDOWS\System32\KERNEL32.DLL
0x00007fff3f490000 - 0x00007fff3f76a000 	C:\WINDOWS\System32\KERNELBASE.dll
0x00007fff3f980000 - 0x00007fff3fa80000 	C:\WINDOWS\System32\ucrtbase.dll
0x00007fff3a190000 - 0x00007fff3a1a7000 	C:\Program Files\Android\Android Studio\jre\bin\VCRUNTIME140.dll
0x00007fff3a110000 - 0x00007fff3a129000 	C:\Program Files\Android\Android Studio\jre\bin\jli.dll
0x00007fff417a0000 - 0x00007fff4193d000 	C:\WINDOWS\System32\USER32.dll
0x00007fff3fd80000 - 0x00007fff3fda2000 	C:\WINDOWS\System32\win32u.dll
0x00007fff38d80000 - 0x00007fff3901a000 	C:\WINDOWS\WinSxS\amd64_microsoft.windows.common-controls_6595b64144ccf1df_6.0.19041.1110_none_60b5254171f9507e\COMCTL32.dll
0x00007fff41c80000 - 0x00007fff41cab000 	C:\WINDOWS\System32\GDI32.dll
0x00007fff3fc00000 - 0x00007fff3fd10000 	C:\WINDOWS\System32\gdi32full.dll
0x00007fff41950000 - 0x00007fff419ee000 	C:\WINDOWS\System32\msvcrt.dll
0x00007fff3fb10000 - 0x00007fff3fbad000 	C:\WINDOWS\System32\msvcp_win.dll
0x00007fff40610000 - 0x00007fff40640000 	C:\WINDOWS\System32\IMM32.DLL
0x00007fff03f60000 - 0x00007fff03ffd000 	C:\Program Files\Android\Android Studio\jre\bin\msvcp140.dll
0x00007ffeefcb0000 - 0x00007ffef07b2000 	C:\Program Files\Android\Android Studio\jre\bin\server\jvm.dll
0x00007fff41230000 - 0x00007fff412de000 	C:\WINDOWS\System32\ADVAPI32.dll
0x00007fff3fdb0000 - 0x00007fff3fe4c000 	C:\WINDOWS\System32\sechost.dll
0x00007fff414c0000 - 0x00007fff415e6000 	C:\WINDOWS\System32\RPCRT4.dll
0x00007fff41940000 - 0x00007fff41948000 	C:\WINDOWS\System32\PSAPI.DLL
0x00007fff3a650000 - 0x00007fff3a65a000 	C:\WINDOWS\SYSTEM32\VERSION.dll
0x00007fff1bef0000 - 0x00007fff1bf17000 	C:\WINDOWS\SYSTEM32\WINMM.dll
0x00007fff250c0000 - 0x00007fff250c9000 	C:\WINDOWS\SYSTEM32\WSOCK32.dll
0x00007fff40890000 - 0x00007fff408fb000 	C:\WINDOWS\System32\WS2_32.dll
0x00007fff3d320000 - 0x00007fff3d332000 	C:\WINDOWS\SYSTEM32\kernel.appcore.dll
0x00007fff3aac0000 - 0x00007fff3aad1000 	C:\Program Files\Android\Android Studio\jre\bin\verify.dll
0x00007fff3cb70000 - 0x00007fff3cd54000 	C:\WINDOWS\SYSTEM32\DBGHELP.DLL
0x00007fff30240000 - 0x00007fff30274000 	C:\WINDOWS\SYSTEM32\dbgcore.DLL
0x00007fff3fa80000 - 0x00007fff3fb02000 	C:\WINDOWS\System32\bcryptPrimitives.dll
0x00007fff3aa90000 - 0x00007fff3aab9000 	C:\Program Files\Android\Android Studio\jre\bin\java.dll
0x00007fff3aa80000 - 0x00007fff3aa8b000 	C:\Program Files\Android\Android Studio\jre\bin\jimage.dll
0x00007fff3a680000 - 0x00007fff3a698000 	C:\Program Files\Android\Android Studio\jre\bin\zip.dll
0x00007fff3fe50000 - 0x00007fff40594000 	C:\WINDOWS\System32\SHELL32.dll
0x00007fff3d520000 - 0x00007fff3dcb3000 	C:\WINDOWS\SYSTEM32\windows.storage.dll
0x00007fff40ed0000 - 0x00007fff41224000 	C:\WINDOWS\System32\combase.dll
0x00007fff3ede0000 - 0x00007fff3ee0e000 	C:\WINDOWS\SYSTEM32\Wldp.dll
0x00007fff41350000 - 0x00007fff413fd000 	C:\WINDOWS\System32\SHCORE.dll
0x00007fff41cb0000 - 0x00007fff41d05000 	C:\WINDOWS\System32\shlwapi.dll
0x00007fff3f3a0000 - 0x00007fff3f3bf000 	C:\WINDOWS\SYSTEM32\profapi.dll
0x00007fff3a400000 - 0x00007fff3a41a000 	C:\Program Files\Android\Android Studio\jre\bin\net.dll
0x00007fff376c0000 - 0x00007fff377ca000 	C:\WINDOWS\SYSTEM32\WINHTTP.dll
0x00007fff3eb40000 - 0x00007fff3ebaa000 	C:\WINDOWS\system32\mswsock.dll
0x00007fff3a1d0000 - 0x00007fff3a1e4000 	C:\Program Files\Android\Android Studio\jre\bin\nio.dll
0x00007fff26140000 - 0x00007fff26167000 	C:\Users\HP\.gradle\native\e1d6ef7f7dcc3fd88c89a11ec53ec762bb8ba0a96d01ffa2cd45eb1d1d8dd5c5\windows-amd64\native-platform.dll
0x00007ffef9fe0000 - 0x00007ffefa124000 	C:\Users\HP\.gradle\native\0d407fdbe67a94daf76414ababcb853783967236a71b16ec16e742cd7a986fd3\windows-amd64\native-platform-file-events.dll
0x00007fff3a670000 - 0x00007fff3a67a000 	C:\Program Files\Android\Android Studio\jre\bin\management.dll
0x00007fff3a3f0000 - 0x00007fff3a3fd000 	C:\Program Files\Android\Android Studio\jre\bin\management_ext.dll
0x00007fff3ed30000 - 0x00007fff3ed48000 	C:\WINDOWS\SYSTEM32\CRYPTSP.dll
0x00007fff3e460000 - 0x00007fff3e494000 	C:\WINDOWS\system32\rsaenh.dll
0x00007fff3f460000 - 0x00007fff3f487000 	C:\WINDOWS\System32\bcrypt.dll
0x00007fff3f320000 - 0x00007fff3f34e000 	C:\WINDOWS\SYSTEM32\USERENV.dll
0x00007fff3ed50000 - 0x00007fff3ed5c000 	C:\WINDOWS\SYSTEM32\CRYPTBASE.dll
0x00007fff3e830000 - 0x00007fff3e86c000 	C:\WINDOWS\SYSTEM32\IPHLPAPI.DLL
0x00007fff405a0000 - 0x00007fff405a8000 	C:\WINDOWS\System32\NSI.dll
0x00007fff37ae0000 - 0x00007fff37af7000 	C:\WINDOWS\SYSTEM32\dhcpcsvc6.DLL
0x00007fff38450000 - 0x00007fff3846d000 	C:\WINDOWS\SYSTEM32\dhcpcsvc.DLL
0x00007fff3e870000 - 0x00007fff3e93b000 	C:\WINDOWS\SYSTEM32\DNSAPI.dll

dbghelp: loaded successfully - version: 4.0.5 - missing functions: none
symbol engine: initialized successfully - sym options: 0x614 - pdb path: .;C:\Program Files\Android\Android Studio\jre\bin;C:\WINDOWS\SYSTEM32;C:\Program Files\Avast Software\Avast;C:\WINDOWS\WinSxS\amd64_microsoft.windows.common-controls_6595b64144ccf1df_6.0.19041.1110_none_60b5254171f9507e;C:\Program Files\Android\Android Studio\jre\bin\server;C:\Users\HP\.gradle\native\e1d6ef7f7dcc3fd88c89a11ec53ec762bb8ba0a96d01ffa2cd45eb1d1d8dd5c5\windows-amd64;C:\Users\HP\.gradle\native\0d407fdbe67a94daf76414ababcb853783967236a71b16ec16e742cd7a986fd3\windows-amd64

VM Arguments:
jvm_args: --add-opens=java.base/java.util=ALL-UNNAMED --add-opens=java.base/java.lang=ALL-UNNAMED --add-opens=java.base/java.lang.invoke=ALL-UNNAMED --add-opens=java.base/java.util=ALL-UNNAMED --add-opens=java.prefs/java.util.prefs=ALL-UNNAMED --add-opens=java.prefs/java.util.prefs=ALL-UNNAMED --add-opens=java.base/java.nio.charset=ALL-UNNAMED --add-opens=java.base/java.net=ALL-UNNAMED --add-opens=java.base/java.util.concurrent.atomic=ALL-UNNAMED -Xmx2048m -Dfile.encoding=UTF-8 -Duser.country=IN -Duser.language=en -Duser.variant 
java_command: org.gradle.launcher.daemon.bootstrap.GradleDaemon 7.4
java_class_path (initial): C:\Users\HP\.gradle\wrapper\dists\gradle-7.4-bin\c0gwcg53nkjbqw7r0h0umtfvt\gradle-7.4\lib\gradle-launcher-7.4.jar
Launcher Type: SUN_STANDARD

[Global flags]
     intx CICompilerCount                          = 4                                         {product} {ergonomic}
     uint ConcGCThreads                            = 2                                         {product} {ergonomic}
     uint G1ConcRefinementThreads                  = 8                                         {product} {ergonomic}
   size_t G1HeapRegionSize                         = 1048576                                   {product} {ergonomic}
    uintx GCDrainStackTargetSize                   = 64                                        {product} {ergonomic}
   size_t InitialHeapSize                          = 100663296                                 {product} {ergonomic}
   size_t MarkStackSize                            = 4194304                                   {product} {ergonomic}
   size_t MaxHeapSize                              = 2147483648                                {product} {command line}
   size_t MaxNewSize                               = 1287651328                                {product} {ergonomic}
   size_t MinHeapDeltaBytes                        = 1048576                                   {product} {ergonomic}
    uintx NonNMethodCodeHeapSize                   = 5836300                                {pd product} {ergonomic}
    uintx NonProfiledCodeHeapSize                  = 122910970                              {pd product} {ergonomic}
    uintx ProfiledCodeHeapSize                     = 122910970                              {pd product} {ergonomic}
    uintx ReservedCodeCacheSize                    = 251658240                              {pd product} {ergonomic}
     bool SegmentedCodeCache                       = true                                      {product} {ergonomic}
     bool UseCompressedClassPointers               = true                                 {lp64_product} {ergonomic}
     bool UseCompressedOops                        = true                                 {lp64_product} {ergonomic}
     bool UseG1GC                                  = true                                      {product} {ergonomic}
     bool UseLargePagesIndividualAllocation        = false                                  {pd product} {ergonomic}

Logging:
Log output configuration:
 #0: stdout all=warning uptime,level,tags
 #1: stderr all=off uptime,level,tags

Environment Variables:
JAVA_HOME=C:\Program Files\Java\jdk-16.0.1
CLASSPATH=C:\Program Files\Apache Software Foundation\Tomcat 10.0\lib\servlet-api.jar;.;
PATH=C:\App\bin;C:\WINDOWS\system32;C:\WINDOWS;C:\WINDOWS\System32\Wbem;C:\WINDOWS\System32\WindowsPowerShell\v1.0\;C:\WINDOWS\System32\OpenSSH\;C:\Program Files\Java\jdk-16.0.1\bin;C:\Program Files\MySQL\MySQL Server 8.0\bin;C:\Program Files\MySQL\MySQL Shell 8.0\bin\;C:\Users\HP\AppData\Local\Microsoft\WindowsApps;
USERNAME=HP
OS=Windows_NT
PROCESSOR_IDENTIFIER=Intel64 Family 6 Model 142 Stepping 12, GenuineIntel



---------------  S Y S T E M  ---------------

OS: Windows 10 , 64 bit Build 19041 (10.0.19041.2788)
OS uptime: 3 days 2:07 hours

CPU:total 8 (initial active 8) (4 cores per cpu, 2 threads per core) family 6 model 142 stepping 12 microcode 0xea, cmov, cx8, fxsr, mmx, sse, sse2, sse3, ssse3, sse4.1, sse4.2, popcnt, avx, avx2, aes, clmul, erms, 3dnowpref, lzcnt, ht, tsc, tscinvbit, bmi1, bmi2, adx, fma

Memory: 4k page, system-wide physical 6054M (117M free)
TotalPageFile size 14246M (AvailPageFile size 30M)
current process WorkingSet (physical memory assigned to process): 334M, peak: 335M
current process commit charge ("private bytes"): 371M, peak: 399M

vm_info: OpenJDK 64-Bit Server VM (11.0.13+0-b1751.21-8125866) for windows-amd64 JRE (11.0.13+0-b1751.21-8125866), built on Feb  2 2022 03:00:22 by "builder" with MS VC++ 14.0 (VS2015)

END.
