#
# There is insufficient memory for the Java Runtime Environment to continue.
# Native memory allocation (malloc) failed to allocate 633376 bytes for Chunk::new
# Possible reasons:
#   The system is out of physical RAM or swap space
#   The process is running with CompressedOops enabled, and the Java Heap may be blocking the growth of the native heap
# Possible solutions:
#   Reduce memory load on the system
#   Increase physical memory or swap space
#   Check if swap backing store is full
#   Decrease Java heap size (-Xmx/-Xms)
#   Decrease number of Java threads
#   Decrease Java thread stack sizes (-Xss)
#   Set larger code cache with -XX:ReservedCodeCacheSize=
#   JVM is running with Unscaled Compressed Oops mode in which the Java heap is
#     placed in the first 4GB address space. The Java Heap base address is the
#     maximum limit for the native heap growth. Please use -XX:HeapBaseMinAddress
#     to set the Java Heap base and to place the Java Heap above 4GB virtual address.
# This output file may be truncated or incomplete.
#
#  Out of Memory Error (./src/hotspot/share/memory/arena.cpp:197), pid=14760, tid=4340
#
# JRE version: OpenJDK Runtime Environment (11.0.13) (build 11.0.13+0-b1751.21-8125866)
# Java VM: OpenJDK 64-Bit Server VM (11.0.13+0-b1751.21-8125866, mixed mode, tiered, compressed oops, g1 gc, windows-amd64)
# No core dump will be written. Minidumps are not enabled by default on client versions of Windows
#

---------------  S U M M A R Y ------------

Command Line: --add-opens=java.base/java.util=ALL-UNNAMED --add-opens=java.base/java.lang=ALL-UNNAMED --add-opens=java.base/java.lang.invoke=ALL-UNNAMED --add-opens=java.base/java.util=ALL-UNNAMED --add-opens=java.prefs/java.util.prefs=ALL-UNNAMED --add-opens=java.prefs/java.util.prefs=ALL-UNNAMED --add-opens=java.base/java.nio.charset=ALL-UNNAMED --add-opens=java.base/java.net=ALL-UNNAMED --add-opens=java.base/java.util.concurrent.atomic=ALL-UNNAMED -Xmx2048m -Dfile.encoding=UTF-8 -Duser.country=IN -Duser.language=en -Duser.variant org.gradle.launcher.daemon.bootstrap.GradleDaemon 7.4

Host: Intel(R) Core(TM) i5-8265U CPU @ 1.60GHz, 8 cores, 5G,  Windows 10 , 64 bit Build 19041 (10.0.19041.2788)
Time: Mon Apr 17 20:56:06 2023 India Standard Time elapsed time: 3.582762 seconds (0d 0h 0m 3s)

---------------  T H R E A D  ---------------

Current thread (0x00000234fcffa800):  JavaThread "C2 CompilerThread0" daemon [_thread_in_native, id=4340, stack(0x0000008e9ea00000,0x0000008e9eb00000)]


Current CompileTask:
C2:   3582 1974   !   4       java.lang.ClassLoader::loadClass (122 bytes)

Stack: [0x0000008e9ea00000,0x0000008e9eb00000]
Native frames: (J=compiled Java code, j=interpreted, Vv=VM code, C=native code)
V  [jvm.dll+0x6100fa]
V  [jvm.dll+0x747090]
V  [jvm.dll+0x7486ad]
V  [jvm.dll+0x748d83]
V  [jvm.dll+0x24ab48]
V  [jvm.dll+0xc04dc]
V  [jvm.dll+0xc0a0c]
V  [jvm.dll+0x2bfab4]
V  [jvm.dll+0x524238]
V  [jvm.dll+0x20b193]
V  [jvm.dll+0x204ca0]
V  [jvm.dll+0x2023c2]
V  [jvm.dll+0x188e01]
V  [jvm.dll+0x21106b]
V  [jvm.dll+0x20f8c1]
V  [jvm.dll+0x70de0f]
V  [jvm.dll+0x706a75]
V  [jvm.dll+0x60ed66]
C  [ucrtbase.dll+0x21bb2]
C  [KERNEL32.DLL+0x17604]
C  [ntdll.dll+0x526a1]


---------------  P R O C E S S  ---------------

Threads class SMR info:
_java_thread_list=0x0000023480518a60, length=23, elements={
0x00000234e2b41800, 0x00000234fcfdb000, 0x00000234fcfdc800, 0x00000234fcff4800,
0x00000234fcff5000, 0x00000234fcff7800, 0x00000234fcffa800, 0x00000234fd004000,
0x00000234fd00c000, 0x00000234fdac6800, 0x0000023480389000, 0x000002348052a800,
0x0000023480299000, 0x0000023480caf000, 0x000002348076e800, 0x0000023480431800,
0x0000023480d7d000, 0x0000023480768000, 0x000002348059f000, 0x00000234802fb800,
0x0000023480cc9800, 0x0000023480cc9000, 0x0000023480cca800
}

Java Threads: ( => current thread )
  0x00000234e2b41800 JavaThread "main" [_thread_blocked, id=12104, stack(0x0000008e9de00000,0x0000008e9df00000)]
  0x00000234fcfdb000 JavaThread "Reference Handler" daemon [_thread_blocked, id=5220, stack(0x0000008e9e500000,0x0000008e9e600000)]
  0x00000234fcfdc800 JavaThread "Finalizer" daemon [_thread_blocked, id=5716, stack(0x0000008e9e600000,0x0000008e9e700000)]
  0x00000234fcff4800 JavaThread "Signal Dispatcher" daemon [_thread_blocked, id=4876, stack(0x0000008e9e700000,0x0000008e9e800000)]
  0x00000234fcff5000 JavaThread "Attach Listener" daemon [_thread_blocked, id=18648, stack(0x0000008e9e800000,0x0000008e9e900000)]
  0x00000234fcff7800 JavaThread "Service Thread" daemon [_thread_blocked, id=14180, stack(0x0000008e9e900000,0x0000008e9ea00000)]
=>0x00000234fcffa800 JavaThread "C2 CompilerThread0" daemon [_thread_in_native, id=4340, stack(0x0000008e9ea00000,0x0000008e9eb00000)]
  0x00000234fd004000 JavaThread "C1 CompilerThread0" daemon [_thread_in_native, id=3908, stack(0x0000008e9eb00000,0x0000008e9ec00000)]
  0x00000234fd00c000 JavaThread "Sweeper thread" daemon [_thread_blocked, id=12368, stack(0x0000008e9ec00000,0x0000008e9ed00000)]
  0x00000234fdac6800 JavaThread "Common-Cleaner" daemon [_thread_blocked, id=17568, stack(0x0000008e9ed00000,0x0000008e9ee00000)]
  0x0000023480389000 JavaThread "Daemon health stats" [_thread_blocked, id=19352, stack(0x0000008e9f000000,0x0000008e9f100000)]
  0x000002348052a800 JavaThread "Incoming local TCP Connector on port 65054" [_thread_in_native, id=12472, stack(0x0000008e9f400000,0x0000008e9f500000)]
  0x0000023480299000 JavaThread "Daemon periodic checks" [_thread_blocked, id=19436, stack(0x0000008e9f500000,0x0000008e9f600000)]
  0x0000023480caf000 JavaThread "Daemon" [_thread_blocked, id=17396, stack(0x0000008e9f600000,0x0000008e9f700000)]
  0x000002348076e800 JavaThread "Handler for socket connection from /127.0.0.1:65054 to /127.0.0.1:65055" [_thread_in_native, id=632, stack(0x0000008e9f700000,0x0000008e9f800000)]
  0x0000023480431800 JavaThread "Cancel handler" [_thread_blocked, id=12548, stack(0x0000008e9f800000,0x0000008e9f900000)]
  0x0000023480d7d000 JavaThread "Daemon worker" [_thread_in_Java, id=8300, stack(0x0000008e9f900000,0x0000008e9fa00000)]
  0x0000023480768000 JavaThread "Asynchronous log dispatcher for DefaultDaemonConnection: socket connection from /127.0.0.1:65054 to /127.0.0.1:65055" [_thread_blocked, id=15000, stack(0x0000008e9fa00000,0x0000008e9fb00000)]
  0x000002348059f000 JavaThread "Stdin handler" [_thread_blocked, id=12780, stack(0x0000008e9fb00000,0x0000008e9fc00000)]
  0x00000234802fb800 JavaThread "Daemon client event forwarder" [_thread_blocked, id=19444, stack(0x0000008e9fc00000,0x0000008e9fd00000)]
  0x0000023480cc9800 JavaThread "Cache worker for journal cache (C:\Users\HP\.gradle\caches\journal-1)" [_thread_blocked, id=12120, stack(0x0000008ea0100000,0x0000008ea0200000)]
  0x0000023480cc9000 JavaThread "File lock request listener" [_thread_in_native, id=13560, stack(0x0000008ea0200000,0x0000008ea0300000)]
  0x0000023480cca800 JavaThread "Cache worker for file hash cache (C:\Users\HP\.gradle\caches\7.4\fileHashes)" [_thread_blocked, id=2144, stack(0x0000008ea0300000,0x0000008ea0400000)]

Other Threads:
  0x00000234fcfd9000 VMThread "VM Thread" [stack: 0x0000008e9e400000,0x0000008e9e500000] [id=2608]
  0x00000234fdadf800 WatcherThread [stack: 0x0000008e9ee00000,0x0000008e9ef00000] [id=3900]
  0x00000234e2b5c000 GCTaskThread "GC Thread#0" [stack: 0x0000008e9df00000,0x0000008e9e000000] [id=10704]
  0x00000234fe450000 GCTaskThread "GC Thread#1" [stack: 0x0000008e9ef00000,0x0000008e9f000000] [id=16936]
  0x0000023480437800 GCTaskThread "GC Thread#2" [stack: 0x0000008e9f100000,0x0000008e9f200000] [id=5000]
  0x00000234ff3da800 GCTaskThread "GC Thread#3" [stack: 0x0000008e9f200000,0x0000008e9f300000] [id=10576]
  0x00000234802e6000 GCTaskThread "GC Thread#4" [stack: 0x0000008e9fd00000,0x0000008e9fe00000] [id=13972]
  0x000002348054b000 GCTaskThread "GC Thread#5" [stack: 0x0000008e9fe00000,0x0000008e9ff00000] [id=18556]
  0x000002348054c000 GCTaskThread "GC Thread#6" [stack: 0x0000008e9ff00000,0x0000008ea0000000] [id=2668]
  0x000002348057a800 GCTaskThread "GC Thread#7" [stack: 0x0000008ea0000000,0x0000008ea0100000] [id=13068]
  0x00000234e2b8d800 ConcurrentGCThread "G1 Main Marker" [stack: 0x0000008e9e000000,0x0000008e9e100000] [id=4960]
  0x00000234e2b8f000 ConcurrentGCThread "G1 Conc#0" [stack: 0x0000008e9e100000,0x0000008e9e200000] [id=18096]
  0x000002348059d800 ConcurrentGCThread "G1 Conc#1" [stack: 0x0000008ea0400000,0x0000008ea0500000] [id=18768]
  0x00000234e2c15000 ConcurrentGCThread "G1 Refine#0" [stack: 0x0000008e9e200000,0x0000008e9e300000] [id=12152]
  0x00000234ff259800 ConcurrentGCThread "G1 Refine#1" [stack: 0x0000008e9f300000,0x0000008e9f400000] [id=17592]
  0x00000234e2c16000 ConcurrentGCThread "G1 Young RemSet Sampling" [stack: 0x0000008e9e300000,0x0000008e9e400000] [id=14296]

Threads with active compile tasks:
C2 CompilerThread0   3613 1974   !   4       java.lang.ClassLoader::loadClass (122 bytes)
C1 CompilerThread0   3613 2008       3       sun.reflect.generics.factory.CoreReflectionFactory::getDeclsLoader (85 bytes)

VM state:not at safepoint (normal execution)

VM Mutex/Monitor currently owned by a thread: None

Heap address: 0x0000000080000000, size: 2048 MB, Compressed Oops mode: 32-bit
Narrow klass base: 0x0000000000000000, Narrow klass shift: 3
Compressed class space size: 1073741824 Address: 0x0000000100000000

Heap:
 garbage-first heap   total 98304K, used 38707K [0x0000000080000000, 0x0000000100000000)
  region size 1024K, 26 young (26624K), 3 survivors (3072K)
 Metaspace       used 22700K, capacity 23248K, committed 23548K, reserved 1069056K
  class space    used 2883K, capacity 3102K, committed 3200K, reserved 1048576K
Heap Regions: E=young(eden), S=young(survivor), O=old, HS=humongous(starts), HC=humongous(continues), CS=collection set, F=free, A=archive, TAMS=top-at-mark-start (previous, next)
|   0|0x0000000080000000, 0x0000000080100000, 0x0000000080100000|100%| O|  |TAMS 0x0000000080100000, 0x0000000080000000| Untracked 
|   1|0x0000000080100000, 0x0000000080200000, 0x0000000080200000|100%| O|  |TAMS 0x0000000080200000, 0x0000000080100000| Untracked 
|   2|0x0000000080200000, 0x0000000080300000, 0x0000000080300000|100%| O|  |TAMS 0x0000000080300000, 0x0000000080200000| Untracked 
|   3|0x0000000080300000, 0x0000000080400000, 0x0000000080400000|100%|HS|  |TAMS 0x0000000080400000, 0x0000000080300000| Complete 
|   4|0x0000000080400000, 0x0000000080500000, 0x0000000080500000|100%|HC|  |TAMS 0x0000000080500000, 0x0000000080400000| Complete 
|   5|0x0000000080500000, 0x0000000080600000, 0x0000000080600000|100%|HC|  |TAMS 0x0000000080600000, 0x0000000080500000| Complete 
|   6|0x0000000080600000, 0x0000000080700000, 0x0000000080700000|100%| O|  |TAMS 0x0000000080700000, 0x0000000080600000| Untracked 
|   7|0x0000000080700000, 0x0000000080800000, 0x0000000080800000|100%| O|  |TAMS 0x0000000080800000, 0x0000000080700000| Untracked 
|   8|0x0000000080800000, 0x0000000080900000, 0x0000000080900000|100%| O|  |TAMS 0x0000000080900000, 0x0000000080800000| Untracked 
|   9|0x0000000080900000, 0x0000000080a00000, 0x0000000080a00000|100%| O|  |TAMS 0x0000000080a00000, 0x0000000080900000| Untracked 
|  10|0x0000000080a00000, 0x0000000080b00000, 0x0000000080b00000|100%| O|  |TAMS 0x0000000080b00000, 0x0000000080a00000| Untracked 
|  11|0x0000000080b00000, 0x0000000080c00000, 0x0000000080c00000|100%| O|  |TAMS 0x0000000080c00000, 0x0000000080b00000| Untracked 
|  12|0x0000000080c00000, 0x0000000080d00000, 0x0000000080d00000|100%| O|  |TAMS 0x0000000080d00000, 0x0000000080c00000| Untracked 
|  13|0x0000000080d00000, 0x0000000080e00000, 0x0000000080e00000|100%| O|  |TAMS 0x0000000080e00000, 0x0000000080d00000| Untracked 
|  14|0x0000000080e00000, 0x0000000080e96000, 0x0000000080f00000| 58%| O|  |TAMS 0x0000000080e96000, 0x0000000080e00000| Untracked 
|  15|0x0000000080f00000, 0x0000000080f00000, 0x0000000081000000|  0%| F|  |TAMS 0x0000000080f00000, 0x0000000080f00000| Untracked 
|  16|0x0000000081000000, 0x0000000081000000, 0x0000000081100000|  0%| F|  |TAMS 0x0000000081000000, 0x0000000081000000| Untracked 
|  17|0x0000000081100000, 0x0000000081100000, 0x0000000081200000|  0%| F|  |TAMS 0x0000000081100000, 0x0000000081100000| Untracked 
|  18|0x0000000081200000, 0x0000000081200000, 0x0000000081300000|  0%| F|  |TAMS 0x0000000081200000, 0x0000000081200000| Untracked 
|  19|0x0000000081300000, 0x0000000081300000, 0x0000000081400000|  0%| F|  |TAMS 0x0000000081300000, 0x0000000081300000| Untracked 
|  20|0x0000000081400000, 0x0000000081400000, 0x0000000081500000|  0%| F|  |TAMS 0x0000000081400000, 0x0000000081400000| Untracked 
|  21|0x0000000081500000, 0x0000000081500000, 0x0000000081600000|  0%| F|  |TAMS 0x0000000081500000, 0x0000000081500000| Untracked 
|  22|0x0000000081600000, 0x0000000081600000, 0x0000000081700000|  0%| F|  |TAMS 0x0000000081600000, 0x0000000081600000| Untracked 
|  23|0x0000000081700000, 0x0000000081700000, 0x0000000081800000|  0%| F|  |TAMS 0x0000000081700000, 0x0000000081700000| Untracked 
|  24|0x0000000081800000, 0x0000000081800000, 0x0000000081900000|  0%| F|  |TAMS 0x0000000081800000, 0x0000000081800000| Untracked 
|  25|0x0000000081900000, 0x0000000081900000, 0x0000000081a00000|  0%| F|  |TAMS 0x0000000081900000, 0x0000000081900000| Untracked 
|  26|0x0000000081a00000, 0x0000000081a00000, 0x0000000081b00000|  0%| F|  |TAMS 0x0000000081a00000, 0x0000000081a00000| Untracked 
|  27|0x0000000081b00000, 0x0000000081b00000, 0x0000000081c00000|  0%| F|  |TAMS 0x0000000081b00000, 0x0000000081b00000| Untracked 
|  28|0x0000000081c00000, 0x0000000081c00000, 0x0000000081d00000|  0%| F|  |TAMS 0x0000000081c00000, 0x0000000081c00000| Untracked 
|  29|0x0000000081d00000, 0x0000000081d00000, 0x0000000081e00000|  0%| F|  |TAMS 0x0000000081d00000, 0x0000000081d00000| Untracked 
|  30|0x0000000081e00000, 0x0000000081e00000, 0x0000000081f00000|  0%| F|  |TAMS 0x0000000081e00000, 0x0000000081e00000| Untracked 
|  31|0x0000000081f00000, 0x0000000081f00000, 0x0000000082000000|  0%| F|  |TAMS 0x0000000081f00000, 0x0000000081f00000| Untracked 
|  32|0x0000000082000000, 0x0000000082000000, 0x0000000082100000|  0%| F|  |TAMS 0x0000000082000000, 0x0000000082000000| Untracked 
|  33|0x0000000082100000, 0x0000000082100000, 0x0000000082200000|  0%| F|  |TAMS 0x0000000082100000, 0x0000000082100000| Untracked 
|  34|0x0000000082200000, 0x0000000082200000, 0x0000000082300000|  0%| F|  |TAMS 0x0000000082200000, 0x0000000082200000| Untracked 
|  35|0x0000000082300000, 0x0000000082300000, 0x0000000082400000|  0%| F|  |TAMS 0x0000000082300000, 0x0000000082300000| Untracked 
|  36|0x0000000082400000, 0x0000000082400000, 0x0000000082500000|  0%| F|  |TAMS 0x0000000082400000, 0x0000000082400000| Untracked 
|  37|0x0000000082500000, 0x0000000082500000, 0x0000000082600000|  0%| F|  |TAMS 0x0000000082500000, 0x0000000082500000| Untracked 
|  38|0x0000000082600000, 0x0000000082600000, 0x0000000082700000|  0%| F|  |TAMS 0x0000000082600000, 0x0000000082600000| Untracked 
|  39|0x0000000082700000, 0x0000000082700000, 0x0000000082800000|  0%| F|  |TAMS 0x0000000082700000, 0x0000000082700000| Untracked 
|  40|0x0000000082800000, 0x0000000082800000, 0x0000000082900000|  0%| F|  |TAMS 0x0000000082800000, 0x0000000082800000| Untracked 
|  41|0x0000000082900000, 0x0000000082900000, 0x0000000082a00000|  0%| F|  |TAMS 0x0000000082900000, 0x0000000082900000| Untracked 
|  42|0x0000000082a00000, 0x0000000082a00000, 0x0000000082b00000|  0%| F|  |TAMS 0x0000000082a00000, 0x0000000082a00000| Untracked 
|  43|0x0000000082b00000, 0x0000000082b00000, 0x0000000082c00000|  0%| F|  |TAMS 0x0000000082b00000, 0x0000000082b00000| Untracked 
|  44|0x0000000082c00000, 0x0000000082c00000, 0x0000000082d00000|  0%| F|  |TAMS 0x0000000082c00000, 0x0000000082c00000| Untracked 
|  45|0x0000000082d00000, 0x0000000082d00000, 0x0000000082e00000|  0%| F|  |TAMS 0x0000000082d00000, 0x0000000082d00000| Untracked 
|  46|0x0000000082e00000, 0x0000000082e00000, 0x0000000082f00000|  0%| F|  |TAMS 0x0000000082e00000, 0x0000000082e00000| Untracked 
|  47|0x0000000082f00000, 0x0000000082f00000, 0x0000000083000000|  0%| F|  |TAMS 0x0000000082f00000, 0x0000000082f00000| Untracked 
|  48|0x0000000083000000, 0x0000000083000000, 0x0000000083100000|  0%| F|  |TAMS 0x0000000083000000, 0x0000000083000000| Untracked 
|  49|0x0000000083100000, 0x0000000083100000, 0x0000000083200000|  0%| F|  |TAMS 0x0000000083100000, 0x0000000083100000| Untracked 
|  50|0x0000000083200000, 0x0000000083200000, 0x0000000083300000|  0%| F|  |TAMS 0x0000000083200000, 0x0000000083200000| Untracked 
|  51|0x0000000083300000, 0x0000000083300000, 0x0000000083400000|  0%| F|  |TAMS 0x0000000083300000, 0x0000000083300000| Untracked 
|  52|0x0000000083400000, 0x0000000083400000, 0x0000000083500000|  0%| F|  |TAMS 0x0000000083400000, 0x0000000083400000| Untracked 
|  53|0x0000000083500000, 0x0000000083500000, 0x0000000083600000|  0%| F|  |TAMS 0x0000000083500000, 0x0000000083500000| Untracked 
|  54|0x0000000083600000, 0x0000000083600000, 0x0000000083700000|  0%| F|  |TAMS 0x0000000083600000, 0x0000000083600000| Untracked 
|  55|0x0000000083700000, 0x0000000083700000, 0x0000000083800000|  0%| F|  |TAMS 0x0000000083700000, 0x0000000083700000| Untracked 
|  56|0x0000000083800000, 0x0000000083800000, 0x0000000083900000|  0%| F|  |TAMS 0x0000000083800000, 0x0000000083800000| Untracked 
|  57|0x0000000083900000, 0x0000000083900000, 0x0000000083a00000|  0%| F|  |TAMS 0x0000000083900000, 0x0000000083900000| Untracked 
|  58|0x0000000083a00000, 0x0000000083a00000, 0x0000000083b00000|  0%| F|  |TAMS 0x0000000083a00000, 0x0000000083a00000| Untracked 
|  59|0x0000000083b00000, 0x0000000083b00000, 0x0000000083c00000|  0%| F|  |TAMS 0x0000000083b00000, 0x0000000083b00000| Untracked 
|  60|0x0000000083c00000, 0x0000000083c00000, 0x0000000083d00000|  0%| F|  |TAMS 0x0000000083c00000, 0x0000000083c00000| Untracked 
|  61|0x0000000083d00000, 0x0000000083d00000, 0x0000000083e00000|  0%| F|  |TAMS 0x0000000083d00000, 0x0000000083d00000| Untracked 
|  62|0x0000000083e00000, 0x0000000083e00000, 0x0000000083f00000|  0%| F|  |TAMS 0x0000000083e00000, 0x0000000083e00000| Untracked 
|  63|0x0000000083f00000, 0x0000000083f00000, 0x0000000084000000|  0%| F|  |TAMS 0x0000000083f00000, 0x0000000083f00000| Untracked 
|  64|0x0000000084000000, 0x0000000084036c80, 0x0000000084100000| 21%| S|CS|TAMS 0x0000000084000000, 0x0000000084000000| Complete 
|  65|0x0000000084100000, 0x0000000084200000, 0x0000000084200000|100%| S|CS|TAMS 0x0000000084100000, 0x0000000084100000| Complete 
|  66|0x0000000084200000, 0x0000000084300000, 0x0000000084300000|100%| S|CS|TAMS 0x0000000084200000, 0x0000000084200000| Complete 
|  67|0x0000000084300000, 0x0000000084300000, 0x0000000084400000|  0%| F|  |TAMS 0x0000000084300000, 0x0000000084300000| Untracked 
|  68|0x0000000084400000, 0x0000000084400000, 0x0000000084500000|  0%| F|  |TAMS 0x0000000084400000, 0x0000000084400000| Untracked 
|  69|0x0000000084500000, 0x0000000084500000, 0x0000000084600000|  0%| F|  |TAMS 0x0000000084500000, 0x0000000084500000| Untracked 
|  70|0x0000000084600000, 0x0000000084600000, 0x0000000084700000|  0%| F|  |TAMS 0x0000000084600000, 0x0000000084600000| Untracked 
|  71|0x0000000084700000, 0x0000000084700000, 0x0000000084800000|  0%| F|  |TAMS 0x0000000084700000, 0x0000000084700000| Untracked 
|  72|0x0000000084800000, 0x0000000084800000, 0x0000000084900000|  0%| F|  |TAMS 0x0000000084800000, 0x0000000084800000| Untracked 
|  73|0x0000000084900000, 0x000000008497c358, 0x0000000084a00000| 48%| E|  |TAMS 0x0000000084900000, 0x0000000084900000| Complete 
|  74|0x0000000084a00000, 0x0000000084b00000, 0x0000000084b00000|100%| E|CS|TAMS 0x0000000084a00000, 0x0000000084a00000| Complete 
|  75|0x0000000084b00000, 0x0000000084c00000, 0x0000000084c00000|100%| E|CS|TAMS 0x0000000084b00000, 0x0000000084b00000| Complete 
|  76|0x0000000084c00000, 0x0000000084d00000, 0x0000000084d00000|100%| E|CS|TAMS 0x0000000084c00000, 0x0000000084c00000| Complete 
|  77|0x0000000084d00000, 0x0000000084e00000, 0x0000000084e00000|100%| E|CS|TAMS 0x0000000084d00000, 0x0000000084d00000| Complete 
|  78|0x0000000084e00000, 0x0000000084f00000, 0x0000000084f00000|100%| E|CS|TAMS 0x0000000084e00000, 0x0000000084e00000| Complete 
|  79|0x0000000084f00000, 0x0000000085000000, 0x0000000085000000|100%| E|CS|TAMS 0x0000000084f00000, 0x0000000084f00000| Complete 
|  80|0x0000000085000000, 0x0000000085100000, 0x0000000085100000|100%| E|CS|TAMS 0x0000000085000000, 0x0000000085000000| Complete 
|  81|0x0000000085100000, 0x0000000085200000, 0x0000000085200000|100%| E|CS|TAMS 0x0000000085100000, 0x0000000085100000| Complete 
|  82|0x0000000085200000, 0x0000000085300000, 0x0000000085300000|100%| E|CS|TAMS 0x0000000085200000, 0x0000000085200000| Complete 
|  83|0x0000000085300000, 0x0000000085400000, 0x0000000085400000|100%| E|CS|TAMS 0x0000000085300000, 0x0000000085300000| Complete 
|  84|0x0000000085400000, 0x0000000085500000, 0x0000000085500000|100%| E|CS|TAMS 0x0000000085400000, 0x0000000085400000| Complete 
|  85|0x0000000085500000, 0x0000000085600000, 0x0000000085600000|100%| E|  |TAMS 0x0000000085500000, 0x0000000085500000| Complete 
|  86|0x0000000085600000, 0x0000000085700000, 0x0000000085700000|100%| E|CS|TAMS 0x0000000085600000, 0x0000000085600000| Complete 
|  87|0x0000000085700000, 0x0000000085800000, 0x0000000085800000|100%| E|CS|TAMS 0x0000000085700000, 0x0000000085700000| Complete 
|  88|0x0000000085800000, 0x0000000085900000, 0x0000000085900000|100%| E|CS|TAMS 0x0000000085800000, 0x0000000085800000| Complete 
|  89|0x0000000085900000, 0x0000000085a00000, 0x0000000085a00000|100%| E|CS|TAMS 0x0000000085900000, 0x0000000085900000| Complete 
|  90|0x0000000085a00000, 0x0000000085b00000, 0x0000000085b00000|100%| E|CS|TAMS 0x0000000085a00000, 0x0000000085a00000| Complete 
|  91|0x0000000085b00000, 0x0000000085c00000, 0x0000000085c00000|100%| E|CS|TAMS 0x0000000085b00000, 0x0000000085b00000| Complete 
|  92|0x0000000085c00000, 0x0000000085d00000, 0x0000000085d00000|100%| E|CS|TAMS 0x0000000085c00000, 0x0000000085c00000| Complete 
|  93|0x0000000085d00000, 0x0000000085e00000, 0x0000000085e00000|100%| E|CS|TAMS 0x0000000085d00000, 0x0000000085d00000| Complete 
|  94|0x0000000085e00000, 0x0000000085f00000, 0x0000000085f00000|100%| E|CS|TAMS 0x0000000085e00000, 0x0000000085e00000| Complete 
|  95|0x0000000085f00000, 0x0000000086000000, 0x0000000086000000|100%| E|CS|TAMS 0x0000000085f00000, 0x0000000085f00000| Complete 

Card table byte_map: [0x00000234f5d90000,0x00000234f6190000] _byte_map_base: 0x00000234f5990000

Marking Bits (Prev, Next): (CMBitMap*) 0x00000234e2b84c50, (CMBitMap*) 0x00000234e2b84c18
 Prev Bits: [0x00000234f8590000, 0x00000234fa590000)
 Next Bits: [0x00000234f6590000, 0x00000234f8590000)

Polling page: 0x00000234e2320000

Metaspace:

Usage:
  Non-class:     19.68 MB capacity,    19.37 MB ( 98%) used,   272.92 KB (  1%) free+waste,    38.81 KB ( <1%) overhead. 
      Class:      3.03 MB capacity,     2.82 MB ( 93%) used,   197.63 KB (  6%) free+waste,    19.44 KB ( <1%) overhead. 
       Both:     22.71 MB capacity,    22.19 MB ( 98%) used,   470.55 KB (  2%) free+waste,    58.25 KB ( <1%) overhead. 

Virtual space:
  Non-class space:       20.00 MB reserved,      19.87 MB (>99%) committed 
      Class space:        1.00 GB reserved,       3.13 MB ( <1%) committed 
             Both:        1.02 GB reserved,      23.00 MB (  2%) committed 

Chunk freelists:
   Non-Class:  9.00 KB
       Class:  1.00 KB
        Both:  10.00 KB

MaxMetaspaceSize: 17179869184.00 GB
CompressedClassSpaceSize: 1.00 GB
Initial GC threshold: 20.80 MB
Current GC threshold: 35.20 MB
CDS: off

CodeHeap 'non-profiled nmethods': size=120000Kb used=845Kb max_used=845Kb free=119154Kb
 bounds [0x00000234ee130000, 0x00000234ee3a0000, 0x00000234f5660000]
CodeHeap 'profiled nmethods': size=120000Kb used=3959Kb max_used=3959Kb free=116040Kb
 bounds [0x00000234e6c00000, 0x00000234e6fe0000, 0x00000234ee130000]
CodeHeap 'non-nmethods': size=5760Kb used=1209Kb max_used=1225Kb free=4550Kb
 bounds [0x00000234e6660000, 0x00000234e68d0000, 0x00000234e6c00000]
 total_blobs=2454 nmethods=1971 adapters=395
 compilation: enabled
              stopped_count=0, restarted_count=0
 full_count=0

Compilation events (20 events):
Event: 3.542 Thread 0x00000234fd004000 1978       3       org.gradle.internal.service.DefaultServiceMethodFactory::toServiceMethod (11 bytes)
Event: 3.543 Thread 0x00000234fd004000 nmethod 1978 0x00000234e6fc7f10 code [0x00000234e6fc80c0, 0x00000234e6fc8288]
Event: 3.543 Thread 0x00000234fd004000 1979   !   3       org.gradle.internal.service.MethodHandleBasedServiceMethodFactory::toServiceMethod (51 bytes)
Event: 3.545 Thread 0x00000234fd004000 nmethod 1979 0x00000234e6fc8390 code [0x00000234e6fc8700, 0x00000234e6fc9c68]
Event: 3.545 Thread 0x00000234fd004000 1980       3       java.lang.reflect.Method::getGenericParameterTypes (5 bytes)
Event: 3.546 Thread 0x00000234fd004000 nmethod 1980 0x00000234e6fca390 code [0x00000234e6fca660, 0x00000234e6fcb6b8]
Event: 3.546 Thread 0x00000234fd004000 1981       3       java.lang.reflect.Method::hasGenericInformation (13 bytes)
Event: 3.547 Thread 0x00000234fd004000 nmethod 1981 0x00000234e6fcbb90 code [0x00000234e6fcbd40, 0x00000234e6fcbeb8]
Event: 3.547 Thread 0x00000234fd004000 1982       3       org.gradle.internal.service.AbstractServiceMethod::<init> (42 bytes)
Event: 3.549 Thread 0x00000234fd004000 nmethod 1982 0x00000234e6fcbf90 code [0x00000234e6fcc300, 0x00000234e6fcde28]
Event: 3.551 Thread 0x00000234fd004000 1984       3       java.util.LinkedList$ListItr::<init> (47 bytes)
Event: 3.551 Thread 0x00000234fd004000 nmethod 1984 0x00000234e6fce610 code [0x00000234e6fce7e0, 0x00000234e6fceac8]
Event: 3.565 Thread 0x00000234fd004000 1987  s    3       java.io.DataOutputStream::write (16 bytes)
Event: 3.566 Thread 0x00000234fd004000 nmethod 1987 0x00000234e6fcec10 code [0x00000234e6fcede0, 0x00000234e6fcf1c8]
Event: 3.571 Thread 0x00000234fd004000 1988       3       jdk.internal.reflect.ReflectionFactory::copyConstructor (10 bytes)
Event: 3.572 Thread 0x00000234fd004000 nmethod 1988 0x00000234e6fcf310 code [0x00000234e6fcf500, 0x00000234e6fcf808]
Event: 3.572 Thread 0x00000234fd004000 1989       3       java.lang.reflect.ReflectAccess::copyConstructor (5 bytes)
Event: 3.572 Thread 0x00000234fd004000 nmethod 1989 0x00000234e6fcf990 code [0x00000234e6fcfb40, 0x00000234e6fcfc68]
Event: 3.572 Thread 0x00000234fd004000 1990       3       java.lang.Class::privateGetDeclaredConstructors (79 bytes)
Event: 3.572 Thread 0x00000234fd004000 nmethod 1990 0x00000234e6fcfd10 code [0x00000234e6fcff20, 0x00000234e6fd0428]

GC Heap History (8 events):
Event: 0.716 GC heap before
{Heap before GC invocations=0 (full 0):
 garbage-first heap   total 98304K, used 29696K [0x0000000080000000, 0x0000000100000000)
  region size 1024K, 24 young (24576K), 0 survivors (0K)
 Metaspace       used 10176K, capacity 10333K, committed 10624K, reserved 1058816K
  class space    used 1047K, capacity 1108K, committed 1152K, reserved 1048576K
}
Event: 0.723 GC heap after
{Heap after GC invocations=1 (full 0):
 garbage-first heap   total 98304K, used 9295K [0x0000000080000000, 0x0000000100000000)
  region size 1024K, 3 young (3072K), 3 survivors (3072K)
 Metaspace       used 10176K, capacity 10333K, committed 10624K, reserved 1058816K
  class space    used 1047K, capacity 1108K, committed 1152K, reserved 1048576K
}
Event: 1.585 GC heap before
{Heap before GC invocations=1 (full 0):
 garbage-first heap   total 98304K, used 64591K [0x0000000080000000, 0x0000000100000000)
  region size 1024K, 57 young (58368K), 3 survivors (3072K)
 Metaspace       used 13469K, capacity 13821K, committed 13952K, reserved 1060864K
  class space    used 1470K, capacity 1591K, committed 1664K, reserved 1048576K
}
Event: 1.595 GC heap after
{Heap after GC invocations=2 (full 0):
 garbage-first heap   total 98304K, used 15696K [0x0000000080000000, 0x0000000100000000)
  region size 1024K, 8 young (8192K), 8 survivors (8192K)
 Metaspace       used 13469K, capacity 13821K, committed 13952K, reserved 1060864K
  class space    used 1470K, capacity 1591K, committed 1664K, reserved 1048576K
}
Event: 2.839 GC heap before
{Heap before GC invocations=2 (full 0):
 garbage-first heap   total 98304K, used 34128K [0x0000000080000000, 0x0000000100000000)
  region size 1024K, 26 young (26624K), 8 survivors (8192K)
 Metaspace       used 17650K, capacity 18041K, committed 18176K, reserved 1064960K
  class space    used 2063K, capacity 2211K, committed 2304K, reserved 1048576K
}
Event: 2.849 GC heap after
{Heap after GC invocations=3 (full 0):
 garbage-first heap   total 98304K, used 16363K [0x0000000080000000, 0x0000000100000000)
  region size 1024K, 2 young (2048K), 2 survivors (2048K)
 Metaspace       used 17650K, capacity 18041K, committed 18176K, reserved 1064960K
  class space    used 2063K, capacity 2211K, committed 2304K, reserved 1048576K
}
Event: 3.302 GC heap before
{Heap before GC invocations=3 (full 0):
 garbage-first heap   total 98304K, used 42987K [0x0000000080000000, 0x0000000100000000)
  region size 1024K, 29 young (29696K), 2 survivors (2048K)
 Metaspace       used 20788K, capacity 21193K, committed 21296K, reserved 1069056K
  class space    used 2532K, capacity 2688K, committed 2688K, reserved 1048576K
}
Event: 3.308 GC heap after
{Heap after GC invocations=4 (full 0):
 garbage-first heap   total 98304K, used 17203K [0x0000000080000000, 0x0000000100000000)
  region size 1024K, 3 young (3072K), 3 survivors (3072K)
 Metaspace       used 20788K, capacity 21193K, committed 21296K, reserved 1069056K
  class space    used 2532K, capacity 2688K, committed 2688K, reserved 1048576K
}

Deoptimization events (20 events):
Event: 1.651 Thread 0x00000234e2b41800 DEOPT PACKING pc=0x00000234ee19a4a4 sp=0x0000008e9defcbd0
Event: 1.651 Thread 0x00000234e2b41800 DEOPT UNPACKING pc=0x00000234e66aa1af sp=0x0000008e9defcb00 mode 2
Event: 2.620 Thread 0x0000023480caf000 DEOPT PACKING pc=0x00000234e6c9dfff sp=0x0000008e9f6fc700
Event: 2.620 Thread 0x0000023480caf000 DEOPT UNPACKING pc=0x00000234e66aa95e sp=0x0000008e9f6fbb50 mode 0
Event: 2.686 Thread 0x0000023480d7d000 Uncommon trap: trap_request=0xffffffc6 fr.pc=0x00000234ee1cd030 relative=0x00000000000009b0
Event: 2.686 Thread 0x0000023480d7d000 Uncommon trap: reason=bimorphic_or_optimized_type_check action=maybe_recompile pc=0x00000234ee1cd030 method=java.util.HashMap.putVal(ILjava/lang/Object;Ljava/lang/Object;ZZ)Ljava/lang/Object; @ 253 c2
Event: 2.686 Thread 0x0000023480d7d000 DEOPT PACKING pc=0x00000234ee1cd030 sp=0x0000008e9f9feba0
Event: 2.686 Thread 0x0000023480d7d000 DEOPT UNPACKING pc=0x00000234e66aa1af sp=0x0000008e9f9feb30 mode 2
Event: 2.686 Thread 0x0000023480d7d000 Uncommon trap: trap_request=0xffffffc6 fr.pc=0x00000234ee1cd030 relative=0x00000000000009b0
Event: 2.686 Thread 0x0000023480d7d000 Uncommon trap: reason=bimorphic_or_optimized_type_check action=maybe_recompile pc=0x00000234ee1cd030 method=java.util.HashMap.putVal(ILjava/lang/Object;Ljava/lang/Object;ZZ)Ljava/lang/Object; @ 253 c2
Event: 2.686 Thread 0x0000023480d7d000 DEOPT PACKING pc=0x00000234ee1cd030 sp=0x0000008e9f9fec90
Event: 2.686 Thread 0x0000023480d7d000 DEOPT UNPACKING pc=0x00000234e66aa1af sp=0x0000008e9f9fec20 mode 2
Event: 3.261 Thread 0x0000023480d7d000 Uncommon trap: trap_request=0xffffff4d fr.pc=0x00000234ee1df534 relative=0x0000000000000474
Event: 3.261 Thread 0x0000023480d7d000 Uncommon trap: reason=unstable_if action=reinterpret pc=0x00000234ee1df534 method=java.lang.String.substring(I)Ljava/lang/String; @ 34 c2
Event: 3.261 Thread 0x0000023480d7d000 DEOPT PACKING pc=0x00000234ee1df534 sp=0x0000008e9f9fb540
Event: 3.261 Thread 0x0000023480d7d000 DEOPT UNPACKING pc=0x00000234e66aa1af sp=0x0000008e9f9fb508 mode 2
Event: 3.409 Thread 0x0000023480d7d000 Uncommon trap: trap_request=0xffffff4d fr.pc=0x00000234ee1e8930 relative=0x00000000000003b0
Event: 3.409 Thread 0x0000023480d7d000 Uncommon trap: reason=unstable_if action=reinterpret pc=0x00000234ee1e8930 method=jdk.internal.org.objectweb.asm.Type.getArgumentsAndReturnSizes(Ljava/lang/String;)I @ 88 c2
Event: 3.409 Thread 0x0000023480d7d000 DEOPT PACKING pc=0x00000234ee1e8930 sp=0x0000008e9f9f9b30
Event: 3.409 Thread 0x0000023480d7d000 DEOPT UNPACKING pc=0x00000234e66aa1af sp=0x0000008e9f9f9ab8 mode 2

Classes redefined (0 events):
No events

Internal exceptions (20 events):
Event: 0.551 Thread 0x00000234e2b41800 Exception <a 'java/lang/NoSuchMethodError'{0x0000000084d2cb30}: 'java.lang.Object java.lang.invoke.DirectMethodHandle$Holder.invokeVirtual(java.lang.Object, java.lang.Object, java.lang.Object, java.lang.Object, java.lang.Object, java.lang.Object, java.lang.Object)'> (0x0000000084d2cb30) thrown at [./src/hotspot/share/interpreter/linkResolver.cpp, line 773]
Event: 0.554 Thread 0x00000234e2b41800 Exception <a 'java/lang/NoSuchMethodError'{0x0000000084d40ee0}: 'java.lang.Object java.lang.invoke.Invokers$Holder.invoker(java.lang.Object, java.lang.Object, java.lang.Object)'> (0x0000000084d40ee0) thrown at [./src/hotspot/share/interpreter/linkResolver.cpp, line 773]
Event: 0.558 Thread 0x00000234e2b41800 Exception <a 'java/lang/NoSuchMethodError'{0x0000000084d51f58}: 'void java.lang.invoke.DelegatingMethodHandle$Holder.delegate(java.lang.Object, java.lang.Object, int, java.lang.Object)'> (0x0000000084d51f58) thrown at [./src/hotspot/share/interpreter/linkResolver.cpp, line 773]
Event: 1.205 Thread 0x00000234e2b41800 Exception <a 'java/security/PrivilegedActionException'{0x00000000839be1d0}> (0x00000000839be1d0) thrown at [./src/hotspot/share/prims/jvm.cpp, line 1306]
Event: 1.205 Thread 0x00000234e2b41800 Exception <a 'java/security/PrivilegedActionException'{0x00000000839be748}> (0x00000000839be748) thrown at [./src/hotspot/share/prims/jvm.cpp, line 1306]
Event: 1.530 Thread 0x00000234e2b41800 Exception <a 'java/lang/NoSuchMethodError'{0x00000000828fe190}: 'java.lang.Object java.lang.invoke.DirectMethodHandle$Holder.invokeStaticInit(java.lang.Object, java.lang.Object, java.lang.Object)'> (0x00000000828fe190) thrown at [./src/hotspot/share/interpreter/linkResolver.cpp, line 773]
Event: 1.758 Thread 0x00000234e2b41800 Exception <a 'java/lang/NoSuchMethodError'{0x0000000085a81370}: 'java.lang.Object java.lang.invoke.DirectMethodHandle$Holder.invokeStaticInit(java.lang.Object, int, int, int, int)'> (0x0000000085a81370) thrown at [./src/hotspot/share/interpreter/linkResolver.cpp, line 773]
Event: 2.077 Thread 0x00000234e2b41800 Exception <a 'java/lang/NoSuchMethodError'{0x0000000085ac7678}: 'java.lang.Object java.lang.invoke.DirectMethodHandle$Holder.invokeStaticInit(java.lang.Object, java.lang.Object, int, int, int, int)'> (0x0000000085ac7678) thrown at [./src/hotspot/share/interpreter/linkResolver.cpp, line 773]
Event: 2.568 Thread 0x00000234e2b41800 Exception <a 'java/io/IOException'{0x00000000858c3710}> (0x00000000858c3710) thrown at [./src/hotspot/share/prims/jni.cpp, line 616]
Event: 2.746 Thread 0x0000023480d7d000 Exception <a 'java/lang/NoSuchMethodError'{0x000000008522df10}: 'long java.lang.invoke.DirectMethodHandle$Holder.invokeInterface(java.lang.Object, java.lang.Object)'> (0x000000008522df10) thrown at [./src/hotspot/share/interpreter/linkResolver.cpp, line 773]
Event: 2.748 Thread 0x0000023480d7d000 Exception <a 'java/lang/NoSuchMethodError'{0x000000008523b210}: 'void java.lang.invoke.DelegatingMethodHandle$Holder.reinvoke_L(java.lang.Object, java.lang.Object, java.lang.Object, java.lang.Object, java.lang.Object, java.lang.Object, java.lang.Object)'> (0x000000008523b210) thrown at [./src/hotspot/share/interpreter/linkResolver.cpp, line 773]
Event: 3.153 Thread 0x0000023480d7d000 Exception <a 'java/lang/NoSuchMethodError'{0x00000000849e4a58}: 'void java.lang.invoke.DirectMethodHandle$Holder.invokeStaticInit(java.lang.Object)'> (0x00000000849e4a58) thrown at [./src/hotspot/share/interpreter/linkResolver.cpp, line 773]
Event: 3.171 Thread 0x0000023480d7d000 Exception <a 'java/lang/NoSuchMethodError'{0x0000000084891400}: 'java.lang.Object java.lang.invoke.DirectMethodHandle$Holder.invokeStatic(java.lang.Object, java.lang.Object, java.lang.Object, int)'> (0x0000000084891400) thrown at [./src/hotspot/share/interpreter/linkResolver.cpp, line 773]
Event: 3.171 Thread 0x0000023480d7d000 Exception <a 'java/lang/NoSuchMethodError'{0x0000000084895b18}: 'java.lang.Object java.lang.invoke.DirectMethodHandle$Holder.invokeSpecial(java.lang.Object, java.lang.Object, java.lang.Object, java.lang.Object, int)'> (0x0000000084895b18) thrown at [./src/hotspot/share/interpreter/linkResolver.cpp, line 773]
Event: 3.171 Thread 0x0000023480d7d000 Exception <a 'java/lang/NoSuchMethodError'{0x0000000084899a50}: 'java.lang.Object java.lang.invoke.Invokers$Holder.linkToTargetMethod(java.lang.Object, java.lang.Object, int, java.lang.Object)'> (0x0000000084899a50) thrown at [./src/hotspot/share/interpreter/linkResolver.cpp, line 773]
Event: 3.331 Thread 0x0000023480d7d000 Exception <a 'java/lang/NoSuchMethodError'{0x0000000085fd3bb8}: 'int java.lang.invoke.DirectMethodHandle$Holder.invokeSpecialIFC(java.lang.Object, java.lang.Object, java.lang.Object, java.lang.Object)'> (0x0000000085fd3bb8) thrown at [./src/hotspot/share/interpreter/linkResolver.cpp, line 773]
Event: 3.334 Thread 0x0000023480d7d000 Exception <a 'java/lang/NoSuchMethodError'{0x0000000085fe1b70}: 'java.lang.Object java.lang.invoke.DirectMethodHandle$Holder.invokeInterface(java.lang.Object, java.lang.Object, java.lang.Object)'> (0x0000000085fe1b70) thrown at [./src/hotspot/share/interpreter/linkResolver.cpp, line 773]
Event: 3.334 Thread 0x0000023480d7d000 Exception <a 'java/lang/IncompatibleClassChangeError'{0x0000000085fe5048}: Found class java.lang.Object, but interface was expected> (0x0000000085fe5048) thrown at [./src/hotspot/share/interpreter/linkResolver.cpp, line 839]
Event: 3.464 Thread 0x0000023480d7d000 Exception <a 'java/lang/NoSuchMethodError'{0x0000000085739e80}: 'void java.lang.invoke.DirectMethodHandle$Holder.invokeSpecial(java.lang.Object, java.lang.Object, java.lang.Object, java.lang.Object, java.lang.Object)'> (0x0000000085739e80) thrown at [./src/hotspot/share/interpreter/linkResolver.cpp, line 773]
Event: 3.494 Thread 0x0000023480d7d000 Exception <a 'java/lang/NoSuchMethodError'{0x0000000085558400}: 'java.lang.Object java.lang.invoke.DirectMethodHandle$Holder.invokeSpecial(java.lang.Object, java.lang.Object, java.lang.Object, java.lang.Object, java.lang.Object, java.lang.Object, java.lang.Object, java.lang.Object, java.lang.Object)'> (0x0000000085558400) thrown at [./src/hotspot/share/interpreter/linkResolver.cpp, line 773]

Events (20 events):
Event: 3.574 loading class org/gradle/jvm/toolchain/internal/OsXInstallationSupplier
Event: 3.574 loading class org/gradle/jvm/toolchain/internal/OsXInstallationSupplier done
Event: 3.575 loading class org/gradle/process/internal/ExecException
Event: 3.575 loading class org/gradle/process/internal/ExecException done
Event: 3.575 loading class org/gradle/jvm/toolchain/internal/SdkmanInstallationSupplier
Event: 3.575 loading class org/gradle/jvm/toolchain/internal/SdkmanInstallationSupplier done
Event: 3.576 loading class org/gradle/jvm/toolchain/internal/WindowsInstallationSupplier
Event: 3.576 loading class org/gradle/jvm/toolchain/internal/WindowsInstallationSupplier done
Event: 3.577 loading class org/gradle/api/internal/artifacts/ivyservice/projectmodule/DefaultProjectDependencyPublicationResolver
Event: 3.577 loading class org/gradle/api/internal/artifacts/ivyservice/projectmodule/DefaultProjectDependencyPublicationResolver done
Event: 3.577 loading class org/gradle/api/internal/artifacts/ivyservice/projectmodule/ProjectDependencyPublicationResolver
Event: 3.577 loading class org/gradle/api/internal/artifacts/ivyservice/projectmodule/ProjectDependencyPublicationResolver done
Event: 3.578 loading class org/gradle/api/publish/internal/validation/DuplicatePublicationTracker
Event: 3.578 loading class org/gradle/api/publish/internal/validation/DuplicatePublicationTracker done
Event: 3.579 loading class org/gradle/api/publish/maven/internal/MavenPublishServices$ComponentRegistrationAction
Event: 3.579 loading class org/gradle/api/publish/maven/internal/MavenPublishServices$ComponentRegistrationAction done
Event: 3.580 loading class org/gradle/api/publish/maven/internal/dependencies/VersionRangeMapper
Event: 3.580 loading class org/gradle/api/publish/maven/internal/dependencies/VersionRangeMapper done
Event: 3.580 loading class org/gradle/api/publish/maven/internal/publisher/MavenPublishers
Event: 3.580 loading class org/gradle/api/publish/maven/internal/publisher/MavenPublishers done


Dynamic libraries:
0x00007ff6b3ad0000 - 0x00007ff6b3ada000 	C:\Program Files\Android\Android Studio\jre\bin\java.exe
0x00007fff41d50000 - 0x00007fff41f48000 	C:\WINDOWS\SYSTEM32\ntdll.dll
0x00007fff38ba0000 - 0x00007fff38bb9000 	C:\Program Files\Avast Software\Avast\aswhook.dll
0x00007fff41400000 - 0x00007fff414bf000 	C:\WINDOWS\System32\KERNEL32.DLL
0x00007fff3f490000 - 0x00007fff3f76a000 	C:\WINDOWS\System32\KERNELBASE.dll
0x00007fff3f980000 - 0x00007fff3fa80000 	C:\WINDOWS\System32\ucrtbase.dll
0x00007fff3a190000 - 0x00007fff3a1a7000 	C:\Program Files\Android\Android Studio\jre\bin\VCRUNTIME140.dll
0x00007fff3a110000 - 0x00007fff3a129000 	C:\Program Files\Android\Android Studio\jre\bin\jli.dll
0x00007fff417a0000 - 0x00007fff4193d000 	C:\WINDOWS\System32\USER32.dll
0x00007fff38d80000 - 0x00007fff3901a000 	C:\WINDOWS\WinSxS\amd64_microsoft.windows.common-controls_6595b64144ccf1df_6.0.19041.1110_none_60b5254171f9507e\COMCTL32.dll
0x00007fff3fd80000 - 0x00007fff3fda2000 	C:\WINDOWS\System32\win32u.dll
0x00007fff41c80000 - 0x00007fff41cab000 	C:\WINDOWS\System32\GDI32.dll
0x00007fff3fc00000 - 0x00007fff3fd10000 	C:\WINDOWS\System32\gdi32full.dll
0x00007fff3fb10000 - 0x00007fff3fbad000 	C:\WINDOWS\System32\msvcp_win.dll
0x00007fff41950000 - 0x00007fff419ee000 	C:\WINDOWS\System32\msvcrt.dll
0x00007fff40610000 - 0x00007fff40640000 	C:\WINDOWS\System32\IMM32.DLL
0x00007fff03f60000 - 0x00007fff03ffd000 	C:\Program Files\Android\Android Studio\jre\bin\msvcp140.dll
0x00007ffeefcb0000 - 0x00007ffef07b2000 	C:\Program Files\Android\Android Studio\jre\bin\server\jvm.dll
0x00007fff41230000 - 0x00007fff412de000 	C:\WINDOWS\System32\ADVAPI32.dll
0x00007fff3fdb0000 - 0x00007fff3fe4c000 	C:\WINDOWS\System32\sechost.dll
0x00007fff414c0000 - 0x00007fff415e6000 	C:\WINDOWS\System32\RPCRT4.dll
0x00007fff41940000 - 0x00007fff41948000 	C:\WINDOWS\System32\PSAPI.DLL
0x00007fff250c0000 - 0x00007fff250c9000 	C:\WINDOWS\SYSTEM32\WSOCK32.dll
0x00007fff3a650000 - 0x00007fff3a65a000 	C:\WINDOWS\SYSTEM32\VERSION.dll
0x00007fff1bef0000 - 0x00007fff1bf17000 	C:\WINDOWS\SYSTEM32\WINMM.dll
0x00007fff40890000 - 0x00007fff408fb000 	C:\WINDOWS\System32\WS2_32.dll
0x00007fff3d320000 - 0x00007fff3d332000 	C:\WINDOWS\SYSTEM32\kernel.appcore.dll
0x00007fff3aac0000 - 0x00007fff3aad1000 	C:\Program Files\Android\Android Studio\jre\bin\verify.dll
0x00007fff3cb70000 - 0x00007fff3cd54000 	C:\WINDOWS\SYSTEM32\DBGHELP.DLL
0x00007fff30240000 - 0x00007fff30274000 	C:\WINDOWS\SYSTEM32\dbgcore.DLL
0x00007fff3fa80000 - 0x00007fff3fb02000 	C:\WINDOWS\System32\bcryptPrimitives.dll
0x00007fff3aa90000 - 0x00007fff3aab9000 	C:\Program Files\Android\Android Studio\jre\bin\java.dll
0x00007fff3aa80000 - 0x00007fff3aa8b000 	C:\Program Files\Android\Android Studio\jre\bin\jimage.dll
0x00007fff3a680000 - 0x00007fff3a698000 	C:\Program Files\Android\Android Studio\jre\bin\zip.dll
0x00007fff3fe50000 - 0x00007fff40594000 	C:\WINDOWS\System32\SHELL32.dll
0x00007fff3d520000 - 0x00007fff3dcb3000 	C:\WINDOWS\SYSTEM32\windows.storage.dll
0x00007fff40ed0000 - 0x00007fff41224000 	C:\WINDOWS\System32\combase.dll
0x00007fff3ede0000 - 0x00007fff3ee0e000 	C:\WINDOWS\SYSTEM32\Wldp.dll
0x00007fff41350000 - 0x00007fff413fd000 	C:\WINDOWS\System32\SHCORE.dll
0x00007fff41cb0000 - 0x00007fff41d05000 	C:\WINDOWS\System32\shlwapi.dll
0x00007fff3f3a0000 - 0x00007fff3f3bf000 	C:\WINDOWS\SYSTEM32\profapi.dll
0x00007fff3a400000 - 0x00007fff3a41a000 	C:\Program Files\Android\Android Studio\jre\bin\net.dll
0x00007fff376c0000 - 0x00007fff377ca000 	C:\WINDOWS\SYSTEM32\WINHTTP.dll
0x00007fff3eb40000 - 0x00007fff3ebaa000 	C:\WINDOWS\system32\mswsock.dll
0x00007fff3a1d0000 - 0x00007fff3a1e4000 	C:\Program Files\Android\Android Studio\jre\bin\nio.dll
0x00007fff26140000 - 0x00007fff26167000 	C:\Users\HP\.gradle\native\e1d6ef7f7dcc3fd88c89a11ec53ec762bb8ba0a96d01ffa2cd45eb1d1d8dd5c5\windows-amd64\native-platform.dll
0x00007ffef9fe0000 - 0x00007ffefa124000 	C:\Users\HP\.gradle\native\0d407fdbe67a94daf76414ababcb853783967236a71b16ec16e742cd7a986fd3\windows-amd64\native-platform-file-events.dll
0x00007fff3a670000 - 0x00007fff3a67a000 	C:\Program Files\Android\Android Studio\jre\bin\management.dll
0x00007fff3a3f0000 - 0x00007fff3a3fd000 	C:\Program Files\Android\Android Studio\jre\bin\management_ext.dll
0x00007fff3ed30000 - 0x00007fff3ed48000 	C:\WINDOWS\SYSTEM32\CRYPTSP.dll
0x00007fff3e460000 - 0x00007fff3e494000 	C:\WINDOWS\system32\rsaenh.dll
0x00007fff3f460000 - 0x00007fff3f487000 	C:\WINDOWS\System32\bcrypt.dll
0x00007fff3f320000 - 0x00007fff3f34e000 	C:\WINDOWS\SYSTEM32\USERENV.dll
0x00007fff3ed50000 - 0x00007fff3ed5c000 	C:\WINDOWS\SYSTEM32\CRYPTBASE.dll
0x00007fff3e830000 - 0x00007fff3e86c000 	C:\WINDOWS\SYSTEM32\IPHLPAPI.DLL
0x00007fff405a0000 - 0x00007fff405a8000 	C:\WINDOWS\System32\NSI.dll
0x00007fff37ae0000 - 0x00007fff37af7000 	C:\WINDOWS\SYSTEM32\dhcpcsvc6.DLL
0x00007fff38450000 - 0x00007fff3846d000 	C:\WINDOWS\SYSTEM32\dhcpcsvc.DLL
0x00007fff3e870000 - 0x00007fff3e93b000 	C:\WINDOWS\SYSTEM32\DNSAPI.dll

dbghelp: loaded successfully - version: 4.0.5 - missing functions: none
symbol engine: initialized successfully - sym options: 0x614 - pdb path: .;C:\Program Files\Android\Android Studio\jre\bin;C:\WINDOWS\SYSTEM32;C:\Program Files\Avast Software\Avast;C:\WINDOWS\WinSxS\amd64_microsoft.windows.common-controls_6595b64144ccf1df_6.0.19041.1110_none_60b5254171f9507e;C:\Program Files\Android\Android Studio\jre\bin\server;C:\Users\HP\.gradle\native\e1d6ef7f7dcc3fd88c89a11ec53ec762bb8ba0a96d01ffa2cd45eb1d1d8dd5c5\windows-amd64;C:\Users\HP\.gradle\native\0d407fdbe67a94daf76414ababcb853783967236a71b16ec16e742cd7a986fd3\windows-amd64

VM Arguments:
jvm_args: --add-opens=java.base/java.util=ALL-UNNAMED --add-opens=java.base/java.lang=ALL-UNNAMED --add-opens=java.base/java.lang.invoke=ALL-UNNAMED --add-opens=java.base/java.util=ALL-UNNAMED --add-opens=java.prefs/java.util.prefs=ALL-UNNAMED --add-opens=java.prefs/java.util.prefs=ALL-UNNAMED --add-opens=java.base/java.nio.charset=ALL-UNNAMED --add-opens=java.base/java.net=ALL-UNNAMED --add-opens=java.base/java.util.concurrent.atomic=ALL-UNNAMED -Xmx2048m -Dfile.encoding=UTF-8 -Duser.country=IN -Duser.language=en -Duser.variant 
java_command: org.gradle.launcher.daemon.bootstrap.GradleDaemon 7.4
java_class_path (initial): C:\Users\HP\.gradle\wrapper\dists\gradle-7.4-bin\c0gwcg53nkjbqw7r0h0umtfvt\gradle-7.4\lib\gradle-launcher-7.4.jar
Launcher Type: SUN_STANDARD

[Global flags]
     intx CICompilerCount                          = 4                                         {product} {ergonomic}
     uint ConcGCThreads                            = 2                                         {product} {ergonomic}
     uint G1ConcRefinementThreads                  = 8                                         {product} {ergonomic}
   size_t G1HeapRegionSize                         = 1048576                                   {product} {ergonomic}
    uintx GCDrainStackTargetSize                   = 64                                        {product} {ergonomic}
   size_t InitialHeapSize                          = 100663296                                 {product} {ergonomic}
   size_t MarkStackSize                            = 4194304                                   {product} {ergonomic}
   size_t MaxHeapSize                              = 2147483648                                {product} {command line}
   size_t MaxNewSize                               = 1287651328                                {product} {ergonomic}
   size_t MinHeapDeltaBytes                        = 1048576                                   {product} {ergonomic}
    uintx NonNMethodCodeHeapSize                   = 5836300                                {pd product} {ergonomic}
    uintx NonProfiledCodeHeapSize                  = 122910970                              {pd product} {ergonomic}
    uintx ProfiledCodeHeapSize                     = 122910970                              {pd product} {ergonomic}
    uintx ReservedCodeCacheSize                    = 251658240                              {pd product} {ergonomic}
     bool SegmentedCodeCache                       = true                                      {product} {ergonomic}
     bool UseCompressedClassPointers               = true                                 {lp64_product} {ergonomic}
     bool UseCompressedOops                        = true                                 {lp64_product} {ergonomic}
     bool UseG1GC                                  = true                                      {product} {ergonomic}
     bool UseLargePagesIndividualAllocation        = false                                  {pd product} {ergonomic}

Logging:
Log output configuration:
 #0: stdout all=warning uptime,level,tags
 #1: stderr all=off uptime,level,tags

Environment Variables:
JAVA_HOME=C:\Program Files\Java\jdk-16.0.1
CLASSPATH=C:\Program Files\Apache Software Foundation\Tomcat 10.0\lib\servlet-api.jar;.;
PATH=C:\App\bin;C:\WINDOWS\system32;C:\WINDOWS;C:\WINDOWS\System32\Wbem;C:\WINDOWS\System32\WindowsPowerShell\v1.0\;C:\WINDOWS\System32\OpenSSH\;C:\Program Files\Java\jdk-16.0.1\bin;C:\Program Files\MySQL\MySQL Server 8.0\bin;C:\Program Files\MySQL\MySQL Shell 8.0\bin\;C:\Users\HP\AppData\Local\Microsoft\WindowsApps;
USERNAME=HP
OS=Windows_NT
PROCESSOR_IDENTIFIER=Intel64 Family 6 Model 142 Stepping 12, GenuineIntel



---------------  S Y S T E M  ---------------

OS: Windows 10 , 64 bit Build 19041 (10.0.19041.2788)
OS uptime: 3 days 2:04 hours

CPU:total 8 (initial active 8) (4 cores per cpu, 2 threads per core) family 6 model 142 stepping 12 microcode 0xea, cmov, cx8, fxsr, mmx, sse, sse2, sse3, ssse3, sse4.1, sse4.2, popcnt, avx, avx2, aes, clmul, erms, 3dnowpref, lzcnt, ht, tsc, tscinvbit, bmi1, bmi2, adx, fma

Memory: 4k page, system-wide physical 6054M (144M free)
TotalPageFile size 14246M (AvailPageFile size 5M)
current process WorkingSet (physical memory assigned to process): 182M, peak: 182M
current process commit charge ("private bytes"): 237M, peak: 237M

vm_info: OpenJDK 64-Bit Server VM (11.0.13+0-b1751.21-8125866) for windows-amd64 JRE (11.0.13+0-b1751.21-8125866), built on Feb  2 2022 03:00:22 by "builder" with MS VC++ 14.0 (VS2015)

END.
