#
# There is insufficient memory for the Java Runtime Environment to continue.
# Native memory allocation (mmap) failed to map 29360128 bytes for Failed to commit area from 0x0000000088c00000 to 0x000000008a800000 of length 29360128.
# Possible reasons:
#   The system is out of physical RAM or swap space
#   The process is running with CompressedOops enabled, and the Java Heap may be blocking the growth of the native heap
# Possible solutions:
#   Reduce memory load on the system
#   Increase physical memory or swap space
#   Check if swap backing store is full
#   Decrease Java heap size (-Xmx/-Xms)
#   Decrease number of Java threads
#   Decrease Java thread stack sizes (-Xss)
#   Set larger code cache with -XX:ReservedCodeCacheSize=
#   JVM is running with Unscaled Compressed Oops mode in which the Java heap is
#     placed in the first 4GB address space. The Java Heap base address is the
#     maximum limit for the native heap growth. Please use -XX:HeapBaseMinAddress
#     to set the Java Heap base and to place the Java Heap above 4GB virtual address.
# This output file may be truncated or incomplete.
#
#  Out of Memory Error (./src/hotspot/os/windows/os_windows.cpp:3619), pid=13532, tid=13516
#
# JRE version: OpenJDK Runtime Environment (11.0.13) (build 11.0.13+0-b1751.21-8125866)
# Java VM: OpenJDK 64-Bit Server VM (11.0.13+0-b1751.21-8125866, mixed mode, tiered, compressed oops, g1 gc, windows-amd64)
# No core dump will be written. Minidumps are not enabled by default on client versions of Windows
#

---------------  S U M M A R Y ------------

Command Line: --add-opens=java.base/java.util=ALL-UNNAMED --add-opens=java.base/java.lang=ALL-UNNAMED --add-opens=java.base/java.lang.invoke=ALL-UNNAMED --add-opens=java.base/java.util=ALL-UNNAMED --add-opens=java.prefs/java.util.prefs=ALL-UNNAMED --add-opens=java.prefs/java.util.prefs=ALL-UNNAMED --add-opens=java.base/java.nio.charset=ALL-UNNAMED --add-opens=java.base/java.net=ALL-UNNAMED --add-opens=java.base/java.util.concurrent.atomic=ALL-UNNAMED -Xmx2048m -Dfile.encoding=UTF-8 -Duser.country=IN -Duser.language=en -Duser.variant org.gradle.launcher.daemon.bootstrap.GradleDaemon 7.4

Host: Intel(R) Core(TM) i5-8265U CPU @ 1.60GHz, 8 cores, 5G,  Windows 10 , 64 bit Build 19041 (10.0.19041.2788)
Time: Mon Apr 17 20:58:57 2023 India Standard Time elapsed time: 16.112471 seconds (0d 0h 0m 16s)

---------------  T H R E A D  ---------------

Current thread (0x0000021032a84000):  VMThread "VM Thread" [stack: 0x00000044d1600000,0x00000044d1700000] [id=13516]

Stack: [0x00000044d1600000,0x00000044d1700000]
[error occurred during error reporting (printing stack bounds), id 0xc0000005, EXCEPTION_ACCESS_VIOLATION (0xc0000005) at pc=0x000002101b94112d]

Native frames: (J=compiled Java code, j=interpreted, Vv=VM code, C=native code)
V  [jvm.dll+0x6100fa]
V  [jvm.dll+0x747090]
V  [jvm.dll+0x7486ad]
V  [jvm.dll+0x748ce5]
V  [jvm.dll+0x748c9b]
V  [jvm.dll+0x60f224]
V  [jvm.dll+0x60f9b8]
C  [ntdll.dll+0xa23df]
C  [ntdll.dll+0x514a4]
C  [ntdll.dll+0xa0f0e]
C  0x000002101b94112d

VM_Operation (0x00000044d2af80a0): G1CollectForAllocation, mode: safepoint, requested by thread 0x00000210348c6800


---------------  P R O C E S S  ---------------

Threads class SMR info:
_java_thread_list=0x0000021039728560, length=122, elements={
0x0000021016651800, 0x0000021032a88800, 0x0000021032a8c000, 0x0000021033433800,
0x0000021032aa6800, 0x0000021032aa9000, 0x0000021032aac000, 0x0000021032ab3800,
0x0000021032ab7800, 0x000002103356b000, 0x00000210355f8800, 0x0000021035975000,
0x00000210340ce800, 0x0000021034f0f800, 0x0000021035748800, 0x0000021035548000,
0x00000210348c6800, 0x0000021035721000, 0x00000210355d3000, 0x0000021035745800,
0x00000210355f3800, 0x00000210355f4000, 0x00000210355ee800, 0x00000210355f5000,
0x00000210355f2800, 0x00000210355f0000, 0x00000210355ef000, 0x00000210355f1000,
0x00000210355f1800, 0x0000021037cb6000, 0x0000021037cb4800, 0x0000021037cb5800,
0x0000021037cb3800, 0x0000021037cb7000, 0x0000021037cb1000, 0x0000021037cb7800,
0x0000021037cb2000, 0x0000021037cbb000, 0x0000021037cbd800, 0x0000021037cbe800,
0x0000021037cb8800, 0x0000021037cba000, 0x0000021037cbf000, 0x0000021037cb9800,
0x0000021037cc0000, 0x0000021037cbc800, 0x0000021037cbc000, 0x00000210385ee000,
0x00000210385ee800, 0x00000210385e9000, 0x00000210385ef800, 0x00000210385ea000,
0x00000210385f0800, 0x00000210385ea800, 0x00000210385f1000, 0x00000210385eb800,
0x00000210385f2000, 0x00000210385ec000, 0x00000210385f3000, 0x00000210385ed000,
0x00000210385f7800, 0x00000210385f3800, 0x00000210385f4800, 0x00000210385f5000,
0x00000210385f6000, 0x00000210385f7000, 0x00000210383ff000, 0x0000021038402000,
0x0000021038403000, 0x00000210383fd800, 0x0000021038400000, 0x0000021038401800,
0x00000210383fe000, 0x0000021038404000, 0x0000021038404800, 0x0000021038405800,
0x0000021038406800, 0x0000021038400800, 0x000002103840c000, 0x000002103840d000,
0x0000021038407000, 0x000002103840b000, 0x0000021038408000, 0x0000021038408800,
0x0000021038409800, 0x000002103840a800, 0x000002103824b800, 0x000002103824c800,
0x000002103824e000, 0x000002103824a800, 0x0000021038249000, 0x000002103824a000,
0x000002103824d000, 0x0000021038248000, 0x0000021038253800, 0x000002103824e800,
0x0000021038253000, 0x000002103824f800, 0x0000021038254800, 0x0000021038252000,
0x0000021038256000, 0x0000021038255000, 0x0000021038250800, 0x0000021038257000,
0x0000021038251000, 0x000002103855d800, 0x000002103855c000, 0x000002103855a800,
0x000002103855b800, 0x000002103855e800, 0x0000021038559800, 0x0000021038560000,
0x000002103855f800, 0x0000021038561000, 0x0000021038562000, 0x0000021038562800,
0x000002103855d000, 0x0000021038568800, 0x0000021038566000, 0x0000021038563800,
0x0000021038565000, 0x0000021038566800
}

Java Threads: ( => current thread )
  0x0000021016651800 JavaThread "main" [_thread_blocked, id=3228, stack(0x00000044d1000000,0x00000044d1100000)]
  0x0000021032a88800 JavaThread "Reference Handler" daemon [_thread_blocked, id=13616, stack(0x00000044d1700000,0x00000044d1800000)]
  0x0000021032a8c000 JavaThread "Finalizer" daemon [_thread_blocked, id=8848, stack(0x00000044d1800000,0x00000044d1900000)]
  0x0000021033433800 JavaThread "Signal Dispatcher" daemon [_thread_blocked, id=9880, stack(0x00000044d1900000,0x00000044d1a00000)]
  0x0000021032aa6800 JavaThread "Attach Listener" daemon [_thread_blocked, id=3824, stack(0x00000044d1a00000,0x00000044d1b00000)]
  0x0000021032aa9000 JavaThread "Service Thread" daemon [_thread_blocked, id=11508, stack(0x00000044d1b00000,0x00000044d1c00000)]
  0x0000021032aac000 JavaThread "C2 CompilerThread0" daemon [_thread_blocked, id=1336, stack(0x00000044d1c00000,0x00000044d1d00000)]
  0x0000021032ab3800 JavaThread "C1 CompilerThread0" daemon [_thread_blocked, id=6656, stack(0x00000044d1d00000,0x00000044d1e00000)]
  0x0000021032ab7800 JavaThread "Sweeper thread" daemon [_thread_blocked, id=9052, stack(0x00000044d1e00000,0x00000044d1f00000)]
  0x000002103356b000 JavaThread "Common-Cleaner" daemon [_thread_blocked, id=6932, stack(0x00000044d1f00000,0x00000044d2000000)]
  0x00000210355f8800 JavaThread "Daemon health stats" [_thread_blocked, id=1120, stack(0x00000044d2200000,0x00000044d2300000)]
  0x0000021035975000 JavaThread "Incoming local TCP Connector on port 65080" [_thread_in_native, id=13896, stack(0x00000044d2500000,0x00000044d2600000)]
  0x00000210340ce800 JavaThread "Daemon periodic checks" [_thread_blocked, id=10044, stack(0x00000044d2600000,0x00000044d2700000)]
  0x0000021034f0f800 JavaThread "Daemon" [_thread_blocked, id=14860, stack(0x00000044d2700000,0x00000044d2800000)]
  0x0000021035748800 JavaThread "Handler for socket connection from /127.0.0.1:65080 to /127.0.0.1:65081" [_thread_in_native, id=3676, stack(0x00000044d2800000,0x00000044d2900000)]
  0x0000021035548000 JavaThread "Cancel handler" [_thread_blocked, id=6952, stack(0x00000044d2900000,0x00000044d2a00000)]
  0x00000210348c6800 JavaThread "Daemon worker" [_thread_blocked, id=2744, stack(0x00000044d2a00000,0x00000044d2b00000)]
  0x0000021035721000 JavaThread "Asynchronous log dispatcher for DefaultDaemonConnection: socket connection from /127.0.0.1:65080 to /127.0.0.1:65081" [_thread_blocked, id=12064, stack(0x00000044d2b00000,0x00000044d2c00000)]
  0x00000210355d3000 JavaThread "Stdin handler" [_thread_blocked, id=13140, stack(0x00000044d2c00000,0x00000044d2d00000)]
  0x0000021035745800 JavaThread "Daemon client event forwarder" [_thread_blocked, id=10948, stack(0x00000044d2d00000,0x00000044d2e00000)]
  0x00000210355f3800 JavaThread "Cache worker for journal cache (C:\Users\HP\.gradle\caches\journal-1)" [_thread_blocked, id=16284, stack(0x00000044d2e00000,0x00000044d2f00000)]
  0x00000210355f4000 JavaThread "File lock request listener" [_thread_in_native, id=16084, stack(0x00000044d2f00000,0x00000044d3000000)]
  0x00000210355ee800 JavaThread "Cache worker for file hash cache (C:\Users\HP\.gradle\caches\7.4\fileHashes)" [_thread_blocked, id=1584, stack(0x00000044d3000000,0x00000044d3100000)]
  0x00000210355f5000 JavaThread "File watcher server" daemon [_thread_in_native, id=13888, stack(0x00000044d3600000,0x00000044d3700000)]
  0x00000210355f2800 JavaThread "File watcher consumer" daemon [_thread_blocked, id=4988, stack(0x00000044d3700000,0x00000044d3800000)]
  0x00000210355f0000 JavaThread "Cache worker for checksums cache (E:\Chat App\WhatsApp With Chatbot\.gradle\7.4\checksums)" [_thread_blocked, id=12388, stack(0x00000044d3800000,0x00000044d3900000)]
  0x00000210355ef000 JavaThread "Cache worker for cache directory md-rule (C:\Users\HP\.gradle\caches\7.4\md-rule)" [_thread_blocked, id=8744, stack(0x00000044d3900000,0x00000044d3a00000)]
  0x00000210355f1000 JavaThread "Cache worker for file hash cache (E:\Chat App\WhatsApp With Chatbot\.gradle\7.4\fileHashes)" [_thread_blocked, id=17488, stack(0x00000044d3a00000,0x00000044d3b00000)]
  0x00000210355f1800 JavaThread "Cache worker for cache directory md-supplier (C:\Users\HP\.gradle\caches\7.4\md-supplier)" [_thread_blocked, id=12452, stack(0x00000044d3b00000,0x00000044d3c00000)]
  0x0000021037cb6000 JavaThread "Cache worker for execution history cache (C:\Users\HP\.gradle\caches\7.4\executionHistory)" [_thread_blocked, id=15448, stack(0x00000044d3c00000,0x00000044d3d00000)]
  0x0000021037cb4800 JavaThread "jar transforms" [_thread_blocked, id=11532, stack(0x00000044d3d00000,0x00000044d3e00000)]
  0x0000021037cb5800 JavaThread "Cache worker for file content cache (C:\Users\HP\.gradle\caches\7.4\fileContent)" [_thread_blocked, id=8944, stack(0x00000044d3e00000,0x00000044d3f00000)]
  0x0000021037cb3800 JavaThread "jar transforms Thread 2" [_thread_blocked, id=18748, stack(0x00000044d3f00000,0x00000044d4000000)]
  0x0000021037cb7000 JavaThread "Cache worker for dependencies-accessors (E:\Chat App\WhatsApp With Chatbot\.gradle\7.4\dependencies-accessors)" [_thread_blocked, id=4632, stack(0x00000044d4000000,0x00000044d4100000)]
  0x0000021037cb1000 JavaThread "jar transforms Thread 3" [_thread_blocked, id=12968, stack(0x00000044d4100000,0x00000044d4200000)]
  0x0000021037cb7800 JavaThread "Cache worker for Build Output Cleanup Cache (E:\Chat App\WhatsApp With Chatbot\.gradle\buildOutputCleanup)" [_thread_blocked, id=16308, stack(0x00000044d4200000,0x00000044d4300000)]
  0x0000021037cb2000 JavaThread "Unconstrained build operations" [_thread_blocked, id=15748, stack(0x00000044d4300000,0x00000044d4400000)]
  0x0000021037cbb000 JavaThread "Unconstrained build operations Thread 2" [_thread_blocked, id=312, stack(0x00000044d4400000,0x00000044d4500000)]
  0x0000021037cbd800 JavaThread "Unconstrained build operations Thread 3" [_thread_blocked, id=13328, stack(0x00000044d4500000,0x00000044d4600000)]
  0x0000021037cbe800 JavaThread "Unconstrained build operations Thread 4" [_thread_blocked, id=10540, stack(0x00000044d4600000,0x00000044d4700000)]
  0x0000021037cb8800 JavaThread "Unconstrained build operations Thread 5" [_thread_blocked, id=14388, stack(0x00000044d4700000,0x00000044d4800000)]
  0x0000021037cba000 JavaThread "Unconstrained build operations Thread 6" [_thread_blocked, id=8736, stack(0x00000044d4800000,0x00000044d4900000)]
  0x0000021037cbf000 JavaThread "Unconstrained build operations Thread 7" [_thread_blocked, id=17636, stack(0x00000044d4900000,0x00000044d4a00000)]
  0x0000021037cb9800 JavaThread "Unconstrained build operations Thread 8" [_thread_blocked, id=16780, stack(0x00000044d4a00000,0x00000044d4b00000)]
  0x0000021037cc0000 JavaThread "Unconstrained build operations Thread 9" [_thread_blocked, id=9456, stack(0x00000044d4b00000,0x00000044d4c00000)]
  0x0000021037cbc800 JavaThread "Unconstrained build operations Thread 10" [_thread_blocked, id=19000, stack(0x00000044d4c00000,0x00000044d4d00000)]
  0x0000021037cbc000 JavaThread "Unconstrained build operations Thread 11" [_thread_blocked, id=8264, stack(0x00000044d4d00000,0x00000044d4e00000)]
  0x00000210385ee000 JavaThread "Unconstrained build operations Thread 12" [_thread_blocked, id=18324, stack(0x00000044d4e00000,0x00000044d4f00000)]
  0x00000210385ee800 JavaThread "Unconstrained build operations Thread 13" [_thread_blocked, id=16964, stack(0x00000044d4f00000,0x00000044d5000000)]
  0x00000210385e9000 JavaThread "Unconstrained build operations Thread 14" [_thread_blocked, id=14952, stack(0x00000044d5000000,0x00000044d5100000)]
  0x00000210385ef800 JavaThread "Unconstrained build operations Thread 15" [_thread_blocked, id=1724, stack(0x00000044d5100000,0x00000044d5200000)]
  0x00000210385ea000 JavaThread "Unconstrained build operations Thread 16" [_thread_blocked, id=7816, stack(0x00000044d5200000,0x00000044d5300000)]
  0x00000210385f0800 JavaThread "Unconstrained build operations Thread 17" [_thread_blocked, id=6412, stack(0x00000044d5300000,0x00000044d5400000)]
  0x00000210385ea800 JavaThread "Unconstrained build operations Thread 18" [_thread_blocked, id=15440, stack(0x00000044d5400000,0x00000044d5500000)]
  0x00000210385f1000 JavaThread "Unconstrained build operations Thread 19" [_thread_blocked, id=4624, stack(0x00000044d5500000,0x00000044d5600000)]
  0x00000210385eb800 JavaThread "Unconstrained build operations Thread 20" [_thread_blocked, id=9656, stack(0x00000044d5600000,0x00000044d5700000)]
  0x00000210385f2000 JavaThread "Unconstrained build operations Thread 21" [_thread_blocked, id=1680, stack(0x00000044d5700000,0x00000044d5800000)]
  0x00000210385ec000 JavaThread "Unconstrained build operations Thread 22" [_thread_blocked, id=10936, stack(0x00000044d5800000,0x00000044d5900000)]
  0x00000210385f3000 JavaThread "Unconstrained build operations Thread 23" [_thread_blocked, id=15496, stack(0x00000044d5900000,0x00000044d5a00000)]
  0x00000210385ed000 JavaThread "Unconstrained build operations Thread 24" [_thread_blocked, id=10472, stack(0x00000044d5a00000,0x00000044d5b00000)]
  0x00000210385f7800 JavaThread "Unconstrained build operations Thread 25" [_thread_blocked, id=3156, stack(0x00000044d5b00000,0x00000044d5c00000)]
  0x00000210385f3800 JavaThread "Unconstrained build operations Thread 26" [_thread_blocked, id=2400, stack(0x00000044d5c00000,0x00000044d5d00000)]
  0x00000210385f4800 JavaThread "Unconstrained build operations Thread 27" [_thread_blocked, id=15008, stack(0x00000044d5d00000,0x00000044d5e00000)]
  0x00000210385f5000 JavaThread "Unconstrained build operations Thread 28" [_thread_blocked, id=18984, stack(0x00000044d5e00000,0x00000044d5f00000)]
  0x00000210385f6000 JavaThread "Unconstrained build operations Thread 29" [_thread_blocked, id=3020, stack(0x00000044d5f00000,0x00000044d6000000)]
  0x00000210385f7000 JavaThread "Unconstrained build operations Thread 30" [_thread_blocked, id=2696, stack(0x00000044d6000000,0x00000044d6100000)]
  0x00000210383ff000 JavaThread "Unconstrained build operations Thread 31" [_thread_blocked, id=10312, stack(0x00000044d6100000,0x00000044d6200000)]
  0x0000021038402000 JavaThread "Unconstrained build operations Thread 32" [_thread_blocked, id=15160, stack(0x00000044d6200000,0x00000044d6300000)]
  0x0000021038403000 JavaThread "Unconstrained build operations Thread 33" [_thread_blocked, id=17460, stack(0x00000044d6300000,0x00000044d6400000)]
  0x00000210383fd800 JavaThread "Unconstrained build operations Thread 34" [_thread_blocked, id=11464, stack(0x00000044d6400000,0x00000044d6500000)]
  0x0000021038400000 JavaThread "Unconstrained build operations Thread 35" [_thread_blocked, id=3356, stack(0x00000044d6500000,0x00000044d6600000)]
  0x0000021038401800 JavaThread "Unconstrained build operations Thread 36" [_thread_blocked, id=11480, stack(0x00000044d6600000,0x00000044d6700000)]
  0x00000210383fe000 JavaThread "Unconstrained build operations Thread 37" [_thread_blocked, id=1632, stack(0x00000044d6700000,0x00000044d6800000)]
  0x0000021038404000 JavaThread "Unconstrained build operations Thread 38" [_thread_blocked, id=18416, stack(0x00000044d6800000,0x00000044d6900000)]
  0x0000021038404800 JavaThread "Unconstrained build operations Thread 39" [_thread_blocked, id=2684, stack(0x00000044d6900000,0x00000044d6a00000)]
  0x0000021038405800 JavaThread "Unconstrained build operations Thread 40" [_thread_blocked, id=8748, stack(0x00000044d6a00000,0x00000044d6b00000)]
  0x0000021038406800 JavaThread "Unconstrained build operations Thread 41" [_thread_blocked, id=10128, stack(0x00000044d6b00000,0x00000044d6c00000)]
  0x0000021038400800 JavaThread "Unconstrained build operations Thread 42" [_thread_blocked, id=4368, stack(0x00000044d6c00000,0x00000044d6d00000)]
  0x000002103840c000 JavaThread "Unconstrained build operations Thread 43" [_thread_blocked, id=10176, stack(0x00000044d6d00000,0x00000044d6e00000)]
  0x000002103840d000 JavaThread "Unconstrained build operations Thread 44" [_thread_blocked, id=5936, stack(0x00000044d6e00000,0x00000044d6f00000)]
  0x0000021038407000 JavaThread "Unconstrained build operations Thread 45" [_thread_blocked, id=14292, stack(0x00000044d6f00000,0x00000044d7000000)]
  0x000002103840b000 JavaThread "Unconstrained build operations Thread 46" [_thread_blocked, id=11804, stack(0x00000044d7000000,0x00000044d7100000)]
  0x0000021038408000 JavaThread "Unconstrained build operations Thread 47" [_thread_blocked, id=10560, stack(0x00000044d7100000,0x00000044d7200000)]
  0x0000021038408800 JavaThread "Unconstrained build operations Thread 48" [_thread_blocked, id=19084, stack(0x00000044d7200000,0x00000044d7300000)]
  0x0000021038409800 JavaThread "Unconstrained build operations Thread 49" [_thread_blocked, id=17468, stack(0x00000044d7300000,0x00000044d7400000)]
  0x000002103840a800 JavaThread "Unconstrained build operations Thread 50" [_thread_blocked, id=18840, stack(0x00000044d7400000,0x00000044d7500000)]
  0x000002103824b800 JavaThread "Unconstrained build operations Thread 51" [_thread_blocked, id=7232, stack(0x00000044d7500000,0x00000044d7600000)]
  0x000002103824c800 JavaThread "Unconstrained build operations Thread 52" [_thread_blocked, id=8688, stack(0x00000044d7600000,0x00000044d7700000)]
  0x000002103824e000 JavaThread "Unconstrained build operations Thread 53" [_thread_blocked, id=11704, stack(0x00000044d7700000,0x00000044d7800000)]
  0x000002103824a800 JavaThread "Unconstrained build operations Thread 54" [_thread_blocked, id=3244, stack(0x00000044d7800000,0x00000044d7900000)]
  0x0000021038249000 JavaThread "Unconstrained build operations Thread 55" [_thread_blocked, id=3544, stack(0x00000044d7900000,0x00000044d7a00000)]
  0x000002103824a000 JavaThread "Unconstrained build operations Thread 56" [_thread_blocked, id=16460, stack(0x00000044d7a00000,0x00000044d7b00000)]
  0x000002103824d000 JavaThread "Unconstrained build operations Thread 57" [_thread_blocked, id=724, stack(0x00000044d7b00000,0x00000044d7c00000)]
  0x0000021038248000 JavaThread "Unconstrained build operations Thread 58" [_thread_blocked, id=2756, stack(0x00000044d7c00000,0x00000044d7d00000)]
  0x0000021038253800 JavaThread "Unconstrained build operations Thread 59" [_thread_blocked, id=2280, stack(0x00000044d7d00000,0x00000044d7e00000)]
  0x000002103824e800 JavaThread "Unconstrained build operations Thread 60" [_thread_blocked, id=17236, stack(0x00000044d7e00000,0x00000044d7f00000)]
  0x0000021038253000 JavaThread "Unconstrained build operations Thread 61" [_thread_blocked, id=18488, stack(0x00000044d7f00000,0x00000044d8000000)]
  0x000002103824f800 JavaThread "Unconstrained build operations Thread 62" [_thread_blocked, id=11544, stack(0x00000044d8000000,0x00000044d8100000)]
  0x0000021038254800 JavaThread "Unconstrained build operations Thread 63" [_thread_blocked, id=14756, stack(0x00000044d8100000,0x00000044d8200000)]
  0x0000021038252000 JavaThread "Unconstrained build operations Thread 64" [_thread_blocked, id=18380, stack(0x00000044d8200000,0x00000044d8300000)]
  0x0000021038256000 JavaThread "Unconstrained build operations Thread 65" [_thread_blocked, id=11668, stack(0x00000044d8300000,0x00000044d8400000)]
  0x0000021038255000 JavaThread "Unconstrained build operations Thread 66" [_thread_blocked, id=7680, stack(0x00000044d8400000,0x00000044d8500000)]
  0x0000021038250800 JavaThread "Unconstrained build operations Thread 67" [_thread_blocked, id=12008, stack(0x00000044d8500000,0x00000044d8600000)]
  0x0000021038257000 JavaThread "Unconstrained build operations Thread 68" [_thread_blocked, id=16396, stack(0x00000044d8600000,0x00000044d8700000)]
  0x0000021038251000 JavaThread "Unconstrained build operations Thread 69" [_thread_blocked, id=6292, stack(0x00000044d8700000,0x00000044d8800000)]
  0x000002103855d800 JavaThread "Unconstrained build operations Thread 70" [_thread_blocked, id=10008, stack(0x00000044d8800000,0x00000044d8900000)]
  0x000002103855c000 JavaThread "Unconstrained build operations Thread 71" [_thread_blocked, id=1368, stack(0x00000044d8900000,0x00000044d8a00000)]
  0x000002103855a800 JavaThread "Unconstrained build operations Thread 72" [_thread_blocked, id=5392, stack(0x00000044d8a00000,0x00000044d8b00000)]
  0x000002103855b800 JavaThread "Unconstrained build operations Thread 73" [_thread_blocked, id=9664, stack(0x00000044d8b00000,0x00000044d8c00000)]
  0x000002103855e800 JavaThread "Unconstrained build operations Thread 74" [_thread_blocked, id=14284, stack(0x00000044d8c00000,0x00000044d8d00000)]
  0x0000021038559800 JavaThread "Unconstrained build operations Thread 75" [_thread_blocked, id=9632, stack(0x00000044d8d00000,0x00000044d8e00000)]
  0x0000021038560000 JavaThread "Unconstrained build operations Thread 76" [_thread_blocked, id=8332, stack(0x00000044d8e00000,0x00000044d8f00000)]
  0x000002103855f800 JavaThread "Unconstrained build operations Thread 77" [_thread_blocked, id=18304, stack(0x00000044d8f00000,0x00000044d9000000)]
  0x0000021038561000 JavaThread "Unconstrained build operations Thread 78" [_thread_blocked, id=12748, stack(0x00000044d9000000,0x00000044d9100000)]
  0x0000021038562000 JavaThread "Unconstrained build operations Thread 79" [_thread_blocked, id=17040, stack(0x00000044d9100000,0x00000044d9200000)]
  0x0000021038562800 JavaThread "Unconstrained build operations Thread 80" [_thread_blocked, id=2888, stack(0x00000044d9200000,0x00000044d9300000)]
  0x000002103855d000 JavaThread "jar transforms Thread 4" [_thread_blocked, id=4620, stack(0x00000044d9300000,0x00000044d9400000)]
  0x0000021038568800 JavaThread "jar transforms Thread 5" [_thread_blocked, id=4088, stack(0x00000044d9400000,0x00000044d9500000)]
  0x0000021038566000 JavaThread "jar transforms Thread 6" [_thread_blocked, id=16196, stack(0x00000044d9500000,0x00000044d9600000)]
  0x0000021038563800 JavaThread "jar transforms Thread 7" [_thread_blocked, id=5840, stack(0x00000044d9600000,0x00000044d9700000)]
  0x0000021038565000 JavaThread "jar transforms Thread 8" [_thread_blocked, id=19420, stack(0x00000044d9700000,0x00000044d9800000)]
  0x0000021038566800 JavaThread "Memory manager" [_thread_blocked, id=11772, stack(0x00000044d9800000,0x00000044d9900000)]

Other Threads:
=>0x0000021032a84000 VMThread "VM Thread" [stack: 0x00000044d1600000,0x00000044d1700000] [id=13516]
  0x0000021033584800 WatcherThread [stack: 0x00000044d2000000,0x00000044d2100000] [id=6424]
  0x000002101666c000 GCTaskThread "GC Thread#0" [stack: 0x00000044d1100000,0x00000044d1200000] [id=15244]
  0x0000021034373800 GCTaskThread "GC Thread#1" [stack: 0x00000044d2100000,0x00000044d2200000] [id=4900]
  0x0000021034dfe800 GCTaskThread "GC Thread#2" [stack: 0x00000044d2300000,0x00000044d2400000] [id=1012]
  0x000002103565a000 GCTaskThread "GC Thread#3" [stack: 0x00000044d2400000,0x00000044d2500000] [id=3604]
  0x0000021035903000 GCTaskThread "GC Thread#4" [stack: 0x00000044d3100000,0x00000044d3200000] [id=12504]
  0x0000021035a6b800 GCTaskThread "GC Thread#5" [stack: 0x00000044d3200000,0x00000044d3300000] [id=13436]
  0x0000021035841000 GCTaskThread "GC Thread#6" [stack: 0x00000044d3300000,0x00000044d3400000] [id=12260]
  0x00000210359ae000 GCTaskThread "GC Thread#7" [stack: 0x00000044d3400000,0x00000044d3500000] [id=15072]
  0x000002101669d000 ConcurrentGCThread "G1 Main Marker" [stack: 0x00000044d1200000,0x00000044d1300000] [id=18624]
  0x000002101669e800 ConcurrentGCThread "G1 Conc#0" [stack: 0x00000044d1300000,0x00000044d1400000] [id=3192]
  0x0000021034934800 ConcurrentGCThread "G1 Conc#1" [stack: 0x00000044d3500000,0x00000044d3600000] [id=10796]
  0x0000021016721000 ConcurrentGCThread "G1 Refine#0" [stack: 0x00000044d1400000,0x00000044d1500000] [id=13380]
  0x0000021016722000 ConcurrentGCThread "G1 Young RemSet Sampling" [stack: 0x00000044d1500000,0x00000044d1600000] [id=17308]

Threads with active compile tasks:
C2 CompilerThread0  16143 6789       4       java.lang.Class::annotationData (44 bytes)

VM state:at safepoint (normal execution)

VM Mutex/Monitor currently owned by a thread:  ([mutex/lock_event])
[0x000002101664dfa0] Threads_lock - owner thread: 0x0000021032a84000
[0x000002101664dbb0] Heap_lock - owner thread: 0x00000210348c6800

Heap address: 0x0000000080000000, size: 2048 MB, Compressed Oops mode: 32-bit
Narrow klass base: 0x0000000000000000, Narrow klass shift: 3
Compressed class space size: 1073741824 Address: 0x0000000100000000

Heap:
 garbage-first heap   total 172032K, used 64040K [0x0000000080000000, 0x0000000100000000)
  region size 1024K, 7 young (7168K), 7 survivors (7168K)
 Metaspace       used 77053K, capacity 78838K, committed 79056K, reserved 1118208K
  class space    used 10040K, capacity 10702K, committed 10752K, reserved 1048576K
Heap Regions: E=young(eden), S=young(survivor), O=old, HS=humongous(starts), HC=humongous(continues), CS=collection set, F=free, A=archive, TAMS=top-at-mark-start (previous, next)
|   0|0x0000000080000000, 0x0000000080100000, 0x0000000080100000|100%| O|  |TAMS 0x0000000080100000, 0x0000000080000000| Untracked 
|   1|0x0000000080100000, 0x0000000080200000, 0x0000000080200000|100%| O|  |TAMS 0x0000000080200000, 0x0000000080100000| Untracked 
|   2|0x0000000080200000, 0x0000000080300000, 0x0000000080300000|100%| O|  |TAMS 0x0000000080300000, 0x0000000080200000| Untracked 
|   3|0x0000000080300000, 0x0000000080400000, 0x0000000080400000|100%|HS|  |TAMS 0x0000000080400000, 0x0000000080300000| Complete 
|   4|0x0000000080400000, 0x0000000080500000, 0x0000000080500000|100%|HC|  |TAMS 0x0000000080500000, 0x0000000080400000| Complete 
|   5|0x0000000080500000, 0x0000000080600000, 0x0000000080600000|100%|HC|  |TAMS 0x0000000080600000, 0x0000000080500000| Complete 
|   6|0x0000000080600000, 0x0000000080700000, 0x0000000080700000|100%| O|  |TAMS 0x0000000080700000, 0x0000000080600000| Untracked 
|   7|0x0000000080700000, 0x0000000080800000, 0x0000000080800000|100%| O|  |TAMS 0x0000000080800000, 0x0000000080700000| Untracked 
|   8|0x0000000080800000, 0x0000000080900000, 0x0000000080900000|100%| O|  |TAMS 0x0000000080900000, 0x0000000080800000| Untracked 
|   9|0x0000000080900000, 0x0000000080a00000, 0x0000000080a00000|100%| O|  |TAMS 0x0000000080a00000, 0x0000000080900000| Untracked 
|  10|0x0000000080a00000, 0x0000000080b00000, 0x0000000080b00000|100%| O|  |TAMS 0x0000000080b00000, 0x0000000080a00000| Untracked 
|  11|0x0000000080b00000, 0x0000000080c00000, 0x0000000080c00000|100%| O|  |TAMS 0x0000000080c00000, 0x0000000080b00000| Untracked 
|  12|0x0000000080c00000, 0x0000000080d00000, 0x0000000080d00000|100%| O|  |TAMS 0x0000000080d00000, 0x0000000080c00000| Untracked 
|  13|0x0000000080d00000, 0x0000000080e00000, 0x0000000080e00000|100%| O|  |TAMS 0x0000000080e00000, 0x0000000080d00000| Untracked 
|  14|0x0000000080e00000, 0x0000000080f00000, 0x0000000080f00000|100%| O|  |TAMS 0x0000000080f00000, 0x0000000080e00000| Untracked 
|  15|0x0000000080f00000, 0x0000000081000000, 0x0000000081000000|100%| O|  |TAMS 0x0000000081000000, 0x0000000080f00000| Untracked 
|  16|0x0000000081000000, 0x0000000081100000, 0x0000000081100000|100%| O|  |TAMS 0x0000000081100000, 0x0000000081000000| Untracked 
|  17|0x0000000081100000, 0x0000000081200000, 0x0000000081200000|100%| O|  |TAMS 0x0000000081200000, 0x0000000081100000| Untracked 
|  18|0x0000000081200000, 0x0000000081300000, 0x0000000081300000|100%| O|  |TAMS 0x0000000081300000, 0x0000000081200000| Untracked 
|  19|0x0000000081300000, 0x0000000081400000, 0x0000000081400000|100%| O|  |TAMS 0x0000000081400000, 0x0000000081300000| Untracked 
|  20|0x0000000081400000, 0x0000000081500000, 0x0000000081500000|100%| O|  |TAMS 0x0000000081500000, 0x0000000081400000| Untracked 
|  21|0x0000000081500000, 0x0000000081600000, 0x0000000081600000|100%| O|  |TAMS 0x0000000081600000, 0x0000000081500000| Untracked 
|  22|0x0000000081600000, 0x0000000081700000, 0x0000000081700000|100%| O|  |TAMS 0x0000000081700000, 0x0000000081600000| Untracked 
|  23|0x0000000081700000, 0x0000000081800000, 0x0000000081800000|100%| O|  |TAMS 0x0000000081800000, 0x0000000081700000| Untracked 
|  24|0x0000000081800000, 0x0000000081900000, 0x0000000081900000|100%|HS|  |TAMS 0x0000000081900000, 0x0000000081800000| Complete 
|  25|0x0000000081900000, 0x0000000081a00000, 0x0000000081a00000|100%| O|  |TAMS 0x0000000081a00000, 0x0000000081900000| Untracked 
|  26|0x0000000081a00000, 0x0000000081b00000, 0x0000000081b00000|100%| O|  |TAMS 0x0000000081b00000, 0x0000000081a00000| Untracked 
|  27|0x0000000081b00000, 0x0000000081c00000, 0x0000000081c00000|100%| O|  |TAMS 0x0000000081c00000, 0x0000000081b00000| Untracked 
|  28|0x0000000081c00000, 0x0000000081d00000, 0x0000000081d00000|100%|HS|  |TAMS 0x0000000081d00000, 0x0000000081c00000| Complete 
|  29|0x0000000081d00000, 0x0000000081e00000, 0x0000000081e00000|100%| O|  |TAMS 0x0000000081e00000, 0x0000000081d00000| Untracked 
|  30|0x0000000081e00000, 0x0000000081f00000, 0x0000000081f00000|100%|HS|  |TAMS 0x0000000081f00000, 0x0000000081e00000| Complete 
|  31|0x0000000081f00000, 0x0000000082000000, 0x0000000082000000|100%|HC|  |TAMS 0x0000000082000000, 0x0000000081f00000| Complete 
|  32|0x0000000082000000, 0x0000000082100000, 0x0000000082100000|100%| O|  |TAMS 0x0000000082100000, 0x0000000082000000| Untracked 
|  33|0x0000000082100000, 0x0000000082200000, 0x0000000082200000|100%| O|  |TAMS 0x0000000082200000, 0x0000000082100000| Untracked 
|  34|0x0000000082200000, 0x0000000082300000, 0x0000000082300000|100%| O|  |TAMS 0x0000000082300000, 0x0000000082200000| Untracked 
|  35|0x0000000082300000, 0x0000000082400000, 0x0000000082400000|100%| O|  |TAMS 0x0000000082400000, 0x0000000082300000| Untracked 
|  36|0x0000000082400000, 0x0000000082500000, 0x0000000082500000|100%| O|  |TAMS 0x0000000082500000, 0x0000000082400000| Untracked 
|  37|0x0000000082500000, 0x0000000082600000, 0x0000000082600000|100%| O|  |TAMS 0x0000000082600000, 0x0000000082500000| Untracked 
|  38|0x0000000082600000, 0x0000000082700000, 0x0000000082700000|100%| O|  |TAMS 0x0000000082700000, 0x0000000082600000| Untracked 
|  39|0x0000000082700000, 0x0000000082800000, 0x0000000082800000|100%| O|  |TAMS 0x0000000082800000, 0x0000000082700000| Untracked 
|  40|0x0000000082800000, 0x0000000082900000, 0x0000000082900000|100%| O|  |TAMS 0x0000000082900000, 0x0000000082800000| Untracked 
|  41|0x0000000082900000, 0x0000000082a00000, 0x0000000082a00000|100%| O|  |TAMS 0x0000000082a00000, 0x0000000082900000| Untracked 
|  42|0x0000000082a00000, 0x0000000082b00000, 0x0000000082b00000|100%| O|  |TAMS 0x0000000082b00000, 0x0000000082a00000| Untracked 
|  43|0x0000000082b00000, 0x0000000082c00000, 0x0000000082c00000|100%| O|  |TAMS 0x0000000082c00000, 0x0000000082b00000| Untracked 
|  44|0x0000000082c00000, 0x0000000082d00000, 0x0000000082d00000|100%| O|  |TAMS 0x0000000082c76600, 0x0000000082c00000| Untracked 
|  45|0x0000000082d00000, 0x0000000082e00000, 0x0000000082e00000|100%| O|  |TAMS 0x0000000082d00000, 0x0000000082d00000| Untracked 
|  46|0x0000000082e00000, 0x0000000082f00000, 0x0000000082f00000|100%| O|  |TAMS 0x0000000082e00000, 0x0000000082e00000| Untracked 
|  47|0x0000000082f00000, 0x0000000083000000, 0x0000000083000000|100%| O|  |TAMS 0x0000000082f00000, 0x0000000082f00000| Untracked 
|  48|0x0000000083000000, 0x0000000083100000, 0x0000000083100000|100%| O|  |TAMS 0x0000000083000000, 0x0000000083000000| Untracked 
|  49|0x0000000083100000, 0x0000000083200000, 0x0000000083200000|100%| O|  |TAMS 0x0000000083100000, 0x0000000083100000| Untracked 
|  50|0x0000000083200000, 0x0000000083300000, 0x0000000083300000|100%| O|  |TAMS 0x0000000083200000, 0x0000000083200000| Untracked 
|  51|0x0000000083300000, 0x0000000083400000, 0x0000000083400000|100%| O|  |TAMS 0x0000000083300000, 0x0000000083300000| Untracked 
|  52|0x0000000083400000, 0x0000000083500000, 0x0000000083500000|100%| O|  |TAMS 0x0000000083400000, 0x0000000083400000| Untracked 
|  53|0x0000000083500000, 0x0000000083600000, 0x0000000083600000|100%| O|  |TAMS 0x0000000083500000, 0x0000000083500000| Untracked 
|  54|0x0000000083600000, 0x0000000083700000, 0x0000000083700000|100%| O|  |TAMS 0x0000000083600000, 0x0000000083600000| Untracked 
|  55|0x0000000083700000, 0x0000000083800000, 0x0000000083800000|100%| O|  |TAMS 0x0000000083700000, 0x0000000083700000| Untracked 
|  56|0x0000000083800000, 0x0000000083864a00, 0x0000000083900000| 39%| O|  |TAMS 0x0000000083800000, 0x0000000083800000| Untracked 
|  57|0x0000000083900000, 0x0000000083900000, 0x0000000083a00000|  0%| F|  |TAMS 0x0000000083900000, 0x0000000083900000| Untracked 
|  58|0x0000000083a00000, 0x0000000083a00000, 0x0000000083b00000|  0%| F|  |TAMS 0x0000000083a00000, 0x0000000083a00000| Untracked 
|  59|0x0000000083b00000, 0x0000000083b00000, 0x0000000083c00000|  0%| F|  |TAMS 0x0000000083b00000, 0x0000000083b00000| Untracked 
|  60|0x0000000083c00000, 0x0000000083c00000, 0x0000000083d00000|  0%| F|  |TAMS 0x0000000083c00000, 0x0000000083c00000| Untracked 
|  61|0x0000000083d00000, 0x0000000083d00000, 0x0000000083e00000|  0%| F|  |TAMS 0x0000000083d00000, 0x0000000083d00000| Untracked 
|  62|0x0000000083e00000, 0x0000000083e00000, 0x0000000083f00000|  0%| F|  |TAMS 0x0000000083e00000, 0x0000000083e00000| Untracked 
|  63|0x0000000083f00000, 0x0000000083f00000, 0x0000000084000000|  0%| F|  |TAMS 0x0000000083f00000, 0x0000000083f00000| Untracked 
|  64|0x0000000084000000, 0x0000000084000000, 0x0000000084100000|  0%| F|  |TAMS 0x0000000084000000, 0x0000000084000000| Untracked 
|  65|0x0000000084100000, 0x0000000084100000, 0x0000000084200000|  0%| F|  |TAMS 0x0000000084100000, 0x0000000084100000| Untracked 
|  66|0x0000000084200000, 0x0000000084200000, 0x0000000084300000|  0%| F|  |TAMS 0x0000000084200000, 0x0000000084200000| Untracked 
|  67|0x0000000084300000, 0x0000000084300000, 0x0000000084400000|  0%| F|  |TAMS 0x0000000084300000, 0x0000000084300000| Untracked 
|  68|0x0000000084400000, 0x0000000084400000, 0x0000000084500000|  0%| F|  |TAMS 0x0000000084400000, 0x0000000084400000| Untracked 
|  69|0x0000000084500000, 0x0000000084500000, 0x0000000084600000|  0%| F|  |TAMS 0x0000000084500000, 0x0000000084500000| Untracked 
|  70|0x0000000084600000, 0x0000000084600000, 0x0000000084700000|  0%| F|  |TAMS 0x0000000084600000, 0x0000000084600000| Untracked 
|  71|0x0000000084700000, 0x0000000084700000, 0x0000000084800000|  0%| F|  |TAMS 0x0000000084700000, 0x0000000084700000| Untracked 
|  72|0x0000000084800000, 0x0000000084800000, 0x0000000084900000|  0%| F|  |TAMS 0x0000000084800000, 0x0000000084800000| Untracked 
|  73|0x0000000084900000, 0x0000000084900000, 0x0000000084a00000|  0%| F|  |TAMS 0x0000000084900000, 0x0000000084900000| Untracked 
|  74|0x0000000084a00000, 0x0000000084a00000, 0x0000000084b00000|  0%| F|  |TAMS 0x0000000084a00000, 0x0000000084a00000| Untracked 
|  75|0x0000000084b00000, 0x0000000084b00000, 0x0000000084c00000|  0%| F|  |TAMS 0x0000000084b00000, 0x0000000084b00000| Untracked 
|  76|0x0000000084c00000, 0x0000000084c00000, 0x0000000084d00000|  0%| F|  |TAMS 0x0000000084c00000, 0x0000000084c00000| Untracked 
|  77|0x0000000084d00000, 0x0000000084d00000, 0x0000000084e00000|  0%| F|  |TAMS 0x0000000084d00000, 0x0000000084d00000| Untracked 
|  78|0x0000000084e00000, 0x0000000084e00000, 0x0000000084f00000|  0%| F|  |TAMS 0x0000000084e00000, 0x0000000084e00000| Untracked 
|  79|0x0000000084f00000, 0x0000000084f00000, 0x0000000085000000|  0%| F|  |TAMS 0x0000000084f00000, 0x0000000084f00000| Untracked 
|  80|0x0000000085000000, 0x0000000085000000, 0x0000000085100000|  0%| F|  |TAMS 0x0000000085000000, 0x0000000085000000| Untracked 
|  81|0x0000000085100000, 0x0000000085125958, 0x0000000085200000| 14%| S|CS|TAMS 0x0000000085100000, 0x0000000085100000| Complete 
|  82|0x0000000085200000, 0x0000000085300000, 0x0000000085300000|100%| S|CS|TAMS 0x0000000085200000, 0x0000000085200000| Complete 
|  83|0x0000000085300000, 0x0000000085400000, 0x0000000085400000|100%| S|CS|TAMS 0x0000000085300000, 0x0000000085300000| Complete 
|  84|0x0000000085400000, 0x0000000085500000, 0x0000000085500000|100%| S|CS|TAMS 0x0000000085400000, 0x0000000085400000| Complete 
|  85|0x0000000085500000, 0x0000000085600000, 0x0000000085600000|100%| S|CS|TAMS 0x0000000085500000, 0x0000000085500000| Complete 
|  86|0x0000000085600000, 0x0000000085700000, 0x0000000085700000|100%| S|CS|TAMS 0x0000000085600000, 0x0000000085600000| Complete 
|  87|0x0000000085700000, 0x0000000085700000, 0x0000000085800000|  0%| F|  |TAMS 0x0000000085700000, 0x0000000085700000| Untracked 
|  88|0x0000000085800000, 0x0000000085800000, 0x0000000085900000|  0%| F|  |TAMS 0x0000000085800000, 0x0000000085800000| Untracked 
|  89|0x0000000085900000, 0x0000000085900000, 0x0000000085a00000|  0%| F|  |TAMS 0x0000000085900000, 0x0000000085900000| Untracked 
|  90|0x0000000085a00000, 0x0000000085a00000, 0x0000000085b00000|  0%| F|  |TAMS 0x0000000085a00000, 0x0000000085a00000| Untracked 
|  91|0x0000000085b00000, 0x0000000085c00000, 0x0000000085c00000|100%| S|CS|TAMS 0x0000000085b00000, 0x0000000085b00000| Complete 
|  92|0x0000000085c00000, 0x0000000085c00000, 0x0000000085d00000|  0%| F|  |TAMS 0x0000000085c00000, 0x0000000085c00000| Untracked 
|  93|0x0000000085d00000, 0x0000000085d00000, 0x0000000085e00000|  0%| F|  |TAMS 0x0000000085d00000, 0x0000000085d00000| Untracked 
|  94|0x0000000085e00000, 0x0000000085e00000, 0x0000000085f00000|  0%| F|  |TAMS 0x0000000085e00000, 0x0000000085e00000| Untracked 
|  95|0x0000000085f00000, 0x0000000085f00000, 0x0000000086000000|  0%| F|  |TAMS 0x0000000085f00000, 0x0000000085f00000| Untracked 
|  96|0x0000000086000000, 0x0000000086000000, 0x0000000086100000|  0%| F|  |TAMS 0x0000000086000000, 0x0000000086000000| Untracked 
|  97|0x0000000086100000, 0x0000000086100000, 0x0000000086200000|  0%| F|  |TAMS 0x0000000086100000, 0x0000000086100000| Untracked 
|  98|0x0000000086200000, 0x0000000086200000, 0x0000000086300000|  0%| F|  |TAMS 0x0000000086200000, 0x0000000086200000| Untracked 
|  99|0x0000000086300000, 0x0000000086300000, 0x0000000086400000|  0%| F|  |TAMS 0x0000000086300000, 0x0000000086300000| Untracked 
| 100|0x0000000086400000, 0x0000000086400000, 0x0000000086500000|  0%| F|  |TAMS 0x0000000086400000, 0x0000000086400000| Untracked 
| 101|0x0000000086500000, 0x0000000086500000, 0x0000000086600000|  0%| F|  |TAMS 0x0000000086500000, 0x0000000086500000| Untracked 
| 102|0x0000000086600000, 0x0000000086600000, 0x0000000086700000|  0%| F|  |TAMS 0x0000000086600000, 0x0000000086600000| Untracked 
| 103|0x0000000086700000, 0x0000000086700000, 0x0000000086800000|  0%| F|  |TAMS 0x0000000086700000, 0x0000000086700000| Untracked 
| 104|0x0000000086800000, 0x0000000086800000, 0x0000000086900000|  0%| F|  |TAMS 0x0000000086800000, 0x0000000086800000| Untracked 
| 105|0x0000000086900000, 0x0000000086900000, 0x0000000086a00000|  0%| F|  |TAMS 0x0000000086900000, 0x0000000086900000| Untracked 
| 106|0x0000000086a00000, 0x0000000086a00000, 0x0000000086b00000|  0%| F|  |TAMS 0x0000000086a00000, 0x0000000086a00000| Untracked 
| 107|0x0000000086b00000, 0x0000000086b00000, 0x0000000086c00000|  0%| F|  |TAMS 0x0000000086b00000, 0x0000000086b00000| Untracked 
| 108|0x0000000086c00000, 0x0000000086c00000, 0x0000000086d00000|  0%| F|  |TAMS 0x0000000086c00000, 0x0000000086c00000| Untracked 
| 109|0x0000000086d00000, 0x0000000086d00000, 0x0000000086e00000|  0%| F|  |TAMS 0x0000000086d00000, 0x0000000086d00000| Untracked 
| 110|0x0000000086e00000, 0x0000000086e00000, 0x0000000086f00000|  0%| F|  |TAMS 0x0000000086e00000, 0x0000000086e00000| Untracked 
| 111|0x0000000086f00000, 0x0000000086f00000, 0x0000000087000000|  0%| F|  |TAMS 0x0000000086f00000, 0x0000000086f00000| Untracked 
| 112|0x0000000087000000, 0x0000000087000000, 0x0000000087100000|  0%| F|  |TAMS 0x0000000087000000, 0x0000000087000000| Untracked 
| 113|0x0000000087100000, 0x0000000087100000, 0x0000000087200000|  0%| F|  |TAMS 0x0000000087100000, 0x0000000087100000| Untracked 
| 114|0x0000000087200000, 0x0000000087200000, 0x0000000087300000|  0%| F|  |TAMS 0x0000000087200000, 0x0000000087200000| Untracked 
| 115|0x0000000087300000, 0x0000000087300000, 0x0000000087400000|  0%| F|  |TAMS 0x0000000087300000, 0x0000000087300000| Untracked 
| 116|0x0000000087400000, 0x0000000087400000, 0x0000000087500000|  0%| F|  |TAMS 0x0000000087400000, 0x0000000087400000| Untracked 
| 117|0x0000000087500000, 0x0000000087500000, 0x0000000087600000|  0%| F|  |TAMS 0x0000000087500000, 0x0000000087500000| Untracked 
| 118|0x0000000087600000, 0x0000000087600000, 0x0000000087700000|  0%| F|  |TAMS 0x0000000087600000, 0x0000000087600000| Untracked 
| 119|0x0000000087700000, 0x0000000087700000, 0x0000000087800000|  0%| F|  |TAMS 0x0000000087700000, 0x0000000087700000| Untracked 
| 120|0x0000000087800000, 0x0000000087800000, 0x0000000087900000|  0%| F|  |TAMS 0x0000000087800000, 0x0000000087800000| Untracked 
| 121|0x0000000087900000, 0x0000000087900000, 0x0000000087a00000|  0%| F|  |TAMS 0x0000000087900000, 0x0000000087900000| Untracked 
| 122|0x0000000087a00000, 0x0000000087a00000, 0x0000000087b00000|  0%| F|  |TAMS 0x0000000087a00000, 0x0000000087a00000| Untracked 
| 123|0x0000000087b00000, 0x0000000087b00000, 0x0000000087c00000|  0%| F|  |TAMS 0x0000000087b00000, 0x0000000087b00000| Untracked 
| 124|0x0000000087c00000, 0x0000000087c00000, 0x0000000087d00000|  0%| F|  |TAMS 0x0000000087c00000, 0x0000000087c00000| Untracked 
| 125|0x0000000087d00000, 0x0000000087d00000, 0x0000000087e00000|  0%| F|  |TAMS 0x0000000087d00000, 0x0000000087d00000| Untracked 
| 126|0x0000000087e00000, 0x0000000087e00000, 0x0000000087f00000|  0%| F|  |TAMS 0x0000000087e00000, 0x0000000087e00000| Untracked 
| 127|0x0000000087f00000, 0x0000000087f00000, 0x0000000088000000|  0%| F|  |TAMS 0x0000000087f00000, 0x0000000087f00000| Untracked 
| 128|0x0000000088000000, 0x0000000088000000, 0x0000000088100000|  0%| F|  |TAMS 0x0000000088000000, 0x0000000088000000| Untracked 
| 129|0x0000000088100000, 0x0000000088100000, 0x0000000088200000|  0%| F|  |TAMS 0x0000000088100000, 0x0000000088100000| Untracked 
| 130|0x0000000088200000, 0x0000000088200000, 0x0000000088300000|  0%| F|  |TAMS 0x0000000088200000, 0x0000000088200000| Untracked 
| 131|0x0000000088300000, 0x0000000088300000, 0x0000000088400000|  0%| F|  |TAMS 0x0000000088300000, 0x0000000088300000| Untracked 
| 132|0x0000000088400000, 0x0000000088400000, 0x0000000088500000|  0%| F|  |TAMS 0x0000000088400000, 0x0000000088400000| Untracked 
| 133|0x0000000088500000, 0x0000000088500000, 0x0000000088600000|  0%| F|  |TAMS 0x0000000088500000, 0x0000000088500000| Untracked 
| 134|0x0000000088600000, 0x0000000088600000, 0x0000000088700000|  0%| F|  |TAMS 0x0000000088600000, 0x0000000088600000| Untracked 
| 135|0x0000000088700000, 0x0000000088700000, 0x0000000088800000|  0%| F|  |TAMS 0x0000000088700000, 0x0000000088700000| Untracked 
| 136|0x0000000088800000, 0x0000000088800000, 0x0000000088900000|  0%| F|  |TAMS 0x0000000088800000, 0x0000000088800000| Untracked 
| 137|0x0000000088900000, 0x0000000088900000, 0x0000000088a00000|  0%| F|  |TAMS 0x0000000088900000, 0x0000000088900000| Untracked 
| 138|0x0000000088a00000, 0x0000000088a00000, 0x0000000088b00000|  0%| F|  |TAMS 0x0000000088a00000, 0x0000000088a00000| Untracked 
| 139|0x0000000088b00000, 0x0000000088b00000, 0x0000000088c00000|  0%| F|  |TAMS 0x0000000088b00000, 0x0000000088b00000| Untracked 

Card table byte_map: [0x000002102b7b0000,0x000002102bbb0000] _byte_map_base: 0x000002102b3b0000

Marking Bits (Prev, Next): (CMBitMap*) 0x0000021016694068, (CMBitMap*) 0x00000210166940a0
 Prev Bits: [0x000002102bfb0000, 0x000002102dfb0000)
 Next Bits: [0x000002102dfb0000, 0x000002102ffb0000)

Polling page: 0x000002101b920000

Metaspace:

Usage:
  Non-class:     66.54 MB capacity,    65.44 MB ( 98%) used,   933.48 KB (  1%) free+waste,   189.94 KB ( <1%) overhead. 
      Class:     10.45 MB capacity,     9.81 MB ( 94%) used,   573.74 KB (  5%) free+waste,    87.81 KB ( <1%) overhead. 
       Both:     76.99 MB capacity,    75.25 MB ( 98%) used,     1.47 MB (  2%) free+waste,   277.75 KB ( <1%) overhead. 

Virtual space:
  Non-class space:       68.00 MB reserved,      66.70 MB ( 98%) committed 
      Class space:        1.00 GB reserved,      10.50 MB (  1%) committed 
             Both:        1.07 GB reserved,      77.20 MB (  7%) committed 

Chunk freelists:
   Non-Class:  40.00 KB
       Class:  18.00 KB
        Both:  58.00 KB

MaxMetaspaceSize: 17179869184.00 GB
CompressedClassSpaceSize: 1.00 GB
Initial GC threshold: 20.80 MB
Current GC threshold: 104.51 MB
CDS: off

CodeHeap 'non-profiled nmethods': size=120000Kb used=2911Kb max_used=2911Kb free=117088Kb
 bounds [0x0000021023410000, 0x00000210236f0000, 0x000002102a940000]
CodeHeap 'profiled nmethods': size=120000Kb used=14512Kb max_used=14512Kb free=105487Kb
 bounds [0x000002101bee0000, 0x000002101cd10000, 0x0000021023410000]
CodeHeap 'non-nmethods': size=5760Kb used=2354Kb max_used=2388Kb free=3405Kb
 bounds [0x000002101b940000, 0x000002101bbb0000, 0x000002101bee0000]
 total_blobs=8121 nmethods=7253 adapters=780
 compilation: enabled
              stopped_count=0, restarted_count=0
 full_count=0

Compilation events (20 events):
Event: 16.064 Thread 0x0000021032ab3800 7477       3       com.sun.xml.bind.v2.model.impl.RuntimeTypeRefImpl::getTarget (8 bytes)
Event: 16.065 Thread 0x0000021032ab3800 nmethod 7477 0x000002101cd09210 code [0x000002101cd093e0, 0x000002101cd096c8]
Event: 16.065 Thread 0x0000021032ab3800 7478       3       com.sun.xml.bind.v2.model.impl.TypeRefImpl::getTarget (16 bytes)
Event: 16.065 Thread 0x0000021032ab3800 nmethod 7478 0x000002101cd09790 code [0x000002101cd09940, 0x000002101cd09ac8]
Event: 16.072 Thread 0x0000021032ab3800 7479       3       com.sun.xml.bind.v2.model.impl.RuntimeTypeRefImpl::getTarget (5 bytes)
Event: 16.072 Thread 0x0000021032ab3800 nmethod 7479 0x000002101cd09b90 code [0x000002101cd09d60, 0x000002101cd0a0a8]
Event: 16.073 Thread 0x0000021032ab3800 7481       3       com.sun.xml.bind.v2.util.QNameMap::getEntry (105 bytes)
Event: 16.074 Thread 0x0000021032ab3800 nmethod 7481 0x000002101cd0a190 code [0x000002101cd0a360, 0x000002101cd0a688]
Event: 16.074 Thread 0x0000021032ab3800 7480       3       com.sun.xml.bind.v2.util.QNameMap::get (18 bytes)
Event: 16.074 Thread 0x0000021032ab3800 nmethod 7480 0x000002101cd0a810 code [0x000002101cd0a9e0, 0x000002101cd0ab68]
Event: 16.074 Thread 0x0000021032ab3800 7482       1       com.sun.xml.bind.v2.model.impl.TypeRefImpl::isNillable (5 bytes)
Event: 16.074 Thread 0x0000021032ab3800 nmethod 7482 0x00000210236e7110 code [0x00000210236e72c0, 0x00000210236e7378]
Event: 16.074 Thread 0x0000021032ab3800 7483       3       com.sun.xml.bind.v2.model.impl.ClassInfoImpl::getBaseClass (100 bytes)
Event: 16.075 Thread 0x0000021032ab3800 nmethod 7483 0x000002101cd0ac90 code [0x000002101cd0aee0, 0x000002101cd0b918]
Event: 16.075 Thread 0x0000021032ab3800 7486       3       com.sun.istack.FinalArrayList::<init> (5 bytes)
Event: 16.075 Thread 0x0000021032ab3800 nmethod 7486 0x000002101cd0bc10 code [0x000002101cd0bde0, 0x000002101cd0c0d8]
Event: 16.075 Thread 0x0000021032ab3800 7484       1       com.sun.xml.bind.v2.runtime.property.PropertyImpl::hasSerializeURIAction (2 bytes)
Event: 16.075 Thread 0x0000021032ab3800 nmethod 7484 0x00000210236e7410 code [0x00000210236e75c0, 0x00000210236e7678]
Event: 16.076 Thread 0x0000021032ab3800 7485       1       com.sun.xml.bind.v2.model.impl.TypeRefImpl::getDefaultValue (5 bytes)
Event: 16.076 Thread 0x0000021032ab3800 nmethod 7485 0x00000210236e7710 code [0x00000210236e78c0, 0x00000210236e7978]

GC Heap History (20 events):
Event: 7.882 GC heap after
{Heap after GC invocations=10 (full 0):
 garbage-first heap   total 98304K, used 27417K [0x0000000080000000, 0x0000000100000000)
  region size 1024K, 7 young (7168K), 7 survivors (7168K)
 Metaspace       used 39204K, capacity 40132K, committed 40400K, reserved 1085440K
  class space    used 4942K, capacity 5260K, committed 5376K, reserved 1048576K
}
Event: 8.562 GC heap before
{Heap before GC invocations=10 (full 0):
 garbage-first heap   total 98304K, used 73497K [0x0000000080000000, 0x0000000100000000)
  region size 1024K, 52 young (53248K), 7 survivors (7168K)
 Metaspace       used 42408K, capacity 43470K, committed 43728K, reserved 1087488K
  class space    used 5401K, capacity 5767K, committed 5888K, reserved 1048576K
}
Event: 8.575 GC heap after
{Heap after GC invocations=11 (full 0):
 garbage-first heap   total 98304K, used 30068K [0x0000000080000000, 0x0000000100000000)
  region size 1024K, 6 young (6144K), 6 survivors (6144K)
 Metaspace       used 42408K, capacity 43470K, committed 43728K, reserved 1087488K
  class space    used 5401K, capacity 5767K, committed 5888K, reserved 1048576K
}
Event: 9.159 GC heap before
{Heap before GC invocations=11 (full 0):
 garbage-first heap   total 98304K, used 76148K [0x0000000080000000, 0x0000000100000000)
  region size 1024K, 50 young (51200K), 6 survivors (6144K)
 Metaspace       used 46161K, capacity 47326K, committed 47440K, reserved 1091584K
  class space    used 5855K, capacity 6263K, committed 6272K, reserved 1048576K
}
Event: 9.170 GC heap after
{Heap after GC invocations=12 (full 0):
 garbage-first heap   total 118784K, used 31674K [0x0000000080000000, 0x0000000100000000)
  region size 1024K, 4 young (4096K), 4 survivors (4096K)
 Metaspace       used 46161K, capacity 47326K, committed 47440K, reserved 1091584K
  class space    used 5855K, capacity 6263K, committed 6272K, reserved 1048576K
}
Event: 10.110 GC heap before
{Heap before GC invocations=12 (full 0):
 garbage-first heap   total 118784K, used 83898K [0x0000000080000000, 0x0000000100000000)
  region size 1024K, 56 young (57344K), 4 survivors (4096K)
 Metaspace       used 48569K, capacity 49869K, committed 50128K, reserved 1093632K
  class space    used 6146K, capacity 6627K, committed 6656K, reserved 1048576K
}
Event: 10.121 GC heap after
{Heap after GC invocations=13 (full 0):
 garbage-first heap   total 118784K, used 34740K [0x0000000080000000, 0x0000000100000000)
  region size 1024K, 7 young (7168K), 7 survivors (7168K)
 Metaspace       used 48569K, capacity 49869K, committed 50128K, reserved 1093632K
  class space    used 6146K, capacity 6627K, committed 6656K, reserved 1048576K
}
Event: 11.056 GC heap before
{Heap before GC invocations=13 (full 0):
 garbage-first heap   total 118784K, used 92084K [0x0000000080000000, 0x0000000100000000)
  region size 1024K, 59 young (60416K), 7 survivors (7168K)
 Metaspace       used 53848K, capacity 55265K, committed 55504K, reserved 1097728K
  class space    used 6816K, capacity 7339K, committed 7424K, reserved 1048576K
}
Event: 11.069 GC heap after
{Heap after GC invocations=14 (full 0):
 garbage-first heap   total 118784K, used 45041K [0x0000000080000000, 0x0000000100000000)
  region size 1024K, 8 young (8192K), 8 survivors (8192K)
 Metaspace       used 53848K, capacity 55265K, committed 55504K, reserved 1097728K
  class space    used 6816K, capacity 7339K, committed 7424K, reserved 1048576K
}
Event: 11.760 GC heap before
{Heap before GC invocations=14 (full 0):
 garbage-first heap   total 118784K, used 78833K [0x0000000080000000, 0x0000000100000000)
  region size 1024K, 42 young (43008K), 8 survivors (8192K)
 Metaspace       used 58912K, capacity 60374K, committed 60496K, reserved 1101824K
  class space    used 7437K, capacity 7974K, committed 8064K, reserved 1048576K
}
Event: 11.772 GC heap after
{Heap after GC invocations=15 (full 0):
 garbage-first heap   total 118784K, used 47362K [0x0000000080000000, 0x0000000100000000)
  region size 1024K, 2 young (2048K), 2 survivors (2048K)
 Metaspace       used 58912K, capacity 60374K, committed 60496K, reserved 1101824K
  class space    used 7437K, capacity 7974K, committed 8064K, reserved 1048576K
}
Event: 12.587 GC heap before
{Heap before GC invocations=16 (full 0):
 garbage-first heap   total 118784K, used 95490K [0x0000000080000000, 0x0000000100000000)
  region size 1024K, 43 young (44032K), 2 survivors (2048K)
 Metaspace       used 62352K, capacity 63845K, committed 63952K, reserved 1105920K
  class space    used 7852K, capacity 8398K, committed 8448K, reserved 1048576K
}
Event: 12.599 GC heap after
{Heap after GC invocations=17 (full 0):
 garbage-first heap   total 143360K, used 51161K [0x0000000080000000, 0x0000000100000000)
  region size 1024K, 6 young (6144K), 6 survivors (6144K)
 Metaspace       used 62352K, capacity 63845K, committed 63952K, reserved 1105920K
  class space    used 7852K, capacity 8398K, committed 8448K, reserved 1048576K
}
Event: 13.428 GC heap before
{Heap before GC invocations=18 (full 0):
 garbage-first heap   total 143360K, used 102361K [0x0000000080000000, 0x0000000100000000)
  region size 1024K, 55 young (56320K), 6 survivors (6144K)
 Metaspace       used 65105K, capacity 66638K, committed 66896K, reserved 1107968K
  class space    used 8215K, capacity 8743K, committed 8832K, reserved 1048576K
}
Event: 13.439 GC heap after
{Heap after GC invocations=19 (full 0):
 garbage-first heap   total 143360K, used 54818K [0x0000000080000000, 0x0000000100000000)
  region size 1024K, 4 young (4096K), 4 survivors (4096K)
 Metaspace       used 65105K, capacity 66638K, committed 66896K, reserved 1107968K
  class space    used 8215K, capacity 8743K, committed 8832K, reserved 1048576K
}
Event: 14.108 GC heap before
{Heap before GC invocations=19 (full 0):
 garbage-first heap   total 143360K, used 104994K [0x0000000080000000, 0x0000000100000000)
  region size 1024K, 53 young (54272K), 4 survivors (4096K)
 Metaspace       used 67511K, capacity 69170K, committed 69328K, reserved 1110016K
  class space    used 8555K, capacity 9161K, committed 9216K, reserved 1048576K
}
Event: 14.117 GC heap after
{Heap after GC invocations=20 (full 0):
 garbage-first heap   total 143360K, used 57709K [0x0000000080000000, 0x0000000100000000)
  region size 1024K, 7 young (7168K), 7 survivors (7168K)
 Metaspace       used 67511K, capacity 69170K, committed 69328K, reserved 1110016K
  class space    used 8555K, capacity 9161K, committed 9216K, reserved 1048576K
}
Event: 15.170 GC heap before
{Heap before GC invocations=20 (full 0):
 garbage-first heap   total 143360K, used 107885K [0x0000000080000000, 0x0000000100000000)
  region size 1024K, 56 young (57344K), 7 survivors (7168K)
 Metaspace       used 72818K, capacity 74514K, committed 74832K, reserved 1114112K
  class space    used 9424K, capacity 10029K, committed 10112K, reserved 1048576K
}
Event: 15.183 GC heap after
{Heap after GC invocations=21 (full 0):
 garbage-first heap   total 143360K, used 61278K [0x0000000080000000, 0x0000000100000000)
  region size 1024K, 7 young (7168K), 7 survivors (7168K)
 Metaspace       used 72818K, capacity 74514K, committed 74832K, reserved 1114112K
  class space    used 9424K, capacity 10029K, committed 10112K, reserved 1048576K
}
Event: 16.097 GC heap before
{Heap before GC invocations=21 (full 0):
 garbage-first heap   total 143360K, used 110430K [0x0000000080000000, 0x0000000100000000)
  region size 1024K, 55 young (56320K), 7 survivors (7168K)
 Metaspace       used 77053K, capacity 78838K, committed 79056K, reserved 1118208K
  class space    used 10040K, capacity 10702K, committed 10752K, reserved 1048576K
}

Deoptimization events (20 events):
Event: 15.107 Thread 0x00000210348c6800 Uncommon trap: trap_request=0xffffff4d fr.pc=0x0000021023473ec8 relative=0x0000000000000968
Event: 15.107 Thread 0x00000210348c6800 Uncommon trap: reason=unstable_if action=reinterpret pc=0x0000021023473ec8 method=java.util.HashMap.resize()[Ljava/util/HashMap$Node; @ 203 c2
Event: 15.107 Thread 0x00000210348c6800 DEOPT PACKING pc=0x0000021023473ec8 sp=0x00000044d2af87d0
Event: 15.107 Thread 0x00000210348c6800 DEOPT UNPACKING pc=0x000002101b98a1af sp=0x00000044d2af8780 mode 2
Event: 15.107 Thread 0x00000210348c6800 Uncommon trap: trap_request=0xffffff4d fr.pc=0x00000210236af9f8 relative=0x00000000000002b8
Event: 15.107 Thread 0x00000210348c6800 Uncommon trap: reason=unstable_if action=reinterpret pc=0x00000210236af9f8 method=java.util.HashMap.getNode(ILjava/lang/Object;)Ljava/util/HashMap$Node; @ 84 c2
Event: 15.107 Thread 0x00000210348c6800 DEOPT PACKING pc=0x00000210236af9f8 sp=0x00000044d2af88b0
Event: 15.107 Thread 0x00000210348c6800 DEOPT UNPACKING pc=0x000002101b98a1af sp=0x00000044d2af87c0 mode 2
Event: 15.107 Thread 0x00000210348c6800 Uncommon trap: trap_request=0xffffff4d fr.pc=0x0000021023600d68 relative=0x00000000000001a8
Event: 15.107 Thread 0x00000210348c6800 Uncommon trap: reason=unstable_if action=reinterpret pc=0x0000021023600d68 method=java.util.HashMap.getNode(ILjava/lang/Object;)Ljava/util/HashMap$Node; @ 84 c2
Event: 15.107 Thread 0x00000210348c6800 DEOPT PACKING pc=0x0000021023600d68 sp=0x00000044d2af8820
Event: 15.107 Thread 0x00000210348c6800 DEOPT UNPACKING pc=0x000002101b98a1af sp=0x00000044d2af87a8 mode 2
Event: 15.329 Thread 0x00000210348c6800 Uncommon trap: trap_request=0xffffff4d fr.pc=0x00000210235f7204 relative=0x0000000000000704
Event: 15.329 Thread 0x00000210348c6800 Uncommon trap: reason=unstable_if action=reinterpret pc=0x00000210235f7204 method=java.util.HashMap.putVal(ILjava/lang/Object;Ljava/lang/Object;ZZ)Ljava/lang/Object; @ 109 c2
Event: 15.329 Thread 0x00000210348c6800 DEOPT PACKING pc=0x00000210235f7204 sp=0x00000044d2af7030
Event: 15.329 Thread 0x00000210348c6800 DEOPT UNPACKING pc=0x000002101b98a1af sp=0x00000044d2af6f48 mode 2
Event: 15.329 Thread 0x00000210348c6800 Uncommon trap: trap_request=0xffffff4d fr.pc=0x0000021023682d84 relative=0x0000000000000684
Event: 15.329 Thread 0x00000210348c6800 Uncommon trap: reason=unstable_if action=reinterpret pc=0x0000021023682d84 method=java.util.HashMap.putVal(ILjava/lang/Object;Ljava/lang/Object;ZZ)Ljava/lang/Object; @ 109 c2
Event: 15.329 Thread 0x00000210348c6800 DEOPT PACKING pc=0x0000021023682d84 sp=0x00000044d2af6f80
Event: 15.329 Thread 0x00000210348c6800 DEOPT UNPACKING pc=0x000002101b98a1af sp=0x00000044d2af6f38 mode 2

Classes redefined (0 events):
No events

Internal exceptions (20 events):
Event: 13.668 Thread 0x00000210348c6800 Exception <a 'java/lang/ClassNotFoundException'{0x000000008703ead0}: com/android/build/gradle/internal/dsl/ApplicationBuildFeaturesImplBeanInfo> (0x000000008703ead0) thrown at [./src/hotspot/share/classfile/systemDictionary.cpp, line 231]
Event: 13.669 Thread 0x00000210348c6800 Exception <a 'java/lang/ClassNotFoundException'{0x000000008705c038}: com/android/build/gradle/internal/dsl/BuildFeaturesImplBeanInfo> (0x000000008705c038) thrown at [./src/hotspot/share/classfile/systemDictionary.cpp, line 231]
Event: 13.669 Thread 0x00000210348c6800 Exception <a 'java/lang/ClassNotFoundException'{0x0000000087079880}: com/android/build/gradle/internal/dsl/BuildFeaturesImplCustomizer> (0x0000000087079880) thrown at [./src/hotspot/share/classfile/systemDictionary.cpp, line 231]
Event: 13.670 Thread 0x00000210348c6800 Exception <a 'java/lang/ClassNotFoundException'{0x00000000870a45b8}: com/android/build/gradle/internal/dsl/ApplicationBuildFeaturesImplCustomizer> (0x00000000870a45b8) thrown at [./src/hotspot/share/classfile/systemDictionary.cpp, line 231]
Event: 13.671 Thread 0x00000210348c6800 Exception <a 'java/lang/ClassNotFoundException'{0x00000000870ca838}: com/android/build/gradle/internal/dsl/ApplicationBuildFeaturesImpl_DecoratedCustomizer> (0x00000000870ca838) thrown at [./src/hotspot/share/classfile/systemDictionary.cpp, line 231]
Event: 13.678 Thread 0x00000210348c6800 Exception <a 'java/lang/ClassNotFoundException'{0x0000000086fab768}: org/gradle/api/internal/artifacts/dsl/dependencies/DefaultDependencyHandler_DecoratedBeanInfo> (0x0000000086fab768) thrown at [./src/hotspot/share/classfile/systemDictionary.cpp, line 231]
Event: 13.680 Thread 0x00000210348c6800 Exception <a 'java/lang/ClassNotFoundException'{0x0000000086ffbd28}: org/gradle/api/internal/artifacts/dsl/dependencies/DefaultDependencyHandlerBeanInfo> (0x0000000086ffbd28) thrown at [./src/hotspot/share/classfile/systemDictionary.cpp, line 231]
Event: 13.681 Thread 0x00000210348c6800 Exception <a 'java/lang/ClassNotFoundException'{0x0000000086e4c9e8}: org/gradle/api/internal/artifacts/dsl/dependencies/DefaultDependencyHandlerCustomizer> (0x0000000086e4c9e8) thrown at [./src/hotspot/share/classfile/systemDictionary.cpp, line 231]
Event: 13.683 Thread 0x00000210348c6800 Exception <a 'java/lang/ClassNotFoundException'{0x0000000086ec7640}: org/gradle/api/internal/artifacts/dsl/dependencies/DefaultDependencyHandler_DecoratedCustomizer> (0x0000000086ec7640) thrown at [./src/hotspot/share/classfile/systemDictionary.cpp, line 231]
Event: 14.791 Thread 0x00000210348c6800 Exception <a 'java/lang/ClassNotFoundException'{0x0000000086f6a900}: com/android/build/gradle/internal/api/ApkVariantOutputImpl_DecoratedBeanInfo> (0x0000000086f6a900) thrown at [./src/hotspot/share/classfile/systemDictionary.cpp, line 231]
Event: 14.791 Thread 0x00000210348c6800 Exception <a 'java/lang/ClassNotFoundException'{0x0000000086f872a8}: com/android/build/gradle/internal/api/ApkVariantOutputImplBeanInfo> (0x0000000086f872a8) thrown at [./src/hotspot/share/classfile/systemDictionary.cpp, line 231]
Event: 14.792 Thread 0x00000210348c6800 Exception <a 'java/lang/ClassNotFoundException'{0x0000000086fa4208}: com/android/build/gradle/internal/api/BaseVariantOutputImplBeanInfo> (0x0000000086fa4208) thrown at [./src/hotspot/share/classfile/systemDictionary.cpp, line 231]
Event: 14.793 Thread 0x00000210348c6800 Exception <a 'java/lang/ClassNotFoundException'{0x0000000086fc11f0}: com/android/build/gradle/internal/api/BaseVariantOutputImplCustomizer> (0x0000000086fc11f0) thrown at [./src/hotspot/share/classfile/systemDictionary.cpp, line 231]
Event: 14.794 Thread 0x00000210348c6800 Exception <a 'java/lang/ClassNotFoundException'{0x0000000086ff0850}: com/android/build/gradle/internal/api/ApkVariantOutputImplCustomizer> (0x0000000086ff0850) thrown at [./src/hotspot/share/classfile/systemDictionary.cpp, line 231]
Event: 14.795 Thread 0x00000210348c6800 Exception <a 'java/lang/ClassNotFoundException'{0x0000000086e1cba0}: com/android/build/gradle/internal/api/ApkVariantOutputImpl_DecoratedCustomizer> (0x0000000086e1cba0) thrown at [./src/hotspot/share/classfile/systemDictionary.cpp, line 231]
Event: 14.817 Thread 0x00000210348c6800 Exception <a 'java/lang/NoClassDefFoundError'{0x0000000086dce918}: org/jetbrains/kotlin/gradle/plugin/KotlinBasePluginWrapper> (0x0000000086dce918) thrown at [./src/hotspot/share/classfile/systemDictionary.cpp, line 220]
Event: 15.356 Thread 0x00000210348c6800 Exception <a 'java/lang/NoSuchMethodError'{0x00000000881b1640}: 'java.lang.Object java.lang.invoke.Invokers$Holder.linkToTargetMethod(java.lang.Object, int, java.lang.Object)'> (0x00000000881b1640) thrown at [./src/hotspot/share/interpreter/linkResolver.cpp, line 773]
Event: 15.549 Thread 0x00000210348c6800 Exception <a 'sun/nio/fs/WindowsException'{0x0000000087757fb0}> (0x0000000087757fb0) thrown at [./src/hotspot/share/prims/jni.cpp, line 616]
Event: 15.738 Thread 0x00000210348c6800 Exception <a 'java/lang/NullPointerException'{0x0000000086c1bcd0}> (0x0000000086c1bcd0) thrown at [./src/hotspot/share/interpreter/linkResolver.cpp, line 1440]
Event: 16.095 Thread 0x00000210348c6800 Exception <a 'java/lang/NoSuchMethodError'{0x0000000085cf7890}: 'int java.lang.invoke.DirectMethodHandle$Holder.invokeStatic(java.lang.Object, java.lang.Object, int, java.lang.Object)'> (0x0000000085cf7890) thrown at [./src/hotspot/share/interpreter/linkResolver.cpp, line 773]

Events (20 events):
Event: 16.090 loading class com/sun/xml/bind/v2/runtime/unmarshaller/LocatorExWrapper done
Event: 16.090 loading class javax/xml/bind/ValidationEventLocator
Event: 16.090 loading class javax/xml/bind/ValidationEventLocator done
Event: 16.091 loading class com/sun/xml/bind/v2/runtime/unmarshaller/Scope
Event: 16.091 loading class com/sun/xml/bind/v2/runtime/unmarshaller/Scope done
Event: 16.092 loading class com/sun/xml/bind/v2/runtime/unmarshaller/UnmarshallingContext$State
Event: 16.092 loading class com/sun/xml/bind/v2/runtime/unmarshaller/UnmarshallingContext$State done
Event: 16.095 loading class javax/xml/bind/ValidationEvent
Event: 16.095 loading class javax/xml/bind/ValidationEvent done
Event: 16.095 loading class com/android/repository/api/ProgressIndicator
Event: 16.095 loading class com/android/repository/api/ProgressIndicator done
Event: 16.095 Executing VM operation: RevokeBias
Event: 16.096 Executing VM operation: RevokeBias done
Event: 16.096 loading class com/android/repository/api/ProgressIndicator
Event: 16.096 loading class com/android/repository/api/ProgressIndicator done
Event: 16.096 loading class javax/xml/transform/sax/SAXSource
Event: 16.096 loading class javax/xml/transform/sax/SAXSource done
Event: 16.096 loading class com/android/repository/impl/meta/SchemaModuleUtil$NamespaceFallbackFilter
Event: 16.096 loading class com/android/repository/impl/meta/SchemaModuleUtil$NamespaceFallbackFilter done
Event: 16.097 Executing VM operation: G1CollectForAllocation


Dynamic libraries:
0x00007ff6b3ad0000 - 0x00007ff6b3ada000 	C:\Program Files\Android\Android Studio\jre\bin\java.exe
0x00007fff41d50000 - 0x00007fff41f48000 	C:\WINDOWS\SYSTEM32\ntdll.dll
0x00007fff38ba0000 - 0x00007fff38bb9000 	C:\Program Files\Avast Software\Avast\aswhook.dll
0x00007fff41400000 - 0x00007fff414bf000 	C:\WINDOWS\System32\KERNEL32.DLL
0x00007fff3f490000 - 0x00007fff3f76a000 	C:\WINDOWS\System32\KERNELBASE.dll
0x00007fff3f980000 - 0x00007fff3fa80000 	C:\WINDOWS\System32\ucrtbase.dll
0x00007fff3a190000 - 0x00007fff3a1a9000 	C:\Program Files\Android\Android Studio\jre\bin\jli.dll
0x00007fff3a110000 - 0x00007fff3a127000 	C:\Program Files\Android\Android Studio\jre\bin\VCRUNTIME140.dll
0x00007fff417a0000 - 0x00007fff4193d000 	C:\WINDOWS\System32\USER32.dll
0x00007fff3fd80000 - 0x00007fff3fda2000 	C:\WINDOWS\System32\win32u.dll
0x00007fff41c80000 - 0x00007fff41cab000 	C:\WINDOWS\System32\GDI32.dll
0x00007fff38d80000 - 0x00007fff3901a000 	C:\WINDOWS\WinSxS\amd64_microsoft.windows.common-controls_6595b64144ccf1df_6.0.19041.1110_none_60b5254171f9507e\COMCTL32.dll
0x00007fff3fc00000 - 0x00007fff3fd10000 	C:\WINDOWS\System32\gdi32full.dll
0x00007fff3fb10000 - 0x00007fff3fbad000 	C:\WINDOWS\System32\msvcp_win.dll
0x00007fff41950000 - 0x00007fff419ee000 	C:\WINDOWS\System32\msvcrt.dll
0x00007fff40610000 - 0x00007fff40640000 	C:\WINDOWS\System32\IMM32.DLL
0x00007fff03f60000 - 0x00007fff03ffd000 	C:\Program Files\Android\Android Studio\jre\bin\msvcp140.dll
0x00007ffeefcb0000 - 0x00007ffef07b2000 	C:\Program Files\Android\Android Studio\jre\bin\server\jvm.dll
0x00007fff41230000 - 0x00007fff412de000 	C:\WINDOWS\System32\ADVAPI32.dll
0x00007fff3fdb0000 - 0x00007fff3fe4c000 	C:\WINDOWS\System32\sechost.dll
0x00007fff414c0000 - 0x00007fff415e6000 	C:\WINDOWS\System32\RPCRT4.dll
0x00007fff41940000 - 0x00007fff41948000 	C:\WINDOWS\System32\PSAPI.DLL
0x00007fff1bef0000 - 0x00007fff1bf17000 	C:\WINDOWS\SYSTEM32\WINMM.dll
0x00007fff3a650000 - 0x00007fff3a65a000 	C:\WINDOWS\SYSTEM32\VERSION.dll
0x00007fff250c0000 - 0x00007fff250c9000 	C:\WINDOWS\SYSTEM32\WSOCK32.dll
0x00007fff40890000 - 0x00007fff408fb000 	C:\WINDOWS\System32\WS2_32.dll
0x00007fff3d320000 - 0x00007fff3d332000 	C:\WINDOWS\SYSTEM32\kernel.appcore.dll
0x00007fff3aac0000 - 0x00007fff3aad1000 	C:\Program Files\Android\Android Studio\jre\bin\verify.dll
0x00007fff3cb70000 - 0x00007fff3cd54000 	C:\WINDOWS\SYSTEM32\DBGHELP.DLL
0x00007fff30240000 - 0x00007fff30274000 	C:\WINDOWS\SYSTEM32\dbgcore.DLL
0x00007fff3fa80000 - 0x00007fff3fb02000 	C:\WINDOWS\System32\bcryptPrimitives.dll
0x00007fff3aa90000 - 0x00007fff3aab9000 	C:\Program Files\Android\Android Studio\jre\bin\java.dll
0x00007fff3aa80000 - 0x00007fff3aa8b000 	C:\Program Files\Android\Android Studio\jre\bin\jimage.dll
0x00007fff3a680000 - 0x00007fff3a698000 	C:\Program Files\Android\Android Studio\jre\bin\zip.dll
0x00007fff3fe50000 - 0x00007fff40594000 	C:\WINDOWS\System32\SHELL32.dll
0x00007fff3d520000 - 0x00007fff3dcb3000 	C:\WINDOWS\SYSTEM32\windows.storage.dll
0x00007fff40ed0000 - 0x00007fff41224000 	C:\WINDOWS\System32\combase.dll
0x00007fff3ede0000 - 0x00007fff3ee0e000 	C:\WINDOWS\SYSTEM32\Wldp.dll
0x00007fff41350000 - 0x00007fff413fd000 	C:\WINDOWS\System32\SHCORE.dll
0x00007fff41cb0000 - 0x00007fff41d05000 	C:\WINDOWS\System32\shlwapi.dll
0x00007fff3f3a0000 - 0x00007fff3f3bf000 	C:\WINDOWS\SYSTEM32\profapi.dll
0x00007fff3a400000 - 0x00007fff3a41a000 	C:\Program Files\Android\Android Studio\jre\bin\net.dll
0x00007fff376c0000 - 0x00007fff377ca000 	C:\WINDOWS\SYSTEM32\WINHTTP.dll
0x00007fff3eb40000 - 0x00007fff3ebaa000 	C:\WINDOWS\system32\mswsock.dll
0x00007fff3a1d0000 - 0x00007fff3a1e4000 	C:\Program Files\Android\Android Studio\jre\bin\nio.dll
0x00007fff26140000 - 0x00007fff26167000 	C:\Users\HP\.gradle\native\e1d6ef7f7dcc3fd88c89a11ec53ec762bb8ba0a96d01ffa2cd45eb1d1d8dd5c5\windows-amd64\native-platform.dll
0x00007ffef9fe0000 - 0x00007ffefa124000 	C:\Users\HP\.gradle\native\0d407fdbe67a94daf76414ababcb853783967236a71b16ec16e742cd7a986fd3\windows-amd64\native-platform-file-events.dll
0x00007fff3a670000 - 0x00007fff3a67a000 	C:\Program Files\Android\Android Studio\jre\bin\management.dll
0x00007fff3a3f0000 - 0x00007fff3a3fd000 	C:\Program Files\Android\Android Studio\jre\bin\management_ext.dll
0x00007fff3ed30000 - 0x00007fff3ed48000 	C:\WINDOWS\SYSTEM32\CRYPTSP.dll
0x00007fff3e460000 - 0x00007fff3e494000 	C:\WINDOWS\system32\rsaenh.dll
0x00007fff3f460000 - 0x00007fff3f487000 	C:\WINDOWS\System32\bcrypt.dll
0x00007fff3f320000 - 0x00007fff3f34e000 	C:\WINDOWS\SYSTEM32\USERENV.dll
0x00007fff3ed50000 - 0x00007fff3ed5c000 	C:\WINDOWS\SYSTEM32\CRYPTBASE.dll
0x00007fff3e830000 - 0x00007fff3e86c000 	C:\WINDOWS\SYSTEM32\IPHLPAPI.DLL
0x00007fff405a0000 - 0x00007fff405a8000 	C:\WINDOWS\System32\NSI.dll
0x00007fff37ae0000 - 0x00007fff37af7000 	C:\WINDOWS\SYSTEM32\dhcpcsvc6.DLL
0x00007fff38450000 - 0x00007fff3846d000 	C:\WINDOWS\SYSTEM32\dhcpcsvc.DLL
0x00007fff3e870000 - 0x00007fff3e93b000 	C:\WINDOWS\SYSTEM32\DNSAPI.dll

dbghelp: loaded successfully - version: 4.0.5 - missing functions: none
symbol engine: initialized successfully - sym options: 0x614 - pdb path: .;C:\Program Files\Android\Android Studio\jre\bin;C:\WINDOWS\SYSTEM32;C:\Program Files\Avast Software\Avast;C:\WINDOWS\WinSxS\amd64_microsoft.windows.common-controls_6595b64144ccf1df_6.0.19041.1110_none_60b5254171f9507e;C:\Program Files\Android\Android Studio\jre\bin\server;C:\Users\HP\.gradle\native\e1d6ef7f7dcc3fd88c89a11ec53ec762bb8ba0a96d01ffa2cd45eb1d1d8dd5c5\windows-amd64;C:\Users\HP\.gradle\native\0d407fdbe67a94daf76414ababcb853783967236a71b16ec16e742cd7a986fd3\windows-amd64

VM Arguments:
jvm_args: --add-opens=java.base/java.util=ALL-UNNAMED --add-opens=java.base/java.lang=ALL-UNNAMED --add-opens=java.base/java.lang.invoke=ALL-UNNAMED --add-opens=java.base/java.util=ALL-UNNAMED --add-opens=java.prefs/java.util.prefs=ALL-UNNAMED --add-opens=java.prefs/java.util.prefs=ALL-UNNAMED --add-opens=java.base/java.nio.charset=ALL-UNNAMED --add-opens=java.base/java.net=ALL-UNNAMED --add-opens=java.base/java.util.concurrent.atomic=ALL-UNNAMED -Xmx2048m -Dfile.encoding=UTF-8 -Duser.country=IN -Duser.language=en -Duser.variant 
java_command: org.gradle.launcher.daemon.bootstrap.GradleDaemon 7.4
java_class_path (initial): C:\Users\HP\.gradle\wrapper\dists\gradle-7.4-bin\c0gwcg53nkjbqw7r0h0umtfvt\gradle-7.4\lib\gradle-launcher-7.4.jar
Launcher Type: SUN_STANDARD

[Global flags]
     intx CICompilerCount                          = 4                                         {product} {ergonomic}
     uint ConcGCThreads                            = 2                                         {product} {ergonomic}
     uint G1ConcRefinementThreads                  = 8                                         {product} {ergonomic}
   size_t G1HeapRegionSize                         = 1048576                                   {product} {ergonomic}
    uintx GCDrainStackTargetSize                   = 64                                        {product} {ergonomic}
   size_t InitialHeapSize                          = 100663296                                 {product} {ergonomic}
   size_t MarkStackSize                            = 4194304                                   {product} {ergonomic}
   size_t MaxHeapSize                              = 2147483648                                {product} {command line}
   size_t MaxNewSize                               = 1287651328                                {product} {ergonomic}
   size_t MinHeapDeltaBytes                        = 1048576                                   {product} {ergonomic}
    uintx NonNMethodCodeHeapSize                   = 5836300                                {pd product} {ergonomic}
    uintx NonProfiledCodeHeapSize                  = 122910970                              {pd product} {ergonomic}
    uintx ProfiledCodeHeapSize                     = 122910970                              {pd product} {ergonomic}
    uintx ReservedCodeCacheSize                    = 251658240                              {pd product} {ergonomic}
     bool SegmentedCodeCache                       = true                                      {product} {ergonomic}
     bool UseCompressedClassPointers               = true                                 {lp64_product} {ergonomic}
     bool UseCompressedOops                        = true                                 {lp64_product} {ergonomic}
     bool UseG1GC                                  = true                                      {product} {ergonomic}
     bool UseLargePagesIndividualAllocation        = false                                  {pd product} {ergonomic}

Logging:
Log output configuration:
 #0: stdout all=warning uptime,level,tags
 #1: stderr all=off uptime,level,tags

Environment Variables:
JAVA_HOME=C:\Program Files\Java\jdk-16.0.1
CLASSPATH=C:\Program Files\Apache Software Foundation\Tomcat 10.0\lib\servlet-api.jar;.;
PATH=C:\App\bin;C:\WINDOWS\system32;C:\WINDOWS;C:\WINDOWS\System32\Wbem;C:\WINDOWS\System32\WindowsPowerShell\v1.0\;C:\WINDOWS\System32\OpenSSH\;C:\Program Files\Java\jdk-16.0.1\bin;C:\Program Files\MySQL\MySQL Server 8.0\bin;C:\Program Files\MySQL\MySQL Shell 8.0\bin\;C:\Users\HP\AppData\Local\Microsoft\WindowsApps;
USERNAME=HP
OS=Windows_NT
PROCESSOR_IDENTIFIER=Intel64 Family 6 Model 142 Stepping 12, GenuineIntel



---------------  S Y S T E M  ---------------

OS: Windows 10 , 64 bit Build 19041 (10.0.19041.2788)
OS uptime: 3 days 2:07 hours

CPU:total 8 (initial active 8) (4 cores per cpu, 2 threads per core) family 6 model 142 stepping 12 microcode 0xea, cmov, cx8, fxsr, mmx, sse, sse2, sse3, ssse3, sse4.1, sse4.2, popcnt, avx, avx2, aes, clmul, erms, 3dnowpref, lzcnt, ht, tsc, tscinvbit, bmi1, bmi2, adx, fma

Memory: 4k page, system-wide physical 6054M (150M free)
TotalPageFile size 14246M (AvailPageFile size 13M)
current process WorkingSet (physical memory assigned to process): 347M, peak: 347M
current process commit charge ("private bytes"): 387M, peak: 415M

vm_info: OpenJDK 64-Bit Server VM (11.0.13+0-b1751.21-8125866) for windows-amd64 JRE (11.0.13+0-b1751.21-8125866), built on Feb  2 2022 03:00:22 by "builder" with MS VC++ 14.0 (VS2015)

END.
