#
# There is insufficient memory for the Java Runtime Environment to continue.
# Native memory allocation (malloc) failed to allocate 1347056 bytes for Chunk::new
# Possible reasons:
#   The system is out of physical RAM or swap space
#   The process is running with CompressedOops enabled, and the Java Heap may be blocking the growth of the native heap
# Possible solutions:
#   Reduce memory load on the system
#   Increase physical memory or swap space
#   Check if swap backing store is full
#   Decrease Java heap size (-Xmx/-Xms)
#   Decrease number of Java threads
#   Decrease Java thread stack sizes (-Xss)
#   Set larger code cache with -XX:ReservedCodeCacheSize=
#   JVM is running with Unscaled Compressed Oops mode in which the Java heap is
#     placed in the first 4GB address space. The Java Heap base address is the
#     maximum limit for the native heap growth. Please use -XX:HeapBaseMinAddress
#     to set the Java Heap base and to place the Java Heap above 4GB virtual address.
# This output file may be truncated or incomplete.
#
#  Out of Memory Error (./src/hotspot/share/memory/arena.cpp:197), pid=17988, tid=17020
#
# JRE version: OpenJDK Runtime Environment (11.0.13) (build 11.0.13+0-b1751.21-8125866)
# Java VM: OpenJDK 64-Bit Server VM (11.0.13+0-b1751.21-8125866, mixed mode, tiered, compressed oops, g1 gc, windows-amd64)
# No core dump will be written. Minidumps are not enabled by default on client versions of Windows
#

---------------  S U M M A R Y ------------

Command Line: --add-opens=java.base/java.util=ALL-UNNAMED --add-opens=java.base/java.lang=ALL-UNNAMED --add-opens=java.base/java.lang.invoke=ALL-UNNAMED --add-opens=java.base/java.util=ALL-UNNAMED --add-opens=java.prefs/java.util.prefs=ALL-UNNAMED --add-opens=java.prefs/java.util.prefs=ALL-UNNAMED --add-opens=java.base/java.nio.charset=ALL-UNNAMED --add-opens=java.base/java.net=ALL-UNNAMED --add-opens=java.base/java.util.concurrent.atomic=ALL-UNNAMED -Xmx2048m -Dfile.encoding=UTF-8 -Duser.country=IN -Duser.language=en -Duser.variant org.gradle.launcher.daemon.bootstrap.GradleDaemon 7.4

Host: Intel(R) Core(TM) i5-8265U CPU @ 1.60GHz, 8 cores, 5G,  Windows 10 , 64 bit Build 19041 (10.0.19041.2788)
Time: Mon Apr 17 20:56:38 2023 India Standard Time elapsed time: 2.293672 seconds (0d 0h 0m 2s)

---------------  T H R E A D  ---------------

Current thread (0x000002453056a000):  JavaThread "C2 CompilerThread0" daemon [_thread_in_native, id=17020, stack(0x000000500a800000,0x000000500a900000)]


Current CompileTask:
C2:   2293 1952   !   4       java.lang.ClassLoader::loadClass (122 bytes)

Stack: [0x000000500a800000,0x000000500a900000]
Native frames: (J=compiled Java code, j=interpreted, Vv=VM code, C=native code)
V  [jvm.dll+0x6100fa]
V  [jvm.dll+0x747090]
V  [jvm.dll+0x7486ad]
V  [jvm.dll+0x748d83]
V  [jvm.dll+0x24ab48]
V  [jvm.dll+0xc04dc]
V  [jvm.dll+0xc0a0c]
V  [jvm.dll+0x35eb5b]
V  [jvm.dll+0x32b833]
V  [jvm.dll+0x32ad2a]
V  [jvm.dll+0x2032b2]
V  [jvm.dll+0x202437]
V  [jvm.dll+0x188e01]
V  [jvm.dll+0x21106b]
V  [jvm.dll+0x20f8c1]
V  [jvm.dll+0x70de0f]
V  [jvm.dll+0x706a75]
V  [jvm.dll+0x60ed66]
C  [ucrtbase.dll+0x21bb2]
C  [KERNEL32.DLL+0x17604]
C  [ntdll.dll+0x526a1]


---------------  P R O C E S S  ---------------

Threads class SMR info:
_java_thread_list=0x00000245329af2f0, length=23, elements={
0x0000024514131800, 0x0000024530548800, 0x0000024530556000, 0x0000024530565000,
0x0000024530567000, 0x0000024530569000, 0x000002453056a000, 0x000002453056c800,
0x000002453056f800, 0x000002453103b000, 0x0000024532320800, 0x00000245326d4000,
0x00000245326d5000, 0x0000024532a15800, 0x0000024532a50800, 0x00000245329b8000,
0x000002453220f800, 0x0000024531d7e000, 0x0000024533379000, 0x0000024533495800,
0x00000245333c8000, 0x00000245333c9000, 0x00000245333c6800
}

Java Threads: ( => current thread )
  0x0000024514131800 JavaThread "main" [_thread_blocked, id=17792, stack(0x0000005009c00000,0x0000005009d00000)]
  0x0000024530548800 JavaThread "Reference Handler" daemon [_thread_blocked, id=15432, stack(0x000000500a300000,0x000000500a400000)]
  0x0000024530556000 JavaThread "Finalizer" daemon [_thread_blocked, id=10496, stack(0x000000500a400000,0x000000500a500000)]
  0x0000024530565000 JavaThread "Signal Dispatcher" daemon [_thread_blocked, id=18532, stack(0x000000500a500000,0x000000500a600000)]
  0x0000024530567000 JavaThread "Attach Listener" daemon [_thread_blocked, id=18596, stack(0x000000500a600000,0x000000500a700000)]
  0x0000024530569000 JavaThread "Service Thread" daemon [_thread_blocked, id=17400, stack(0x000000500a700000,0x000000500a800000)]
=>0x000002453056a000 JavaThread "C2 CompilerThread0" daemon [_thread_in_native, id=17020, stack(0x000000500a800000,0x000000500a900000)]
  0x000002453056c800 JavaThread "C1 CompilerThread0" daemon [_thread_in_vm, id=1752, stack(0x000000500a900000,0x000000500aa00000)]
  0x000002453056f800 JavaThread "Sweeper thread" daemon [_thread_blocked, id=17916, stack(0x000000500aa00000,0x000000500ab00000)]
  0x000002453103b000 JavaThread "Common-Cleaner" daemon [_thread_blocked, id=17188, stack(0x000000500ab00000,0x000000500ac00000)]
  0x0000024532320800 JavaThread "Daemon health stats" [_thread_blocked, id=17756, stack(0x000000500ae00000,0x000000500af00000)]
  0x00000245326d4000 JavaThread "Incoming local TCP Connector on port 65060" [_thread_in_native, id=3992, stack(0x000000500b100000,0x000000500b200000)]
  0x00000245326d5000 JavaThread "Daemon periodic checks" [_thread_blocked, id=14176, stack(0x000000500b200000,0x000000500b300000)]
  0x0000024532a15800 JavaThread "Daemon" [_thread_blocked, id=1644, stack(0x000000500b300000,0x000000500b400000)]
  0x0000024532a50800 JavaThread "Handler for socket connection from /127.0.0.1:65060 to /127.0.0.1:65061" [_thread_in_native, id=12040, stack(0x000000500b400000,0x000000500b500000)]
  0x00000245329b8000 JavaThread "Cancel handler" [_thread_blocked, id=8520, stack(0x000000500b500000,0x000000500b600000)]
  0x000002453220f800 JavaThread "Daemon worker" [_thread_in_vm, id=14052, stack(0x000000500b600000,0x000000500b700000)]
  0x0000024531d7e000 JavaThread "Asynchronous log dispatcher for DefaultDaemonConnection: socket connection from /127.0.0.1:65060 to /127.0.0.1:65061" [_thread_blocked, id=9288, stack(0x000000500b700000,0x000000500b800000)]
  0x0000024533379000 JavaThread "Stdin handler" [_thread_blocked, id=2060, stack(0x000000500b800000,0x000000500b900000)]
  0x0000024533495800 JavaThread "Daemon client event forwarder" [_thread_blocked, id=17656, stack(0x000000500b900000,0x000000500ba00000)]
  0x00000245333c8000 JavaThread "Cache worker for journal cache (C:\Users\HP\.gradle\caches\journal-1)" [_thread_blocked, id=13396, stack(0x000000500ba00000,0x000000500bb00000)]
  0x00000245333c9000 JavaThread "File lock request listener" [_thread_in_native, id=16680, stack(0x000000500bb00000,0x000000500bc00000)]
  0x00000245333c6800 JavaThread "Cache worker for file hash cache (C:\Users\HP\.gradle\caches\7.4\fileHashes)" [_thread_blocked, id=16104, stack(0x000000500bc00000,0x000000500bd00000)]

Other Threads:
  0x0000024530546800 VMThread "VM Thread" [stack: 0x000000500a200000,0x000000500a300000] [id=10156]
  0x0000024531071800 WatcherThread [stack: 0x000000500ac00000,0x000000500ad00000] [id=14056]
  0x000002451414b800 GCTaskThread "GC Thread#0" [stack: 0x0000005009d00000,0x0000005009e00000] [id=10308]
  0x0000024531416800 GCTaskThread "GC Thread#1" [stack: 0x000000500ad00000,0x000000500ae00000] [id=7624]
  0x0000024532334000 GCTaskThread "GC Thread#2" [stack: 0x000000500af00000,0x000000500b000000] [id=14736]
  0x0000024532764800 GCTaskThread "GC Thread#3" [stack: 0x000000500b000000,0x000000500b100000] [id=2656]
  0x000002453314d800 GCTaskThread "GC Thread#4" [stack: 0x000000500bd00000,0x000000500be00000] [id=18568]
  0x000002453336c800 GCTaskThread "GC Thread#5" [stack: 0x000000500be00000,0x000000500bf00000] [id=10420]
  0x00000245329b0000 GCTaskThread "GC Thread#6" [stack: 0x000000500bf00000,0x000000500c000000] [id=1548]
  0x0000024531ea6000 GCTaskThread "GC Thread#7" [stack: 0x000000500c000000,0x000000500c100000] [id=13280]
  0x000002451417e000 ConcurrentGCThread "G1 Main Marker" [stack: 0x0000005009e00000,0x0000005009f00000] [id=1132]
  0x000002451417f800 ConcurrentGCThread "G1 Conc#0" [stack: 0x0000005009f00000,0x000000500a000000] [id=9204]
  0x0000024533174800 ConcurrentGCThread "G1 Conc#1" [stack: 0x000000500c100000,0x000000500c200000] [id=16016]
  0x0000024514205800 ConcurrentGCThread "G1 Refine#0" [stack: 0x000000500a000000,0x000000500a100000] [id=14644]
  0x0000024514206800 ConcurrentGCThread "G1 Young RemSet Sampling" [stack: 0x000000500a100000,0x000000500a200000] [id=6816]

Threads with active compile tasks:
C2 CompilerThread0   2312 1952   !   4       java.lang.ClassLoader::loadClass (122 bytes)

VM state:not at safepoint (normal execution)

VM Mutex/Monitor currently owned by a thread: None

Heap address: 0x0000000080000000, size: 2048 MB, Compressed Oops mode: 32-bit
Narrow klass base: 0x0000000000000000, Narrow klass shift: 3
Compressed class space size: 1073741824 Address: 0x0000000100000000

Heap:
 garbage-first heap   total 98304K, used 42157K [0x0000000080000000, 0x0000000100000000)
  region size 1024K, 28 young (28672K), 3 survivors (3072K)
 Metaspace       used 23161K, capacity 23673K, committed 23936K, reserved 1071104K
  class space    used 2936K, capacity 3136K, committed 3200K, reserved 1048576K
Heap Regions: E=young(eden), S=young(survivor), O=old, HS=humongous(starts), HC=humongous(continues), CS=collection set, F=free, A=archive, TAMS=top-at-mark-start (previous, next)
|   0|0x0000000080000000, 0x0000000080100000, 0x0000000080100000|100%| O|  |TAMS 0x0000000080100000, 0x0000000080000000| Untracked 
|   1|0x0000000080100000, 0x0000000080200000, 0x0000000080200000|100%| O|  |TAMS 0x0000000080200000, 0x0000000080100000| Untracked 
|   2|0x0000000080200000, 0x0000000080300000, 0x0000000080300000|100%| O|  |TAMS 0x0000000080300000, 0x0000000080200000| Untracked 
|   3|0x0000000080300000, 0x0000000080400000, 0x0000000080400000|100%|HS|  |TAMS 0x0000000080400000, 0x0000000080300000| Complete 
|   4|0x0000000080400000, 0x0000000080500000, 0x0000000080500000|100%|HC|  |TAMS 0x0000000080500000, 0x0000000080400000| Complete 
|   5|0x0000000080500000, 0x0000000080600000, 0x0000000080600000|100%|HC|  |TAMS 0x0000000080600000, 0x0000000080500000| Complete 
|   6|0x0000000080600000, 0x0000000080700000, 0x0000000080700000|100%| O|  |TAMS 0x0000000080700000, 0x0000000080600000| Untracked 
|   7|0x0000000080700000, 0x0000000080800000, 0x0000000080800000|100%| O|  |TAMS 0x0000000080800000, 0x0000000080700000| Untracked 
|   8|0x0000000080800000, 0x0000000080900000, 0x0000000080900000|100%| O|  |TAMS 0x0000000080900000, 0x0000000080800000| Untracked 
|   9|0x0000000080900000, 0x0000000080a00000, 0x0000000080a00000|100%| O|  |TAMS 0x0000000080a00000, 0x0000000080900000| Untracked 
|  10|0x0000000080a00000, 0x0000000080b00000, 0x0000000080b00000|100%| O|  |TAMS 0x0000000080b00000, 0x0000000080a00000| Untracked 
|  11|0x0000000080b00000, 0x0000000080c00000, 0x0000000080c00000|100%| O|  |TAMS 0x0000000080c00000, 0x0000000080b00000| Untracked 
|  12|0x0000000080c00000, 0x0000000080d00000, 0x0000000080d00000|100%| O|  |TAMS 0x0000000080d00000, 0x0000000080c00000| Untracked 
|  13|0x0000000080d00000, 0x0000000080e00000, 0x0000000080e00000|100%| O|  |TAMS 0x0000000080e00000, 0x0000000080d00000| Untracked 
|  14|0x0000000080e00000, 0x0000000080ed5800, 0x0000000080f00000| 83%| O|  |TAMS 0x0000000080ed5800, 0x0000000080e00000| Untracked 
|  15|0x0000000080f00000, 0x0000000080f00000, 0x0000000081000000|  0%| F|  |TAMS 0x0000000080f00000, 0x0000000080f00000| Untracked 
|  16|0x0000000081000000, 0x0000000081000000, 0x0000000081100000|  0%| F|  |TAMS 0x0000000081000000, 0x0000000081000000| Untracked 
|  17|0x0000000081100000, 0x0000000081100000, 0x0000000081200000|  0%| F|  |TAMS 0x0000000081100000, 0x0000000081100000| Untracked 
|  18|0x0000000081200000, 0x0000000081200000, 0x0000000081300000|  0%| F|  |TAMS 0x0000000081200000, 0x0000000081200000| Untracked 
|  19|0x0000000081300000, 0x0000000081300000, 0x0000000081400000|  0%| F|  |TAMS 0x0000000081300000, 0x0000000081300000| Untracked 
|  20|0x0000000081400000, 0x0000000081400000, 0x0000000081500000|  0%| F|  |TAMS 0x0000000081400000, 0x0000000081400000| Untracked 
|  21|0x0000000081500000, 0x0000000081500000, 0x0000000081600000|  0%| F|  |TAMS 0x0000000081500000, 0x0000000081500000| Untracked 
|  22|0x0000000081600000, 0x0000000081600000, 0x0000000081700000|  0%| F|  |TAMS 0x0000000081600000, 0x0000000081600000| Untracked 
|  23|0x0000000081700000, 0x0000000081700000, 0x0000000081800000|  0%| F|  |TAMS 0x0000000081700000, 0x0000000081700000| Untracked 
|  24|0x0000000081800000, 0x0000000081800000, 0x0000000081900000|  0%| F|  |TAMS 0x0000000081800000, 0x0000000081800000| Untracked 
|  25|0x0000000081900000, 0x0000000081900000, 0x0000000081a00000|  0%| F|  |TAMS 0x0000000081900000, 0x0000000081900000| Untracked 
|  26|0x0000000081a00000, 0x0000000081a00000, 0x0000000081b00000|  0%| F|  |TAMS 0x0000000081a00000, 0x0000000081a00000| Untracked 
|  27|0x0000000081b00000, 0x0000000081b00000, 0x0000000081c00000|  0%| F|  |TAMS 0x0000000081b00000, 0x0000000081b00000| Untracked 
|  28|0x0000000081c00000, 0x0000000081c00000, 0x0000000081d00000|  0%| F|  |TAMS 0x0000000081c00000, 0x0000000081c00000| Untracked 
|  29|0x0000000081d00000, 0x0000000081d00000, 0x0000000081e00000|  0%| F|  |TAMS 0x0000000081d00000, 0x0000000081d00000| Untracked 
|  30|0x0000000081e00000, 0x0000000081e00000, 0x0000000081f00000|  0%| F|  |TAMS 0x0000000081e00000, 0x0000000081e00000| Untracked 
|  31|0x0000000081f00000, 0x0000000081f00000, 0x0000000082000000|  0%| F|  |TAMS 0x0000000081f00000, 0x0000000081f00000| Untracked 
|  32|0x0000000082000000, 0x0000000082000000, 0x0000000082100000|  0%| F|  |TAMS 0x0000000082000000, 0x0000000082000000| Untracked 
|  33|0x0000000082100000, 0x0000000082100000, 0x0000000082200000|  0%| F|  |TAMS 0x0000000082100000, 0x0000000082100000| Untracked 
|  34|0x0000000082200000, 0x0000000082200000, 0x0000000082300000|  0%| F|  |TAMS 0x0000000082200000, 0x0000000082200000| Untracked 
|  35|0x0000000082300000, 0x0000000082300000, 0x0000000082400000|  0%| F|  |TAMS 0x0000000082300000, 0x0000000082300000| Untracked 
|  36|0x0000000082400000, 0x0000000082400000, 0x0000000082500000|  0%| F|  |TAMS 0x0000000082400000, 0x0000000082400000| Untracked 
|  37|0x0000000082500000, 0x0000000082500000, 0x0000000082600000|  0%| F|  |TAMS 0x0000000082500000, 0x0000000082500000| Untracked 
|  38|0x0000000082600000, 0x0000000082600000, 0x0000000082700000|  0%| F|  |TAMS 0x0000000082600000, 0x0000000082600000| Untracked 
|  39|0x0000000082700000, 0x0000000082700000, 0x0000000082800000|  0%| F|  |TAMS 0x0000000082700000, 0x0000000082700000| Untracked 
|  40|0x0000000082800000, 0x0000000082800000, 0x0000000082900000|  0%| F|  |TAMS 0x0000000082800000, 0x0000000082800000| Untracked 
|  41|0x0000000082900000, 0x0000000082900000, 0x0000000082a00000|  0%| F|  |TAMS 0x0000000082900000, 0x0000000082900000| Untracked 
|  42|0x0000000082a00000, 0x0000000082a00000, 0x0000000082b00000|  0%| F|  |TAMS 0x0000000082a00000, 0x0000000082a00000| Untracked 
|  43|0x0000000082b00000, 0x0000000082b00000, 0x0000000082c00000|  0%| F|  |TAMS 0x0000000082b00000, 0x0000000082b00000| Untracked 
|  44|0x0000000082c00000, 0x0000000082c00000, 0x0000000082d00000|  0%| F|  |TAMS 0x0000000082c00000, 0x0000000082c00000| Untracked 
|  45|0x0000000082d00000, 0x0000000082d00000, 0x0000000082e00000|  0%| F|  |TAMS 0x0000000082d00000, 0x0000000082d00000| Untracked 
|  46|0x0000000082e00000, 0x0000000082e00000, 0x0000000082f00000|  0%| F|  |TAMS 0x0000000082e00000, 0x0000000082e00000| Untracked 
|  47|0x0000000082f00000, 0x0000000082f55cb0, 0x0000000083000000| 33%| S|CS|TAMS 0x0000000082f00000, 0x0000000082f00000| Complete 
|  48|0x0000000083000000, 0x0000000083100000, 0x0000000083100000|100%| S|CS|TAMS 0x0000000083000000, 0x0000000083000000| Complete 
|  49|0x0000000083100000, 0x0000000083200000, 0x0000000083200000|100%| S|CS|TAMS 0x0000000083100000, 0x0000000083100000| Complete 
|  50|0x0000000083200000, 0x0000000083200000, 0x0000000083300000|  0%| F|  |TAMS 0x0000000083200000, 0x0000000083200000| Untracked 
|  51|0x0000000083300000, 0x0000000083300000, 0x0000000083400000|  0%| F|  |TAMS 0x0000000083300000, 0x0000000083300000| Untracked 
|  52|0x0000000083400000, 0x0000000083400000, 0x0000000083500000|  0%| F|  |TAMS 0x0000000083400000, 0x0000000083400000| Untracked 
|  53|0x0000000083500000, 0x0000000083500000, 0x0000000083600000|  0%| F|  |TAMS 0x0000000083500000, 0x0000000083500000| Untracked 
|  54|0x0000000083600000, 0x0000000083600000, 0x0000000083700000|  0%| F|  |TAMS 0x0000000083600000, 0x0000000083600000| Untracked 
|  55|0x0000000083700000, 0x0000000083700000, 0x0000000083800000|  0%| F|  |TAMS 0x0000000083700000, 0x0000000083700000| Untracked 
|  56|0x0000000083800000, 0x0000000083800000, 0x0000000083900000|  0%| F|  |TAMS 0x0000000083800000, 0x0000000083800000| Untracked 
|  57|0x0000000083900000, 0x0000000083900000, 0x0000000083a00000|  0%| F|  |TAMS 0x0000000083900000, 0x0000000083900000| Untracked 
|  58|0x0000000083a00000, 0x0000000083a00000, 0x0000000083b00000|  0%| F|  |TAMS 0x0000000083a00000, 0x0000000083a00000| Untracked 
|  59|0x0000000083b00000, 0x0000000083b00000, 0x0000000083c00000|  0%| F|  |TAMS 0x0000000083b00000, 0x0000000083b00000| Untracked 
|  60|0x0000000083c00000, 0x0000000083c00000, 0x0000000083d00000|  0%| F|  |TAMS 0x0000000083c00000, 0x0000000083c00000| Untracked 
|  61|0x0000000083d00000, 0x0000000083d00000, 0x0000000083e00000|  0%| F|  |TAMS 0x0000000083d00000, 0x0000000083d00000| Untracked 
|  62|0x0000000083e00000, 0x0000000083e00000, 0x0000000083f00000|  0%| F|  |TAMS 0x0000000083e00000, 0x0000000083e00000| Untracked 
|  63|0x0000000083f00000, 0x0000000083f00000, 0x0000000084000000|  0%| F|  |TAMS 0x0000000083f00000, 0x0000000083f00000| Untracked 
|  64|0x0000000084000000, 0x0000000084000000, 0x0000000084100000|  0%| F|  |TAMS 0x0000000084000000, 0x0000000084000000| Untracked 
|  65|0x0000000084100000, 0x0000000084100000, 0x0000000084200000|  0%| F|  |TAMS 0x0000000084100000, 0x0000000084100000| Untracked 
|  66|0x0000000084200000, 0x0000000084200000, 0x0000000084300000|  0%| F|  |TAMS 0x0000000084200000, 0x0000000084200000| Untracked 
|  67|0x0000000084300000, 0x0000000084300000, 0x0000000084400000|  0%| F|  |TAMS 0x0000000084300000, 0x0000000084300000| Untracked 
|  68|0x0000000084400000, 0x0000000084400000, 0x0000000084500000|  0%| F|  |TAMS 0x0000000084400000, 0x0000000084400000| Untracked 
|  69|0x0000000084500000, 0x0000000084500000, 0x0000000084600000|  0%| F|  |TAMS 0x0000000084500000, 0x0000000084500000| Untracked 
|  70|0x0000000084600000, 0x0000000084600000, 0x0000000084700000|  0%| F|  |TAMS 0x0000000084600000, 0x0000000084600000| Untracked 
|  71|0x0000000084700000, 0x0000000084800000, 0x0000000084800000|100%| E|  |TAMS 0x0000000084700000, 0x0000000084700000| Complete 
|  72|0x0000000084800000, 0x0000000084900000, 0x0000000084900000|100%| E|CS|TAMS 0x0000000084800000, 0x0000000084800000| Complete 
|  73|0x0000000084900000, 0x0000000084a00000, 0x0000000084a00000|100%| E|CS|TAMS 0x0000000084900000, 0x0000000084900000| Complete 
|  74|0x0000000084a00000, 0x0000000084b00000, 0x0000000084b00000|100%| E|CS|TAMS 0x0000000084a00000, 0x0000000084a00000| Complete 
|  75|0x0000000084b00000, 0x0000000084c00000, 0x0000000084c00000|100%| E|CS|TAMS 0x0000000084b00000, 0x0000000084b00000| Complete 
|  76|0x0000000084c00000, 0x0000000084d00000, 0x0000000084d00000|100%| E|CS|TAMS 0x0000000084c00000, 0x0000000084c00000| Complete 
|  77|0x0000000084d00000, 0x0000000084e00000, 0x0000000084e00000|100%| E|CS|TAMS 0x0000000084d00000, 0x0000000084d00000| Complete 
|  78|0x0000000084e00000, 0x0000000084f00000, 0x0000000084f00000|100%| E|CS|TAMS 0x0000000084e00000, 0x0000000084e00000| Complete 
|  79|0x0000000084f00000, 0x0000000085000000, 0x0000000085000000|100%| E|CS|TAMS 0x0000000084f00000, 0x0000000084f00000| Complete 
|  80|0x0000000085000000, 0x0000000085100000, 0x0000000085100000|100%| E|CS|TAMS 0x0000000085000000, 0x0000000085000000| Complete 
|  81|0x0000000085100000, 0x0000000085200000, 0x0000000085200000|100%| E|CS|TAMS 0x0000000085100000, 0x0000000085100000| Complete 
|  82|0x0000000085200000, 0x0000000085300000, 0x0000000085300000|100%| E|CS|TAMS 0x0000000085200000, 0x0000000085200000| Complete 
|  83|0x0000000085300000, 0x0000000085400000, 0x0000000085400000|100%| E|CS|TAMS 0x0000000085300000, 0x0000000085300000| Complete 
|  84|0x0000000085400000, 0x0000000085500000, 0x0000000085500000|100%| E|CS|TAMS 0x0000000085400000, 0x0000000085400000| Complete 
|  85|0x0000000085500000, 0x0000000085600000, 0x0000000085600000|100%| E|CS|TAMS 0x0000000085500000, 0x0000000085500000| Complete 
|  86|0x0000000085600000, 0x0000000085700000, 0x0000000085700000|100%| E|CS|TAMS 0x0000000085600000, 0x0000000085600000| Complete 
|  87|0x0000000085700000, 0x0000000085800000, 0x0000000085800000|100%| E|CS|TAMS 0x0000000085700000, 0x0000000085700000| Complete 
|  88|0x0000000085800000, 0x0000000085900000, 0x0000000085900000|100%| E|CS|TAMS 0x0000000085800000, 0x0000000085800000| Complete 
|  89|0x0000000085900000, 0x0000000085a00000, 0x0000000085a00000|100%| E|CS|TAMS 0x0000000085900000, 0x0000000085900000| Complete 
|  90|0x0000000085a00000, 0x0000000085b00000, 0x0000000085b00000|100%| E|CS|TAMS 0x0000000085a00000, 0x0000000085a00000| Complete 
|  91|0x0000000085b00000, 0x0000000085c00000, 0x0000000085c00000|100%| E|CS|TAMS 0x0000000085b00000, 0x0000000085b00000| Complete 
|  92|0x0000000085c00000, 0x0000000085d00000, 0x0000000085d00000|100%| E|CS|TAMS 0x0000000085c00000, 0x0000000085c00000| Complete 
|  93|0x0000000085d00000, 0x0000000085e00000, 0x0000000085e00000|100%| E|CS|TAMS 0x0000000085d00000, 0x0000000085d00000| Complete 
|  94|0x0000000085e00000, 0x0000000085f00000, 0x0000000085f00000|100%| E|CS|TAMS 0x0000000085e00000, 0x0000000085e00000| Complete 
|  95|0x0000000085f00000, 0x0000000086000000, 0x0000000086000000|100%| E|CS|TAMS 0x0000000085f00000, 0x0000000085f00000| Complete 

Card table byte_map: [0x0000024529290000,0x0000024529690000] _byte_map_base: 0x0000024528e90000

Marking Bits (Prev, Next): (CMBitMap*) 0x0000024514175610, (CMBitMap*) 0x00000245141755d8
 Prev Bits: [0x000002452ba90000, 0x000002452da90000)
 Next Bits: [0x0000024529a90000, 0x000002452ba90000)

Polling page: 0x0000024514210000

Metaspace:

Usage:
  Non-class:     20.06 MB capacity,    19.76 MB ( 99%) used,   266.49 KB (  1%) free+waste,    39.44 KB ( <1%) overhead. 
      Class:      3.06 MB capacity,     2.87 MB ( 94%) used,   179.49 KB (  6%) free+waste,    19.63 KB ( <1%) overhead. 
       Both:     23.12 MB capacity,    22.63 MB ( 98%) used,   445.98 KB (  2%) free+waste,    59.06 KB ( <1%) overhead. 

Virtual space:
  Non-class space:       22.00 MB reserved,      20.25 MB ( 92%) committed 
      Class space:        1.00 GB reserved,       3.13 MB ( <1%) committed 
             Both:        1.02 GB reserved,      23.38 MB (  2%) committed 

Chunk freelists:
   Non-Class:  2.00 KB
       Class:  0 bytes
        Both:  2.00 KB

MaxMetaspaceSize: 17179869184.00 GB
CompressedClassSpaceSize: 1.00 GB
Initial GC threshold: 20.80 MB
Current GC threshold: 35.20 MB
CDS: off

CodeHeap 'non-profiled nmethods': size=120000Kb used=868Kb max_used=868Kb free=119132Kb
 bounds [0x0000024520ef0000, 0x0000024521160000, 0x0000024528420000]
CodeHeap 'profiled nmethods': size=120000Kb used=4280Kb max_used=4280Kb free=115719Kb
 bounds [0x00000245199c0000, 0x0000024519df0000, 0x0000024520ef0000]
CodeHeap 'non-nmethods': size=5760Kb used=1211Kb max_used=1226Kb free=4548Kb
 bounds [0x0000024519420000, 0x0000024519690000, 0x00000245199c0000]
 total_blobs=2470 nmethods=1987 adapters=395
 compilation: enabled
              stopped_count=0, restarted_count=0
 full_count=0

Compilation events (20 events):
Event: 2.269 Thread 0x000002453056c800 1980       3       sun.reflect.generics.tree.ClassTypeSignature::make (9 bytes)
Event: 2.269 Thread 0x000002453056c800 nmethod 1980 0x0000024519ddb390 code [0x0000024519ddb560, 0x0000024519ddb7b8]
Event: 2.269 Thread 0x000002453056c800 1981       3       sun.reflect.generics.tree.ClassTypeSignature::<init> (10 bytes)
Event: 2.269 Thread 0x000002453056c800 nmethod 1981 0x0000024519ddb890 code [0x0000024519ddba40, 0x0000024519ddbbf8]
Event: 2.269 Thread 0x000002453056c800 1982       3       sun.reflect.generics.parser.SignatureParser::parseClassTypeSignature (118 bytes)
Event: 2.270 Thread 0x000002453056c800 nmethod 1982 0x0000024519ddbc90 code [0x0000024519ddc0a0, 0x0000024519ddd938]
Event: 2.270 Thread 0x000002453056c800 1983       3       sun.reflect.generics.factory.CoreReflectionFactory::getDeclsLoader (85 bytes)
Event: 2.271 Thread 0x000002453056c800 nmethod 1983 0x0000024519dde290 code [0x0000024519dde620, 0x0000024519de03b8]
Event: 2.271 Thread 0x000002453056c800 1985       3       sun.reflect.generics.parser.SignatureParser::parseTypeSignature (130 bytes)
Event: 2.271 Thread 0x000002453056c800 nmethod 1985 0x0000024519de0a90 code [0x0000024519de0c80, 0x0000024519de10e8]
Event: 2.271 Thread 0x000002453056c800 1984       3       sun.reflect.annotation.AnnotationParser::parseMemberValue (162 bytes)
Event: 2.273 Thread 0x000002453056c800 nmethod 1984 0x0000024519de1210 code [0x0000024519de1560, 0x0000024519de27d8]
Event: 2.273 Thread 0x000002453056c800 1987       3       java.lang.System$2::getAnnotationType (5 bytes)
Event: 2.273 Thread 0x000002453056c800 nmethod 1987 0x0000024519de2e10 code [0x0000024519de2fc0, 0x0000024519de30d8]
Event: 2.273 Thread 0x000002453056c800 1988       3       sun.reflect.annotation.AnnotationType::getInstance (65 bytes)
Event: 2.273 Thread 0x000002453056c800 nmethod 1988 0x0000024519de3190 code [0x0000024519de33a0, 0x0000024519de3988]
Event: 2.273 Thread 0x000002453056c800 1986       3       java.util.Objects::hashCode (13 bytes)
Event: 2.274 Thread 0x000002453056c800 nmethod 1986 0x0000024519de3c10 code [0x0000024519de3de0, 0x0000024519de3fe8]
Event: 2.279 Thread 0x000002453056c800 1989       3       java.util.concurrent.locks.AbstractQueuedSynchronizer::release (33 bytes)
Event: 2.280 Thread 0x000002453056c800 nmethod 1989 0x0000024519de4090 code [0x0000024519de4260, 0x0000024519de4538]

GC Heap History (6 events):
Event: 0.576 GC heap before
{Heap before GC invocations=0 (full 0):
 garbage-first heap   total 98304K, used 29696K [0x0000000080000000, 0x0000000100000000)
  region size 1024K, 24 young (24576K), 0 survivors (0K)
 Metaspace       used 10157K, capacity 10333K, committed 10624K, reserved 1058816K
  class space    used 1047K, capacity 1108K, committed 1152K, reserved 1048576K
}
Event: 0.582 GC heap after
{Heap after GC invocations=1 (full 0):
 garbage-first heap   total 98304K, used 9668K [0x0000000080000000, 0x0000000100000000)
  region size 1024K, 3 young (3072K), 3 survivors (3072K)
 Metaspace       used 10157K, capacity 10333K, committed 10624K, reserved 1058816K
  class space    used 1047K, capacity 1108K, committed 1152K, reserved 1048576K
}
Event: 1.131 GC heap before
{Heap before GC invocations=1 (full 0):
 garbage-first heap   total 98304K, used 64964K [0x0000000080000000, 0x0000000100000000)
  region size 1024K, 57 young (58368K), 3 survivors (3072K)
 Metaspace       used 13474K, capacity 13821K, committed 13952K, reserved 1060864K
  class space    used 1470K, capacity 1591K, committed 1664K, reserved 1048576K
}
Event: 1.137 GC heap after
{Heap after GC invocations=2 (full 0):
 garbage-first heap   total 98304K, used 15184K [0x0000000080000000, 0x0000000100000000)
  region size 1024K, 8 young (8192K), 8 survivors (8192K)
 Metaspace       used 13474K, capacity 13821K, committed 13952K, reserved 1060864K
  class space    used 1470K, capacity 1591K, committed 1664K, reserved 1048576K
}
Event: 2.064 GC heap before
{Heap before GC invocations=2 (full 0):
 garbage-first heap   total 98304K, used 61264K [0x0000000080000000, 0x0000000100000000)
  region size 1024K, 54 young (55296K), 8 survivors (8192K)
 Metaspace       used 20789K, capacity 21193K, committed 21296K, reserved 1069056K
  class space    used 2528K, capacity 2688K, committed 2688K, reserved 1048576K
}
Event: 2.072 GC heap after
{Heap after GC invocations=3 (full 0):
 garbage-first heap   total 98304K, used 17581K [0x0000000080000000, 0x0000000100000000)
  region size 1024K, 3 young (3072K), 3 survivors (3072K)
 Metaspace       used 20789K, capacity 21193K, committed 21296K, reserved 1069056K
  class space    used 2528K, capacity 2688K, committed 2688K, reserved 1048576K
}

Deoptimization events (20 events):
Event: 2.040 Thread 0x000002453220f800 DEOPT PACKING pc=0x0000024520f69024 sp=0x000000500b6fa670
Event: 2.040 Thread 0x000002453220f800 DEOPT UNPACKING pc=0x000002451946a1af sp=0x000000500b6fa608 mode 2
Event: 2.040 Thread 0x000002453220f800 Uncommon trap: trap_request=0xffffffc6 fr.pc=0x0000024520f693f4 relative=0x0000000000000134
Event: 2.040 Thread 0x000002453220f800 Uncommon trap: reason=bimorphic_or_optimized_type_check action=maybe_recompile pc=0x0000024520f693f4 method=java.util.AbstractList$Itr.next()Ljava/lang/Object; @ 14 c2
Event: 2.040 Thread 0x000002453220f800 DEOPT PACKING pc=0x0000024520f693f4 sp=0x000000500b6fa660
Event: 2.040 Thread 0x000002453220f800 DEOPT UNPACKING pc=0x000002451946a1af sp=0x000000500b6fa5f8 mode 2
Event: 2.041 Thread 0x000002453220f800 Uncommon trap: trap_request=0xffffff4d fr.pc=0x0000024520f60a04 relative=0x00000000000005c4
Event: 2.041 Thread 0x000002453220f800 Uncommon trap: reason=unstable_if action=reinterpret pc=0x0000024520f60a04 method=java.io.File.getName()Ljava/lang/String; @ 16 c2
Event: 2.041 Thread 0x000002453220f800 DEOPT PACKING pc=0x0000024520f60a04 sp=0x000000500b6fb040
Event: 2.041 Thread 0x000002453220f800 DEOPT UNPACKING pc=0x000002451946a1af sp=0x000000500b6fb010 mode 2
Event: 2.041 Thread 0x000002453220f800 Uncommon trap: trap_request=0xffffff4d fr.pc=0x0000024520f85734 relative=0x0000000000000474
Event: 2.041 Thread 0x000002453220f800 Uncommon trap: reason=unstable_if action=reinterpret pc=0x0000024520f85734 method=java.lang.String.substring(I)Ljava/lang/String; @ 34 c2
Event: 2.041 Thread 0x000002453220f800 DEOPT PACKING pc=0x0000024520f85734 sp=0x000000500b6fafc0
Event: 2.041 Thread 0x000002453220f800 DEOPT UNPACKING pc=0x000002451946a1af sp=0x000000500b6faf98 mode 2
Event: 2.088 Thread 0x000002453220f800 DEOPT PACKING pc=0x0000024519d4a3d5 sp=0x000000500b6fbe10
Event: 2.088 Thread 0x000002453220f800 DEOPT UNPACKING pc=0x000002451946a95e sp=0x000000500b6fb330 mode 0
Event: 2.133 Thread 0x000002453220f800 Uncommon trap: trap_request=0xffffff4d fr.pc=0x0000024520faba30 relative=0x00000000000003b0
Event: 2.133 Thread 0x000002453220f800 Uncommon trap: reason=unstable_if action=reinterpret pc=0x0000024520faba30 method=jdk.internal.org.objectweb.asm.Type.getArgumentsAndReturnSizes(Ljava/lang/String;)I @ 88 c2
Event: 2.133 Thread 0x000002453220f800 DEOPT PACKING pc=0x0000024520faba30 sp=0x000000500b6f9590
Event: 2.133 Thread 0x000002453220f800 DEOPT UNPACKING pc=0x000002451946a1af sp=0x000000500b6f9518 mode 2

Classes redefined (0 events):
No events

Internal exceptions (20 events):
Event: 0.461 Thread 0x0000024514131800 Exception <a 'java/lang/NoSuchMethodError'{0x0000000084d40ee0}: 'java.lang.Object java.lang.invoke.Invokers$Holder.invoker(java.lang.Object, java.lang.Object, java.lang.Object)'> (0x0000000084d40ee0) thrown at [./src/hotspot/share/interpreter/linkResolver.cpp, line 773]
Event: 0.464 Thread 0x0000024514131800 Exception <a 'java/lang/NoSuchMethodError'{0x0000000084d51f58}: 'void java.lang.invoke.DelegatingMethodHandle$Holder.delegate(java.lang.Object, java.lang.Object, int, java.lang.Object)'> (0x0000000084d51f58) thrown at [./src/hotspot/share/interpreter/linkResolver.cpp, line 773]
Event: 0.951 Thread 0x0000024514131800 Exception <a 'java/security/PrivilegedActionException'{0x00000000839be1d0}> (0x00000000839be1d0) thrown at [./src/hotspot/share/prims/jvm.cpp, line 1306]
Event: 0.951 Thread 0x0000024514131800 Exception <a 'java/security/PrivilegedActionException'{0x00000000839be748}> (0x00000000839be748) thrown at [./src/hotspot/share/prims/jvm.cpp, line 1306]
Event: 1.105 Thread 0x0000024514131800 Exception <a 'java/lang/NoSuchMethodError'{0x00000000828c7c40}: 'java.lang.Object java.lang.invoke.DirectMethodHandle$Holder.invokeStaticInit(java.lang.Object, java.lang.Object, java.lang.Object)'> (0x00000000828c7c40) thrown at [./src/hotspot/share/interpreter/linkResolver.cpp, line 773]
Event: 1.231 Thread 0x0000024514131800 Exception <a 'java/lang/NoSuchMethodError'{0x0000000085a7c930}: 'java.lang.Object java.lang.invoke.DirectMethodHandle$Holder.invokeStaticInit(java.lang.Object, int, int, int, int)'> (0x0000000085a7c930) thrown at [./src/hotspot/share/interpreter/linkResolver.cpp, line 773]
Event: 1.384 Thread 0x0000024514131800 Exception <a 'java/lang/NoSuchMethodError'{0x0000000085ac2ea8}: 'java.lang.Object java.lang.invoke.DirectMethodHandle$Holder.invokeStaticInit(java.lang.Object, java.lang.Object, int, int, int, int)'> (0x0000000085ac2ea8) thrown at [./src/hotspot/share/interpreter/linkResolver.cpp, line 773]
Event: 1.639 Thread 0x0000024514131800 Exception <a 'java/io/IOException'{0x0000000085707768}> (0x0000000085707768) thrown at [./src/hotspot/share/prims/jni.cpp, line 616]
Event: 1.757 Thread 0x000002453220f800 Exception <a 'java/lang/NoSuchMethodError'{0x00000000852e1d78}: 'long java.lang.invoke.DirectMethodHandle$Holder.invokeInterface(java.lang.Object, java.lang.Object)'> (0x00000000852e1d78) thrown at [./src/hotspot/share/interpreter/linkResolver.cpp, line 773]
Event: 1.758 Thread 0x000002453220f800 Exception <a 'java/lang/NoSuchMethodError'{0x00000000852ef058}: 'void java.lang.invoke.DelegatingMethodHandle$Holder.reinvoke_L(java.lang.Object, java.lang.Object, java.lang.Object, java.lang.Object, java.lang.Object, java.lang.Object, java.lang.Object)'> (0x00000000852ef058) thrown at [./src/hotspot/share/interpreter/linkResolver.cpp, line 773]
Event: 1.971 Thread 0x000002453220f800 Exception <a 'java/lang/NoSuchMethodError'{0x000000008380d620}: 'void java.lang.invoke.DirectMethodHandle$Holder.invokeStaticInit(java.lang.Object)'> (0x000000008380d620) thrown at [./src/hotspot/share/interpreter/linkResolver.cpp, line 773]
Event: 1.981 Thread 0x000002453220f800 Exception <a 'java/lang/NoSuchMethodError'{0x00000000838b94c0}: 'java.lang.Object java.lang.invoke.DirectMethodHandle$Holder.invokeStatic(java.lang.Object, java.lang.Object, java.lang.Object, int)'> (0x00000000838b94c0) thrown at [./src/hotspot/share/interpreter/linkResolver.cpp, line 773]
Event: 1.981 Thread 0x000002453220f800 Exception <a 'java/lang/NoSuchMethodError'{0x00000000838bdbd8}: 'java.lang.Object java.lang.invoke.DirectMethodHandle$Holder.invokeSpecial(java.lang.Object, java.lang.Object, java.lang.Object, java.lang.Object, int)'> (0x00000000838bdbd8) thrown at [./src/hotspot/share/interpreter/linkResolver.cpp, line 773]
Event: 1.981 Thread 0x000002453220f800 Exception <a 'java/lang/NoSuchMethodError'{0x00000000838c1b10}: 'java.lang.Object java.lang.invoke.Invokers$Holder.linkToTargetMethod(java.lang.Object, java.lang.Object, int, java.lang.Object)'> (0x00000000838c1b10) thrown at [./src/hotspot/share/interpreter/linkResolver.cpp, line 773]
Event: 2.085 Thread 0x000002453220f800 Exception <a 'java/lang/NoSuchMethodError'{0x0000000085fe1198}: 'int java.lang.invoke.DirectMethodHandle$Holder.invokeSpecialIFC(java.lang.Object, java.lang.Object, java.lang.Object, java.lang.Object)'> (0x0000000085fe1198) thrown at [./src/hotspot/share/interpreter/linkResolver.cpp, line 773]
Event: 2.086 Thread 0x000002453220f800 Exception <a 'java/lang/NoSuchMethodError'{0x0000000085fef150}: 'java.lang.Object java.lang.invoke.DirectMethodHandle$Holder.invokeInterface(java.lang.Object, java.lang.Object, java.lang.Object)'> (0x0000000085fef150) thrown at [./src/hotspot/share/interpreter/linkResolver.cpp, line 773]
Event: 2.087 Thread 0x000002453220f800 Exception <a 'java/lang/IncompatibleClassChangeError'{0x0000000085ff2628}: Found class java.lang.Object, but interface was expected> (0x0000000085ff2628) thrown at [./src/hotspot/share/interpreter/linkResolver.cpp, line 839]
Event: 2.168 Thread 0x000002453220f800 Exception <a 'java/lang/NoSuchMethodError'{0x0000000085777db8}: 'void java.lang.invoke.DirectMethodHandle$Holder.invokeSpecial(java.lang.Object, java.lang.Object, java.lang.Object, java.lang.Object, java.lang.Object)'> (0x0000000085777db8) thrown at [./src/hotspot/share/interpreter/linkResolver.cpp, line 773]
Event: 2.186 Thread 0x000002453220f800 Exception <a 'java/lang/NoSuchMethodError'{0x0000000085596960}: 'java.lang.Object java.lang.invoke.DirectMethodHandle$Holder.invokeSpecial(java.lang.Object, java.lang.Object, java.lang.Object, java.lang.Object, java.lang.Object, java.lang.Object, java.lang.Object, java.lang.Object, java.lang.Object)'> (0x0000000085596960) thrown at [./src/hotspot/share/interpreter/linkResolver.cpp, line 773]
Event: 2.256 Thread 0x000002453220f800 Exception <a 'java/lang/NoSuchMethodError'{0x0000000084b6f8f0}: 'java.lang.Object java.lang.invoke.DirectMethodHandle$Holder.invokeVirtual(java.lang.Object, java.lang.Object, java.lang.Object, java.lang.Object)'> (0x0000000084b6f8f0) thrown at [./src/hotspot/share/interpreter/linkResolver.cpp, line 773]

Events (20 events):
Event: 2.288 loading class org/gradle/internal/instantiation/generator/AbstractClassGenerator$InjectionAnnotationValidator
Event: 2.288 loading class org/gradle/internal/instantiation/generator/AbstractClassGenerator$InjectionAnnotationValidator done
Event: 2.289 loading class org/gradle/internal/instantiation/generator/AsmBackedClassGenerator$ClassInspectionVisitorImpl
Event: 2.289 loading class org/gradle/internal/instantiation/generator/AsmBackedClassGenerator$ClassInspectionVisitorImpl done
Event: 2.289 loading class org/gradle/internal/instantiation/generator/AbstractClassGenerator$ClassGenerationVisitor
Event: 2.289 loading class org/gradle/internal/instantiation/generator/AbstractClassGenerator$ClassGenerationVisitor done
Event: 2.290 loading class org/gradle/internal/reflect/ClassInspector
Event: 2.290 loading class org/gradle/internal/reflect/ClassInspector done
Event: 2.290 loading class org/gradle/internal/reflect/ClassDetails
Event: 2.290 loading class org/gradle/internal/reflect/ClassDetails done
Event: 2.290 loading class org/gradle/internal/reflect/MutableClassDetails
Event: 2.290 loading class org/gradle/internal/reflect/MutableClassDetails done
Event: 2.291 loading class org/gradle/internal/reflect/NoSuchPropertyException
Event: 2.291 loading class org/gradle/internal/reflect/NoSuchPropertyException done
Event: 2.291 loading class org/gradle/internal/reflect/PropertyDetails
Event: 2.291 loading class org/gradle/internal/reflect/PropertyDetails done
Event: 2.291 loading class org/gradle/api/plugins/PluginManager
Event: 2.291 loading class org/gradle/api/plugins/PluginManager done
Event: 2.291 loading class org/gradle/api/execution/TaskExecutionGraph
Event: 2.291 loading class org/gradle/api/execution/TaskExecutionGraph done


Dynamic libraries:
0x00007ff6b3ad0000 - 0x00007ff6b3ada000 	C:\Program Files\Android\Android Studio\jre\bin\java.exe
0x00007fff41d50000 - 0x00007fff41f48000 	C:\WINDOWS\SYSTEM32\ntdll.dll
0x00007fff38ba0000 - 0x00007fff38bb9000 	C:\Program Files\Avast Software\Avast\aswhook.dll
0x00007fff41400000 - 0x00007fff414bf000 	C:\WINDOWS\System32\KERNEL32.DLL
0x00007fff3f490000 - 0x00007fff3f76a000 	C:\WINDOWS\System32\KERNELBASE.dll
0x00007fff3f980000 - 0x00007fff3fa80000 	C:\WINDOWS\System32\ucrtbase.dll
0x00007fff3a190000 - 0x00007fff3a1a9000 	C:\Program Files\Android\Android Studio\jre\bin\jli.dll
0x00007fff3a110000 - 0x00007fff3a127000 	C:\Program Files\Android\Android Studio\jre\bin\VCRUNTIME140.dll
0x00007fff417a0000 - 0x00007fff4193d000 	C:\WINDOWS\System32\USER32.dll
0x00007fff3fd80000 - 0x00007fff3fda2000 	C:\WINDOWS\System32\win32u.dll
0x00007fff38d80000 - 0x00007fff3901a000 	C:\WINDOWS\WinSxS\amd64_microsoft.windows.common-controls_6595b64144ccf1df_6.0.19041.1110_none_60b5254171f9507e\COMCTL32.dll
0x00007fff41c80000 - 0x00007fff41cab000 	C:\WINDOWS\System32\GDI32.dll
0x00007fff41950000 - 0x00007fff419ee000 	C:\WINDOWS\System32\msvcrt.dll
0x00007fff3fc00000 - 0x00007fff3fd10000 	C:\WINDOWS\System32\gdi32full.dll
0x00007fff3fb10000 - 0x00007fff3fbad000 	C:\WINDOWS\System32\msvcp_win.dll
0x00007fff40610000 - 0x00007fff40640000 	C:\WINDOWS\System32\IMM32.DLL
0x00007fff03f60000 - 0x00007fff03ffd000 	C:\Program Files\Android\Android Studio\jre\bin\msvcp140.dll
0x00007ffeefcb0000 - 0x00007ffef07b2000 	C:\Program Files\Android\Android Studio\jre\bin\server\jvm.dll
0x00007fff41230000 - 0x00007fff412de000 	C:\WINDOWS\System32\ADVAPI32.dll
0x00007fff3fdb0000 - 0x00007fff3fe4c000 	C:\WINDOWS\System32\sechost.dll
0x00007fff414c0000 - 0x00007fff415e6000 	C:\WINDOWS\System32\RPCRT4.dll
0x00007fff41940000 - 0x00007fff41948000 	C:\WINDOWS\System32\PSAPI.DLL
0x00007fff250c0000 - 0x00007fff250c9000 	C:\WINDOWS\SYSTEM32\WSOCK32.dll
0x00007fff1bef0000 - 0x00007fff1bf17000 	C:\WINDOWS\SYSTEM32\WINMM.dll
0x00007fff3a650000 - 0x00007fff3a65a000 	C:\WINDOWS\SYSTEM32\VERSION.dll
0x00007fff40890000 - 0x00007fff408fb000 	C:\WINDOWS\System32\WS2_32.dll
0x00007fff3d320000 - 0x00007fff3d332000 	C:\WINDOWS\SYSTEM32\kernel.appcore.dll
0x00007fff3aac0000 - 0x00007fff3aad1000 	C:\Program Files\Android\Android Studio\jre\bin\verify.dll
0x00007fff3cb70000 - 0x00007fff3cd54000 	C:\WINDOWS\SYSTEM32\DBGHELP.DLL
0x00007fff30240000 - 0x00007fff30274000 	C:\WINDOWS\SYSTEM32\dbgcore.DLL
0x00007fff3fa80000 - 0x00007fff3fb02000 	C:\WINDOWS\System32\bcryptPrimitives.dll
0x00007fff3aa90000 - 0x00007fff3aab9000 	C:\Program Files\Android\Android Studio\jre\bin\java.dll
0x00007fff3aa80000 - 0x00007fff3aa8b000 	C:\Program Files\Android\Android Studio\jre\bin\jimage.dll
0x00007fff3a680000 - 0x00007fff3a698000 	C:\Program Files\Android\Android Studio\jre\bin\zip.dll
0x00007fff3fe50000 - 0x00007fff40594000 	C:\WINDOWS\System32\SHELL32.dll
0x00007fff3d520000 - 0x00007fff3dcb3000 	C:\WINDOWS\SYSTEM32\windows.storage.dll
0x00007fff40ed0000 - 0x00007fff41224000 	C:\WINDOWS\System32\combase.dll
0x00007fff3ede0000 - 0x00007fff3ee0e000 	C:\WINDOWS\SYSTEM32\Wldp.dll
0x00007fff41350000 - 0x00007fff413fd000 	C:\WINDOWS\System32\SHCORE.dll
0x00007fff41cb0000 - 0x00007fff41d05000 	C:\WINDOWS\System32\shlwapi.dll
0x00007fff3f3a0000 - 0x00007fff3f3bf000 	C:\WINDOWS\SYSTEM32\profapi.dll
0x00007fff3a400000 - 0x00007fff3a41a000 	C:\Program Files\Android\Android Studio\jre\bin\net.dll
0x00007fff376c0000 - 0x00007fff377ca000 	C:\WINDOWS\SYSTEM32\WINHTTP.dll
0x00007fff3eb40000 - 0x00007fff3ebaa000 	C:\WINDOWS\system32\mswsock.dll
0x00007fff3a1d0000 - 0x00007fff3a1e4000 	C:\Program Files\Android\Android Studio\jre\bin\nio.dll
0x00007fff26140000 - 0x00007fff26167000 	C:\Users\HP\.gradle\native\e1d6ef7f7dcc3fd88c89a11ec53ec762bb8ba0a96d01ffa2cd45eb1d1d8dd5c5\windows-amd64\native-platform.dll
0x00007ffef9fe0000 - 0x00007ffefa124000 	C:\Users\HP\.gradle\native\0d407fdbe67a94daf76414ababcb853783967236a71b16ec16e742cd7a986fd3\windows-amd64\native-platform-file-events.dll
0x00007fff3a670000 - 0x00007fff3a67a000 	C:\Program Files\Android\Android Studio\jre\bin\management.dll
0x00007fff3a3f0000 - 0x00007fff3a3fd000 	C:\Program Files\Android\Android Studio\jre\bin\management_ext.dll
0x00007fff3ed30000 - 0x00007fff3ed48000 	C:\WINDOWS\SYSTEM32\CRYPTSP.dll
0x00007fff3e460000 - 0x00007fff3e494000 	C:\WINDOWS\system32\rsaenh.dll
0x00007fff3f460000 - 0x00007fff3f487000 	C:\WINDOWS\System32\bcrypt.dll
0x00007fff3f320000 - 0x00007fff3f34e000 	C:\WINDOWS\SYSTEM32\USERENV.dll
0x00007fff3ed50000 - 0x00007fff3ed5c000 	C:\WINDOWS\SYSTEM32\CRYPTBASE.dll
0x00007fff3e830000 - 0x00007fff3e86c000 	C:\WINDOWS\SYSTEM32\IPHLPAPI.DLL
0x00007fff405a0000 - 0x00007fff405a8000 	C:\WINDOWS\System32\NSI.dll
0x00007fff37ae0000 - 0x00007fff37af7000 	C:\WINDOWS\SYSTEM32\dhcpcsvc6.DLL
0x00007fff38450000 - 0x00007fff3846d000 	C:\WINDOWS\SYSTEM32\dhcpcsvc.DLL
0x00007fff3e870000 - 0x00007fff3e93b000 	C:\WINDOWS\SYSTEM32\DNSAPI.dll

dbghelp: loaded successfully - version: 4.0.5 - missing functions: none
symbol engine: initialized successfully - sym options: 0x614 - pdb path: .;C:\Program Files\Android\Android Studio\jre\bin;C:\WINDOWS\SYSTEM32;C:\Program Files\Avast Software\Avast;C:\WINDOWS\WinSxS\amd64_microsoft.windows.common-controls_6595b64144ccf1df_6.0.19041.1110_none_60b5254171f9507e;C:\Program Files\Android\Android Studio\jre\bin\server;C:\Users\HP\.gradle\native\e1d6ef7f7dcc3fd88c89a11ec53ec762bb8ba0a96d01ffa2cd45eb1d1d8dd5c5\windows-amd64;C:\Users\HP\.gradle\native\0d407fdbe67a94daf76414ababcb853783967236a71b16ec16e742cd7a986fd3\windows-amd64

VM Arguments:
jvm_args: --add-opens=java.base/java.util=ALL-UNNAMED --add-opens=java.base/java.lang=ALL-UNNAMED --add-opens=java.base/java.lang.invoke=ALL-UNNAMED --add-opens=java.base/java.util=ALL-UNNAMED --add-opens=java.prefs/java.util.prefs=ALL-UNNAMED --add-opens=java.prefs/java.util.prefs=ALL-UNNAMED --add-opens=java.base/java.nio.charset=ALL-UNNAMED --add-opens=java.base/java.net=ALL-UNNAMED --add-opens=java.base/java.util.concurrent.atomic=ALL-UNNAMED -Xmx2048m -Dfile.encoding=UTF-8 -Duser.country=IN -Duser.language=en -Duser.variant 
java_command: org.gradle.launcher.daemon.bootstrap.GradleDaemon 7.4
java_class_path (initial): C:\Users\HP\.gradle\wrapper\dists\gradle-7.4-bin\c0gwcg53nkjbqw7r0h0umtfvt\gradle-7.4\lib\gradle-launcher-7.4.jar
Launcher Type: SUN_STANDARD

[Global flags]
     intx CICompilerCount                          = 4                                         {product} {ergonomic}
     uint ConcGCThreads                            = 2                                         {product} {ergonomic}
     uint G1ConcRefinementThreads                  = 8                                         {product} {ergonomic}
   size_t G1HeapRegionSize                         = 1048576                                   {product} {ergonomic}
    uintx GCDrainStackTargetSize                   = 64                                        {product} {ergonomic}
   size_t InitialHeapSize                          = 100663296                                 {product} {ergonomic}
   size_t MarkStackSize                            = 4194304                                   {product} {ergonomic}
   size_t MaxHeapSize                              = 2147483648                                {product} {command line}
   size_t MaxNewSize                               = 1287651328                                {product} {ergonomic}
   size_t MinHeapDeltaBytes                        = 1048576                                   {product} {ergonomic}
    uintx NonNMethodCodeHeapSize                   = 5836300                                {pd product} {ergonomic}
    uintx NonProfiledCodeHeapSize                  = 122910970                              {pd product} {ergonomic}
    uintx ProfiledCodeHeapSize                     = 122910970                              {pd product} {ergonomic}
    uintx ReservedCodeCacheSize                    = 251658240                              {pd product} {ergonomic}
     bool SegmentedCodeCache                       = true                                      {product} {ergonomic}
     bool UseCompressedClassPointers               = true                                 {lp64_product} {ergonomic}
     bool UseCompressedOops                        = true                                 {lp64_product} {ergonomic}
     bool UseG1GC                                  = true                                      {product} {ergonomic}
     bool UseLargePagesIndividualAllocation        = false                                  {pd product} {ergonomic}

Logging:
Log output configuration:
 #0: stdout all=warning uptime,level,tags
 #1: stderr all=off uptime,level,tags

Environment Variables:
JAVA_HOME=C:\Program Files\Java\jdk-16.0.1
CLASSPATH=C:\Program Files\Apache Software Foundation\Tomcat 10.0\lib\servlet-api.jar;.;
PATH=C:\App\bin;C:\WINDOWS\system32;C:\WINDOWS;C:\WINDOWS\System32\Wbem;C:\WINDOWS\System32\WindowsPowerShell\v1.0\;C:\WINDOWS\System32\OpenSSH\;C:\Program Files\Java\jdk-16.0.1\bin;C:\Program Files\MySQL\MySQL Server 8.0\bin;C:\Program Files\MySQL\MySQL Shell 8.0\bin\;C:\Users\HP\AppData\Local\Microsoft\WindowsApps;
USERNAME=HP
OS=Windows_NT
PROCESSOR_IDENTIFIER=Intel64 Family 6 Model 142 Stepping 12, GenuineIntel



---------------  S Y S T E M  ---------------

OS: Windows 10 , 64 bit Build 19041 (10.0.19041.2788)
OS uptime: 3 days 2:05 hours

CPU:total 8 (initial active 8) (4 cores per cpu, 2 threads per core) family 6 model 142 stepping 12 microcode 0xea, cmov, cx8, fxsr, mmx, sse, sse2, sse3, ssse3, sse4.1, sse4.2, popcnt, avx, avx2, aes, clmul, erms, 3dnowpref, lzcnt, ht, tsc, tscinvbit, bmi1, bmi2, adx, fma

Memory: 4k page, system-wide physical 6054M (214M free)
TotalPageFile size 14246M (AvailPageFile size 5M)
current process WorkingSet (physical memory assigned to process): 173M, peak: 173M
current process commit charge ("private bytes"): 228M, peak: 229M

vm_info: OpenJDK 64-Bit Server VM (11.0.13+0-b1751.21-8125866) for windows-amd64 JRE (11.0.13+0-b1751.21-8125866), built on Feb  2 2022 03:00:22 by "builder" with MS VC++ 14.0 (VS2015)

END.
